========================================================
STARTING EXPERIMENT: gle_NOsyll_600M
Started at: Mon Mar  2 04:34:23 PM EST 2026
========================================================
CONFIGURATION:
  Experiment: gle_NOsyll_600M
  Target language: gle_Latn
  Syllabification: --no_syllabify
  Model: 600M
  Learning rate: 2e-5
  Epochs: 10
  Batch size: 4
  Output dir: gle_NOsyll_600M
========================================================
All input files found.
========================================================
NVIDIA A100-SXM4-80GB, 81920 MiB
Starting training at: Mon Mar  2 04:34:24 PM EST 2026

================================================================================
ENGLISH→NAVAJO TRAINING PIPELINE
================================================================================
[DEBUG] Configuration:
  Model size: 600M
  Target language: gle_Latn
  Syllabification: DISABLED
  Output directory: gle_NOsyll_600M
  Epochs per fold: 10
  Batch size: 4
  Gradient accumulation: 4
  Learning rate: 2e-05
  Max sequence length: 256
  K-folds: 5
  Random seed: 42
================================================================================

============================================================
[DEBUG] Loading Bible data...
[DEBUG] English file: aligned_bibles/english_nlt.txt
[DEBUG] Navajo file: aligned_bibles/navajo_nvjob.txt
[DEBUG] Loaded 30,020 pairs
[DEBUG] First English sample: And it came to pass after this, that the king of the children of Ammon died, and Hanun his son reign...
[DEBUG] First Navajo sample: Kódahóót'įįdóó bik'ijį' Áman dine'é aláahgo binanit'a'í daaztsą́ągo bitsásk'ehgi biye' Héínan aláahg...
============================================================

============================================================
[DEBUG] Loading User data...
[DEBUG] English file: my_english.txt
[DEBUG] Navajo file: my_navajo.txt
[DEBUG] Loaded 1,434 pairs
[DEBUG] First English sample: There are stories which tell of the events which took place long ago on this earth of ours....
[DEBUG] First Navajo sample: Ałk’idą́ą́’díínahasdzáánnihiłdahsi’ánígííbikáa’gi’ádahóót’įįdha’níigobaadahane’...
============================================================

[DEBUG] Combined dataset statistics:
  Bible pairs: 30,020
  User pairs: 1,434
  Total pairs: 31,454
[DEBUG] Full dataset saved to: gle_NOsyll_600M/full_dataset

============================================================
[DEBUG] Creating 5-fold splits from 31454 total examples
[DEBUG] Random seed: 42
[DEBUG] Fold 0 size: 6,290 examples
[DEBUG] Fold 1 size: 6,290 examples
[DEBUG] Fold 2 size: 6,290 examples
[DEBUG] Fold 3 size: 6,290 examples
[DEBUG] Fold 4 size: 6,294 examples

[DEBUG] Fold 0:
  Train: 25,164 examples (folds: [1, 2, 3, 4])
  Dev:   3,145 examples (first half of fold 0)
  Test:  3,145 examples (SECOND HALF of fold 0 - saved for later)
  This fold's test set is DIFFERENT from other folds' test sets
[DEBUG] Data saved to: gle_NOsyll_600M/fold_0/data
    - train.eng/train.nav (25164 pairs)
    - dev.eng/dev.nav (3145 pairs)
    - test.eng/test.nav (3145 pairs) - FOR LATER TESTING

********************************************************************************
* FOLD 0 STARTING
********************************************************************************
[DEBUG] Fold 0 data distribution:
  Training: 25,164 examples (folds other than 0)
  Development: 3,145 examples (first half of fold 0)
  Test: 3,145 examples (second half of fold 0 - SAVED, NOT USED)

################################################################################
# FOLD 0 TRAINING STARTING
################################################################################

[DEBUG] Device: cuda
[DEBUG] GPU: NVIDIA A100-SXM4-80GB
[DEBUG] GPU Memory: 85.09 GB
[DEBUG] Current GPU memory allocated: 0.00 GB

[DEBUG] Fold output directory: gle_NOsyll_600M/fold_0

[DEBUG] Loading model: facebook/nllb-200-distilled-600M

[DEBUG] Syllabification disabled - using raw text
[DEBUG] Model moved to cuda

[DEBUG] Tokenizer configuration:
  Source language: eng_Latn
  Target language: gle_Latn
[DEBUG] Model decoder configuration:
  forced_bos_token_id: 256061 (gle_Latn)
  decoder_start_token_id: 256061

[DEBUG] Creating datasets...

[DEBUG] Tokenizing datasets...

[DEBUG] Tokenization stats:
  Train dataset size: 25164
  Dev dataset size: 3145

[DEBUG] Sample tokenized example:
  Example 0:
    input_ids length: 52
    labels length: 132
    attention_mask length: 52
  Example 1:
    input_ids length: 24
    labels length: 54
    attention_mask length: 24
  Example 2:
    input_ids length: 84
    labels length: 180
    attention_mask length: 84

[DEBUG] Training arguments:
  Output directory: gle_NOsyll_600M/fold_0
  Learning rate: 2e-05
  Batch size (per device): 4
  Gradient accumulation: 4
  Effective batch size: 16
  Epochs: 10
  BF16 enabled: True

[DEBUG] Starting training for fold 0...
[DEBUG] Training samples: 25164
[DEBUG] Validation samples: 3145
[DEBUG] NOTE: Test set from fold 0 is NOT being used
{'loss': 9.1801, 'grad_norm': 7.324290752410889, 'learning_rate': 6.361323155216286e-07, 'epoch': 0.03}
{'loss': 8.9529, 'grad_norm': 5.704860687255859, 'learning_rate': 1.2722646310432571e-06, 'epoch': 0.06}
{'loss': 8.3767, 'grad_norm': 3.369076728820801, 'learning_rate': 1.908396946564886e-06, 'epoch': 0.1}
{'loss': 7.5124, 'grad_norm': 2.437135934829712, 'learning_rate': 2.5445292620865143e-06, 'epoch': 0.13}
{'loss': 6.7064, 'grad_norm': 1.5802568197250366, 'learning_rate': 3.1806615776081427e-06, 'epoch': 0.16}
{'loss': 6.1471, 'grad_norm': 1.4382474422454834, 'learning_rate': 3.816793893129772e-06, 'epoch': 0.19}
{'loss': 5.793, 'grad_norm': 1.3204128742218018, 'learning_rate': 4.4529262086514e-06, 'epoch': 0.22}
{'loss': 5.4679, 'grad_norm': 1.1631230115890503, 'learning_rate': 5.0890585241730285e-06, 'epoch': 0.25}
{'loss': 5.1743, 'grad_norm': 1.1850457191467285, 'learning_rate': 5.725190839694656e-06, 'epoch': 0.29}
{'loss': 4.9, 'grad_norm': 1.333730936050415, 'learning_rate': 6.3613231552162854e-06, 'epoch': 0.32}
{'loss': 4.7271, 'grad_norm': 1.279403567314148, 'learning_rate': 6.997455470737914e-06, 'epoch': 0.35}
{'loss': 4.5244, 'grad_norm': 1.167595386505127, 'learning_rate': 7.633587786259543e-06, 'epoch': 0.38}
{'loss': 4.3248, 'grad_norm': 1.1792230606079102, 'learning_rate': 8.26972010178117e-06, 'epoch': 0.41}
{'loss': 4.1999, 'grad_norm': 1.2070504426956177, 'learning_rate': 8.9058524173028e-06, 'epoch': 0.45}
{'loss': 4.0638, 'grad_norm': 1.2591495513916016, 'learning_rate': 9.54198473282443e-06, 'epoch': 0.48}
{'loss': 3.9024, 'grad_norm': 1.274571180343628, 'learning_rate': 1.0178117048346057e-05, 'epoch': 0.51}
{'loss': 3.8326, 'grad_norm': 1.3396382331848145, 'learning_rate': 1.0814249363867686e-05, 'epoch': 0.54}
{'loss': 3.7261, 'grad_norm': 1.2300444841384888, 'learning_rate': 1.1450381679389312e-05, 'epoch': 0.57}
{'loss': 3.6356, 'grad_norm': 1.1747745275497437, 'learning_rate': 1.2086513994910942e-05, 'epoch': 0.6}
{'loss': 3.531, 'grad_norm': 1.2263679504394531, 'learning_rate': 1.2722646310432571e-05, 'epoch': 0.64}
{'loss': 3.446, 'grad_norm': 1.4061442613601685, 'learning_rate': 1.3358778625954198e-05, 'epoch': 0.67}
{'loss': 3.3611, 'grad_norm': 1.1881556510925293, 'learning_rate': 1.3994910941475828e-05, 'epoch': 0.7}
{'loss': 3.311, 'grad_norm': 1.269707202911377, 'learning_rate': 1.4631043256997457e-05, 'epoch': 0.73}
{'loss': 3.2317, 'grad_norm': 1.1972779035568237, 'learning_rate': 1.5267175572519086e-05, 'epoch': 0.76}
{'loss': 3.1647, 'grad_norm': 1.347076654434204, 'learning_rate': 1.5903307888040712e-05, 'epoch': 0.79}
{'loss': 3.1241, 'grad_norm': 1.2338091135025024, 'learning_rate': 1.653944020356234e-05, 'epoch': 0.83}
{'loss': 3.0757, 'grad_norm': 1.2567138671875, 'learning_rate': 1.717557251908397e-05, 'epoch': 0.86}
{'loss': 3.0321, 'grad_norm': 1.1548476219177246, 'learning_rate': 1.78117048346056e-05, 'epoch': 0.89}
{'loss': 2.9681, 'grad_norm': 1.3171600103378296, 'learning_rate': 1.844783715012723e-05, 'epoch': 0.92}
{'loss': 2.9096, 'grad_norm': 1.3486779928207397, 'learning_rate': 1.908396946564886e-05, 'epoch': 0.95}
{'loss': 2.882, 'grad_norm': 1.305422306060791, 'learning_rate': 1.9720101781170485e-05, 'epoch': 0.99}
{'eval_loss': 2.6041769981384277, 'eval_runtime': 25.6391, 'eval_samples_per_second': 122.664, 'eval_steps_per_second': 30.695, 'epoch': 1.0}
{'loss': 2.8309, 'grad_norm': 1.1460680961608887, 'learning_rate': 1.9999806716709255e-05, 'epoch': 1.02}
{'loss': 2.7923, 'grad_norm': 1.2714320421218872, 'learning_rate': 1.999850011488216e-05, 'epoch': 1.05}
{'loss': 2.7265, 'grad_norm': 1.2134400606155396, 'learning_rate': 1.9995961032584046e-05, 'epoch': 1.08}
{'loss': 2.712, 'grad_norm': 1.3046038150787354, 'learning_rate': 1.9992189782798795e-05, 'epoch': 1.11}
{'loss': 2.661, 'grad_norm': 1.172349214553833, 'learning_rate': 1.99871868303953e-05, 'epoch': 1.14}
{'loss': 2.6132, 'grad_norm': 1.1876575946807861, 'learning_rate': 1.9980952792070175e-05, 'epoch': 1.18}
{'loss': 2.6179, 'grad_norm': 1.218369960784912, 'learning_rate': 1.9973488436271728e-05, 'epoch': 1.21}
{'loss': 2.5791, 'grad_norm': 1.2955182790756226, 'learning_rate': 1.996479468310524e-05, 'epoch': 1.24}
{'loss': 2.5113, 'grad_norm': 1.1673694849014282, 'learning_rate': 1.9954872604219543e-05, 'epoch': 1.27}
{'loss': 2.5298, 'grad_norm': 1.2411972284317017, 'learning_rate': 1.994372342267493e-05, 'epoch': 1.3}
{'loss': 2.486, 'grad_norm': 1.345818281173706, 'learning_rate': 1.993134851279238e-05, 'epoch': 1.34}
{'loss': 2.4767, 'grad_norm': 1.3773568868637085, 'learning_rate': 1.991774939998417e-05, 'epoch': 1.37}
{'loss': 2.455, 'grad_norm': 1.1791162490844727, 'learning_rate': 1.9902927760565824e-05, 'epoch': 1.4}
{'loss': 2.431, 'grad_norm': 1.1773781776428223, 'learning_rate': 1.988688542154948e-05, 'epoch': 1.43}
{'loss': 2.4067, 'grad_norm': 1.2267807722091675, 'learning_rate': 1.98696243604187e-05, 'epoch': 1.46}
{'loss': 2.3906, 'grad_norm': 1.265877366065979, 'learning_rate': 1.9851146704884684e-05, 'epoch': 1.49}
{'loss': 2.3919, 'grad_norm': 1.3170640468597412, 'learning_rate': 1.9831454732624023e-05, 'epoch': 1.53}
{'loss': 2.3584, 'grad_norm': 1.2343370914459229, 'learning_rate': 1.9810550870997914e-05, 'epoch': 1.56}
{'loss': 2.3225, 'grad_norm': 1.2035099267959595, 'learning_rate': 1.9788437696752965e-05, 'epoch': 1.59}
{'loss': 2.3375, 'grad_norm': 1.3654744625091553, 'learning_rate': 1.9765117935703556e-05, 'epoch': 1.62}
{'loss': 2.289, 'grad_norm': 1.1043334007263184, 'learning_rate': 1.9740594462395844e-05, 'epoch': 1.65}
{'loss': 2.2855, 'grad_norm': 1.1337413787841797, 'learning_rate': 1.9714870299753425e-05, 'epoch': 1.68}
{'loss': 2.2264, 'grad_norm': 1.1902533769607544, 'learning_rate': 1.9687948618704713e-05, 'epoch': 1.72}
{'loss': 2.2428, 'grad_norm': 1.217193603515625, 'learning_rate': 1.9659832737792065e-05, 'epoch': 1.75}
{'loss': 2.2014, 'grad_norm': 1.1467989683151245, 'learning_rate': 1.963052612276272e-05, 'epoch': 1.78}
{'loss': 2.2371, 'grad_norm': 1.1634074449539185, 'learning_rate': 1.9600032386141578e-05, 'epoch': 1.81}
{'loss': 2.2088, 'grad_norm': 1.4252275228500366, 'learning_rate': 1.9568355286785916e-05, 'epoch': 1.84}
{'loss': 2.1863, 'grad_norm': 1.1059260368347168, 'learning_rate': 1.9535498729422034e-05, 'epoch': 1.88}
{'loss': 2.1857, 'grad_norm': 1.1982015371322632, 'learning_rate': 1.950146676416393e-05, 'epoch': 1.91}
{'loss': 2.1551, 'grad_norm': 1.2030757665634155, 'learning_rate': 1.9466263586014062e-05, 'epoch': 1.94}
{'loss': 2.148, 'grad_norm': 1.3522634506225586, 'learning_rate': 1.9429893534346248e-05, 'epoch': 1.97}
{'eval_loss': 1.950076937675476, 'eval_runtime': 25.5446, 'eval_samples_per_second': 123.118, 'eval_steps_per_second': 30.809, 'epoch': 2.0}
{'loss': 2.1217, 'grad_norm': 1.1104711294174194, 'learning_rate': 1.9392361092370756e-05, 'epoch': 2.0}
{'loss': 2.1051, 'grad_norm': 1.1491315364837646, 'learning_rate': 1.9353670886581683e-05, 'epoch': 2.03}
{'loss': 2.0856, 'grad_norm': 1.2297031879425049, 'learning_rate': 1.9313827686186664e-05, 'epoch': 2.07}
{'loss': 2.0715, 'grad_norm': 1.27264404296875, 'learning_rate': 1.927283640251898e-05, 'epoch': 2.1}
{'loss': 2.0756, 'grad_norm': 1.1935300827026367, 'learning_rate': 1.923070208843216e-05, 'epoch': 2.13}
{'loss': 2.0576, 'grad_norm': 1.1968616247177124, 'learning_rate': 1.9187429937677136e-05, 'epoch': 2.16}
{'loss': 2.0311, 'grad_norm': 1.2985204458236694, 'learning_rate': 1.9143025284262022e-05, 'epoch': 2.19}
{'loss': 2.034, 'grad_norm': 1.1353651285171509, 'learning_rate': 1.909749360179461e-05, 'epoch': 2.23}
{'loss': 2.0209, 'grad_norm': 1.0965464115142822, 'learning_rate': 1.9050840502807665e-05, 'epoch': 2.26}
{'loss': 2.0328, 'grad_norm': 1.3294310569763184, 'learning_rate': 1.9003071738067073e-05, 'epoch': 2.29}
{'loss': 1.9809, 'grad_norm': 1.2009694576263428, 'learning_rate': 1.895419319586298e-05, 'epoch': 2.32}
{'loss': 2.0066, 'grad_norm': 1.2975021600723267, 'learning_rate': 1.890421090128395e-05, 'epoch': 2.35}
{'loss': 1.9913, 'grad_norm': 1.2768456935882568, 'learning_rate': 1.8853131015474278e-05, 'epoch': 2.38}
{'loss': 1.9758, 'grad_norm': 1.2874877452850342, 'learning_rate': 1.8800959834874534e-05, 'epoch': 2.42}
{'loss': 2.0171, 'grad_norm': 1.1558952331542969, 'learning_rate': 1.8747703790445412e-05, 'epoch': 2.45}
{'loss': 1.9557, 'grad_norm': 1.2515548467636108, 'learning_rate': 1.8693369446875008e-05, 'epoch': 2.48}
{'loss': 1.963, 'grad_norm': 1.172068476676941, 'learning_rate': 1.8637963501769625e-05, 'epoch': 2.51}
{'loss': 1.9294, 'grad_norm': 1.181573748588562, 'learning_rate': 1.858149278482817e-05, 'epoch': 2.54}
{'loss': 1.9306, 'grad_norm': 1.0961859226226807, 'learning_rate': 1.8523964257000288e-05, 'epoch': 2.58}
{'loss': 1.9349, 'grad_norm': 1.3170124292373657, 'learning_rate': 1.8465385009628308e-05, 'epoch': 2.61}
{'loss': 1.9477, 'grad_norm': 1.1713132858276367, 'learning_rate': 1.8405762263573108e-05, 'epoch': 2.64}
{'loss': 1.8848, 'grad_norm': 1.2284785509109497, 'learning_rate': 1.834510336832405e-05, 'epoch': 2.67}
{'loss': 1.8959, 'grad_norm': 1.1382750272750854, 'learning_rate': 1.8283415801093007e-05, 'epoch': 2.7}
{'loss': 1.8842, 'grad_norm': 1.3790881633758545, 'learning_rate': 1.8220707165892682e-05, 'epoch': 2.73}
{'loss': 1.9105, 'grad_norm': 1.194515585899353, 'learning_rate': 1.815698519259929e-05, 'epoch': 2.77}
{'loss': 1.8983, 'grad_norm': 1.2799437046051025, 'learning_rate': 1.8092257735999734e-05, 'epoch': 2.8}
{'loss': 1.8878, 'grad_norm': 1.3412750959396362, 'learning_rate': 1.8026532774823343e-05, 'epoch': 2.83}
{'loss': 1.8757, 'grad_norm': 1.1998569965362549, 'learning_rate': 1.7959818410758395e-05, 'epoch': 2.86}
{'loss': 1.9035, 'grad_norm': 1.243699073791504, 'learning_rate': 1.789212286745342e-05, 'epoch': 2.89}
{'loss': 1.8459, 'grad_norm': 1.1000988483428955, 'learning_rate': 1.7823454489503526e-05, 'epoch': 2.92}
{'loss': 1.844, 'grad_norm': 1.2935798168182373, 'learning_rate': 1.775382174142177e-05, 'epoch': 2.96}
{'loss': 1.8262, 'grad_norm': 1.3382225036621094, 'learning_rate': 1.768323320659578e-05, 'epoch': 2.99}
{'eval_loss': 1.6926943063735962, 'eval_runtime': 24.9392, 'eval_samples_per_second': 126.107, 'eval_steps_per_second': 31.557, 'epoch': 3.0}
{'loss': 1.7965, 'grad_norm': 1.1799484491348267, 'learning_rate': 1.7611697586229695e-05, 'epoch': 3.02}
{'loss': 1.8199, 'grad_norm': 1.3810492753982544, 'learning_rate': 1.753922369827162e-05, 'epoch': 3.05}
{'loss': 1.7948, 'grad_norm': 1.089226484298706, 'learning_rate': 1.7465820476326656e-05, 'epoch': 3.08}
{'loss': 1.7952, 'grad_norm': 1.2418569326400757, 'learning_rate': 1.7391496968555667e-05, 'epoch': 3.12}
{'loss': 1.8056, 'grad_norm': 1.2048921585083008, 'learning_rate': 1.7316262336559978e-05, 'epoch': 3.15}
{'loss': 1.8027, 'grad_norm': 1.0888851881027222, 'learning_rate': 1.7240125854252043e-05, 'epoch': 3.18}
{'loss': 1.7752, 'grad_norm': 1.2476621866226196, 'learning_rate': 1.7163096906712267e-05, 'epoch': 3.21}
{'loss': 1.7849, 'grad_norm': 1.2010942697525024, 'learning_rate': 1.708518498903216e-05, 'epoch': 3.24}
{'loss': 1.7713, 'grad_norm': 1.104100227355957, 'learning_rate': 1.7006399705143905e-05, 'epoch': 3.27}
{'loss': 1.7758, 'grad_norm': 1.2914962768554688, 'learning_rate': 1.692675076663651e-05, 'epoch': 3.31}
{'loss': 1.7529, 'grad_norm': 1.0969934463500977, 'learning_rate': 1.6846247991558686e-05, 'epoch': 3.34}
{'loss': 1.7558, 'grad_norm': 1.194492220878601, 'learning_rate': 1.6764901303208632e-05, 'epoch': 3.37}
{'loss': 1.7399, 'grad_norm': 1.3967074155807495, 'learning_rate': 1.6682720728910815e-05, 'epoch': 3.4}
{'loss': 1.7192, 'grad_norm': 1.301408052444458, 'learning_rate': 1.659971639877992e-05, 'epoch': 3.43}
{'loss': 1.715, 'grad_norm': 1.2394063472747803, 'learning_rate': 1.6515898544472172e-05, 'epoch': 3.47}
{'loss': 1.7165, 'grad_norm': 1.0779516696929932, 'learning_rate': 1.6431277497924093e-05, 'epoch': 3.5}
{'loss': 1.7454, 'grad_norm': 1.2670674324035645, 'learning_rate': 1.6345863690078942e-05, 'epoch': 3.53}
{'loss': 1.7413, 'grad_norm': 1.151084542274475, 'learning_rate': 1.6259667649600907e-05, 'epoch': 3.56}
{'loss': 1.6881, 'grad_norm': 1.2433310747146606, 'learning_rate': 1.6172700001577286e-05, 'epoch': 3.59}
{'loss': 1.7212, 'grad_norm': 1.1599209308624268, 'learning_rate': 1.6084971466208764e-05, 'epoch': 3.62}
{'loss': 1.6856, 'grad_norm': 1.1447577476501465, 'learning_rate': 1.599649285748798e-05, 'epoch': 3.66}
{'loss': 1.7327, 'grad_norm': 1.221682071685791, 'learning_rate': 1.5907275081866504e-05, 'epoch': 3.69}
{'loss': 1.7026, 'grad_norm': 1.1751199960708618, 'learning_rate': 1.5817329136910463e-05, 'epoch': 3.72}
{'loss': 1.715, 'grad_norm': 1.4334080219268799, 'learning_rate': 1.5726666109944887e-05, 'epoch': 3.75}
{'loss': 1.6847, 'grad_norm': 1.0958662033081055, 'learning_rate': 1.563529717668702e-05, 'epoch': 3.78}
{'loss': 1.6871, 'grad_norm': 1.1654731035232544, 'learning_rate': 1.5543233599868744e-05, 'epoch': 3.81}
{'loss': 1.6661, 'grad_norm': 1.0483133792877197, 'learning_rate': 1.5450486727848217e-05, 'epoch': 3.85}
{'loss': 1.6904, 'grad_norm': 1.1307495832443237, 'learning_rate': 1.535706799321106e-05, 'epoch': 3.88}
{'loss': 1.6813, 'grad_norm': 1.0264862775802612, 'learning_rate': 1.526298891136105e-05, 'epoch': 3.91}
{'loss': 1.6831, 'grad_norm': 1.2936433553695679, 'learning_rate': 1.5168261079100695e-05, 'epoch': 3.94}
{'loss': 1.6665, 'grad_norm': 1.4509365558624268, 'learning_rate': 1.5072896173201697e-05, 'epoch': 3.97}
{'eval_loss': 1.54714035987854, 'eval_runtime': 24.9769, 'eval_samples_per_second': 125.916, 'eval_steps_per_second': 31.509, 'epoch': 4.0}
{'loss': 1.6619, 'grad_norm': 1.0975534915924072, 'learning_rate': 1.4976905948965637e-05, 'epoch': 4.01}
{'loss': 1.6353, 'grad_norm': 1.2007403373718262, 'learning_rate': 1.4880302238774911e-05, 'epoch': 4.04}
{'loss': 1.6367, 'grad_norm': 1.130995273590088, 'learning_rate': 1.4783096950634211e-05, 'epoch': 4.07}
{'loss': 1.6133, 'grad_norm': 1.088065505027771, 'learning_rate': 1.468530206670265e-05, 'epoch': 4.1}
{'loss': 1.6134, 'grad_norm': 1.2356468439102173, 'learning_rate': 1.4586929641816783e-05, 'epoch': 4.13}
{'loss': 1.6152, 'grad_norm': 1.1660358905792236, 'learning_rate': 1.4487991802004625e-05, 'epoch': 4.16}
{'loss': 1.6009, 'grad_norm': 1.2948260307312012, 'learning_rate': 1.4388500742990934e-05, 'epoch': 4.2}
{'loss': 1.6349, 'grad_norm': 1.1904569864273071, 'learning_rate': 1.4288468728693889e-05, 'epoch': 4.23}
{'loss': 1.6305, 'grad_norm': 1.2195016145706177, 'learning_rate': 1.4187908089713348e-05, 'epoch': 4.26}
{'loss': 1.6142, 'grad_norm': 1.1651605367660522, 'learning_rate': 1.4086831221810897e-05, 'epoch': 4.29}
{'loss': 1.625, 'grad_norm': 1.3565716743469238, 'learning_rate': 1.3985250584381884e-05, 'epoch': 4.32}
{'loss': 1.584, 'grad_norm': 1.1252976655960083, 'learning_rate': 1.3883178698919578e-05, 'epoch': 4.36}
{'loss': 1.6144, 'grad_norm': 1.1292732954025269, 'learning_rate': 1.378062814747168e-05, 'epoch': 4.39}
{'loss': 1.6439, 'grad_norm': 1.167901873588562, 'learning_rate': 1.3677611571089406e-05, 'epoch': 4.42}
{'loss': 1.6057, 'grad_norm': 1.2784693241119385, 'learning_rate': 1.3574141668269235e-05, 'epoch': 4.45}
{'loss': 1.5884, 'grad_norm': 1.2989188432693481, 'learning_rate': 1.3470231193387639e-05, 'epoch': 4.48}
{'loss': 1.5413, 'grad_norm': 1.1148898601531982, 'learning_rate': 1.3365892955128876e-05, 'epoch': 4.51}
{'loss': 1.5949, 'grad_norm': 1.2067567110061646, 'learning_rate': 1.326113981490611e-05, 'epoch': 4.55}
{'loss': 1.6045, 'grad_norm': 1.1683189868927002, 'learning_rate': 1.315598468527604e-05, 'epoch': 4.58}
{'loss': 1.5761, 'grad_norm': 1.1819045543670654, 'learning_rate': 1.30504405283472e-05, 'epoch': 4.61}
{'loss': 1.6122, 'grad_norm': 1.4735599756240845, 'learning_rate': 1.294452035418218e-05, 'epoch': 4.64}
{'loss': 1.555, 'grad_norm': 1.220479130744934, 'learning_rate': 1.2838237219193897e-05, 'epoch': 4.67}
{'loss': 1.5697, 'grad_norm': 1.4127241373062134, 'learning_rate': 1.2731604224536208e-05, 'epoch': 4.71}
{'loss': 1.5572, 'grad_norm': 0.9558060765266418, 'learning_rate': 1.262463451448895e-05, 'epoch': 4.74}
{'loss': 1.5525, 'grad_norm': 1.0964173078536987, 'learning_rate': 1.2517341274837702e-05, 'epoch': 4.77}
{'loss': 1.5735, 'grad_norm': 1.2709627151489258, 'learning_rate': 1.2409737731248418e-05, 'epoch': 4.8}
{'loss': 1.5629, 'grad_norm': 1.0600485801696777, 'learning_rate': 1.2301837147637137e-05, 'epoch': 4.83}
{'loss': 1.5964, 'grad_norm': 1.1361533403396606, 'learning_rate': 1.2193652824535e-05, 'epoch': 4.86}
{'loss': 1.561, 'grad_norm': 1.2065377235412598, 'learning_rate': 1.2085198097448732e-05, 'epoch': 4.9}
{'loss': 1.5919, 'grad_norm': 1.1898432970046997, 'learning_rate': 1.197648633521681e-05, 'epoch': 4.93}
{'loss': 1.5668, 'grad_norm': 1.2489032745361328, 'learning_rate': 1.1867530938361557e-05, 'epoch': 4.96}
{'loss': 1.5436, 'grad_norm': 1.1644227504730225, 'learning_rate': 1.1758345337437284e-05, 'epoch': 4.99}
{'eval_loss': 1.463883638381958, 'eval_runtime': 25.4712, 'eval_samples_per_second': 123.473, 'eval_steps_per_second': 30.898, 'epoch': 5.0}
{'loss': 1.5683, 'grad_norm': 1.3442790508270264, 'learning_rate': 1.164894299137476e-05, 'epoch': 5.02}
{'loss': 1.5156, 'grad_norm': 1.1105012893676758, 'learning_rate': 1.1539337385822179e-05, 'epoch': 5.05}
{'loss': 1.5358, 'grad_norm': 1.0773955583572388, 'learning_rate': 1.1429542031482828e-05, 'epoch': 5.09}
{'loss': 1.5225, 'grad_norm': 1.1810302734375, 'learning_rate': 1.1319570462449664e-05, 'epoch': 5.12}
{'loss': 1.5413, 'grad_norm': 1.0951400995254517, 'learning_rate': 1.120943623453703e-05, 'epoch': 5.15}
{'loss': 1.5536, 'grad_norm': 1.0372856855392456, 'learning_rate': 1.1099152923609654e-05, 'epoch': 5.18}
{'loss': 1.5357, 'grad_norm': 1.2238634824752808, 'learning_rate': 1.0988734123909218e-05, 'epoch': 5.21}
{'loss': 1.5018, 'grad_norm': 1.1688350439071655, 'learning_rate': 1.0878193446378633e-05, 'epoch': 5.25}
{'loss': 1.4974, 'grad_norm': 1.2672895193099976, 'learning_rate': 1.076754451698427e-05, 'epoch': 5.28}
{'loss': 1.5155, 'grad_norm': 1.1905486583709717, 'learning_rate': 1.0656800975036328e-05, 'epoch': 5.31}
{'loss': 1.5195, 'grad_norm': 1.13367760181427, 'learning_rate': 1.0545976471507573e-05, 'epoch': 5.34}
{'loss': 1.5313, 'grad_norm': 1.2752803564071655, 'learning_rate': 1.0435084667350619e-05, 'epoch': 5.37}
{'loss': 1.5015, 'grad_norm': 1.3054301738739014, 'learning_rate': 1.0324139231813997e-05, 'epoch': 5.4}
{'loss': 1.5113, 'grad_norm': 1.3115519285202026, 'learning_rate': 1.0213153840757198e-05, 'epoch': 5.44}
{'loss': 1.488, 'grad_norm': 1.0813795328140259, 'learning_rate': 1.0102142174964883e-05, 'epoch': 5.47}
{'loss': 1.5101, 'grad_norm': 1.0360815525054932, 'learning_rate': 9.991117918460518e-06, 'epoch': 5.5}
{'loss': 1.5041, 'grad_norm': 1.2329005002975464, 'learning_rate': 9.880094756819572e-06, 'epoch': 5.53}
{'loss': 1.4571, 'grad_norm': 1.1631194353103638, 'learning_rate': 9.769086375482561e-06, 'epoch': 5.56}
{'loss': 1.4707, 'grad_norm': 1.2294421195983887, 'learning_rate': 9.658106458068086e-06, 'epoch': 5.6}
{'loss': 1.4965, 'grad_norm': 1.0772759914398193, 'learning_rate': 9.547168684686088e-06, 'epoch': 5.63}
{'loss': 1.4628, 'grad_norm': 1.0508015155792236, 'learning_rate': 9.436286730251568e-06, 'epoch': 5.66}
{'loss': 1.5032, 'grad_norm': 1.1972038745880127, 'learning_rate': 9.32547426279892e-06, 'epoch': 5.69}
{'loss': 1.5012, 'grad_norm': 1.2031270265579224, 'learning_rate': 9.214744941797115e-06, 'epoch': 5.72}
{'loss': 1.5026, 'grad_norm': 1.2225501537322998, 'learning_rate': 9.104112416465949e-06, 'epoch': 5.75}
{'loss': 1.4791, 'grad_norm': 1.1668275594711304, 'learning_rate': 8.993590324093548e-06, 'epoch': 5.79}
{'loss': 1.5207, 'grad_norm': 1.313435673713684, 'learning_rate': 8.883192288355362e-06, 'epoch': 5.82}
{'loss': 1.4999, 'grad_norm': 1.1628206968307495, 'learning_rate': 8.772931917634792e-06, 'epoch': 5.85}
{'loss': 1.4884, 'grad_norm': 1.554712176322937, 'learning_rate': 8.662822803345762e-06, 'epoch': 5.88}
{'loss': 1.4666, 'grad_norm': 1.2814844846725464, 'learning_rate': 8.552878518257335e-06, 'epoch': 5.91}
{'loss': 1.5158, 'grad_norm': 1.2361351251602173, 'learning_rate': 8.44311261482065e-06, 'epoch': 5.95}
{'loss': 1.461, 'grad_norm': 1.2238578796386719, 'learning_rate': 8.333538623498357e-06, 'epoch': 5.98}
{'eval_loss': 1.4135278463363647, 'eval_runtime': 25.4817, 'eval_samples_per_second': 123.422, 'eval_steps_per_second': 30.885, 'epoch': 6.0}
{'loss': 1.4705, 'grad_norm': 1.0398147106170654, 'learning_rate': 8.224170051096769e-06, 'epoch': 6.01}
{'loss': 1.4591, 'grad_norm': 1.2253124713897705, 'learning_rate': 8.115020379100913e-06, 'epoch': 6.04}
{'loss': 1.4354, 'grad_norm': 1.2183525562286377, 'learning_rate': 8.006103062012725e-06, 'epoch': 6.07}
{'loss': 1.4838, 'grad_norm': 1.1073676347732544, 'learning_rate': 7.897431525692557e-06, 'epoch': 6.1}
{'loss': 1.4581, 'grad_norm': 1.1726984977722168, 'learning_rate': 7.789019165704218e-06, 'epoch': 6.14}
{'loss': 1.4452, 'grad_norm': 1.0773950815200806, 'learning_rate': 7.680879345663745e-06, 'epoch': 6.17}
{'loss': 1.4356, 'grad_norm': 1.2177672386169434, 'learning_rate': 7.573025395592125e-06, 'epoch': 6.2}
{'loss': 1.4636, 'grad_norm': 1.2983914613723755, 'learning_rate': 7.4654706102721405e-06, 'epoch': 6.23}
{'loss': 1.4273, 'grad_norm': 1.2335368394851685, 'learning_rate': 7.358228247609569e-06, 'epoch': 6.26}
{'loss': 1.4696, 'grad_norm': 1.1186630725860596, 'learning_rate': 7.251311526998934e-06, 'epoch': 6.29}
{'loss': 1.464, 'grad_norm': 1.269234538078308, 'learning_rate': 7.1447336276939915e-06, 'epoch': 6.33}
{'loss': 1.4483, 'grad_norm': 1.2485803365707397, 'learning_rate': 7.038507687183167e-06, 'epoch': 6.36}
{'loss': 1.4787, 'grad_norm': 1.3025951385498047, 'learning_rate': 6.932646799570144e-06, 'epoch': 6.39}
{'loss': 1.4595, 'grad_norm': 1.0890949964523315, 'learning_rate': 6.827164013959805e-06, 'epoch': 6.42}
{'loss': 1.4465, 'grad_norm': 1.0966206789016724, 'learning_rate': 6.722072332849697e-06, 'epoch': 6.45}
{'loss': 1.4368, 'grad_norm': 1.2457858324050903, 'learning_rate': 6.617384710527282e-06, 'epoch': 6.49}
{'loss': 1.4459, 'grad_norm': 1.1810857057571411, 'learning_rate': 6.513114051473094e-06, 'epoch': 6.52}
{'loss': 1.4455, 'grad_norm': 1.2277319431304932, 'learning_rate': 6.409273208770039e-06, 'epoch': 6.55}
{'loss': 1.4339, 'grad_norm': 1.1294825077056885, 'learning_rate': 6.305874982519064e-06, 'epoch': 6.58}
{'loss': 1.4654, 'grad_norm': 1.1138018369674683, 'learning_rate': 6.202932118261309e-06, 'epoch': 6.61}
{'loss': 1.4424, 'grad_norm': 1.0839823484420776, 'learning_rate': 6.100457305407024e-06, 'epoch': 6.64}
{'loss': 1.4114, 'grad_norm': 1.3632627725601196, 'learning_rate': 5.998463175671382e-06, 'epoch': 6.68}
{'loss': 1.4079, 'grad_norm': 1.2603763341903687, 'learning_rate': 5.896962301517415e-06, 'epoch': 6.71}
{'loss': 1.4274, 'grad_norm': 1.108425259590149, 'learning_rate': 5.795967194606249e-06, 'epoch': 6.74}
{'loss': 1.4641, 'grad_norm': 1.1744760274887085, 'learning_rate': 5.695490304254825e-06, 'epoch': 6.77}
{'loss': 1.4288, 'grad_norm': 1.2420179843902588, 'learning_rate': 5.59554401590134e-06, 'epoch': 6.8}
{'loss': 1.4641, 'grad_norm': 1.2119812965393066, 'learning_rate': 5.496140649578507e-06, 'epoch': 6.84}
{'loss': 1.4456, 'grad_norm': 1.3505747318267822, 'learning_rate': 5.397292458394923e-06, 'epoch': 6.87}
{'loss': 1.4476, 'grad_norm': 1.1221765279769897, 'learning_rate': 5.2990116270246795e-06, 'epoch': 6.9}
{'loss': 1.418, 'grad_norm': 1.111623764038086, 'learning_rate': 5.201310270205375e-06, 'epoch': 6.93}
{'loss': 1.4361, 'grad_norm': 1.0694899559020996, 'learning_rate': 5.104200431244802e-06, 'epoch': 6.96}
{'loss': 1.4287, 'grad_norm': 1.1558054685592651, 'learning_rate': 5.007694080536379e-06, 'epoch': 6.99}
{'eval_loss': 1.3840757608413696, 'eval_runtime': 25.1175, 'eval_samples_per_second': 125.211, 'eval_steps_per_second': 31.333, 'epoch': 7.0}
{'loss': 1.4041, 'grad_norm': 1.2993980646133423, 'learning_rate': 4.911803114083635e-06, 'epoch': 7.03}
{'loss': 1.3769, 'grad_norm': 1.130798101425171, 'learning_rate': 4.816539352033806e-06, 'epoch': 7.06}
{'loss': 1.412, 'grad_norm': 1.2975786924362183, 'learning_rate': 4.721914537220807e-06, 'epoch': 7.09}
{'loss': 1.3954, 'grad_norm': 1.1114729642868042, 'learning_rate': 4.627940333717758e-06, 'epoch': 7.12}
{'loss': 1.3949, 'grad_norm': 1.1314046382904053, 'learning_rate': 4.534628325399157e-06, 'epoch': 7.15}
{'loss': 1.434, 'grad_norm': 1.1667077541351318, 'learning_rate': 4.441990014513016e-06, 'epoch': 7.18}
{'loss': 1.4128, 'grad_norm': 1.2269631624221802, 'learning_rate': 4.3500368202629775e-06, 'epoch': 7.22}
{'loss': 1.443, 'grad_norm': 1.4237185716629028, 'learning_rate': 4.2587800774007485e-06, 'epoch': 7.25}
{'loss': 1.4172, 'grad_norm': 1.1063482761383057, 'learning_rate': 4.168231034828873e-06, 'epoch': 7.28}
{'loss': 1.4038, 'grad_norm': 1.4600075483322144, 'learning_rate': 4.078400854214136e-06, 'epoch': 7.31}
{'loss': 1.4389, 'grad_norm': 1.1831203699111938, 'learning_rate': 3.989300608611709e-06, 'epoch': 7.34}
{'loss': 1.4364, 'grad_norm': 1.2625367641448975, 'learning_rate': 3.90094128110018e-06, 'epoch': 7.38}
{'loss': 1.425, 'grad_norm': 1.2540569305419922, 'learning_rate': 3.8133337634277556e-06, 'epoch': 7.41}
{'loss': 1.422, 'grad_norm': 1.104378342628479, 'learning_rate': 3.726488854669631e-06, 'epoch': 7.44}
{'loss': 1.4509, 'grad_norm': 1.2039403915405273, 'learning_rate': 3.640417259896856e-06, 'epoch': 7.47}
{'loss': 1.4093, 'grad_norm': 1.2588222026824951, 'learning_rate': 3.5551295888567304e-06, 'epoch': 7.5}
{'loss': 1.4005, 'grad_norm': 0.9498150944709778, 'learning_rate': 3.470636354665006e-06, 'epoch': 7.53}
{'loss': 1.3677, 'grad_norm': 1.4947476387023926, 'learning_rate': 3.386947972509944e-06, 'epoch': 7.57}
{'loss': 1.4179, 'grad_norm': 1.1319634914398193, 'learning_rate': 3.3040747583684864e-06, 'epoch': 7.6}
{'loss': 1.3624, 'grad_norm': 1.1787172555923462, 'learning_rate': 3.2220269277346437e-06, 'epoch': 7.63}
{'loss': 1.4134, 'grad_norm': 1.1455053091049194, 'learning_rate': 3.140814594360254e-06, 'epoch': 7.66}
{'loss': 1.4219, 'grad_norm': 1.2717900276184082, 'learning_rate': 3.060447769008311e-06, 'epoch': 7.69}
{'loss': 1.4339, 'grad_norm': 1.5844048261642456, 'learning_rate': 2.980936358218951e-06, 'epoch': 7.73}
{'loss': 1.3955, 'grad_norm': 1.1854380369186401, 'learning_rate': 2.902290163088334e-06, 'epoch': 7.76}
{'loss': 1.4267, 'grad_norm': 1.1078615188598633, 'learning_rate': 2.824518878060475e-06, 'epoch': 7.79}
{'loss': 1.4255, 'grad_norm': 1.0926300287246704, 'learning_rate': 2.7476320897322507e-06, 'epoch': 7.82}
{'loss': 1.4084, 'grad_norm': 1.1444604396820068, 'learning_rate': 2.6716392756717025e-06, 'epoch': 7.85}
{'loss': 1.3971, 'grad_norm': 0.9462485313415527, 'learning_rate': 2.596549803249748e-06, 'epoch': 7.88}
{'loss': 1.4029, 'grad_norm': 1.1490048170089722, 'learning_rate': 2.522372928485526e-06, 'epoch': 7.92}
{'loss': 1.3915, 'grad_norm': 1.3386948108673096, 'learning_rate': 2.4491177949054066e-06, 'epoch': 7.95}
{'loss': 1.4064, 'grad_norm': 1.1262212991714478, 'learning_rate': 2.376793432415935e-06, 'epoch': 7.98}
{'eval_loss': 1.3689367771148682, 'eval_runtime': 25.2358, 'eval_samples_per_second': 124.625, 'eval_steps_per_second': 31.186, 'epoch': 8.0}
{'loss': 1.3922, 'grad_norm': 1.2734328508377075, 'learning_rate': 2.3054087561907133e-06, 'epoch': 8.01}
{'loss': 1.4078, 'grad_norm': 1.0825166702270508, 'learning_rate': 2.2349725655714784e-06, 'epoch': 8.04}
{'loss': 1.3945, 'grad_norm': 1.147903323173523, 'learning_rate': 2.165493542983439e-06, 'epoch': 8.08}
{'loss': 1.4048, 'grad_norm': 1.2300138473510742, 'learning_rate': 2.0969802528650052e-06, 'epoch': 8.11}
{'loss': 1.3931, 'grad_norm': 1.1382462978363037, 'learning_rate': 2.0294411406121017e-06, 'epoch': 8.14}
{'loss': 1.4139, 'grad_norm': 1.1544075012207031, 'learning_rate': 1.9628845315371135e-06, 'epoch': 8.17}
{'loss': 1.3783, 'grad_norm': 1.1673014163970947, 'learning_rate': 1.8973186298426715e-06, 'epoch': 8.2}
{'loss': 1.3876, 'grad_norm': 1.3224962949752808, 'learning_rate': 1.8327515176103339e-06, 'epoch': 8.23}
{'loss': 1.4086, 'grad_norm': 1.1856272220611572, 'learning_rate': 1.7691911538043426e-06, 'epoch': 8.27}
{'loss': 1.386, 'grad_norm': 1.1965934038162231, 'learning_rate': 1.7066453732905497e-06, 'epoch': 8.3}
{'loss': 1.3972, 'grad_norm': 1.420595645904541, 'learning_rate': 1.6451218858706374e-06, 'epoch': 8.33}
{'loss': 1.391, 'grad_norm': 1.2816412448883057, 'learning_rate': 1.5846282753317665e-06, 'epoch': 8.36}
{'loss': 1.4299, 'grad_norm': 1.1184628009796143, 'learning_rate': 1.525171998511733e-06, 'epoch': 8.39}
{'loss': 1.3883, 'grad_norm': 1.2480117082595825, 'learning_rate': 1.4667603843798106e-06, 'epoch': 8.42}
{'loss': 1.3825, 'grad_norm': 1.0715621709823608, 'learning_rate': 1.40940063313331e-06, 'epoch': 8.46}
{'loss': 1.4111, 'grad_norm': 1.1244112253189087, 'learning_rate': 1.3530998153100584e-06, 'epoch': 8.49}
{'loss': 1.3984, 'grad_norm': 1.332850456237793, 'learning_rate': 1.2978648709168218e-06, 'epoch': 8.52}
{'loss': 1.4051, 'grad_norm': 1.0873531103134155, 'learning_rate': 1.2437026085738413e-06, 'epoch': 8.55}
{'loss': 1.3849, 'grad_norm': 0.9927951693534851, 'learning_rate': 1.190619704675564e-06, 'epoch': 8.58}
{'loss': 1.3896, 'grad_norm': 1.180269718170166, 'learning_rate': 1.1386227025676533e-06, 'epoch': 8.62}
{'loss': 1.4003, 'grad_norm': 1.0261377096176147, 'learning_rate': 1.0877180117404262e-06, 'epoch': 8.65}
{'loss': 1.3808, 'grad_norm': 1.1750987768173218, 'learning_rate': 1.0379119070387678e-06, 'epoch': 8.68}
{'loss': 1.3593, 'grad_norm': 1.2300115823745728, 'learning_rate': 9.892105278886633e-07, 'epoch': 8.71}
{'loss': 1.3931, 'grad_norm': 1.1166702508926392, 'learning_rate': 9.416198775403995e-07, 'epoch': 8.74}
{'loss': 1.3976, 'grad_norm': 1.2606751918792725, 'learning_rate': 8.951458223285747e-07, 'epoch': 8.77}
{'loss': 1.3984, 'grad_norm': 1.4189260005950928, 'learning_rate': 8.497940909489766e-07, 'epoch': 8.81}
{'loss': 1.3677, 'grad_norm': 1.1612598896026611, 'learning_rate': 8.05570273752414e-07, 'epoch': 8.84}
{'loss': 1.3893, 'grad_norm': 1.1419543027877808, 'learning_rate': 7.624798220556307e-07, 'epoch': 8.87}
{'loss': 1.3789, 'grad_norm': 1.0833547115325928, 'learning_rate': 7.205280474693255e-07, 'epoch': 8.9}
{'loss': 1.3579, 'grad_norm': 1.2429747581481934, 'learning_rate': 6.797201212434179e-07, 'epoch': 8.93}
{'loss': 1.4114, 'grad_norm': 1.1286512613296509, 'learning_rate': 6.40061073629602e-07, 'epoch': 8.97}
{'loss': 1.4047, 'grad_norm': 1.267652153968811, 'learning_rate': 6.015557932612814e-07, 'epoch': 9.0}
{'eval_loss': 1.3646812438964844, 'eval_runtime': 25.0232, 'eval_samples_per_second': 125.684, 'eval_steps_per_second': 31.451, 'epoch': 9.0}
{'loss': 1.3906, 'grad_norm': 1.280617117881775, 'learning_rate': 5.642090265509758e-07, 'epoch': 9.03}
{'loss': 1.4084, 'grad_norm': 1.0583789348602295, 'learning_rate': 5.280253771052335e-07, 'epoch': 9.06}
{'loss': 1.4052, 'grad_norm': 1.2118502855300903, 'learning_rate': 4.930093051571727e-07, 'epoch': 9.09}
{'loss': 1.3838, 'grad_norm': 1.2116557359695435, 'learning_rate': 4.5916512701667194e-07, 'epoch': 9.12}
{'loss': 1.3645, 'grad_norm': 1.1313633918762207, 'learning_rate': 4.264970145383218e-07, 'epoch': 9.16}
{'loss': 1.413, 'grad_norm': 1.3146250247955322, 'learning_rate': 3.950089946071789e-07, 'epoch': 9.19}
{'loss': 1.3799, 'grad_norm': 1.0863478183746338, 'learning_rate': 3.647049486423715e-07, 'epoch': 9.22}
{'loss': 1.3855, 'grad_norm': 1.2920162677764893, 'learning_rate': 3.3558861211866465e-07, 'epoch': 9.25}
{'loss': 1.3889, 'grad_norm': 1.3307493925094604, 'learning_rate': 3.076635741059897e-07, 'epoch': 9.28}
{'loss': 1.3506, 'grad_norm': 1.1114877462387085, 'learning_rate': 2.8093327682704455e-07, 'epoch': 9.31}
{'loss': 1.3789, 'grad_norm': 1.0883734226226807, 'learning_rate': 2.554010152329689e-07, 'epoch': 9.35}
{'loss': 1.395, 'grad_norm': 1.1095917224884033, 'learning_rate': 2.3106993659719912e-07, 'epoch': 9.38}
{'loss': 1.3912, 'grad_norm': 1.0841026306152344, 'learning_rate': 2.079430401275062e-07, 'epoch': 9.41}
{'loss': 1.3971, 'grad_norm': 1.112592101097107, 'learning_rate': 1.8602317659630164e-07, 'epoch': 9.44}
{'loss': 1.3887, 'grad_norm': 1.1656017303466797, 'learning_rate': 1.6531304798922175e-07, 'epoch': 9.47}
{'loss': 1.3719, 'grad_norm': 1.2624454498291016, 'learning_rate': 1.4581520717207532e-07, 'epoch': 9.51}
{'loss': 1.3342, 'grad_norm': 1.0666357278823853, 'learning_rate': 1.2753205757615184e-07, 'epoch': 9.54}
{'loss': 1.3952, 'grad_norm': 1.1117355823516846, 'learning_rate': 1.1046585290196199e-07, 'epoch': 9.57}
{'loss': 1.4235, 'grad_norm': 1.0785260200500488, 'learning_rate': 9.461869684143532e-08, 'epoch': 9.6}
{'loss': 1.3997, 'grad_norm': 1.0813900232315063, 'learning_rate': 7.99925428185988e-08, 'epoch': 9.63}
{'loss': 1.3853, 'grad_norm': 1.1313750743865967, 'learning_rate': 6.658919374878836e-08, 'epoch': 9.66}
{'loss': 1.3641, 'grad_norm': 0.9945001602172852, 'learning_rate': 5.4410301816409936e-08, 'epoch': 9.7}
{'loss': 1.3775, 'grad_norm': 1.1044059991836548, 'learning_rate': 4.345736827128133e-08, 'epoch': 9.73}
{'loss': 1.3654, 'grad_norm': 1.1316702365875244, 'learning_rate': 3.373174324357464e-08, 'epoch': 9.76}
{'loss': 1.4089, 'grad_norm': 1.1932430267333984, 'learning_rate': 2.523462557739609e-08, 'epoch': 9.79}
{'loss': 1.4119, 'grad_norm': 1.0996793508529663, 'learning_rate': 1.7967062683001968e-08, 'epoch': 9.82}
{'loss': 1.3809, 'grad_norm': 1.1410243511199951, 'learning_rate': 1.192995040769307e-08, 'epoch': 9.86}
{'loss': 1.409, 'grad_norm': 1.2112452983856201, 'learning_rate': 7.1240329253852155e-09, 'epoch': 9.89}
{'loss': 1.4201, 'grad_norm': 1.223179817199707, 'learning_rate': 3.5499026448782006e-09, 'epoch': 9.92}
{'loss': 1.3606, 'grad_norm': 1.179232120513916, 'learning_rate': 1.2080001368286466e-09, 'epoch': 9.95}
{'loss': 1.3863, 'grad_norm': 1.1189754009246826, 'learning_rate': 9.861407944566914e-11, 'epoch': 9.98}
{'eval_loss': 1.3628290891647339, 'eval_runtime': 25.0507, 'eval_samples_per_second': 125.546, 'eval_steps_per_second': 31.416, 'epoch': 10.0}
{'train_runtime': 6387.7843, 'train_samples_per_second': 39.394, 'train_steps_per_second': 2.461, 'train_loss': 1.9429719701674755, 'epoch': 10.0}

[DEBUG] Training completed for fold 0
[DEBUG] Best eval loss: 1.362829
[DEBUG] Best model checkpoint: gle_NOsyll_600M/fold_0/checkpoint-15720
[DEBUG] Training metrics saved to: gle_NOsyll_600M/fold_0/training_metrics.json

[DEBUG] Current fold results ranking:
  * Fold 0: eval_loss = 1.362829
[DEBUG] GPU memory cleared after fold 0

[DEBUG] Fold 1:
  Train: 25,164 examples (folds: [0, 2, 3, 4])
  Dev:   3,145 examples (first half of fold 1)
  Test:  3,145 examples (SECOND HALF of fold 1 - saved for later)
  This fold's test set is DIFFERENT from other folds' test sets
[DEBUG] Data saved to: gle_NOsyll_600M/fold_1/data
    - train.eng/train.nav (25164 pairs)
    - dev.eng/dev.nav (3145 pairs)
    - test.eng/test.nav (3145 pairs) - FOR LATER TESTING

********************************************************************************
* FOLD 1 STARTING
********************************************************************************
[DEBUG] Fold 1 data distribution:
  Training: 25,164 examples (folds other than 1)
  Development: 3,145 examples (first half of fold 1)
  Test: 3,145 examples (second half of fold 1 - SAVED, NOT USED)

################################################################################
# FOLD 1 TRAINING STARTING
################################################################################

[DEBUG] Device: cuda
[DEBUG] GPU: NVIDIA A100-SXM4-80GB
[DEBUG] GPU Memory: 85.09 GB
[DEBUG] Current GPU memory allocated: 2.49 GB

[DEBUG] Fold output directory: gle_NOsyll_600M/fold_1

[DEBUG] Loading model: facebook/nllb-200-distilled-600M

[DEBUG] Syllabification disabled - using raw text
[DEBUG] Model moved to cuda

[DEBUG] Tokenizer configuration:
  Source language: eng_Latn
  Target language: gle_Latn
[DEBUG] Model decoder configuration:
  forced_bos_token_id: 256061 (gle_Latn)
  decoder_start_token_id: 256061

[DEBUG] Creating datasets...

[DEBUG] Tokenizing datasets...

[DEBUG] Tokenization stats:
  Train dataset size: 25164
  Dev dataset size: 3145

[DEBUG] Sample tokenized example:
  Example 0:
    input_ids length: 28
    labels length: 40
    attention_mask length: 28
  Example 1:
    input_ids length: 8
    labels length: 16
    attention_mask length: 8
  Example 2:
    input_ids length: 48
    labels length: 121
    attention_mask length: 48

[DEBUG] Training arguments:
  Output directory: gle_NOsyll_600M/fold_1
  Learning rate: 2e-05
  Batch size (per device): 4
  Gradient accumulation: 4
  Effective batch size: 16
  Epochs: 10
  BF16 enabled: True

[DEBUG] Starting training for fold 1...
[DEBUG] Training samples: 25164
[DEBUG] Validation samples: 3145
[DEBUG] NOTE: Test set from fold 1 is NOT being used
{'loss': 9.1897, 'grad_norm': 9.396797180175781, 'learning_rate': 6.361323155216286e-07, 'epoch': 0.03}
{'loss': 8.9278, 'grad_norm': 6.9592390060424805, 'learning_rate': 1.2722646310432571e-06, 'epoch': 0.06}
{'loss': 8.3564, 'grad_norm': 3.295692205429077, 'learning_rate': 1.908396946564886e-06, 'epoch': 0.1}
{'loss': 7.5023, 'grad_norm': 2.251399278640747, 'learning_rate': 2.5445292620865143e-06, 'epoch': 0.13}
{'loss': 6.7171, 'grad_norm': 1.481361746788025, 'learning_rate': 3.1806615776081427e-06, 'epoch': 0.16}
{'loss': 6.1468, 'grad_norm': 1.494107723236084, 'learning_rate': 3.816793893129772e-06, 'epoch': 0.19}
{'loss': 5.7733, 'grad_norm': 1.3335509300231934, 'learning_rate': 4.4529262086514e-06, 'epoch': 0.22}
{'loss': 5.4479, 'grad_norm': 1.2001920938491821, 'learning_rate': 5.0890585241730285e-06, 'epoch': 0.25}
{'loss': 5.1758, 'grad_norm': 1.1895434856414795, 'learning_rate': 5.725190839694656e-06, 'epoch': 0.29}
{'loss': 4.9121, 'grad_norm': 1.222597599029541, 'learning_rate': 6.3613231552162854e-06, 'epoch': 0.32}
{'loss': 4.723, 'grad_norm': 1.2913416624069214, 'learning_rate': 6.997455470737914e-06, 'epoch': 0.35}
{'loss': 4.4969, 'grad_norm': 1.2166684865951538, 'learning_rate': 7.633587786259543e-06, 'epoch': 0.38}
{'loss': 4.333, 'grad_norm': 1.0641562938690186, 'learning_rate': 8.26972010178117e-06, 'epoch': 0.41}
{'loss': 4.2054, 'grad_norm': 1.2310197353363037, 'learning_rate': 8.9058524173028e-06, 'epoch': 0.45}
{'loss': 4.0722, 'grad_norm': 1.3513776063919067, 'learning_rate': 9.54198473282443e-06, 'epoch': 0.48}
{'loss': 3.9042, 'grad_norm': 1.3301702737808228, 'learning_rate': 1.0178117048346057e-05, 'epoch': 0.51}
{'loss': 3.8224, 'grad_norm': 1.4373127222061157, 'learning_rate': 1.0814249363867686e-05, 'epoch': 0.54}
{'loss': 3.7223, 'grad_norm': 1.2797722816467285, 'learning_rate': 1.1450381679389312e-05, 'epoch': 0.57}
{'loss': 3.6473, 'grad_norm': 1.150403618812561, 'learning_rate': 1.2086513994910942e-05, 'epoch': 0.6}
{'loss': 3.5296, 'grad_norm': 1.224264144897461, 'learning_rate': 1.2722646310432571e-05, 'epoch': 0.64}
{'loss': 3.4438, 'grad_norm': 1.491309404373169, 'learning_rate': 1.3358778625954198e-05, 'epoch': 0.67}
{'loss': 3.3599, 'grad_norm': 1.20028555393219, 'learning_rate': 1.3994910941475828e-05, 'epoch': 0.7}
{'loss': 3.3223, 'grad_norm': 1.3037348985671997, 'learning_rate': 1.4631043256997457e-05, 'epoch': 0.73}
{'loss': 3.247, 'grad_norm': 1.1771345138549805, 'learning_rate': 1.5267175572519086e-05, 'epoch': 0.76}
{'loss': 3.166, 'grad_norm': 1.2896978855133057, 'learning_rate': 1.5903307888040712e-05, 'epoch': 0.79}
{'loss': 3.1376, 'grad_norm': 1.2198803424835205, 'learning_rate': 1.653944020356234e-05, 'epoch': 0.83}
{'loss': 3.0883, 'grad_norm': 1.3089338541030884, 'learning_rate': 1.717557251908397e-05, 'epoch': 0.86}
{'loss': 3.0232, 'grad_norm': 1.151127815246582, 'learning_rate': 1.78117048346056e-05, 'epoch': 0.89}
{'loss': 2.961, 'grad_norm': 1.1447864770889282, 'learning_rate': 1.844783715012723e-05, 'epoch': 0.92}
{'loss': 2.9099, 'grad_norm': 1.393592357635498, 'learning_rate': 1.908396946564886e-05, 'epoch': 0.95}
{'loss': 2.8601, 'grad_norm': 1.3045586347579956, 'learning_rate': 1.9720101781170485e-05, 'epoch': 0.99}
{'eval_loss': 2.6118428707122803, 'eval_runtime': 25.1367, 'eval_samples_per_second': 125.116, 'eval_steps_per_second': 31.309, 'epoch': 1.0}
{'loss': 2.8197, 'grad_norm': 1.2505342960357666, 'learning_rate': 1.9999806716709255e-05, 'epoch': 1.02}
{'loss': 2.8031, 'grad_norm': 1.3145415782928467, 'learning_rate': 1.999850011488216e-05, 'epoch': 1.05}
{'loss': 2.7308, 'grad_norm': 1.1883718967437744, 'learning_rate': 1.9995961032584046e-05, 'epoch': 1.08}
{'loss': 2.7143, 'grad_norm': 1.366843819618225, 'learning_rate': 1.9992189782798795e-05, 'epoch': 1.11}
{'loss': 2.6626, 'grad_norm': 1.2146493196487427, 'learning_rate': 1.99871868303953e-05, 'epoch': 1.14}
{'loss': 2.6459, 'grad_norm': 1.175197720527649, 'learning_rate': 1.9980952792070175e-05, 'epoch': 1.18}
{'loss': 2.5747, 'grad_norm': 1.2238633632659912, 'learning_rate': 1.9973488436271728e-05, 'epoch': 1.21}
{'loss': 2.5661, 'grad_norm': 1.7053887844085693, 'learning_rate': 1.996479468310524e-05, 'epoch': 1.24}
{'loss': 2.5104, 'grad_norm': 1.308154582977295, 'learning_rate': 1.9954872604219543e-05, 'epoch': 1.27}
{'loss': 2.5349, 'grad_norm': 1.212539553642273, 'learning_rate': 1.994372342267493e-05, 'epoch': 1.3}
{'loss': 2.4923, 'grad_norm': 1.2015049457550049, 'learning_rate': 1.993134851279238e-05, 'epoch': 1.34}
{'loss': 2.4663, 'grad_norm': 1.2904456853866577, 'learning_rate': 1.991774939998417e-05, 'epoch': 1.37}
{'loss': 2.4572, 'grad_norm': 1.1398513317108154, 'learning_rate': 1.9902927760565824e-05, 'epoch': 1.4}
{'loss': 2.4228, 'grad_norm': 1.2112467288970947, 'learning_rate': 1.988688542154948e-05, 'epoch': 1.43}
{'loss': 2.4128, 'grad_norm': 1.2390378713607788, 'learning_rate': 1.98696243604187e-05, 'epoch': 1.46}
{'loss': 2.3892, 'grad_norm': 1.1524285078048706, 'learning_rate': 1.9851146704884684e-05, 'epoch': 1.49}
{'loss': 2.3667, 'grad_norm': 1.3681752681732178, 'learning_rate': 1.9831454732624023e-05, 'epoch': 1.53}
{'loss': 2.3397, 'grad_norm': 1.2399522066116333, 'learning_rate': 1.9810550870997914e-05, 'epoch': 1.56}
{'loss': 2.3119, 'grad_norm': 1.2020879983901978, 'learning_rate': 1.9788437696752965e-05, 'epoch': 1.59}
{'loss': 2.3129, 'grad_norm': 1.2037067413330078, 'learning_rate': 1.9765117935703556e-05, 'epoch': 1.62}
{'loss': 2.2952, 'grad_norm': 1.2150461673736572, 'learning_rate': 1.9740594462395844e-05, 'epoch': 1.65}
{'loss': 2.27, 'grad_norm': 1.1729555130004883, 'learning_rate': 1.9714870299753425e-05, 'epoch': 1.68}
{'loss': 2.2335, 'grad_norm': 1.2807530164718628, 'learning_rate': 1.9687948618704713e-05, 'epoch': 1.72}
{'loss': 2.2437, 'grad_norm': 1.1837865114212036, 'learning_rate': 1.9659832737792065e-05, 'epoch': 1.75}
{'loss': 2.2291, 'grad_norm': 1.4033560752868652, 'learning_rate': 1.963052612276272e-05, 'epoch': 1.78}
{'loss': 2.217, 'grad_norm': 1.2840275764465332, 'learning_rate': 1.9600032386141578e-05, 'epoch': 1.81}
{'loss': 2.2255, 'grad_norm': 1.2739617824554443, 'learning_rate': 1.9568355286785916e-05, 'epoch': 1.84}
{'loss': 2.1794, 'grad_norm': 1.1327329874038696, 'learning_rate': 1.9535498729422034e-05, 'epoch': 1.88}
{'loss': 2.2106, 'grad_norm': 1.1682778596878052, 'learning_rate': 1.950146676416393e-05, 'epoch': 1.91}
{'loss': 2.1491, 'grad_norm': 1.2623788118362427, 'learning_rate': 1.9466263586014062e-05, 'epoch': 1.94}
{'loss': 2.1335, 'grad_norm': 1.3033595085144043, 'learning_rate': 1.9429893534346248e-05, 'epoch': 1.97}
{'eval_loss': 1.9641993045806885, 'eval_runtime': 25.6175, 'eval_samples_per_second': 122.768, 'eval_steps_per_second': 30.721, 'epoch': 2.0}
{'loss': 2.1302, 'grad_norm': 1.3074536323547363, 'learning_rate': 1.9392361092370756e-05, 'epoch': 2.0}
{'loss': 2.098, 'grad_norm': 1.2614473104476929, 'learning_rate': 1.9353670886581683e-05, 'epoch': 2.03}
{'loss': 2.0932, 'grad_norm': 1.1200343370437622, 'learning_rate': 1.9313827686186664e-05, 'epoch': 2.07}
{'loss': 2.0598, 'grad_norm': 1.1106433868408203, 'learning_rate': 1.927283640251898e-05, 'epoch': 2.1}
{'loss': 2.0527, 'grad_norm': 1.2167887687683105, 'learning_rate': 1.923070208843216e-05, 'epoch': 2.13}
{'loss': 2.0412, 'grad_norm': 1.2391369342803955, 'learning_rate': 1.9187429937677136e-05, 'epoch': 2.16}
{'loss': 2.0619, 'grad_norm': 1.1919758319854736, 'learning_rate': 1.9143025284262022e-05, 'epoch': 2.19}
{'loss': 2.0055, 'grad_norm': 1.089133381843567, 'learning_rate': 1.909749360179461e-05, 'epoch': 2.23}
{'loss': 2.008, 'grad_norm': 1.1913145780563354, 'learning_rate': 1.9050840502807665e-05, 'epoch': 2.26}
{'loss': 2.0022, 'grad_norm': 1.3495169878005981, 'learning_rate': 1.9003071738067073e-05, 'epoch': 2.29}
{'loss': 1.9842, 'grad_norm': 1.261296272277832, 'learning_rate': 1.895419319586298e-05, 'epoch': 2.32}
{'loss': 1.9983, 'grad_norm': 1.3045262098312378, 'learning_rate': 1.890421090128395e-05, 'epoch': 2.35}
{'loss': 1.9998, 'grad_norm': 1.3085390329360962, 'learning_rate': 1.8853131015474278e-05, 'epoch': 2.38}
{'loss': 1.97, 'grad_norm': 1.123055338859558, 'learning_rate': 1.8800959834874534e-05, 'epoch': 2.42}
{'loss': 2.007, 'grad_norm': 1.1880742311477661, 'learning_rate': 1.8747703790445412e-05, 'epoch': 2.45}
{'loss': 1.9589, 'grad_norm': 1.2155934572219849, 'learning_rate': 1.8693369446875008e-05, 'epoch': 2.48}
{'loss': 1.9756, 'grad_norm': 1.189683437347412, 'learning_rate': 1.8637963501769625e-05, 'epoch': 2.51}
{'loss': 1.9218, 'grad_norm': 1.3738852739334106, 'learning_rate': 1.858149278482817e-05, 'epoch': 2.54}
{'loss': 1.9559, 'grad_norm': 1.1539497375488281, 'learning_rate': 1.8523964257000288e-05, 'epoch': 2.58}
{'loss': 1.9411, 'grad_norm': 1.2113280296325684, 'learning_rate': 1.8465385009628308e-05, 'epoch': 2.61}
{'loss': 1.9616, 'grad_norm': 1.0318772792816162, 'learning_rate': 1.8405762263573108e-05, 'epoch': 2.64}
{'loss': 1.893, 'grad_norm': 1.118107557296753, 'learning_rate': 1.834510336832405e-05, 'epoch': 2.67}
{'loss': 1.8908, 'grad_norm': 1.1692726612091064, 'learning_rate': 1.8283415801093007e-05, 'epoch': 2.7}
{'loss': 1.9073, 'grad_norm': 1.196844220161438, 'learning_rate': 1.8220707165892682e-05, 'epoch': 2.73}
{'loss': 1.8808, 'grad_norm': 1.2418618202209473, 'learning_rate': 1.815698519259929e-05, 'epoch': 2.77}
{'loss': 1.9086, 'grad_norm': 1.1044191122055054, 'learning_rate': 1.8092257735999734e-05, 'epoch': 2.8}
{'loss': 1.8689, 'grad_norm': 1.4153151512145996, 'learning_rate': 1.8026532774823343e-05, 'epoch': 2.83}
{'loss': 1.8806, 'grad_norm': 1.2425010204315186, 'learning_rate': 1.7959818410758395e-05, 'epoch': 2.86}
{'loss': 1.9046, 'grad_norm': 1.1829206943511963, 'learning_rate': 1.789212286745342e-05, 'epoch': 2.89}
{'loss': 1.8387, 'grad_norm': 1.10872220993042, 'learning_rate': 1.7823454489503526e-05, 'epoch': 2.92}
{'loss': 1.8385, 'grad_norm': 1.292750358581543, 'learning_rate': 1.775382174142177e-05, 'epoch': 2.96}
{'loss': 1.8111, 'grad_norm': 1.4026468992233276, 'learning_rate': 1.768323320659578e-05, 'epoch': 2.99}
{'eval_loss': 1.6997803449630737, 'eval_runtime': 25.5784, 'eval_samples_per_second': 122.955, 'eval_steps_per_second': 30.768, 'epoch': 3.0}
{'loss': 1.7985, 'grad_norm': 1.2093185186386108, 'learning_rate': 1.7611697586229695e-05, 'epoch': 3.02}
{'loss': 1.8095, 'grad_norm': 1.2461155652999878, 'learning_rate': 1.753922369827162e-05, 'epoch': 3.05}
{'loss': 1.8068, 'grad_norm': 1.190974473953247, 'learning_rate': 1.7465820476326656e-05, 'epoch': 3.08}
{'loss': 1.7865, 'grad_norm': 1.1123825311660767, 'learning_rate': 1.7391496968555667e-05, 'epoch': 3.12}
{'loss': 1.8158, 'grad_norm': 1.1257907152175903, 'learning_rate': 1.7316262336559978e-05, 'epoch': 3.15}
{'loss': 1.8222, 'grad_norm': 1.2186448574066162, 'learning_rate': 1.7240125854252043e-05, 'epoch': 3.18}
{'loss': 1.7694, 'grad_norm': 1.0776525735855103, 'learning_rate': 1.7163096906712267e-05, 'epoch': 3.21}
{'loss': 1.7697, 'grad_norm': 1.1745243072509766, 'learning_rate': 1.708518498903216e-05, 'epoch': 3.24}
{'loss': 1.7426, 'grad_norm': 1.1226203441619873, 'learning_rate': 1.7006399705143905e-05, 'epoch': 3.27}
{'loss': 1.7913, 'grad_norm': 1.1733626127243042, 'learning_rate': 1.692675076663651e-05, 'epoch': 3.31}
{'loss': 1.7723, 'grad_norm': 1.147341012954712, 'learning_rate': 1.6846247991558686e-05, 'epoch': 3.34}
{'loss': 1.757, 'grad_norm': 1.2261396646499634, 'learning_rate': 1.6764901303208632e-05, 'epoch': 3.37}
{'loss': 1.7211, 'grad_norm': 1.1953521966934204, 'learning_rate': 1.6682720728910815e-05, 'epoch': 3.4}
{'loss': 1.7317, 'grad_norm': 1.1878387928009033, 'learning_rate': 1.659971639877992e-05, 'epoch': 3.43}
{'loss': 1.7044, 'grad_norm': 1.297743320465088, 'learning_rate': 1.6515898544472172e-05, 'epoch': 3.47}
{'loss': 1.7265, 'grad_norm': 1.2418239116668701, 'learning_rate': 1.6431277497924093e-05, 'epoch': 3.5}
{'loss': 1.7473, 'grad_norm': 1.240214467048645, 'learning_rate': 1.6345863690078942e-05, 'epoch': 3.53}
{'loss': 1.7133, 'grad_norm': 1.1701438426971436, 'learning_rate': 1.6259667649600907e-05, 'epoch': 3.56}
{'loss': 1.6836, 'grad_norm': 1.2386568784713745, 'learning_rate': 1.6172700001577286e-05, 'epoch': 3.59}
{'loss': 1.7005, 'grad_norm': 1.238394021987915, 'learning_rate': 1.6084971466208764e-05, 'epoch': 3.62}
{'loss': 1.6894, 'grad_norm': 1.0822628736495972, 'learning_rate': 1.599649285748798e-05, 'epoch': 3.66}
{'loss': 1.705, 'grad_norm': 1.1249356269836426, 'learning_rate': 1.5907275081866504e-05, 'epoch': 3.69}
{'loss': 1.743, 'grad_norm': 1.1960419416427612, 'learning_rate': 1.5817329136910463e-05, 'epoch': 3.72}
{'loss': 1.6899, 'grad_norm': 1.1787811517715454, 'learning_rate': 1.5726666109944887e-05, 'epoch': 3.75}
{'loss': 1.6879, 'grad_norm': 1.2398523092269897, 'learning_rate': 1.563529717668702e-05, 'epoch': 3.78}
{'loss': 1.6828, 'grad_norm': 1.169033408164978, 'learning_rate': 1.5543233599868744e-05, 'epoch': 3.81}
{'loss': 1.6662, 'grad_norm': 1.1070947647094727, 'learning_rate': 1.5450486727848217e-05, 'epoch': 3.85}
{'loss': 1.6816, 'grad_norm': 1.0871851444244385, 'learning_rate': 1.535706799321106e-05, 'epoch': 3.88}
{'loss': 1.6744, 'grad_norm': 1.1330927610397339, 'learning_rate': 1.526298891136105e-05, 'epoch': 3.91}
{'loss': 1.6719, 'grad_norm': 1.1179587841033936, 'learning_rate': 1.5168261079100695e-05, 'epoch': 3.94}
{'loss': 1.6821, 'grad_norm': 1.1288957595825195, 'learning_rate': 1.5072896173201697e-05, 'epoch': 3.97}
{'eval_loss': 1.554792046546936, 'eval_runtime': 24.9941, 'eval_samples_per_second': 125.83, 'eval_steps_per_second': 31.487, 'epoch': 4.0}
{'loss': 1.6552, 'grad_norm': 1.0777403116226196, 'learning_rate': 1.4976905948965637e-05, 'epoch': 4.01}
{'loss': 1.6401, 'grad_norm': 1.5669317245483398, 'learning_rate': 1.4880302238774911e-05, 'epoch': 4.04}
{'loss': 1.6532, 'grad_norm': 1.211778163909912, 'learning_rate': 1.4783096950634211e-05, 'epoch': 4.07}
{'loss': 1.6125, 'grad_norm': 1.137770414352417, 'learning_rate': 1.468530206670265e-05, 'epoch': 4.1}
{'loss': 1.6205, 'grad_norm': 1.2202224731445312, 'learning_rate': 1.4586929641816783e-05, 'epoch': 4.13}
{'loss': 1.6114, 'grad_norm': 1.2114243507385254, 'learning_rate': 1.4487991802004625e-05, 'epoch': 4.16}
{'loss': 1.6035, 'grad_norm': 1.2218176126480103, 'learning_rate': 1.4388500742990934e-05, 'epoch': 4.2}
{'loss': 1.6206, 'grad_norm': 1.2856675386428833, 'learning_rate': 1.4288468728693889e-05, 'epoch': 4.23}
{'loss': 1.6451, 'grad_norm': 1.2098363637924194, 'learning_rate': 1.4187908089713348e-05, 'epoch': 4.26}
{'loss': 1.5976, 'grad_norm': 1.1803406476974487, 'learning_rate': 1.4086831221810897e-05, 'epoch': 4.29}
{'loss': 1.5988, 'grad_norm': 1.222481369972229, 'learning_rate': 1.3985250584381884e-05, 'epoch': 4.32}
{'loss': 1.6057, 'grad_norm': 1.0813350677490234, 'learning_rate': 1.3883178698919578e-05, 'epoch': 4.36}
{'loss': 1.6007, 'grad_norm': 1.1459777355194092, 'learning_rate': 1.378062814747168e-05, 'epoch': 4.39}
{'loss': 1.647, 'grad_norm': 1.292771816253662, 'learning_rate': 1.3677611571089406e-05, 'epoch': 4.42}
{'loss': 1.5918, 'grad_norm': 1.224652886390686, 'learning_rate': 1.3574141668269235e-05, 'epoch': 4.45}
{'loss': 1.5629, 'grad_norm': 1.25733482837677, 'learning_rate': 1.3470231193387639e-05, 'epoch': 4.48}
{'loss': 1.5659, 'grad_norm': 1.121294379234314, 'learning_rate': 1.3365892955128876e-05, 'epoch': 4.51}
{'loss': 1.5676, 'grad_norm': 1.1590321063995361, 'learning_rate': 1.326113981490611e-05, 'epoch': 4.55}
{'loss': 1.5904, 'grad_norm': 1.2294573783874512, 'learning_rate': 1.315598468527604e-05, 'epoch': 4.58}
{'loss': 1.5688, 'grad_norm': 1.1126731634140015, 'learning_rate': 1.30504405283472e-05, 'epoch': 4.61}
{'loss': 1.6039, 'grad_norm': 1.2142568826675415, 'learning_rate': 1.294452035418218e-05, 'epoch': 4.64}
{'loss': 1.5447, 'grad_norm': 1.153111457824707, 'learning_rate': 1.2838237219193897e-05, 'epoch': 4.67}
{'loss': 1.5703, 'grad_norm': 1.3894753456115723, 'learning_rate': 1.2731604224536208e-05, 'epoch': 4.71}
{'loss': 1.5726, 'grad_norm': 1.1020256280899048, 'learning_rate': 1.262463451448895e-05, 'epoch': 4.74}
{'loss': 1.5727, 'grad_norm': 1.3088539838790894, 'learning_rate': 1.2517341274837702e-05, 'epoch': 4.77}
{'loss': 1.5852, 'grad_norm': 1.2716920375823975, 'learning_rate': 1.2409737731248418e-05, 'epoch': 4.8}
{'loss': 1.547, 'grad_norm': 1.163893222808838, 'learning_rate': 1.2301837147637137e-05, 'epoch': 4.83}
{'loss': 1.567, 'grad_norm': 1.2007367610931396, 'learning_rate': 1.2193652824535e-05, 'epoch': 4.86}
{'loss': 1.5595, 'grad_norm': 1.4278569221496582, 'learning_rate': 1.2085198097448732e-05, 'epoch': 4.9}
{'loss': 1.5685, 'grad_norm': 1.260148048400879, 'learning_rate': 1.197648633521681e-05, 'epoch': 4.93}
{'loss': 1.5795, 'grad_norm': 1.1173752546310425, 'learning_rate': 1.1867530938361557e-05, 'epoch': 4.96}
{'loss': 1.5507, 'grad_norm': 1.1862256526947021, 'learning_rate': 1.1758345337437284e-05, 'epoch': 4.99}
{'eval_loss': 1.472923994064331, 'eval_runtime': 25.5974, 'eval_samples_per_second': 122.864, 'eval_steps_per_second': 30.745, 'epoch': 5.0}
{'loss': 1.5726, 'grad_norm': 1.11259126663208, 'learning_rate': 1.164894299137476e-05, 'epoch': 5.02}
{'loss': 1.5232, 'grad_norm': 1.1823619604110718, 'learning_rate': 1.1539337385822179e-05, 'epoch': 5.05}
{'loss': 1.5021, 'grad_norm': 1.1068581342697144, 'learning_rate': 1.1429542031482828e-05, 'epoch': 5.09}
{'loss': 1.521, 'grad_norm': 1.248915433883667, 'learning_rate': 1.1319570462449664e-05, 'epoch': 5.12}
{'loss': 1.5171, 'grad_norm': 1.0420185327529907, 'learning_rate': 1.120943623453703e-05, 'epoch': 5.15}
{'loss': 1.5344, 'grad_norm': 1.1851688623428345, 'learning_rate': 1.1099152923609654e-05, 'epoch': 5.18}
{'loss': 1.5316, 'grad_norm': 1.0741215944290161, 'learning_rate': 1.0988734123909218e-05, 'epoch': 5.21}
{'loss': 1.493, 'grad_norm': 1.1786866188049316, 'learning_rate': 1.0878193446378633e-05, 'epoch': 5.25}
{'loss': 1.5217, 'grad_norm': 1.2477850914001465, 'learning_rate': 1.076754451698427e-05, 'epoch': 5.28}
{'loss': 1.517, 'grad_norm': 1.384609341621399, 'learning_rate': 1.0656800975036328e-05, 'epoch': 5.31}
{'loss': 1.5315, 'grad_norm': 1.0977678298950195, 'learning_rate': 1.0545976471507573e-05, 'epoch': 5.34}
{'loss': 1.5165, 'grad_norm': 1.3374779224395752, 'learning_rate': 1.0435084667350619e-05, 'epoch': 5.37}
{'loss': 1.5091, 'grad_norm': 1.3989228010177612, 'learning_rate': 1.0324139231813997e-05, 'epoch': 5.4}
{'loss': 1.5129, 'grad_norm': 1.2529813051223755, 'learning_rate': 1.0213153840757198e-05, 'epoch': 5.44}
{'loss': 1.4974, 'grad_norm': 1.1662182807922363, 'learning_rate': 1.0102142174964883e-05, 'epoch': 5.47}
{'loss': 1.5044, 'grad_norm': 0.9849424362182617, 'learning_rate': 9.991117918460518e-06, 'epoch': 5.5}
{'loss': 1.513, 'grad_norm': 1.252428412437439, 'learning_rate': 9.880094756819572e-06, 'epoch': 5.53}
{'loss': 1.4555, 'grad_norm': 1.3704074621200562, 'learning_rate': 9.769086375482561e-06, 'epoch': 5.56}
{'loss': 1.4708, 'grad_norm': 1.2304850816726685, 'learning_rate': 9.658106458068086e-06, 'epoch': 5.6}
{'loss': 1.4996, 'grad_norm': 1.1235724687576294, 'learning_rate': 9.547168684686088e-06, 'epoch': 5.63}
{'loss': 1.4847, 'grad_norm': 1.0434479713439941, 'learning_rate': 9.436286730251568e-06, 'epoch': 5.66}
{'loss': 1.5024, 'grad_norm': 1.203120231628418, 'learning_rate': 9.32547426279892e-06, 'epoch': 5.69}
{'loss': 1.4801, 'grad_norm': 1.2103180885314941, 'learning_rate': 9.214744941797115e-06, 'epoch': 5.72}
{'loss': 1.4901, 'grad_norm': 1.2141302824020386, 'learning_rate': 9.104112416465949e-06, 'epoch': 5.75}
{'loss': 1.4903, 'grad_norm': 1.163110375404358, 'learning_rate': 8.993590324093548e-06, 'epoch': 5.79}
{'loss': 1.5261, 'grad_norm': 1.264263391494751, 'learning_rate': 8.883192288355362e-06, 'epoch': 5.82}
{'loss': 1.4844, 'grad_norm': 1.1809499263763428, 'learning_rate': 8.772931917634792e-06, 'epoch': 5.85}
{'loss': 1.4778, 'grad_norm': 1.0286314487457275, 'learning_rate': 8.662822803345762e-06, 'epoch': 5.88}
{'loss': 1.446, 'grad_norm': 1.27915358543396, 'learning_rate': 8.552878518257335e-06, 'epoch': 5.91}
{'loss': 1.4926, 'grad_norm': 1.0971951484680176, 'learning_rate': 8.44311261482065e-06, 'epoch': 5.95}
{'loss': 1.4855, 'grad_norm': 1.1665337085723877, 'learning_rate': 8.333538623498357e-06, 'epoch': 5.98}
{'eval_loss': 1.419616460800171, 'eval_runtime': 25.5247, 'eval_samples_per_second': 123.214, 'eval_steps_per_second': 30.833, 'epoch': 6.0}
{'loss': 1.4838, 'grad_norm': 1.0384844541549683, 'learning_rate': 8.224170051096769e-06, 'epoch': 6.01}
{'loss': 1.4593, 'grad_norm': 1.2353101968765259, 'learning_rate': 8.115020379100913e-06, 'epoch': 6.04}
{'loss': 1.4347, 'grad_norm': 1.1979018449783325, 'learning_rate': 8.006103062012725e-06, 'epoch': 6.07}
{'loss': 1.4744, 'grad_norm': 1.042763113975525, 'learning_rate': 7.897431525692557e-06, 'epoch': 6.1}
{'loss': 1.4462, 'grad_norm': 1.2364338636398315, 'learning_rate': 7.789019165704218e-06, 'epoch': 6.14}
{'loss': 1.4528, 'grad_norm': 1.0756170749664307, 'learning_rate': 7.680879345663745e-06, 'epoch': 6.17}
{'loss': 1.4398, 'grad_norm': 1.2207194566726685, 'learning_rate': 7.573025395592125e-06, 'epoch': 6.2}
{'loss': 1.4745, 'grad_norm': 1.1631076335906982, 'learning_rate': 7.4654706102721405e-06, 'epoch': 6.23}
{'loss': 1.4427, 'grad_norm': 1.3127638101577759, 'learning_rate': 7.358228247609569e-06, 'epoch': 6.26}
{'loss': 1.4561, 'grad_norm': 1.2163199186325073, 'learning_rate': 7.251311526998934e-06, 'epoch': 6.29}
{'loss': 1.4593, 'grad_norm': 1.1783558130264282, 'learning_rate': 7.1447336276939915e-06, 'epoch': 6.33}
{'loss': 1.4583, 'grad_norm': 1.1922166347503662, 'learning_rate': 7.038507687183167e-06, 'epoch': 6.36}
{'loss': 1.4583, 'grad_norm': 1.1523473262786865, 'learning_rate': 6.932646799570144e-06, 'epoch': 6.39}
{'loss': 1.4732, 'grad_norm': 1.1894720792770386, 'learning_rate': 6.827164013959805e-06, 'epoch': 6.42}
{'loss': 1.4312, 'grad_norm': 1.0859730243682861, 'learning_rate': 6.722072332849697e-06, 'epoch': 6.45}
{'loss': 1.4524, 'grad_norm': 1.37300705909729, 'learning_rate': 6.617384710527282e-06, 'epoch': 6.49}
{'loss': 1.437, 'grad_norm': 1.441870927810669, 'learning_rate': 6.513114051473094e-06, 'epoch': 6.52}
{'loss': 1.4449, 'grad_norm': 1.2276917695999146, 'learning_rate': 6.409273208770039e-06, 'epoch': 6.55}
{'loss': 1.4455, 'grad_norm': 1.2633452415466309, 'learning_rate': 6.305874982519064e-06, 'epoch': 6.58}
{'loss': 1.487, 'grad_norm': 1.3141415119171143, 'learning_rate': 6.202932118261309e-06, 'epoch': 6.61}
{'loss': 1.4182, 'grad_norm': 1.123908281326294, 'learning_rate': 6.100457305407024e-06, 'epoch': 6.64}
{'loss': 1.4115, 'grad_norm': 1.3181178569793701, 'learning_rate': 5.998463175671382e-06, 'epoch': 6.68}
{'loss': 1.4078, 'grad_norm': 1.1347304582595825, 'learning_rate': 5.896962301517415e-06, 'epoch': 6.71}
{'loss': 1.4198, 'grad_norm': 1.2066644430160522, 'learning_rate': 5.795967194606249e-06, 'epoch': 6.74}
{'loss': 1.4701, 'grad_norm': 1.3630497455596924, 'learning_rate': 5.695490304254825e-06, 'epoch': 6.77}
{'loss': 1.4242, 'grad_norm': 1.1247799396514893, 'learning_rate': 5.59554401590134e-06, 'epoch': 6.8}
{'loss': 1.4534, 'grad_norm': 1.1239413022994995, 'learning_rate': 5.496140649578507e-06, 'epoch': 6.84}
{'loss': 1.4383, 'grad_norm': 1.2521568536758423, 'learning_rate': 5.397292458394923e-06, 'epoch': 6.87}
{'loss': 1.4342, 'grad_norm': 1.2045150995254517, 'learning_rate': 5.2990116270246795e-06, 'epoch': 6.9}
{'loss': 1.4267, 'grad_norm': 1.0163674354553223, 'learning_rate': 5.201310270205375e-06, 'epoch': 6.93}
{'loss': 1.4369, 'grad_norm': 1.1100984811782837, 'learning_rate': 5.104200431244802e-06, 'epoch': 6.96}
{'loss': 1.4233, 'grad_norm': 1.0981827974319458, 'learning_rate': 5.007694080536379e-06, 'epoch': 6.99}
{'eval_loss': 1.3908660411834717, 'eval_runtime': 25.186, 'eval_samples_per_second': 124.871, 'eval_steps_per_second': 31.248, 'epoch': 7.0}
{'loss': 1.4011, 'grad_norm': 1.169921875, 'learning_rate': 4.911803114083635e-06, 'epoch': 7.03}
{'loss': 1.3837, 'grad_norm': 1.0557926893234253, 'learning_rate': 4.816539352033806e-06, 'epoch': 7.06}
{'loss': 1.4035, 'grad_norm': 1.1451071500778198, 'learning_rate': 4.721914537220807e-06, 'epoch': 7.09}
{'loss': 1.393, 'grad_norm': 1.1685796976089478, 'learning_rate': 4.627940333717758e-06, 'epoch': 7.12}
{'loss': 1.4029, 'grad_norm': 1.1415774822235107, 'learning_rate': 4.534628325399157e-06, 'epoch': 7.15}
{'loss': 1.4224, 'grad_norm': 1.1498878002166748, 'learning_rate': 4.441990014513016e-06, 'epoch': 7.18}
{'loss': 1.4302, 'grad_norm': 1.4167890548706055, 'learning_rate': 4.3500368202629775e-06, 'epoch': 7.22}
{'loss': 1.4312, 'grad_norm': 1.1799730062484741, 'learning_rate': 4.2587800774007485e-06, 'epoch': 7.25}
{'loss': 1.4436, 'grad_norm': 1.1982307434082031, 'learning_rate': 4.168231034828873e-06, 'epoch': 7.28}
{'loss': 1.4248, 'grad_norm': 1.356150507926941, 'learning_rate': 4.078400854214136e-06, 'epoch': 7.31}
{'loss': 1.4293, 'grad_norm': 1.2552090883255005, 'learning_rate': 3.989300608611709e-06, 'epoch': 7.34}
{'loss': 1.4334, 'grad_norm': 1.193917155265808, 'learning_rate': 3.90094128110018e-06, 'epoch': 7.38}
{'loss': 1.4221, 'grad_norm': 1.5666621923446655, 'learning_rate': 3.8133337634277556e-06, 'epoch': 7.41}
{'loss': 1.4077, 'grad_norm': 1.1246845722198486, 'learning_rate': 3.726488854669631e-06, 'epoch': 7.44}
{'loss': 1.4116, 'grad_norm': 1.1272507905960083, 'learning_rate': 3.640417259896856e-06, 'epoch': 7.47}
{'loss': 1.4132, 'grad_norm': 1.2630586624145508, 'learning_rate': 3.5551295888567304e-06, 'epoch': 7.5}
{'loss': 1.3753, 'grad_norm': 1.0188498497009277, 'learning_rate': 3.470636354665006e-06, 'epoch': 7.53}
{'loss': 1.3789, 'grad_norm': 1.3393813371658325, 'learning_rate': 3.386947972509944e-06, 'epoch': 7.57}
{'loss': 1.4116, 'grad_norm': 1.0876977443695068, 'learning_rate': 3.3040747583684864e-06, 'epoch': 7.6}
{'loss': 1.3704, 'grad_norm': 1.085710883140564, 'learning_rate': 3.2220269277346437e-06, 'epoch': 7.63}
{'loss': 1.4104, 'grad_norm': 1.1202870607376099, 'learning_rate': 3.140814594360254e-06, 'epoch': 7.66}
{'loss': 1.4149, 'grad_norm': 1.0290809869766235, 'learning_rate': 3.060447769008311e-06, 'epoch': 7.69}
{'loss': 1.4482, 'grad_norm': 1.1971683502197266, 'learning_rate': 2.980936358218951e-06, 'epoch': 7.73}
{'loss': 1.4009, 'grad_norm': 1.241998314857483, 'learning_rate': 2.902290163088334e-06, 'epoch': 7.76}
{'loss': 1.4237, 'grad_norm': 1.1119179725646973, 'learning_rate': 2.824518878060475e-06, 'epoch': 7.79}
{'loss': 1.4308, 'grad_norm': 1.2181912660598755, 'learning_rate': 2.7476320897322507e-06, 'epoch': 7.82}
{'loss': 1.3846, 'grad_norm': 1.053269624710083, 'learning_rate': 2.6716392756717025e-06, 'epoch': 7.85}
{'loss': 1.4206, 'grad_norm': 1.0080257654190063, 'learning_rate': 2.596549803249748e-06, 'epoch': 7.88}
{'loss': 1.3853, 'grad_norm': 1.2193478345870972, 'learning_rate': 2.522372928485526e-06, 'epoch': 7.92}
{'loss': 1.387, 'grad_norm': 1.26620614528656, 'learning_rate': 2.4491177949054066e-06, 'epoch': 7.95}
{'loss': 1.3884, 'grad_norm': 1.1577637195587158, 'learning_rate': 2.376793432415935e-06, 'epoch': 7.98}
{'eval_loss': 1.3747321367263794, 'eval_runtime': 25.0658, 'eval_samples_per_second': 125.47, 'eval_steps_per_second': 31.397, 'epoch': 8.0}
{'loss': 1.4204, 'grad_norm': 1.1842883825302124, 'learning_rate': 2.3054087561907133e-06, 'epoch': 8.01}
{'loss': 1.4124, 'grad_norm': 1.1066551208496094, 'learning_rate': 2.2349725655714784e-06, 'epoch': 8.04}
{'loss': 1.3713, 'grad_norm': 1.065598726272583, 'learning_rate': 2.165493542983439e-06, 'epoch': 8.08}
{'loss': 1.4217, 'grad_norm': 1.26011061668396, 'learning_rate': 2.0969802528650052e-06, 'epoch': 8.11}
{'loss': 1.3917, 'grad_norm': 1.251616358757019, 'learning_rate': 2.0294411406121017e-06, 'epoch': 8.14}
{'loss': 1.412, 'grad_norm': 1.169288992881775, 'learning_rate': 1.9628845315371135e-06, 'epoch': 8.17}
{'loss': 1.3615, 'grad_norm': 1.2619025707244873, 'learning_rate': 1.8973186298426715e-06, 'epoch': 8.2}
{'loss': 1.3934, 'grad_norm': 1.2646114826202393, 'learning_rate': 1.8327515176103339e-06, 'epoch': 8.23}
{'loss': 1.4103, 'grad_norm': 1.2120792865753174, 'learning_rate': 1.7691911538043426e-06, 'epoch': 8.27}
{'loss': 1.3784, 'grad_norm': 1.2196266651153564, 'learning_rate': 1.7066453732905497e-06, 'epoch': 8.3}
{'loss': 1.4123, 'grad_norm': 1.349129319190979, 'learning_rate': 1.6451218858706374e-06, 'epoch': 8.33}
{'loss': 1.3674, 'grad_norm': 1.2663425207138062, 'learning_rate': 1.5846282753317665e-06, 'epoch': 8.36}
{'loss': 1.402, 'grad_norm': 1.1622223854064941, 'learning_rate': 1.525171998511733e-06, 'epoch': 8.39}
{'loss': 1.4031, 'grad_norm': 1.2691487073898315, 'learning_rate': 1.4667603843798106e-06, 'epoch': 8.42}
{'loss': 1.3793, 'grad_norm': 1.1371897459030151, 'learning_rate': 1.40940063313331e-06, 'epoch': 8.46}
{'loss': 1.4093, 'grad_norm': 1.1382137537002563, 'learning_rate': 1.3530998153100584e-06, 'epoch': 8.49}
{'loss': 1.3688, 'grad_norm': 1.1990548372268677, 'learning_rate': 1.2978648709168218e-06, 'epoch': 8.52}
{'loss': 1.3998, 'grad_norm': 1.1435176134109497, 'learning_rate': 1.2437026085738413e-06, 'epoch': 8.55}
{'loss': 1.3723, 'grad_norm': 1.0311843156814575, 'learning_rate': 1.190619704675564e-06, 'epoch': 8.58}
{'loss': 1.389, 'grad_norm': 1.1242330074310303, 'learning_rate': 1.1386227025676533e-06, 'epoch': 8.62}
{'loss': 1.4024, 'grad_norm': 1.1663622856140137, 'learning_rate': 1.0877180117404262e-06, 'epoch': 8.65}
{'loss': 1.4028, 'grad_norm': 1.2280808687210083, 'learning_rate': 1.0379119070387678e-06, 'epoch': 8.68}
{'loss': 1.3497, 'grad_norm': 1.2136211395263672, 'learning_rate': 9.892105278886633e-07, 'epoch': 8.71}
{'loss': 1.3946, 'grad_norm': 1.2473688125610352, 'learning_rate': 9.416198775403995e-07, 'epoch': 8.74}
{'loss': 1.3765, 'grad_norm': 1.2685000896453857, 'learning_rate': 8.951458223285747e-07, 'epoch': 8.77}
{'loss': 1.395, 'grad_norm': 1.298613429069519, 'learning_rate': 8.497940909489766e-07, 'epoch': 8.81}
{'loss': 1.4005, 'grad_norm': 1.1600122451782227, 'learning_rate': 8.05570273752414e-07, 'epoch': 8.84}
{'loss': 1.3977, 'grad_norm': 1.494223713874817, 'learning_rate': 7.624798220556307e-07, 'epoch': 8.87}
{'loss': 1.3985, 'grad_norm': 1.1094393730163574, 'learning_rate': 7.205280474693255e-07, 'epoch': 8.9}
{'loss': 1.3515, 'grad_norm': 1.3003082275390625, 'learning_rate': 6.797201212434179e-07, 'epoch': 8.93}
{'loss': 1.4254, 'grad_norm': 1.122825264930725, 'learning_rate': 6.40061073629602e-07, 'epoch': 8.97}
{'loss': 1.3986, 'grad_norm': 1.1328651905059814, 'learning_rate': 6.015557932612814e-07, 'epoch': 9.0}
{'eval_loss': 1.3669803142547607, 'eval_runtime': 25.1274, 'eval_samples_per_second': 125.162, 'eval_steps_per_second': 31.32, 'epoch': 9.0}
{'loss': 1.383, 'grad_norm': 1.2661662101745605, 'learning_rate': 5.642090265509758e-07, 'epoch': 9.03}
{'loss': 1.3935, 'grad_norm': 1.0663259029388428, 'learning_rate': 5.280253771052335e-07, 'epoch': 9.06}
{'loss': 1.4108, 'grad_norm': 1.130946159362793, 'learning_rate': 4.930093051571727e-07, 'epoch': 9.09}
{'loss': 1.3816, 'grad_norm': 1.2343820333480835, 'learning_rate': 4.5916512701667194e-07, 'epoch': 9.12}
{'loss': 1.3893, 'grad_norm': 1.1092818975448608, 'learning_rate': 4.264970145383218e-07, 'epoch': 9.16}
{'loss': 1.41, 'grad_norm': 1.4266226291656494, 'learning_rate': 3.950089946071789e-07, 'epoch': 9.19}
{'loss': 1.3975, 'grad_norm': 1.0265510082244873, 'learning_rate': 3.647049486423715e-07, 'epoch': 9.22}
{'loss': 1.3956, 'grad_norm': 1.2142537832260132, 'learning_rate': 3.3558861211866465e-07, 'epoch': 9.25}
{'loss': 1.3965, 'grad_norm': 1.2183442115783691, 'learning_rate': 3.076635741059897e-07, 'epoch': 9.28}
{'loss': 1.3387, 'grad_norm': 1.1552274227142334, 'learning_rate': 2.8093327682704455e-07, 'epoch': 9.31}
{'loss': 1.3789, 'grad_norm': 1.0660051107406616, 'learning_rate': 2.554010152329689e-07, 'epoch': 9.35}
{'loss': 1.3824, 'grad_norm': 1.0995479822158813, 'learning_rate': 2.3106993659719912e-07, 'epoch': 9.38}
{'loss': 1.3756, 'grad_norm': 1.096850872039795, 'learning_rate': 2.079430401275062e-07, 'epoch': 9.41}
{'loss': 1.4097, 'grad_norm': 1.0876318216323853, 'learning_rate': 1.8602317659630164e-07, 'epoch': 9.44}
{'loss': 1.3978, 'grad_norm': 1.2604198455810547, 'learning_rate': 1.6531304798922175e-07, 'epoch': 9.47}
{'loss': 1.3534, 'grad_norm': 1.3333784341812134, 'learning_rate': 1.4581520717207532e-07, 'epoch': 9.51}
{'loss': 1.336, 'grad_norm': 1.3400038480758667, 'learning_rate': 1.2753205757615184e-07, 'epoch': 9.54}
{'loss': 1.3997, 'grad_norm': 1.1251431703567505, 'learning_rate': 1.1046585290196199e-07, 'epoch': 9.57}
{'loss': 1.4226, 'grad_norm': 1.0970523357391357, 'learning_rate': 9.461869684143532e-08, 'epoch': 9.6}
{'loss': 1.3817, 'grad_norm': 1.0702708959579468, 'learning_rate': 7.99925428185988e-08, 'epoch': 9.63}
{'loss': 1.3868, 'grad_norm': 1.2449709177017212, 'learning_rate': 6.658919374878836e-08, 'epoch': 9.66}
{'loss': 1.3583, 'grad_norm': 1.1740530729293823, 'learning_rate': 5.4410301816409936e-08, 'epoch': 9.7}
{'loss': 1.3951, 'grad_norm': 1.235182762145996, 'learning_rate': 4.345736827128133e-08, 'epoch': 9.73}
{'loss': 1.3589, 'grad_norm': 1.0600008964538574, 'learning_rate': 3.373174324357464e-08, 'epoch': 9.76}
{'loss': 1.4046, 'grad_norm': 1.166293740272522, 'learning_rate': 2.523462557739609e-08, 'epoch': 9.79}
{'loss': 1.4027, 'grad_norm': 1.3213757276535034, 'learning_rate': 1.7967062683001968e-08, 'epoch': 9.82}
{'loss': 1.397, 'grad_norm': 1.2311445474624634, 'learning_rate': 1.192995040769307e-08, 'epoch': 9.86}
{'loss': 1.3908, 'grad_norm': 1.1004058122634888, 'learning_rate': 7.1240329253852155e-09, 'epoch': 9.89}
{'loss': 1.3992, 'grad_norm': 1.1914666891098022, 'learning_rate': 3.5499026448782006e-09, 'epoch': 9.92}
{'loss': 1.3644, 'grad_norm': 1.0815538167953491, 'learning_rate': 1.2080001368286466e-09, 'epoch': 9.95}
{'loss': 1.3785, 'grad_norm': 1.1036558151245117, 'learning_rate': 9.861407944566914e-11, 'epoch': 9.98}
{'eval_loss': 1.367057204246521, 'eval_runtime': 24.8166, 'eval_samples_per_second': 126.73, 'eval_steps_per_second': 31.713, 'epoch': 10.0}
{'train_runtime': 6400.0317, 'train_samples_per_second': 39.319, 'train_steps_per_second': 2.456, 'train_loss': 1.9410772801658882, 'epoch': 10.0}

[DEBUG] Training completed for fold 1
[DEBUG] Best eval loss: 1.366980
[DEBUG] Best model checkpoint: gle_NOsyll_600M/fold_1/checkpoint-14154
[DEBUG] Training metrics saved to: gle_NOsyll_600M/fold_1/training_metrics.json

[DEBUG] Current fold results ranking:
  * Fold 0: eval_loss = 1.362829
    Fold 1: eval_loss = 1.366980
[DEBUG] GPU memory cleared after fold 1

[DEBUG] Fold 2:
  Train: 25,164 examples (folds: [0, 1, 3, 4])
  Dev:   3,145 examples (first half of fold 2)
  Test:  3,145 examples (SECOND HALF of fold 2 - saved for later)
  This fold's test set is DIFFERENT from other folds' test sets
[DEBUG] Data saved to: gle_NOsyll_600M/fold_2/data
    - train.eng/train.nav (25164 pairs)
    - dev.eng/dev.nav (3145 pairs)
    - test.eng/test.nav (3145 pairs) - FOR LATER TESTING

********************************************************************************
* FOLD 2 STARTING
********************************************************************************
[DEBUG] Fold 2 data distribution:
  Training: 25,164 examples (folds other than 2)
  Development: 3,145 examples (first half of fold 2)
  Test: 3,145 examples (second half of fold 2 - SAVED, NOT USED)

################################################################################
# FOLD 2 TRAINING STARTING
################################################################################

[DEBUG] Device: cuda
[DEBUG] GPU: NVIDIA A100-SXM4-80GB
[DEBUG] GPU Memory: 85.09 GB
[DEBUG] Current GPU memory allocated: 4.95 GB

[DEBUG] Fold output directory: gle_NOsyll_600M/fold_2

[DEBUG] Loading model: facebook/nllb-200-distilled-600M

[DEBUG] Syllabification disabled - using raw text
[DEBUG] Model moved to cuda

[DEBUG] Tokenizer configuration:
  Source language: eng_Latn
  Target language: gle_Latn
[DEBUG] Model decoder configuration:
  forced_bos_token_id: 256061 (gle_Latn)
  decoder_start_token_id: 256061

[DEBUG] Creating datasets...

[DEBUG] Tokenizing datasets...

[DEBUG] Tokenization stats:
  Train dataset size: 25164
  Dev dataset size: 3145

[DEBUG] Sample tokenized example:
  Example 0:
    input_ids length: 28
    labels length: 40
    attention_mask length: 28
  Example 1:
    input_ids length: 8
    labels length: 16
    attention_mask length: 8
  Example 2:
    input_ids length: 48
    labels length: 121
    attention_mask length: 48

[DEBUG] Training arguments:
  Output directory: gle_NOsyll_600M/fold_2
  Learning rate: 2e-05
  Batch size (per device): 4
  Gradient accumulation: 4
  Effective batch size: 16
  Epochs: 10
  BF16 enabled: True

[DEBUG] Starting training for fold 2...
[DEBUG] Training samples: 25164
[DEBUG] Validation samples: 3145
[DEBUG] NOTE: Test set from fold 2 is NOT being used
{'loss': 9.1919, 'grad_norm': 7.316854000091553, 'learning_rate': 6.361323155216286e-07, 'epoch': 0.03}
{'loss': 8.9293, 'grad_norm': 6.064812660217285, 'learning_rate': 1.2722646310432571e-06, 'epoch': 0.06}
{'loss': 8.3777, 'grad_norm': 3.377108097076416, 'learning_rate': 1.908396946564886e-06, 'epoch': 0.1}
{'loss': 7.5145, 'grad_norm': 2.3355472087860107, 'learning_rate': 2.5445292620865143e-06, 'epoch': 0.13}
{'loss': 6.7173, 'grad_norm': 1.4563117027282715, 'learning_rate': 3.1806615776081427e-06, 'epoch': 0.16}
{'loss': 6.1514, 'grad_norm': 1.4782098531723022, 'learning_rate': 3.816793893129772e-06, 'epoch': 0.19}
{'loss': 5.7594, 'grad_norm': 1.2910395860671997, 'learning_rate': 4.4529262086514e-06, 'epoch': 0.22}
{'loss': 5.4428, 'grad_norm': 1.2632192373275757, 'learning_rate': 5.0890585241730285e-06, 'epoch': 0.25}
{'loss': 5.1847, 'grad_norm': 1.1036986112594604, 'learning_rate': 5.725190839694656e-06, 'epoch': 0.29}
{'loss': 4.9181, 'grad_norm': 1.3074146509170532, 'learning_rate': 6.3613231552162854e-06, 'epoch': 0.32}
{'loss': 4.7339, 'grad_norm': 1.2605187892913818, 'learning_rate': 6.997455470737914e-06, 'epoch': 0.35}
{'loss': 4.4974, 'grad_norm': 1.049399733543396, 'learning_rate': 7.633587786259543e-06, 'epoch': 0.38}
{'loss': 4.3616, 'grad_norm': 1.2417933940887451, 'learning_rate': 8.26972010178117e-06, 'epoch': 0.41}
{'loss': 4.2074, 'grad_norm': 1.1489965915679932, 'learning_rate': 8.9058524173028e-06, 'epoch': 0.45}
{'loss': 4.07, 'grad_norm': 1.170266032218933, 'learning_rate': 9.54198473282443e-06, 'epoch': 0.48}
{'loss': 3.9122, 'grad_norm': 1.3529925346374512, 'learning_rate': 1.0178117048346057e-05, 'epoch': 0.51}
{'loss': 3.8493, 'grad_norm': 1.4370321035385132, 'learning_rate': 1.0814249363867686e-05, 'epoch': 0.54}
{'loss': 3.698, 'grad_norm': 1.1789641380310059, 'learning_rate': 1.1450381679389312e-05, 'epoch': 0.57}
{'loss': 3.6583, 'grad_norm': 1.3636800050735474, 'learning_rate': 1.2086513994910942e-05, 'epoch': 0.6}
{'loss': 3.5346, 'grad_norm': 1.321004867553711, 'learning_rate': 1.2722646310432571e-05, 'epoch': 0.64}
{'loss': 3.4362, 'grad_norm': 1.364012360572815, 'learning_rate': 1.3358778625954198e-05, 'epoch': 0.67}
{'loss': 3.3872, 'grad_norm': 1.4555009603500366, 'learning_rate': 1.3994910941475828e-05, 'epoch': 0.7}
{'loss': 3.339, 'grad_norm': 1.464421033859253, 'learning_rate': 1.4631043256997457e-05, 'epoch': 0.73}
{'loss': 3.2434, 'grad_norm': 1.201801061630249, 'learning_rate': 1.5267175572519086e-05, 'epoch': 0.76}
{'loss': 3.1713, 'grad_norm': 1.2471210956573486, 'learning_rate': 1.5903307888040712e-05, 'epoch': 0.79}
{'loss': 3.1028, 'grad_norm': 1.2353107929229736, 'learning_rate': 1.653944020356234e-05, 'epoch': 0.83}
{'loss': 3.0696, 'grad_norm': 1.284627914428711, 'learning_rate': 1.717557251908397e-05, 'epoch': 0.86}
{'loss': 3.0127, 'grad_norm': 1.3046443462371826, 'learning_rate': 1.78117048346056e-05, 'epoch': 0.89}
{'loss': 2.9627, 'grad_norm': 1.2127461433410645, 'learning_rate': 1.844783715012723e-05, 'epoch': 0.92}
{'loss': 2.9126, 'grad_norm': 1.3196368217468262, 'learning_rate': 1.908396946564886e-05, 'epoch': 0.95}
{'loss': 2.8717, 'grad_norm': 1.1446201801300049, 'learning_rate': 1.9720101781170485e-05, 'epoch': 0.99}
{'eval_loss': 2.6048107147216797, 'eval_runtime': 25.0061, 'eval_samples_per_second': 125.769, 'eval_steps_per_second': 31.472, 'epoch': 1.0}
{'loss': 2.8094, 'grad_norm': 1.2884600162506104, 'learning_rate': 1.9999806716709255e-05, 'epoch': 1.02}
{'loss': 2.7899, 'grad_norm': 1.2963664531707764, 'learning_rate': 1.999850011488216e-05, 'epoch': 1.05}
{'loss': 2.7284, 'grad_norm': 1.233358383178711, 'learning_rate': 1.9995961032584046e-05, 'epoch': 1.08}
{'loss': 2.7122, 'grad_norm': 1.4015357494354248, 'learning_rate': 1.9992189782798795e-05, 'epoch': 1.11}
{'loss': 2.6421, 'grad_norm': 1.2266842126846313, 'learning_rate': 1.99871868303953e-05, 'epoch': 1.14}
{'loss': 2.6412, 'grad_norm': 1.1974148750305176, 'learning_rate': 1.9980952792070175e-05, 'epoch': 1.18}
{'loss': 2.5489, 'grad_norm': 1.3162522315979004, 'learning_rate': 1.9973488436271728e-05, 'epoch': 1.21}
{'loss': 2.5601, 'grad_norm': 1.3186452388763428, 'learning_rate': 1.996479468310524e-05, 'epoch': 1.24}
{'loss': 2.5385, 'grad_norm': 1.2471240758895874, 'learning_rate': 1.9954872604219543e-05, 'epoch': 1.27}
{'loss': 2.5403, 'grad_norm': 1.3006715774536133, 'learning_rate': 1.994372342267493e-05, 'epoch': 1.3}
{'loss': 2.4965, 'grad_norm': 1.1865555047988892, 'learning_rate': 1.993134851279238e-05, 'epoch': 1.34}
{'loss': 2.4776, 'grad_norm': 1.2415363788604736, 'learning_rate': 1.991774939998417e-05, 'epoch': 1.37}
{'loss': 2.4636, 'grad_norm': 1.2054561376571655, 'learning_rate': 1.9902927760565824e-05, 'epoch': 1.4}
{'loss': 2.4209, 'grad_norm': 1.3181288242340088, 'learning_rate': 1.988688542154948e-05, 'epoch': 1.43}
{'loss': 2.4053, 'grad_norm': 1.1723190546035767, 'learning_rate': 1.98696243604187e-05, 'epoch': 1.46}
{'loss': 2.3569, 'grad_norm': 1.264628529548645, 'learning_rate': 1.9851146704884684e-05, 'epoch': 1.49}
{'loss': 2.3456, 'grad_norm': 1.0887027978897095, 'learning_rate': 1.9831454732624023e-05, 'epoch': 1.53}
{'loss': 2.361, 'grad_norm': 1.1441563367843628, 'learning_rate': 1.9810550870997914e-05, 'epoch': 1.56}
{'loss': 2.3213, 'grad_norm': 1.196781873703003, 'learning_rate': 1.9788437696752965e-05, 'epoch': 1.59}
{'loss': 2.3168, 'grad_norm': 1.0579032897949219, 'learning_rate': 1.9765117935703556e-05, 'epoch': 1.62}
{'loss': 2.2873, 'grad_norm': 1.2279914617538452, 'learning_rate': 1.9740594462395844e-05, 'epoch': 1.65}
{'loss': 2.2532, 'grad_norm': 1.0296469926834106, 'learning_rate': 1.9714870299753425e-05, 'epoch': 1.68}
{'loss': 2.2442, 'grad_norm': 1.366224765777588, 'learning_rate': 1.9687948618704713e-05, 'epoch': 1.72}
{'loss': 2.2496, 'grad_norm': 1.2495429515838623, 'learning_rate': 1.9659832737792065e-05, 'epoch': 1.75}
{'loss': 2.2416, 'grad_norm': 1.3089840412139893, 'learning_rate': 1.963052612276272e-05, 'epoch': 1.78}
{'loss': 2.2225, 'grad_norm': 1.1773678064346313, 'learning_rate': 1.9600032386141578e-05, 'epoch': 1.81}
{'loss': 2.2217, 'grad_norm': 1.314828634262085, 'learning_rate': 1.9568355286785916e-05, 'epoch': 1.84}
{'loss': 2.1812, 'grad_norm': 1.1225788593292236, 'learning_rate': 1.9535498729422034e-05, 'epoch': 1.88}
{'loss': 2.2066, 'grad_norm': 1.197593092918396, 'learning_rate': 1.950146676416393e-05, 'epoch': 1.91}
{'loss': 2.1676, 'grad_norm': 1.2925682067871094, 'learning_rate': 1.9466263586014062e-05, 'epoch': 1.94}
{'loss': 2.1511, 'grad_norm': 1.364328145980835, 'learning_rate': 1.9429893534346248e-05, 'epoch': 1.97}
{'eval_loss': 1.9588984251022339, 'eval_runtime': 25.1891, 'eval_samples_per_second': 124.856, 'eval_steps_per_second': 31.244, 'epoch': 2.0}
{'loss': 2.1428, 'grad_norm': 1.2934824228286743, 'learning_rate': 1.9392361092370756e-05, 'epoch': 2.0}
{'loss': 2.1053, 'grad_norm': 1.2466156482696533, 'learning_rate': 1.9353670886581683e-05, 'epoch': 2.03}
{'loss': 2.0855, 'grad_norm': 1.149139404296875, 'learning_rate': 1.9313827686186664e-05, 'epoch': 2.07}
{'loss': 2.0689, 'grad_norm': 1.3243513107299805, 'learning_rate': 1.927283640251898e-05, 'epoch': 2.1}
{'loss': 2.0528, 'grad_norm': 1.212538480758667, 'learning_rate': 1.923070208843216e-05, 'epoch': 2.13}
{'loss': 2.0424, 'grad_norm': 1.161393404006958, 'learning_rate': 1.9187429937677136e-05, 'epoch': 2.16}
{'loss': 2.046, 'grad_norm': 1.262727975845337, 'learning_rate': 1.9143025284262022e-05, 'epoch': 2.19}
{'loss': 2.0237, 'grad_norm': 1.1528019905090332, 'learning_rate': 1.909749360179461e-05, 'epoch': 2.23}
{'loss': 2.0249, 'grad_norm': 1.5527795553207397, 'learning_rate': 1.9050840502807665e-05, 'epoch': 2.26}
{'loss': 1.9925, 'grad_norm': 1.197920560836792, 'learning_rate': 1.9003071738067073e-05, 'epoch': 2.29}
{'loss': 1.9848, 'grad_norm': 1.253877878189087, 'learning_rate': 1.895419319586298e-05, 'epoch': 2.32}
{'loss': 1.9989, 'grad_norm': 1.227418303489685, 'learning_rate': 1.890421090128395e-05, 'epoch': 2.35}
{'loss': 2.0123, 'grad_norm': 1.2816567420959473, 'learning_rate': 1.8853131015474278e-05, 'epoch': 2.38}
{'loss': 1.9794, 'grad_norm': 1.0381258726119995, 'learning_rate': 1.8800959834874534e-05, 'epoch': 2.42}
{'loss': 1.994, 'grad_norm': 1.1460597515106201, 'learning_rate': 1.8747703790445412e-05, 'epoch': 2.45}
{'loss': 1.9568, 'grad_norm': 1.3332229852676392, 'learning_rate': 1.8693369446875008e-05, 'epoch': 2.48}
{'loss': 1.9978, 'grad_norm': 1.1193649768829346, 'learning_rate': 1.8637963501769625e-05, 'epoch': 2.51}
{'loss': 1.9377, 'grad_norm': 1.1913063526153564, 'learning_rate': 1.858149278482817e-05, 'epoch': 2.54}
{'loss': 1.9576, 'grad_norm': 1.3137571811676025, 'learning_rate': 1.8523964257000288e-05, 'epoch': 2.58}
{'loss': 1.9293, 'grad_norm': 1.2757669687271118, 'learning_rate': 1.8465385009628308e-05, 'epoch': 2.61}
{'loss': 1.9426, 'grad_norm': 1.0979316234588623, 'learning_rate': 1.8405762263573108e-05, 'epoch': 2.64}
{'loss': 1.8925, 'grad_norm': 1.1448503732681274, 'learning_rate': 1.834510336832405e-05, 'epoch': 2.67}
{'loss': 1.9077, 'grad_norm': 1.4260921478271484, 'learning_rate': 1.8283415801093007e-05, 'epoch': 2.7}
{'loss': 1.8881, 'grad_norm': 1.5133411884307861, 'learning_rate': 1.8220707165892682e-05, 'epoch': 2.73}
{'loss': 1.8794, 'grad_norm': 1.1213425397872925, 'learning_rate': 1.815698519259929e-05, 'epoch': 2.77}
{'loss': 1.8862, 'grad_norm': 1.1246649026870728, 'learning_rate': 1.8092257735999734e-05, 'epoch': 2.8}
{'loss': 1.884, 'grad_norm': 1.3758872747421265, 'learning_rate': 1.8026532774823343e-05, 'epoch': 2.83}
{'loss': 1.8656, 'grad_norm': 1.1725881099700928, 'learning_rate': 1.7959818410758395e-05, 'epoch': 2.86}
{'loss': 1.8848, 'grad_norm': 1.0551468133926392, 'learning_rate': 1.789212286745342e-05, 'epoch': 2.89}
{'loss': 1.8655, 'grad_norm': 1.1241509914398193, 'learning_rate': 1.7823454489503526e-05, 'epoch': 2.92}
{'loss': 1.8219, 'grad_norm': 1.1615700721740723, 'learning_rate': 1.775382174142177e-05, 'epoch': 2.96}
{'loss': 1.8179, 'grad_norm': 1.3153578042984009, 'learning_rate': 1.768323320659578e-05, 'epoch': 2.99}
{'eval_loss': 1.7032793760299683, 'eval_runtime': 25.5211, 'eval_samples_per_second': 123.231, 'eval_steps_per_second': 30.837, 'epoch': 3.0}
{'loss': 1.7881, 'grad_norm': 1.2374706268310547, 'learning_rate': 1.7611697586229695e-05, 'epoch': 3.02}
{'loss': 1.7936, 'grad_norm': 1.3749024868011475, 'learning_rate': 1.753922369827162e-05, 'epoch': 3.05}
{'loss': 1.7976, 'grad_norm': 1.126722812652588, 'learning_rate': 1.7465820476326656e-05, 'epoch': 3.08}
{'loss': 1.8015, 'grad_norm': 1.152618169784546, 'learning_rate': 1.7391496968555667e-05, 'epoch': 3.12}
{'loss': 1.8268, 'grad_norm': 1.204682469367981, 'learning_rate': 1.7316262336559978e-05, 'epoch': 3.15}
{'loss': 1.8173, 'grad_norm': 1.2369922399520874, 'learning_rate': 1.7240125854252043e-05, 'epoch': 3.18}
{'loss': 1.7621, 'grad_norm': 1.2316762208938599, 'learning_rate': 1.7163096906712267e-05, 'epoch': 3.21}
{'loss': 1.7604, 'grad_norm': 1.160144329071045, 'learning_rate': 1.708518498903216e-05, 'epoch': 3.24}
{'loss': 1.7317, 'grad_norm': 1.1747413873672485, 'learning_rate': 1.7006399705143905e-05, 'epoch': 3.27}
{'loss': 1.7643, 'grad_norm': 1.2609667778015137, 'learning_rate': 1.692675076663651e-05, 'epoch': 3.31}
{'loss': 1.7807, 'grad_norm': 1.0298467874526978, 'learning_rate': 1.6846247991558686e-05, 'epoch': 3.34}
{'loss': 1.747, 'grad_norm': 1.242721438407898, 'learning_rate': 1.6764901303208632e-05, 'epoch': 3.37}
{'loss': 1.7217, 'grad_norm': 1.2385512590408325, 'learning_rate': 1.6682720728910815e-05, 'epoch': 3.4}
{'loss': 1.7187, 'grad_norm': 1.134395718574524, 'learning_rate': 1.659971639877992e-05, 'epoch': 3.43}
{'loss': 1.725, 'grad_norm': 1.272229552268982, 'learning_rate': 1.6515898544472172e-05, 'epoch': 3.47}
{'loss': 1.7246, 'grad_norm': 1.1152145862579346, 'learning_rate': 1.6431277497924093e-05, 'epoch': 3.5}
{'loss': 1.7555, 'grad_norm': 1.2260099649429321, 'learning_rate': 1.6345863690078942e-05, 'epoch': 3.53}
{'loss': 1.7245, 'grad_norm': 1.1597471237182617, 'learning_rate': 1.6259667649600907e-05, 'epoch': 3.56}
{'loss': 1.6908, 'grad_norm': 1.1013805866241455, 'learning_rate': 1.6172700001577286e-05, 'epoch': 3.59}
{'loss': 1.6992, 'grad_norm': 1.1509305238723755, 'learning_rate': 1.6084971466208764e-05, 'epoch': 3.62}
{'loss': 1.7116, 'grad_norm': 1.0323808193206787, 'learning_rate': 1.599649285748798e-05, 'epoch': 3.66}
{'loss': 1.6929, 'grad_norm': 1.2517558336257935, 'learning_rate': 1.5907275081866504e-05, 'epoch': 3.69}
{'loss': 1.7579, 'grad_norm': 1.3057732582092285, 'learning_rate': 1.5817329136910463e-05, 'epoch': 3.72}
{'loss': 1.6903, 'grad_norm': 1.2128878831863403, 'learning_rate': 1.5726666109944887e-05, 'epoch': 3.75}
{'loss': 1.6934, 'grad_norm': 1.1250805854797363, 'learning_rate': 1.563529717668702e-05, 'epoch': 3.78}
{'loss': 1.6966, 'grad_norm': 1.1905012130737305, 'learning_rate': 1.5543233599868744e-05, 'epoch': 3.81}
{'loss': 1.6862, 'grad_norm': 1.1609528064727783, 'learning_rate': 1.5450486727848217e-05, 'epoch': 3.85}
{'loss': 1.6639, 'grad_norm': 1.1399357318878174, 'learning_rate': 1.535706799321106e-05, 'epoch': 3.88}
{'loss': 1.6727, 'grad_norm': 1.2487579584121704, 'learning_rate': 1.526298891136105e-05, 'epoch': 3.91}
{'loss': 1.6594, 'grad_norm': 1.1351978778839111, 'learning_rate': 1.5168261079100695e-05, 'epoch': 3.94}
{'loss': 1.6826, 'grad_norm': 1.2475172281265259, 'learning_rate': 1.5072896173201697e-05, 'epoch': 3.97}
