========================================================
STARTING EXPERIMENT: grn_syll_600M
Started at: Tue Mar  3 10:28:47 AM EST 2026
========================================================
CONFIGURATION:
  Experiment: grn_syll_600M
  Target language: grn_Latn
  Syllabification: --syllabify
  Model: 600M
  Learning rate: 2e-5
  Epochs: 10
  Batch size: 4
  Output dir: grn_syll_600M
========================================================
All input files found.
========================================================
NVIDIA A100-SXM4-80GB, 81920 MiB
Starting training at: Tue Mar  3 10:28:48 AM EST 2026

================================================================================
ENGLISH→NAVAJO TRAINING PIPELINE
================================================================================
[DEBUG] Configuration:
  Model size: 600M
  Target language: grn_Latn
  Syllabification: ENABLED
  Output directory: grn_syll_600M
  Epochs per fold: 10
  Batch size: 4
  Gradient accumulation: 4
  Learning rate: 2e-05
  Max sequence length: 256
  K-folds: 5
  Random seed: 42
================================================================================

[DEBUG] Initializing FOMA syllabifier...

[DEBUG] Loading FOMA binary from: Low_Resource_MT/python/foma_tokenizer/nav_wordtokenizer.fomabin
[DEBUG] FOMA loaded successfully

============================================================
[DEBUG] Loading Bible data...
[DEBUG] English file: aligned_bibles/english_nlt.txt
[DEBUG] Navajo file: aligned_bibles/navajo_nvjob.txt
[DEBUG] Loaded 30,020 pairs
[DEBUG] First English sample: And it came to pass after this, that the king of the children of Ammon died, and Hanun his son reign...
[DEBUG] First Navajo sample: Kódahóót'įįdóó bik'ijį' Áman dine'é aláahgo binanit'a'í daaztsą́ągo bitsásk'ehgi biye' Héínan aláahg...
============================================================

============================================================
[DEBUG] Loading User data...
[DEBUG] English file: my_english.txt
[DEBUG] Navajo file: my_navajo.txt
[DEBUG] Loaded 1,434 pairs
[DEBUG] First English sample: There are stories which tell of the events which took place long ago on this earth of ours....
[DEBUG] First Navajo sample: Ałk’idą́ą́’díínahasdzáánnihiłdahsi’ánígííbikáa’gi’ádahóót’įįdha’níigobaadahane’...
============================================================

[DEBUG] Combined dataset statistics:
  Bible pairs: 30,020
  User pairs: 1,434
  Total pairs: 31,454
[DEBUG] Full dataset saved to: grn_syll_600M/full_dataset

============================================================
[DEBUG] Creating 5-fold splits from 31454 total examples
[DEBUG] Random seed: 42
[DEBUG] Fold 0 size: 6,290 examples
[DEBUG] Fold 1 size: 6,290 examples
[DEBUG] Fold 2 size: 6,290 examples
[DEBUG] Fold 3 size: 6,290 examples
[DEBUG] Fold 4 size: 6,294 examples

[DEBUG] Fold 0:
  Train: 25,164 examples (folds: [1, 2, 3, 4])
  Dev:   3,145 examples (first half of fold 0)
  Test:  3,145 examples (SECOND HALF of fold 0 - saved for later)
  This fold's test set is DIFFERENT from other folds' test sets
[DEBUG] Data saved to: grn_syll_600M/fold_0/data
    - train.eng/train.nav (25164 pairs)
    - dev.eng/dev.nav (3145 pairs)
    - test.eng/test.nav (3145 pairs) - FOR LATER TESTING

********************************************************************************
* FOLD 0 STARTING
********************************************************************************
[DEBUG] Fold 0 data distribution:
  Training: 25,164 examples (folds other than 0)
  Development: 3,145 examples (first half of fold 0)
  Test: 3,145 examples (second half of fold 0 - SAVED, NOT USED)

################################################################################
# FOLD 0 TRAINING STARTING
################################################################################

[DEBUG] Device: cuda
[DEBUG] GPU: NVIDIA A100-SXM4-80GB
[DEBUG] GPU Memory: 85.09 GB
[DEBUG] Current GPU memory allocated: 0.00 GB

[DEBUG] Fold output directory: grn_syll_600M/fold_0

[DEBUG] Loading model: facebook/nllb-200-distilled-600M

[DEBUG] Applying FOMA syllabification to training data...
[DEBUG] Sample before syllabification: Didlidgo náádahidoonihii éí alį́į́' t'áá át'é éí dóola yázhí naakits'áadahgo, deenásts'aa' naakits'á...
[DEBUG] Sample after syllabification: Di@ @dlid@ @go náá@ @da@ @hi@ @doo@ @ni@ @hii éí a@ @lį́į́' t'áá á@ @t'é éí dóo@ @la yá@ @zhí naa@ @...
[DEBUG] @ symbols in syllabified sample: 100
[DEBUG] Model moved to cuda

[DEBUG] Tokenizer configuration:
  Source language: eng_Latn
  Target language: grn_Latn
[DEBUG] Model decoder configuration:
  forced_bos_token_id: 256063 (grn_Latn)
  decoder_start_token_id: 256063

[DEBUG] Creating datasets...

[DEBUG] Tokenizing datasets...

[DEBUG] Tokenization stats:
  Train dataset size: 25164
  Dev dataset size: 3145

[DEBUG] Sample tokenized example:
  Example 0:
    input_ids length: 52
    labels length: 242
    attention_mask length: 52
  Example 1:
    input_ids length: 24
    labels length: 98
    attention_mask length: 24
  Example 2:
    input_ids length: 84
    labels length: 256
    attention_mask length: 84

[DEBUG] Training arguments:
  Output directory: grn_syll_600M/fold_0
  Learning rate: 2e-05
  Batch size (per device): 4
  Gradient accumulation: 4
  Effective batch size: 16
  Epochs: 10
  BF16 enabled: True

[DEBUG] Starting training for fold 0...
[DEBUG] Training samples: 25164
[DEBUG] Validation samples: 3145
[DEBUG] NOTE: Test set from fold 0 is NOT being used
{'loss': 6.6087, 'grad_norm': 5.485640048980713, 'learning_rate': 6.361323155216286e-07, 'epoch': 0.03}
{'loss': 6.434, 'grad_norm': 4.620556354522705, 'learning_rate': 1.2722646310432571e-06, 'epoch': 0.06}
{'loss': 5.9138, 'grad_norm': 2.561568021774292, 'learning_rate': 1.908396946564886e-06, 'epoch': 0.1}
{'loss': 5.0528, 'grad_norm': 2.090952157974243, 'learning_rate': 2.5445292620865143e-06, 'epoch': 0.13}
{'loss': 4.196, 'grad_norm': 1.766856074333191, 'learning_rate': 3.1806615776081427e-06, 'epoch': 0.16}
{'loss': 3.5998, 'grad_norm': 1.071374535560608, 'learning_rate': 3.816793893129772e-06, 'epoch': 0.19}
{'loss': 3.235, 'grad_norm': 0.9357996582984924, 'learning_rate': 4.4529262086514e-06, 'epoch': 0.22}
{'loss': 3.0177, 'grad_norm': 0.8764483332633972, 'learning_rate': 5.0890585241730285e-06, 'epoch': 0.25}
{'loss': 2.8688, 'grad_norm': 0.8096309304237366, 'learning_rate': 5.725190839694656e-06, 'epoch': 0.29}
{'loss': 2.7711, 'grad_norm': 0.7974271178245544, 'learning_rate': 6.3613231552162854e-06, 'epoch': 0.32}
{'loss': 2.7051, 'grad_norm': 1.011781096458435, 'learning_rate': 6.997455470737914e-06, 'epoch': 0.35}
{'loss': 2.618, 'grad_norm': 0.8396890163421631, 'learning_rate': 7.633587786259543e-06, 'epoch': 0.38}
{'loss': 2.5516, 'grad_norm': 0.9405063390731812, 'learning_rate': 8.26972010178117e-06, 'epoch': 0.41}
{'loss': 2.4939, 'grad_norm': 0.7784301042556763, 'learning_rate': 8.9058524173028e-06, 'epoch': 0.45}
{'loss': 2.4386, 'grad_norm': 0.7420036196708679, 'learning_rate': 9.54198473282443e-06, 'epoch': 0.48}
{'loss': 2.3744, 'grad_norm': 0.8585621118545532, 'learning_rate': 1.0178117048346057e-05, 'epoch': 0.51}
{'loss': 2.3491, 'grad_norm': 0.8474022746086121, 'learning_rate': 1.0814249363867686e-05, 'epoch': 0.54}
{'loss': 2.3064, 'grad_norm': 0.7051644325256348, 'learning_rate': 1.1450381679389312e-05, 'epoch': 0.57}
{'loss': 2.2489, 'grad_norm': 0.7773042917251587, 'learning_rate': 1.2086513994910942e-05, 'epoch': 0.6}
{'loss': 2.1942, 'grad_norm': 0.8122578263282776, 'learning_rate': 1.2722646310432571e-05, 'epoch': 0.64}
{'loss': 2.133, 'grad_norm': 0.8567508459091187, 'learning_rate': 1.3358778625954198e-05, 'epoch': 0.67}
{'loss': 2.0863, 'grad_norm': 0.7376846671104431, 'learning_rate': 1.3994910941475828e-05, 'epoch': 0.7}
{'loss': 2.0367, 'grad_norm': 0.8623785972595215, 'learning_rate': 1.4631043256997457e-05, 'epoch': 0.73}
{'loss': 1.9847, 'grad_norm': 0.7255599498748779, 'learning_rate': 1.5267175572519086e-05, 'epoch': 0.76}
{'loss': 1.9419, 'grad_norm': 0.885165810585022, 'learning_rate': 1.5903307888040712e-05, 'epoch': 0.79}
{'loss': 1.9137, 'grad_norm': 0.782590389251709, 'learning_rate': 1.653944020356234e-05, 'epoch': 0.83}
{'loss': 1.8867, 'grad_norm': 0.8206565976142883, 'learning_rate': 1.717557251908397e-05, 'epoch': 0.86}
{'loss': 1.849, 'grad_norm': 0.7080388069152832, 'learning_rate': 1.78117048346056e-05, 'epoch': 0.89}
{'loss': 1.8113, 'grad_norm': 0.7603585720062256, 'learning_rate': 1.844783715012723e-05, 'epoch': 0.92}
{'loss': 1.7815, 'grad_norm': 0.7865068316459656, 'learning_rate': 1.908396946564886e-05, 'epoch': 0.95}
{'loss': 1.7479, 'grad_norm': 1.0039411783218384, 'learning_rate': 1.9720101781170485e-05, 'epoch': 0.99}
{'eval_loss': 1.5784143209457397, 'eval_runtime': 27.3914, 'eval_samples_per_second': 114.817, 'eval_steps_per_second': 28.732, 'epoch': 1.0}
{'loss': 1.7189, 'grad_norm': 0.7427567839622498, 'learning_rate': 1.9999806716709255e-05, 'epoch': 1.02}
{'loss': 1.6895, 'grad_norm': 0.8371952176094055, 'learning_rate': 1.999850011488216e-05, 'epoch': 1.05}
{'loss': 1.6565, 'grad_norm': 0.8126915693283081, 'learning_rate': 1.9995961032584046e-05, 'epoch': 1.08}
{'loss': 1.644, 'grad_norm': 0.8922590017318726, 'learning_rate': 1.9992189782798795e-05, 'epoch': 1.11}
{'loss': 1.6072, 'grad_norm': 0.7585026621818542, 'learning_rate': 1.99871868303953e-05, 'epoch': 1.14}
{'loss': 1.5806, 'grad_norm': 0.7214451432228088, 'learning_rate': 1.9980952792070175e-05, 'epoch': 1.18}
{'loss': 1.5672, 'grad_norm': 0.7795488238334656, 'learning_rate': 1.9973488436271728e-05, 'epoch': 1.21}
{'loss': 1.5516, 'grad_norm': 0.8033108711242676, 'learning_rate': 1.996479468310524e-05, 'epoch': 1.24}
{'loss': 1.5112, 'grad_norm': 0.7923002243041992, 'learning_rate': 1.9954872604219543e-05, 'epoch': 1.27}
{'loss': 1.5127, 'grad_norm': 0.8118048906326294, 'learning_rate': 1.994372342267493e-05, 'epoch': 1.3}
{'loss': 1.4771, 'grad_norm': 0.783978283405304, 'learning_rate': 1.993134851279238e-05, 'epoch': 1.34}
{'loss': 1.4823, 'grad_norm': 0.7848454117774963, 'learning_rate': 1.991774939998417e-05, 'epoch': 1.37}
{'loss': 1.4728, 'grad_norm': 0.7286757826805115, 'learning_rate': 1.9902927760565824e-05, 'epoch': 1.4}
{'loss': 1.4573, 'grad_norm': 0.6998002529144287, 'learning_rate': 1.988688542154948e-05, 'epoch': 1.43}
{'loss': 1.4324, 'grad_norm': 0.7402405738830566, 'learning_rate': 1.98696243604187e-05, 'epoch': 1.46}
{'loss': 1.4223, 'grad_norm': 0.880624532699585, 'learning_rate': 1.9851146704884684e-05, 'epoch': 1.49}
{'loss': 1.4221, 'grad_norm': 0.7606922388076782, 'learning_rate': 1.9831454732624023e-05, 'epoch': 1.53}
{'loss': 1.4094, 'grad_norm': 0.755193829536438, 'learning_rate': 1.9810550870997914e-05, 'epoch': 1.56}
{'loss': 1.3843, 'grad_norm': 0.7871081829071045, 'learning_rate': 1.9788437696752965e-05, 'epoch': 1.59}
{'loss': 1.3857, 'grad_norm': 0.778091311454773, 'learning_rate': 1.9765117935703556e-05, 'epoch': 1.62}
{'loss': 1.3601, 'grad_norm': 0.8743995428085327, 'learning_rate': 1.9740594462395844e-05, 'epoch': 1.65}
{'loss': 1.3593, 'grad_norm': 0.7640194892883301, 'learning_rate': 1.9714870299753425e-05, 'epoch': 1.68}
{'loss': 1.323, 'grad_norm': 0.7465605735778809, 'learning_rate': 1.9687948618704713e-05, 'epoch': 1.72}
{'loss': 1.3276, 'grad_norm': 0.7805154919624329, 'learning_rate': 1.9659832737792065e-05, 'epoch': 1.75}
{'loss': 1.306, 'grad_norm': 0.7513476610183716, 'learning_rate': 1.963052612276272e-05, 'epoch': 1.78}
{'loss': 1.317, 'grad_norm': 0.7645614147186279, 'learning_rate': 1.9600032386141578e-05, 'epoch': 1.81}
{'loss': 1.3067, 'grad_norm': 0.7925170063972473, 'learning_rate': 1.9568355286785916e-05, 'epoch': 1.84}
{'loss': 1.2877, 'grad_norm': 0.7238872647285461, 'learning_rate': 1.9535498729422034e-05, 'epoch': 1.88}
{'loss': 1.2933, 'grad_norm': 0.7051019668579102, 'learning_rate': 1.950146676416393e-05, 'epoch': 1.91}
{'loss': 1.2681, 'grad_norm': 0.788941502571106, 'learning_rate': 1.9466263586014062e-05, 'epoch': 1.94}
{'loss': 1.269, 'grad_norm': 0.8399279117584229, 'learning_rate': 1.9429893534346248e-05, 'epoch': 1.97}
{'eval_loss': 1.1348780393600464, 'eval_runtime': 27.2996, 'eval_samples_per_second': 115.203, 'eval_steps_per_second': 28.828, 'epoch': 2.0}
{'loss': 1.2458, 'grad_norm': 0.6920625567436218, 'learning_rate': 1.9392361092370756e-05, 'epoch': 2.0}
{'loss': 1.2354, 'grad_norm': 0.6977958083152771, 'learning_rate': 1.9353670886581683e-05, 'epoch': 2.03}
{'loss': 1.2187, 'grad_norm': 0.8314283490180969, 'learning_rate': 1.9313827686186664e-05, 'epoch': 2.07}
{'loss': 1.224, 'grad_norm': 0.7736445665359497, 'learning_rate': 1.927283640251898e-05, 'epoch': 2.1}
{'loss': 1.2142, 'grad_norm': 0.8513988852500916, 'learning_rate': 1.923070208843216e-05, 'epoch': 2.13}
{'loss': 1.2156, 'grad_norm': 0.7409831881523132, 'learning_rate': 1.9187429937677136e-05, 'epoch': 2.16}
{'loss': 1.1951, 'grad_norm': 0.8889867067337036, 'learning_rate': 1.9143025284262022e-05, 'epoch': 2.19}
{'loss': 1.1899, 'grad_norm': 0.8666650652885437, 'learning_rate': 1.909749360179461e-05, 'epoch': 2.23}
{'loss': 1.1859, 'grad_norm': 0.6377225518226624, 'learning_rate': 1.9050840502807665e-05, 'epoch': 2.26}
{'loss': 1.1916, 'grad_norm': 0.8452017903327942, 'learning_rate': 1.9003071738067073e-05, 'epoch': 2.29}
{'loss': 1.1689, 'grad_norm': 0.7216172218322754, 'learning_rate': 1.895419319586298e-05, 'epoch': 2.32}
{'loss': 1.1758, 'grad_norm': 0.7886703610420227, 'learning_rate': 1.890421090128395e-05, 'epoch': 2.35}
{'loss': 1.1611, 'grad_norm': 0.7671470046043396, 'learning_rate': 1.8853131015474278e-05, 'epoch': 2.38}
{'loss': 1.1646, 'grad_norm': 0.7773914933204651, 'learning_rate': 1.8800959834874534e-05, 'epoch': 2.42}
{'loss': 1.1782, 'grad_norm': 0.7596410512924194, 'learning_rate': 1.8747703790445412e-05, 'epoch': 2.45}
{'loss': 1.1478, 'grad_norm': 0.7802223563194275, 'learning_rate': 1.8693369446875008e-05, 'epoch': 2.48}
{'loss': 1.1432, 'grad_norm': 0.6981849670410156, 'learning_rate': 1.8637963501769625e-05, 'epoch': 2.51}
{'loss': 1.1223, 'grad_norm': 0.8117151260375977, 'learning_rate': 1.858149278482817e-05, 'epoch': 2.54}
{'loss': 1.1275, 'grad_norm': 0.7485445737838745, 'learning_rate': 1.8523964257000288e-05, 'epoch': 2.58}
{'loss': 1.131, 'grad_norm': 0.7374009490013123, 'learning_rate': 1.8465385009628308e-05, 'epoch': 2.61}
{'loss': 1.1375, 'grad_norm': 0.6605969667434692, 'learning_rate': 1.8405762263573108e-05, 'epoch': 2.64}
{'loss': 1.1031, 'grad_norm': 0.6963039040565491, 'learning_rate': 1.834510336832405e-05, 'epoch': 2.67}
{'loss': 1.1028, 'grad_norm': 0.7235610485076904, 'learning_rate': 1.8283415801093007e-05, 'epoch': 2.7}
{'loss': 1.1012, 'grad_norm': 0.7753724455833435, 'learning_rate': 1.8220707165892682e-05, 'epoch': 2.73}
{'loss': 1.1157, 'grad_norm': 0.737224280834198, 'learning_rate': 1.815698519259929e-05, 'epoch': 2.77}
{'loss': 1.1034, 'grad_norm': 0.67919921875, 'learning_rate': 1.8092257735999734e-05, 'epoch': 2.8}
{'loss': 1.0913, 'grad_norm': 0.7723506689071655, 'learning_rate': 1.8026532774823343e-05, 'epoch': 2.83}
{'loss': 1.0952, 'grad_norm': 0.8978679776191711, 'learning_rate': 1.7959818410758395e-05, 'epoch': 2.86}
{'loss': 1.1088, 'grad_norm': 0.9302243590354919, 'learning_rate': 1.789212286745342e-05, 'epoch': 2.89}
{'loss': 1.0678, 'grad_norm': 0.7216799259185791, 'learning_rate': 1.7823454489503526e-05, 'epoch': 2.92}
{'loss': 1.0781, 'grad_norm': 0.8027368783950806, 'learning_rate': 1.775382174142177e-05, 'epoch': 2.96}
{'loss': 1.0622, 'grad_norm': 0.8305830359458923, 'learning_rate': 1.768323320659578e-05, 'epoch': 2.99}
{'eval_loss': 0.9787735939025879, 'eval_runtime': 27.2568, 'eval_samples_per_second': 115.384, 'eval_steps_per_second': 28.874, 'epoch': 3.0}
{'loss': 1.0466, 'grad_norm': 0.7000208497047424, 'learning_rate': 1.7611697586229695e-05, 'epoch': 3.02}
{'loss': 1.0596, 'grad_norm': 0.8186604976654053, 'learning_rate': 1.753922369827162e-05, 'epoch': 3.05}
{'loss': 1.0457, 'grad_norm': 0.7760721445083618, 'learning_rate': 1.7465820476326656e-05, 'epoch': 3.08}
{'loss': 1.0434, 'grad_norm': 0.7395573258399963, 'learning_rate': 1.7391496968555667e-05, 'epoch': 3.12}
{'loss': 1.05, 'grad_norm': 0.7307369112968445, 'learning_rate': 1.7316262336559978e-05, 'epoch': 3.15}
{'loss': 1.0507, 'grad_norm': 0.7314799427986145, 'learning_rate': 1.7240125854252043e-05, 'epoch': 3.18}
{'loss': 1.0352, 'grad_norm': 0.7337883710861206, 'learning_rate': 1.7163096906712267e-05, 'epoch': 3.21}
{'loss': 1.0316, 'grad_norm': 0.7441686391830444, 'learning_rate': 1.708518498903216e-05, 'epoch': 3.24}
{'loss': 1.0229, 'grad_norm': 0.7549300789833069, 'learning_rate': 1.7006399705143905e-05, 'epoch': 3.27}
{'loss': 1.0318, 'grad_norm': 0.7778247594833374, 'learning_rate': 1.692675076663651e-05, 'epoch': 3.31}
{'loss': 1.017, 'grad_norm': 0.6474146246910095, 'learning_rate': 1.6846247991558686e-05, 'epoch': 3.34}
{'loss': 1.0239, 'grad_norm': 0.7307971119880676, 'learning_rate': 1.6764901303208632e-05, 'epoch': 3.37}
{'loss': 1.0074, 'grad_norm': 0.7579730749130249, 'learning_rate': 1.6682720728910815e-05, 'epoch': 3.4}
{'loss': 1.0025, 'grad_norm': 0.7113595008850098, 'learning_rate': 1.659971639877992e-05, 'epoch': 3.43}
{'loss': 0.9941, 'grad_norm': 0.8551280498504639, 'learning_rate': 1.6515898544472172e-05, 'epoch': 3.47}
{'loss': 0.9971, 'grad_norm': 0.6750273108482361, 'learning_rate': 1.6431277497924093e-05, 'epoch': 3.5}
{'loss': 1.0092, 'grad_norm': 0.9702501893043518, 'learning_rate': 1.6345863690078942e-05, 'epoch': 3.53}
{'loss': 1.0085, 'grad_norm': 0.8257012367248535, 'learning_rate': 1.6259667649600907e-05, 'epoch': 3.56}
{'loss': 0.9737, 'grad_norm': 0.7297233939170837, 'learning_rate': 1.6172700001577286e-05, 'epoch': 3.59}
{'loss': 0.9943, 'grad_norm': 0.7823114991188049, 'learning_rate': 1.6084971466208764e-05, 'epoch': 3.62}
{'loss': 0.9741, 'grad_norm': 0.6466322541236877, 'learning_rate': 1.599649285748798e-05, 'epoch': 3.66}
{'loss': 0.9984, 'grad_norm': 0.6888449788093567, 'learning_rate': 1.5907275081866504e-05, 'epoch': 3.69}
{'loss': 0.9803, 'grad_norm': 0.7330793142318726, 'learning_rate': 1.5817329136910463e-05, 'epoch': 3.72}
{'loss': 0.9834, 'grad_norm': 0.7643572092056274, 'learning_rate': 1.5726666109944887e-05, 'epoch': 3.75}
{'loss': 0.975, 'grad_norm': 0.6494161486625671, 'learning_rate': 1.563529717668702e-05, 'epoch': 3.78}
{'loss': 0.973, 'grad_norm': 0.6108671426773071, 'learning_rate': 1.5543233599868744e-05, 'epoch': 3.81}
{'loss': 0.9729, 'grad_norm': 0.7406321167945862, 'learning_rate': 1.5450486727848217e-05, 'epoch': 3.85}
{'loss': 0.9751, 'grad_norm': 0.6835733652114868, 'learning_rate': 1.535706799321106e-05, 'epoch': 3.88}
{'loss': 0.9756, 'grad_norm': 0.6471400260925293, 'learning_rate': 1.526298891136105e-05, 'epoch': 3.91}
{'loss': 0.9716, 'grad_norm': 0.7192678451538086, 'learning_rate': 1.5168261079100695e-05, 'epoch': 3.94}
{'loss': 0.9625, 'grad_norm': 0.7463695406913757, 'learning_rate': 1.5072896173201697e-05, 'epoch': 3.97}
{'eval_loss': 0.8858403563499451, 'eval_runtime': 27.1957, 'eval_samples_per_second': 115.643, 'eval_steps_per_second': 28.938, 'epoch': 4.0}
{'loss': 0.9552, 'grad_norm': 0.6877827644348145, 'learning_rate': 1.4976905948965637e-05, 'epoch': 4.01}
{'loss': 0.9476, 'grad_norm': 0.7744190692901611, 'learning_rate': 1.4880302238774911e-05, 'epoch': 4.04}
{'loss': 0.943, 'grad_norm': 0.7040398716926575, 'learning_rate': 1.4783096950634211e-05, 'epoch': 4.07}
{'loss': 0.9308, 'grad_norm': 0.7559860348701477, 'learning_rate': 1.468530206670265e-05, 'epoch': 4.1}
{'loss': 0.9349, 'grad_norm': 0.7289838790893555, 'learning_rate': 1.4586929641816783e-05, 'epoch': 4.13}
{'loss': 0.9343, 'grad_norm': 0.6486299633979797, 'learning_rate': 1.4487991802004625e-05, 'epoch': 4.16}
{'loss': 0.9202, 'grad_norm': 0.7915216088294983, 'learning_rate': 1.4388500742990934e-05, 'epoch': 4.2}
{'loss': 0.9391, 'grad_norm': 0.7879946827888489, 'learning_rate': 1.4288468728693889e-05, 'epoch': 4.23}
{'loss': 0.9402, 'grad_norm': 0.7935776710510254, 'learning_rate': 1.4187908089713348e-05, 'epoch': 4.26}
{'loss': 0.9367, 'grad_norm': 0.727850615978241, 'learning_rate': 1.4086831221810897e-05, 'epoch': 4.29}
{'loss': 0.9311, 'grad_norm': 0.7464410066604614, 'learning_rate': 1.3985250584381884e-05, 'epoch': 4.32}
{'loss': 0.9138, 'grad_norm': 0.6343727707862854, 'learning_rate': 1.3883178698919578e-05, 'epoch': 4.36}
{'loss': 0.9294, 'grad_norm': 0.7607135772705078, 'learning_rate': 1.378062814747168e-05, 'epoch': 4.39}
{'loss': 0.9415, 'grad_norm': 0.7007588148117065, 'learning_rate': 1.3677611571089406e-05, 'epoch': 4.42}
{'loss': 0.9191, 'grad_norm': 0.7741535305976868, 'learning_rate': 1.3574141668269235e-05, 'epoch': 4.45}
{'loss': 0.9173, 'grad_norm': 0.7487866878509521, 'learning_rate': 1.3470231193387639e-05, 'epoch': 4.48}
{'loss': 0.8845, 'grad_norm': 0.6991442441940308, 'learning_rate': 1.3365892955128876e-05, 'epoch': 4.51}
{'loss': 0.9198, 'grad_norm': 0.7596974968910217, 'learning_rate': 1.326113981490611e-05, 'epoch': 4.55}
{'loss': 0.9251, 'grad_norm': 0.7003748416900635, 'learning_rate': 1.315598468527604e-05, 'epoch': 4.58}
{'loss': 0.9094, 'grad_norm': 0.7059411406517029, 'learning_rate': 1.30504405283472e-05, 'epoch': 4.61}
{'loss': 0.9268, 'grad_norm': 0.741106390953064, 'learning_rate': 1.294452035418218e-05, 'epoch': 4.64}
{'loss': 0.8951, 'grad_norm': 0.79200679063797, 'learning_rate': 1.2838237219193897e-05, 'epoch': 4.67}
{'loss': 0.9011, 'grad_norm': 0.7291103005409241, 'learning_rate': 1.2731604224536208e-05, 'epoch': 4.71}
{'loss': 0.8956, 'grad_norm': 0.5924175381660461, 'learning_rate': 1.262463451448895e-05, 'epoch': 4.74}
{'loss': 0.8941, 'grad_norm': 0.6850142478942871, 'learning_rate': 1.2517341274837702e-05, 'epoch': 4.77}
{'loss': 0.9081, 'grad_norm': 0.8225080370903015, 'learning_rate': 1.2409737731248418e-05, 'epoch': 4.8}
{'loss': 0.8985, 'grad_norm': 0.6732948422431946, 'learning_rate': 1.2301837147637137e-05, 'epoch': 4.83}
{'loss': 0.9171, 'grad_norm': 0.7481149435043335, 'learning_rate': 1.2193652824535e-05, 'epoch': 4.86}
{'loss': 0.8982, 'grad_norm': 0.7016277313232422, 'learning_rate': 1.2085198097448732e-05, 'epoch': 4.9}
{'loss': 0.9169, 'grad_norm': 0.705938458442688, 'learning_rate': 1.197648633521681e-05, 'epoch': 4.93}
{'loss': 0.8974, 'grad_norm': 0.8319828510284424, 'learning_rate': 1.1867530938361557e-05, 'epoch': 4.96}
{'loss': 0.8884, 'grad_norm': 0.644972562789917, 'learning_rate': 1.1758345337437284e-05, 'epoch': 4.99}
{'eval_loss': 0.8417773246765137, 'eval_runtime': 27.3754, 'eval_samples_per_second': 114.884, 'eval_steps_per_second': 28.748, 'epoch': 5.0}
{'loss': 0.8906, 'grad_norm': 0.7951979041099548, 'learning_rate': 1.164894299137476e-05, 'epoch': 5.02}
{'loss': 0.8727, 'grad_norm': 0.6739016771316528, 'learning_rate': 1.1539337385822179e-05, 'epoch': 5.05}
{'loss': 0.8816, 'grad_norm': 0.7345889806747437, 'learning_rate': 1.1429542031482828e-05, 'epoch': 5.09}
{'loss': 0.8686, 'grad_norm': 0.7127777338027954, 'learning_rate': 1.1319570462449664e-05, 'epoch': 5.12}
{'loss': 0.8798, 'grad_norm': 0.6796801090240479, 'learning_rate': 1.120943623453703e-05, 'epoch': 5.15}
{'loss': 0.8928, 'grad_norm': 0.7140802145004272, 'learning_rate': 1.1099152923609654e-05, 'epoch': 5.18}
{'loss': 0.8839, 'grad_norm': 0.6465660333633423, 'learning_rate': 1.0988734123909218e-05, 'epoch': 5.21}
{'loss': 0.8645, 'grad_norm': 0.6468987464904785, 'learning_rate': 1.0878193446378633e-05, 'epoch': 5.25}
{'loss': 0.8694, 'grad_norm': 0.7213404178619385, 'learning_rate': 1.076754451698427e-05, 'epoch': 5.28}
{'loss': 0.8744, 'grad_norm': 0.6552265286445618, 'learning_rate': 1.0656800975036328e-05, 'epoch': 5.31}
{'loss': 0.8777, 'grad_norm': 0.6841515898704529, 'learning_rate': 1.0545976471507573e-05, 'epoch': 5.34}
{'loss': 0.8754, 'grad_norm': 0.7675751447677612, 'learning_rate': 1.0435084667350619e-05, 'epoch': 5.37}
{'loss': 0.8603, 'grad_norm': 0.8892840147018433, 'learning_rate': 1.0324139231813997e-05, 'epoch': 5.4}
{'loss': 0.8639, 'grad_norm': 0.7639908194541931, 'learning_rate': 1.0213153840757198e-05, 'epoch': 5.44}
{'loss': 0.856, 'grad_norm': 0.6644049882888794, 'learning_rate': 1.0102142174964883e-05, 'epoch': 5.47}
{'loss': 0.8666, 'grad_norm': 0.70112144947052, 'learning_rate': 9.991117918460518e-06, 'epoch': 5.5}
{'loss': 0.8617, 'grad_norm': 0.7208998799324036, 'learning_rate': 9.880094756819572e-06, 'epoch': 5.53}
{'loss': 0.8386, 'grad_norm': 0.8210152387619019, 'learning_rate': 9.769086375482561e-06, 'epoch': 5.56}
{'loss': 0.8494, 'grad_norm': 0.6886657476425171, 'learning_rate': 9.658106458068086e-06, 'epoch': 5.6}
{'loss': 0.8584, 'grad_norm': 0.6753939390182495, 'learning_rate': 9.547168684686088e-06, 'epoch': 5.63}
{'loss': 0.8425, 'grad_norm': 0.6399611234664917, 'learning_rate': 9.436286730251568e-06, 'epoch': 5.66}
{'loss': 0.8645, 'grad_norm': 0.6938735842704773, 'learning_rate': 9.32547426279892e-06, 'epoch': 5.69}
{'loss': 0.8562, 'grad_norm': 0.7853249311447144, 'learning_rate': 9.214744941797115e-06, 'epoch': 5.72}
{'loss': 0.8574, 'grad_norm': 0.7038608193397522, 'learning_rate': 9.104112416465949e-06, 'epoch': 5.75}
{'loss': 0.8515, 'grad_norm': 0.6983904242515564, 'learning_rate': 8.993590324093548e-06, 'epoch': 5.79}
{'loss': 0.8746, 'grad_norm': 0.7544490694999695, 'learning_rate': 8.883192288355362e-06, 'epoch': 5.82}
{'loss': 0.8568, 'grad_norm': 0.6623026728630066, 'learning_rate': 8.772931917634792e-06, 'epoch': 5.85}
{'loss': 0.8527, 'grad_norm': 0.7686116099357605, 'learning_rate': 8.662822803345762e-06, 'epoch': 5.88}
{'loss': 0.8469, 'grad_norm': 0.679193913936615, 'learning_rate': 8.552878518257335e-06, 'epoch': 5.91}
{'loss': 0.8684, 'grad_norm': 0.7303396463394165, 'learning_rate': 8.44311261482065e-06, 'epoch': 5.95}
{'loss': 0.8371, 'grad_norm': 0.8613412380218506, 'learning_rate': 8.333538623498357e-06, 'epoch': 5.98}
{'eval_loss': 0.8181954026222229, 'eval_runtime': 27.2828, 'eval_samples_per_second': 115.274, 'eval_steps_per_second': 28.846, 'epoch': 6.0}
{'loss': 0.8442, 'grad_norm': 0.7098892331123352, 'learning_rate': 8.224170051096769e-06, 'epoch': 6.01}
{'loss': 0.8398, 'grad_norm': 0.690851092338562, 'learning_rate': 8.115020379100913e-06, 'epoch': 6.04}
{'loss': 0.825, 'grad_norm': 0.6833446621894836, 'learning_rate': 8.006103062012725e-06, 'epoch': 6.07}
{'loss': 0.8482, 'grad_norm': 0.6759287118911743, 'learning_rate': 7.897431525692557e-06, 'epoch': 6.1}
{'loss': 0.8391, 'grad_norm': 0.6577634215354919, 'learning_rate': 7.789019165704218e-06, 'epoch': 6.14}
{'loss': 0.8303, 'grad_norm': 0.636674165725708, 'learning_rate': 7.680879345663745e-06, 'epoch': 6.17}
{'loss': 0.8195, 'grad_norm': 0.8889590501785278, 'learning_rate': 7.573025395592125e-06, 'epoch': 6.2}
{'loss': 0.8405, 'grad_norm': 0.7195621132850647, 'learning_rate': 7.4654706102721405e-06, 'epoch': 6.23}
{'loss': 0.8178, 'grad_norm': 0.7617678642272949, 'learning_rate': 7.358228247609569e-06, 'epoch': 6.26}
{'loss': 0.8445, 'grad_norm': 0.738772988319397, 'learning_rate': 7.251311526998934e-06, 'epoch': 6.29}
{'loss': 0.8339, 'grad_norm': 0.774824857711792, 'learning_rate': 7.1447336276939915e-06, 'epoch': 6.33}
{'loss': 0.836, 'grad_norm': 0.808512806892395, 'learning_rate': 7.038507687183167e-06, 'epoch': 6.36}
{'loss': 0.8539, 'grad_norm': 0.8329291939735413, 'learning_rate': 6.932646799570144e-06, 'epoch': 6.39}
{'loss': 0.8339, 'grad_norm': 0.7912677526473999, 'learning_rate': 6.827164013959805e-06, 'epoch': 6.42}
{'loss': 0.8304, 'grad_norm': 0.6682996153831482, 'learning_rate': 6.722072332849697e-06, 'epoch': 6.45}
{'loss': 0.8187, 'grad_norm': 0.7125097513198853, 'learning_rate': 6.617384710527282e-06, 'epoch': 6.49}
{'loss': 0.8228, 'grad_norm': 0.6984040141105652, 'learning_rate': 6.513114051473094e-06, 'epoch': 6.52}
{'loss': 0.8251, 'grad_norm': 0.6961715221405029, 'learning_rate': 6.409273208770039e-06, 'epoch': 6.55}
{'loss': 0.8273, 'grad_norm': 0.7329081892967224, 'learning_rate': 6.305874982519064e-06, 'epoch': 6.58}
{'loss': 0.8355, 'grad_norm': 0.7225571274757385, 'learning_rate': 6.202932118261309e-06, 'epoch': 6.61}
{'loss': 0.8276, 'grad_norm': 0.6413861513137817, 'learning_rate': 6.100457305407024e-06, 'epoch': 6.64}
{'loss': 0.8064, 'grad_norm': 0.7380077242851257, 'learning_rate': 5.998463175671382e-06, 'epoch': 6.68}
{'loss': 0.8088, 'grad_norm': 0.8102912306785583, 'learning_rate': 5.896962301517415e-06, 'epoch': 6.71}
{'loss': 0.8159, 'grad_norm': 0.6968386173248291, 'learning_rate': 5.795967194606249e-06, 'epoch': 6.74}
{'loss': 0.8357, 'grad_norm': 0.6887440085411072, 'learning_rate': 5.695490304254825e-06, 'epoch': 6.77}
{'loss': 0.8163, 'grad_norm': 0.8148043751716614, 'learning_rate': 5.59554401590134e-06, 'epoch': 6.8}
{'loss': 0.8384, 'grad_norm': 0.6484307050704956, 'learning_rate': 5.496140649578507e-06, 'epoch': 6.84}
{'loss': 0.8236, 'grad_norm': 0.6742984056472778, 'learning_rate': 5.397292458394923e-06, 'epoch': 6.87}
{'loss': 0.8273, 'grad_norm': 0.6456999778747559, 'learning_rate': 5.2990116270246795e-06, 'epoch': 6.9}
{'loss': 0.8083, 'grad_norm': 0.6730295419692993, 'learning_rate': 5.201310270205375e-06, 'epoch': 6.93}
{'loss': 0.8248, 'grad_norm': 0.6854258179664612, 'learning_rate': 5.104200431244802e-06, 'epoch': 6.96}
{'loss': 0.8192, 'grad_norm': 0.6278154850006104, 'learning_rate': 5.007694080536379e-06, 'epoch': 6.99}
{'eval_loss': 0.8053935766220093, 'eval_runtime': 27.1608, 'eval_samples_per_second': 115.792, 'eval_steps_per_second': 28.976, 'epoch': 7.0}
{'loss': 0.8014, 'grad_norm': 0.6937533020973206, 'learning_rate': 4.911803114083635e-06, 'epoch': 7.03}
{'loss': 0.7921, 'grad_norm': 0.7589210271835327, 'learning_rate': 4.816539352033806e-06, 'epoch': 7.06}
{'loss': 0.8098, 'grad_norm': 0.7327768206596375, 'learning_rate': 4.721914537220807e-06, 'epoch': 7.09}
{'loss': 0.7974, 'grad_norm': 0.685589611530304, 'learning_rate': 4.627940333717758e-06, 'epoch': 7.12}
{'loss': 0.8029, 'grad_norm': 0.8278352618217468, 'learning_rate': 4.534628325399157e-06, 'epoch': 7.15}
{'loss': 0.8221, 'grad_norm': 0.7386929392814636, 'learning_rate': 4.441990014513016e-06, 'epoch': 7.18}
{'loss': 0.8125, 'grad_norm': 0.683970034122467, 'learning_rate': 4.3500368202629775e-06, 'epoch': 7.22}
{'loss': 0.8233, 'grad_norm': 0.8494428992271423, 'learning_rate': 4.2587800774007485e-06, 'epoch': 7.25}
{'loss': 0.8147, 'grad_norm': 0.7724294066429138, 'learning_rate': 4.168231034828873e-06, 'epoch': 7.28}
{'loss': 0.8074, 'grad_norm': 0.7858514189720154, 'learning_rate': 4.078400854214136e-06, 'epoch': 7.31}
{'loss': 0.8202, 'grad_norm': 0.6859121918678284, 'learning_rate': 3.989300608611709e-06, 'epoch': 7.34}
{'loss': 0.8225, 'grad_norm': 0.744636595249176, 'learning_rate': 3.90094128110018e-06, 'epoch': 7.38}
{'loss': 0.8149, 'grad_norm': 0.8001923561096191, 'learning_rate': 3.8133337634277556e-06, 'epoch': 7.41}
{'loss': 0.8084, 'grad_norm': 0.6750597357749939, 'learning_rate': 3.726488854669631e-06, 'epoch': 7.44}
{'loss': 0.827, 'grad_norm': 0.6551724672317505, 'learning_rate': 3.640417259896856e-06, 'epoch': 7.47}
{'loss': 0.8109, 'grad_norm': 0.7391065955162048, 'learning_rate': 3.5551295888567304e-06, 'epoch': 7.5}
{'loss': 0.8026, 'grad_norm': 0.6902286410331726, 'learning_rate': 3.470636354665006e-06, 'epoch': 7.53}
{'loss': 0.7882, 'grad_norm': 0.7252733111381531, 'learning_rate': 3.386947972509944e-06, 'epoch': 7.57}
{'loss': 0.8087, 'grad_norm': 0.7198752164840698, 'learning_rate': 3.3040747583684864e-06, 'epoch': 7.6}
{'loss': 0.7854, 'grad_norm': 0.6705609560012817, 'learning_rate': 3.2220269277346437e-06, 'epoch': 7.63}
{'loss': 0.8116, 'grad_norm': 0.6911935806274414, 'learning_rate': 3.140814594360254e-06, 'epoch': 7.66}
{'loss': 0.8096, 'grad_norm': 0.7316194176673889, 'learning_rate': 3.060447769008311e-06, 'epoch': 7.69}
{'loss': 0.8184, 'grad_norm': 0.6868118643760681, 'learning_rate': 2.980936358218951e-06, 'epoch': 7.73}
{'loss': 0.7978, 'grad_norm': 0.6919764280319214, 'learning_rate': 2.902290163088334e-06, 'epoch': 7.76}
{'loss': 0.818, 'grad_norm': 0.7100070118904114, 'learning_rate': 2.824518878060475e-06, 'epoch': 7.79}
{'loss': 0.8063, 'grad_norm': 0.7023412585258484, 'learning_rate': 2.7476320897322507e-06, 'epoch': 7.82}
{'loss': 0.8036, 'grad_norm': 0.6509559154510498, 'learning_rate': 2.6716392756717025e-06, 'epoch': 7.85}
{'loss': 0.7964, 'grad_norm': 0.6590927839279175, 'learning_rate': 2.596549803249748e-06, 'epoch': 7.88}
{'loss': 0.8009, 'grad_norm': 0.6727260947227478, 'learning_rate': 2.522372928485526e-06, 'epoch': 7.92}
{'loss': 0.799, 'grad_norm': 0.7434245347976685, 'learning_rate': 2.4491177949054066e-06, 'epoch': 7.95}
{'loss': 0.8044, 'grad_norm': 0.7668197154998779, 'learning_rate': 2.376793432415935e-06, 'epoch': 7.98}
{'eval_loss': 0.8021649718284607, 'eval_runtime': 27.1885, 'eval_samples_per_second': 115.674, 'eval_steps_per_second': 28.946, 'epoch': 8.0}
{'loss': 0.7953, 'grad_norm': 0.7262251973152161, 'learning_rate': 2.3054087561907133e-06, 'epoch': 8.01}
{'loss': 0.8121, 'grad_norm': 0.7061375975608826, 'learning_rate': 2.2349725655714784e-06, 'epoch': 8.04}
{'loss': 0.7902, 'grad_norm': 0.7739559412002563, 'learning_rate': 2.165493542983439e-06, 'epoch': 8.08}
{'loss': 0.7971, 'grad_norm': 0.723559558391571, 'learning_rate': 2.0969802528650052e-06, 'epoch': 8.11}
{'loss': 0.7982, 'grad_norm': 0.6612564325332642, 'learning_rate': 2.0294411406121017e-06, 'epoch': 8.14}
{'loss': 0.805, 'grad_norm': 0.741906464099884, 'learning_rate': 1.9628845315371135e-06, 'epoch': 8.17}
{'loss': 0.7917, 'grad_norm': 0.7073556780815125, 'learning_rate': 1.8973186298426715e-06, 'epoch': 8.2}
{'loss': 0.795, 'grad_norm': 0.6857396364212036, 'learning_rate': 1.8327515176103339e-06, 'epoch': 8.23}
{'loss': 0.8053, 'grad_norm': 0.7094682455062866, 'learning_rate': 1.7691911538043426e-06, 'epoch': 8.27}
{'loss': 0.7945, 'grad_norm': 0.7013546824455261, 'learning_rate': 1.7066453732905497e-06, 'epoch': 8.3}
{'loss': 0.7995, 'grad_norm': 0.8015479445457458, 'learning_rate': 1.6451218858706374e-06, 'epoch': 8.33}
{'loss': 0.7961, 'grad_norm': 0.7194791436195374, 'learning_rate': 1.5846282753317665e-06, 'epoch': 8.36}
{'loss': 0.8209, 'grad_norm': 0.7234157919883728, 'learning_rate': 1.525171998511733e-06, 'epoch': 8.39}
{'loss': 0.7968, 'grad_norm': 0.7706155776977539, 'learning_rate': 1.4667603843798106e-06, 'epoch': 8.42}
{'loss': 0.7895, 'grad_norm': 0.6613428592681885, 'learning_rate': 1.40940063313331e-06, 'epoch': 8.46}
{'loss': 0.8151, 'grad_norm': 0.6862914562225342, 'learning_rate': 1.3530998153100584e-06, 'epoch': 8.49}
{'loss': 0.7976, 'grad_norm': 0.7039976119995117, 'learning_rate': 1.2978648709168218e-06, 'epoch': 8.52}
{'loss': 0.8061, 'grad_norm': 0.6253051161766052, 'learning_rate': 1.2437026085738413e-06, 'epoch': 8.55}
{'loss': 0.7957, 'grad_norm': 0.5883777141571045, 'learning_rate': 1.190619704675564e-06, 'epoch': 8.58}
{'loss': 0.7969, 'grad_norm': 0.6781727075576782, 'learning_rate': 1.1386227025676533e-06, 'epoch': 8.62}
{'loss': 0.7992, 'grad_norm': 0.6519326567649841, 'learning_rate': 1.0877180117404262e-06, 'epoch': 8.65}
{'loss': 0.7928, 'grad_norm': 0.7361592650413513, 'learning_rate': 1.0379119070387678e-06, 'epoch': 8.68}
{'loss': 0.7763, 'grad_norm': 0.7354509234428406, 'learning_rate': 9.892105278886633e-07, 'epoch': 8.71}
{'loss': 0.8003, 'grad_norm': 0.7247539162635803, 'learning_rate': 9.416198775403995e-07, 'epoch': 8.74}
{'loss': 0.7928, 'grad_norm': 0.7678624987602234, 'learning_rate': 8.951458223285747e-07, 'epoch': 8.77}
{'loss': 0.7923, 'grad_norm': 0.8062553405761719, 'learning_rate': 8.497940909489766e-07, 'epoch': 8.81}
{'loss': 0.7931, 'grad_norm': 0.8064720034599304, 'learning_rate': 8.05570273752414e-07, 'epoch': 8.84}
{'loss': 0.7943, 'grad_norm': 0.7384739518165588, 'learning_rate': 7.624798220556307e-07, 'epoch': 8.87}
{'loss': 0.7919, 'grad_norm': 0.6194519996643066, 'learning_rate': 7.205280474693255e-07, 'epoch': 8.9}
{'loss': 0.7755, 'grad_norm': 0.7807899713516235, 'learning_rate': 6.797201212434179e-07, 'epoch': 8.93}
{'loss': 0.8063, 'grad_norm': 0.7207211256027222, 'learning_rate': 6.40061073629602e-07, 'epoch': 8.97}
{'loss': 0.8006, 'grad_norm': 0.6516023278236389, 'learning_rate': 6.015557932612814e-07, 'epoch': 9.0}
{'eval_loss': 0.7988156676292419, 'eval_runtime': 27.2812, 'eval_samples_per_second': 115.281, 'eval_steps_per_second': 28.848, 'epoch': 9.0}
{'loss': 0.7879, 'grad_norm': 0.7222464084625244, 'learning_rate': 5.642090265509758e-07, 'epoch': 9.03}
{'loss': 0.8038, 'grad_norm': 0.6481924653053284, 'learning_rate': 5.280253771052335e-07, 'epoch': 9.06}
{'loss': 0.7965, 'grad_norm': 0.6576898694038391, 'learning_rate': 4.930093051571727e-07, 'epoch': 9.09}
{'loss': 0.7976, 'grad_norm': 0.7587776184082031, 'learning_rate': 4.5916512701667194e-07, 'epoch': 9.12}
{'loss': 0.785, 'grad_norm': 0.6767911314964294, 'learning_rate': 4.264970145383218e-07, 'epoch': 9.16}
{'loss': 0.8053, 'grad_norm': 0.8372902274131775, 'learning_rate': 3.950089946071789e-07, 'epoch': 9.19}
{'loss': 0.7894, 'grad_norm': 0.6474042534828186, 'learning_rate': 3.647049486423715e-07, 'epoch': 9.22}
{'loss': 0.7858, 'grad_norm': 0.7327151298522949, 'learning_rate': 3.3558861211866465e-07, 'epoch': 9.25}
{'loss': 0.7956, 'grad_norm': 0.7151815891265869, 'learning_rate': 3.076635741059897e-07, 'epoch': 9.28}
{'loss': 0.7751, 'grad_norm': 0.6868305206298828, 'learning_rate': 2.8093327682704455e-07, 'epoch': 9.31}
{'loss': 0.7855, 'grad_norm': 0.761903703212738, 'learning_rate': 2.554010152329689e-07, 'epoch': 9.35}
{'loss': 0.7994, 'grad_norm': 0.6278847455978394, 'learning_rate': 2.3106993659719912e-07, 'epoch': 9.38}
{'loss': 0.7949, 'grad_norm': 0.7974382638931274, 'learning_rate': 2.079430401275062e-07, 'epoch': 9.41}
{'loss': 0.797, 'grad_norm': 0.7168209552764893, 'learning_rate': 1.8602317659630164e-07, 'epoch': 9.44}
{'loss': 0.7896, 'grad_norm': 0.6971567869186401, 'learning_rate': 1.6531304798922175e-07, 'epoch': 9.47}
{'loss': 0.7853, 'grad_norm': 0.7159280776977539, 'learning_rate': 1.4581520717207532e-07, 'epoch': 9.51}
{'loss': 0.7687, 'grad_norm': 0.7029426097869873, 'learning_rate': 1.2753205757615184e-07, 'epoch': 9.54}
{'loss': 0.7984, 'grad_norm': 0.6787241697311401, 'learning_rate': 1.1046585290196199e-07, 'epoch': 9.57}
{'loss': 0.8141, 'grad_norm': 0.6238036155700684, 'learning_rate': 9.461869684143532e-08, 'epoch': 9.6}
{'loss': 0.7956, 'grad_norm': 0.674799919128418, 'learning_rate': 7.99925428185988e-08, 'epoch': 9.63}
{'loss': 0.7944, 'grad_norm': 0.6482124328613281, 'learning_rate': 6.658919374878836e-08, 'epoch': 9.66}
{'loss': 0.7795, 'grad_norm': 0.5975292921066284, 'learning_rate': 5.4410301816409936e-08, 'epoch': 9.7}
{'loss': 0.7859, 'grad_norm': 0.6306343078613281, 'learning_rate': 4.345736827128133e-08, 'epoch': 9.73}
{'loss': 0.7801, 'grad_norm': 0.6599772572517395, 'learning_rate': 3.373174324357464e-08, 'epoch': 9.76}
{'loss': 0.8028, 'grad_norm': 0.7074681520462036, 'learning_rate': 2.523462557739609e-08, 'epoch': 9.79}
{'loss': 0.8028, 'grad_norm': 0.6895965337753296, 'learning_rate': 1.7967062683001968e-08, 'epoch': 9.82}
{'loss': 0.7891, 'grad_norm': 0.6486746072769165, 'learning_rate': 1.192995040769307e-08, 'epoch': 9.86}
{'loss': 0.8035, 'grad_norm': 0.7216612696647644, 'learning_rate': 7.1240329253852155e-09, 'epoch': 9.89}
{'loss': 0.8126, 'grad_norm': 0.7525571584701538, 'learning_rate': 3.5499026448782006e-09, 'epoch': 9.92}
{'loss': 0.7814, 'grad_norm': 0.6833975911140442, 'learning_rate': 1.2080001368286466e-09, 'epoch': 9.95}
{'loss': 0.796, 'grad_norm': 0.6920226216316223, 'learning_rate': 9.861407944566914e-11, 'epoch': 9.98}
{'eval_loss': 0.7989850044250488, 'eval_runtime': 27.2419, 'eval_samples_per_second': 115.447, 'eval_steps_per_second': 28.889, 'epoch': 10.0}
{'train_runtime': 6439.0905, 'train_samples_per_second': 39.08, 'train_steps_per_second': 2.441, 'train_loss': 1.1454102231042682, 'epoch': 10.0}

[DEBUG] Training completed for fold 0
[DEBUG] Best eval loss: 0.798816
[DEBUG] Best model checkpoint: grn_syll_600M/fold_0/checkpoint-14154
[DEBUG] Training metrics saved to: grn_syll_600M/fold_0/training_metrics.json

[DEBUG] Current fold results ranking:
  * Fold 0: eval_loss = 0.798816
[DEBUG] GPU memory cleared after fold 0

[DEBUG] Fold 1:
  Train: 25,164 examples (folds: [0, 2, 3, 4])
  Dev:   3,145 examples (first half of fold 1)
  Test:  3,145 examples (SECOND HALF of fold 1 - saved for later)
  This fold's test set is DIFFERENT from other folds' test sets
[DEBUG] Data saved to: grn_syll_600M/fold_1/data
    - train.eng/train.nav (25164 pairs)
    - dev.eng/dev.nav (3145 pairs)
    - test.eng/test.nav (3145 pairs) - FOR LATER TESTING

********************************************************************************
* FOLD 1 STARTING
********************************************************************************
[DEBUG] Fold 1 data distribution:
  Training: 25,164 examples (folds other than 1)
  Development: 3,145 examples (first half of fold 1)
  Test: 3,145 examples (second half of fold 1 - SAVED, NOT USED)

################################################################################
# FOLD 1 TRAINING STARTING
################################################################################

[DEBUG] Device: cuda
[DEBUG] GPU: NVIDIA A100-SXM4-80GB
[DEBUG] GPU Memory: 85.09 GB
[DEBUG] Current GPU memory allocated: 2.49 GB

[DEBUG] Fold output directory: grn_syll_600M/fold_1

[DEBUG] Loading model: facebook/nllb-200-distilled-600M

[DEBUG] Applying FOMA syllabification to training data...
[DEBUG] Sample before syllabification: Nít'éé' dziłghą́ą́'góó haaskai, áádóó Éshkol honíteel góyaa yíkaigo kéyah hadeisid....
[DEBUG] Sample after syllabification: Ní@ @t'éé' dził@ @ghą́ą́'@ @góó haas@ @kai, áá@ @dóó Éshkol ho@ @ní@ @teel gó@ @yaa yí@ @kai@ @go ké...
[DEBUG] @ symbols in syllabified sample: 26
[DEBUG] Model moved to cuda

[DEBUG] Tokenizer configuration:
  Source language: eng_Latn
  Target language: grn_Latn
[DEBUG] Model decoder configuration:
  forced_bos_token_id: 256063 (grn_Latn)
  decoder_start_token_id: 256063

[DEBUG] Creating datasets...

[DEBUG] Tokenizing datasets...

[DEBUG] Tokenization stats:
  Train dataset size: 25164
  Dev dataset size: 3145

[DEBUG] Sample tokenized example:
  Example 0:
    input_ids length: 28
    labels length: 69
    attention_mask length: 28
  Example 1:
    input_ids length: 8
    labels length: 32
    attention_mask length: 8
  Example 2:
    input_ids length: 48
    labels length: 220
    attention_mask length: 48

[DEBUG] Training arguments:
  Output directory: grn_syll_600M/fold_1
  Learning rate: 2e-05
  Batch size (per device): 4
  Gradient accumulation: 4
  Effective batch size: 16
  Epochs: 10
  BF16 enabled: True

[DEBUG] Starting training for fold 1...
[DEBUG] Training samples: 25164
[DEBUG] Validation samples: 3145
[DEBUG] NOTE: Test set from fold 1 is NOT being used
{'loss': 6.5994, 'grad_norm': 5.377648830413818, 'learning_rate': 6.361323155216286e-07, 'epoch': 0.03}
{'loss': 6.4068, 'grad_norm': 4.3544769287109375, 'learning_rate': 1.2722646310432571e-06, 'epoch': 0.06}
{'loss': 5.8792, 'grad_norm': 2.5774497985839844, 'learning_rate': 1.908396946564886e-06, 'epoch': 0.1}
{'loss': 5.0553, 'grad_norm': 2.1477959156036377, 'learning_rate': 2.5445292620865143e-06, 'epoch': 0.13}
{'loss': 4.2157, 'grad_norm': 1.6213325262069702, 'learning_rate': 3.1806615776081427e-06, 'epoch': 0.16}
{'loss': 3.6013, 'grad_norm': 1.1920005083084106, 'learning_rate': 3.816793893129772e-06, 'epoch': 0.19}
{'loss': 3.2275, 'grad_norm': 1.2324236631393433, 'learning_rate': 4.4529262086514e-06, 'epoch': 0.22}
{'loss': 3.0204, 'grad_norm': 0.8935137391090393, 'learning_rate': 5.0890585241730285e-06, 'epoch': 0.25}
{'loss': 2.8713, 'grad_norm': 0.7856428027153015, 'learning_rate': 5.725190839694656e-06, 'epoch': 0.29}
{'loss': 2.7813, 'grad_norm': 1.099025845527649, 'learning_rate': 6.3613231552162854e-06, 'epoch': 0.32}
{'loss': 2.7005, 'grad_norm': 0.9778659343719482, 'learning_rate': 6.997455470737914e-06, 'epoch': 0.35}
{'loss': 2.617, 'grad_norm': 0.8482169508934021, 'learning_rate': 7.633587786259543e-06, 'epoch': 0.38}
{'loss': 2.5474, 'grad_norm': 0.7115861177444458, 'learning_rate': 8.26972010178117e-06, 'epoch': 0.41}
{'loss': 2.4945, 'grad_norm': 0.7245879173278809, 'learning_rate': 8.9058524173028e-06, 'epoch': 0.45}
{'loss': 2.441, 'grad_norm': 0.779792845249176, 'learning_rate': 9.54198473282443e-06, 'epoch': 0.48}
{'loss': 2.3691, 'grad_norm': 0.7501481175422668, 'learning_rate': 1.0178117048346057e-05, 'epoch': 0.51}
{'loss': 2.3482, 'grad_norm': 0.9134541153907776, 'learning_rate': 1.0814249363867686e-05, 'epoch': 0.54}
{'loss': 2.2995, 'grad_norm': 0.7168186902999878, 'learning_rate': 1.1450381679389312e-05, 'epoch': 0.57}
{'loss': 2.2609, 'grad_norm': 0.7519331574440002, 'learning_rate': 1.2086513994910942e-05, 'epoch': 0.6}
{'loss': 2.1937, 'grad_norm': 0.7301096320152283, 'learning_rate': 1.2722646310432571e-05, 'epoch': 0.64}
{'loss': 2.1482, 'grad_norm': 0.8265436887741089, 'learning_rate': 1.3358778625954198e-05, 'epoch': 0.67}
{'loss': 2.0889, 'grad_norm': 0.7462941408157349, 'learning_rate': 1.3994910941475828e-05, 'epoch': 0.7}
{'loss': 2.0485, 'grad_norm': 0.9775419235229492, 'learning_rate': 1.4631043256997457e-05, 'epoch': 0.73}
{'loss': 1.9974, 'grad_norm': 0.7239859700202942, 'learning_rate': 1.5267175572519086e-05, 'epoch': 0.76}
{'loss': 1.9438, 'grad_norm': 0.8089925050735474, 'learning_rate': 1.5903307888040712e-05, 'epoch': 0.79}
{'loss': 1.9216, 'grad_norm': 0.8851421475410461, 'learning_rate': 1.653944020356234e-05, 'epoch': 0.83}
{'loss': 1.89, 'grad_norm': 0.8488060235977173, 'learning_rate': 1.717557251908397e-05, 'epoch': 0.86}
{'loss': 1.8451, 'grad_norm': 0.7465047240257263, 'learning_rate': 1.78117048346056e-05, 'epoch': 0.89}
{'loss': 1.8057, 'grad_norm': 0.7429160475730896, 'learning_rate': 1.844783715012723e-05, 'epoch': 0.92}
{'loss': 1.7793, 'grad_norm': 0.8827686905860901, 'learning_rate': 1.908396946564886e-05, 'epoch': 0.95}
{'loss': 1.7378, 'grad_norm': 0.8120798468589783, 'learning_rate': 1.9720101781170485e-05, 'epoch': 0.99}
{'eval_loss': 1.5839390754699707, 'eval_runtime': 27.1007, 'eval_samples_per_second': 116.049, 'eval_steps_per_second': 29.04, 'epoch': 1.0}
{'loss': 1.7108, 'grad_norm': 0.9506539106369019, 'learning_rate': 1.9999806716709255e-05, 'epoch': 1.02}
{'loss': 1.6942, 'grad_norm': 0.8234105110168457, 'learning_rate': 1.999850011488216e-05, 'epoch': 1.05}
{'loss': 1.6555, 'grad_norm': 0.8012600541114807, 'learning_rate': 1.9995961032584046e-05, 'epoch': 1.08}
{'loss': 1.6413, 'grad_norm': 0.831250011920929, 'learning_rate': 1.9992189782798795e-05, 'epoch': 1.11}
{'loss': 1.6148, 'grad_norm': 0.7727414965629578, 'learning_rate': 1.99871868303953e-05, 'epoch': 1.14}
{'loss': 1.6014, 'grad_norm': 0.7429239153862, 'learning_rate': 1.9980952792070175e-05, 'epoch': 1.18}
{'loss': 1.5518, 'grad_norm': 0.7060330510139465, 'learning_rate': 1.9973488436271728e-05, 'epoch': 1.21}
{'loss': 1.5453, 'grad_norm': 0.7713556289672852, 'learning_rate': 1.996479468310524e-05, 'epoch': 1.24}
{'loss': 1.5104, 'grad_norm': 0.8914713859558105, 'learning_rate': 1.9954872604219543e-05, 'epoch': 1.27}
{'loss': 1.5124, 'grad_norm': 0.737944483757019, 'learning_rate': 1.994372342267493e-05, 'epoch': 1.3}
{'loss': 1.4786, 'grad_norm': 0.7348079085350037, 'learning_rate': 1.993134851279238e-05, 'epoch': 1.34}
{'loss': 1.4718, 'grad_norm': 0.7633799314498901, 'learning_rate': 1.991774939998417e-05, 'epoch': 1.37}
{'loss': 1.473, 'grad_norm': 0.6254200339317322, 'learning_rate': 1.9902927760565824e-05, 'epoch': 1.4}
{'loss': 1.455, 'grad_norm': 0.7968360185623169, 'learning_rate': 1.988688542154948e-05, 'epoch': 1.43}
{'loss': 1.4358, 'grad_norm': 0.7790863513946533, 'learning_rate': 1.98696243604187e-05, 'epoch': 1.46}
{'loss': 1.4154, 'grad_norm': 0.7380447387695312, 'learning_rate': 1.9851146704884684e-05, 'epoch': 1.49}
{'loss': 1.4073, 'grad_norm': 0.7697690725326538, 'learning_rate': 1.9831454732624023e-05, 'epoch': 1.53}
{'loss': 1.3977, 'grad_norm': 0.7639554738998413, 'learning_rate': 1.9810550870997914e-05, 'epoch': 1.56}
{'loss': 1.3805, 'grad_norm': 0.7555238604545593, 'learning_rate': 1.9788437696752965e-05, 'epoch': 1.59}
{'loss': 1.3661, 'grad_norm': 0.7692076563835144, 'learning_rate': 1.9765117935703556e-05, 'epoch': 1.62}
{'loss': 1.3558, 'grad_norm': 0.7854031324386597, 'learning_rate': 1.9740594462395844e-05, 'epoch': 1.65}
{'loss': 1.3455, 'grad_norm': 0.7490922212600708, 'learning_rate': 1.9714870299753425e-05, 'epoch': 1.68}
{'loss': 1.3273, 'grad_norm': 0.8409993648529053, 'learning_rate': 1.9687948618704713e-05, 'epoch': 1.72}
{'loss': 1.3322, 'grad_norm': 0.7998499870300293, 'learning_rate': 1.9659832737792065e-05, 'epoch': 1.75}
{'loss': 1.3204, 'grad_norm': 0.9272898435592651, 'learning_rate': 1.963052612276272e-05, 'epoch': 1.78}
{'loss': 1.3077, 'grad_norm': 0.8570111989974976, 'learning_rate': 1.9600032386141578e-05, 'epoch': 1.81}
{'loss': 1.3123, 'grad_norm': 0.7970545887947083, 'learning_rate': 1.9568355286785916e-05, 'epoch': 1.84}
{'loss': 1.286, 'grad_norm': 0.7342864274978638, 'learning_rate': 1.9535498729422034e-05, 'epoch': 1.88}
{'loss': 1.3029, 'grad_norm': 0.7125951647758484, 'learning_rate': 1.950146676416393e-05, 'epoch': 1.91}
{'loss': 1.2658, 'grad_norm': 0.8045730590820312, 'learning_rate': 1.9466263586014062e-05, 'epoch': 1.94}
{'loss': 1.2567, 'grad_norm': 0.7962839603424072, 'learning_rate': 1.9429893534346248e-05, 'epoch': 1.97}
{'eval_loss': 1.1480234861373901, 'eval_runtime': 27.2524, 'eval_samples_per_second': 115.403, 'eval_steps_per_second': 28.878, 'epoch': 2.0}
{'loss': 1.2479, 'grad_norm': 0.7202552556991577, 'learning_rate': 1.9392361092370756e-05, 'epoch': 2.0}
{'loss': 1.2294, 'grad_norm': 0.765308678150177, 'learning_rate': 1.9353670886581683e-05, 'epoch': 2.03}
{'loss': 1.2275, 'grad_norm': 0.73305743932724, 'learning_rate': 1.9313827686186664e-05, 'epoch': 2.07}
{'loss': 1.2114, 'grad_norm': 0.7188822031021118, 'learning_rate': 1.927283640251898e-05, 'epoch': 2.1}
{'loss': 1.2048, 'grad_norm': 0.7536894679069519, 'learning_rate': 1.923070208843216e-05, 'epoch': 2.13}
{'loss': 1.1956, 'grad_norm': 0.7606045007705688, 'learning_rate': 1.9187429937677136e-05, 'epoch': 2.16}
{'loss': 1.2089, 'grad_norm': 0.8513977527618408, 'learning_rate': 1.9143025284262022e-05, 'epoch': 2.19}
{'loss': 1.177, 'grad_norm': 0.7932010889053345, 'learning_rate': 1.909749360179461e-05, 'epoch': 2.23}
{'loss': 1.1882, 'grad_norm': 0.7873938083648682, 'learning_rate': 1.9050840502807665e-05, 'epoch': 2.26}
{'loss': 1.1734, 'grad_norm': 0.8020156025886536, 'learning_rate': 1.9003071738067073e-05, 'epoch': 2.29}
{'loss': 1.1648, 'grad_norm': 0.8450848460197449, 'learning_rate': 1.895419319586298e-05, 'epoch': 2.32}
{'loss': 1.1701, 'grad_norm': 0.8060915470123291, 'learning_rate': 1.890421090128395e-05, 'epoch': 2.35}
{'loss': 1.1663, 'grad_norm': 0.7907149791717529, 'learning_rate': 1.8853131015474278e-05, 'epoch': 2.38}
{'loss': 1.1616, 'grad_norm': 0.6766976118087769, 'learning_rate': 1.8800959834874534e-05, 'epoch': 2.42}
{'loss': 1.1707, 'grad_norm': 0.861752986907959, 'learning_rate': 1.8747703790445412e-05, 'epoch': 2.45}
{'loss': 1.1469, 'grad_norm': 0.7137378454208374, 'learning_rate': 1.8693369446875008e-05, 'epoch': 2.48}
{'loss': 1.1537, 'grad_norm': 0.7094465494155884, 'learning_rate': 1.8637963501769625e-05, 'epoch': 2.51}
{'loss': 1.121, 'grad_norm': 0.7722159028053284, 'learning_rate': 1.858149278482817e-05, 'epoch': 2.54}
{'loss': 1.1378, 'grad_norm': 0.7605907320976257, 'learning_rate': 1.8523964257000288e-05, 'epoch': 2.58}
{'loss': 1.1266, 'grad_norm': 0.7737411260604858, 'learning_rate': 1.8465385009628308e-05, 'epoch': 2.61}
{'loss': 1.132, 'grad_norm': 0.6358503103256226, 'learning_rate': 1.8405762263573108e-05, 'epoch': 2.64}
{'loss': 1.1089, 'grad_norm': 0.7023547291755676, 'learning_rate': 1.834510336832405e-05, 'epoch': 2.67}
{'loss': 1.0984, 'grad_norm': 0.7238977551460266, 'learning_rate': 1.8283415801093007e-05, 'epoch': 2.7}
{'loss': 1.1023, 'grad_norm': 0.8051005005836487, 'learning_rate': 1.8220707165892682e-05, 'epoch': 2.73}
{'loss': 1.1022, 'grad_norm': 0.7502903938293457, 'learning_rate': 1.815698519259929e-05, 'epoch': 2.77}
{'loss': 1.1033, 'grad_norm': 0.7047796249389648, 'learning_rate': 1.8092257735999734e-05, 'epoch': 2.8}
{'loss': 1.086, 'grad_norm': 0.7390007376670837, 'learning_rate': 1.8026532774823343e-05, 'epoch': 2.83}
{'loss': 1.0949, 'grad_norm': 0.7628476619720459, 'learning_rate': 1.7959818410758395e-05, 'epoch': 2.86}
{'loss': 1.1058, 'grad_norm': 0.7205899953842163, 'learning_rate': 1.789212286745342e-05, 'epoch': 2.89}
{'loss': 1.0689, 'grad_norm': 0.7979558706283569, 'learning_rate': 1.7823454489503526e-05, 'epoch': 2.92}
{'loss': 1.0694, 'grad_norm': 0.723039448261261, 'learning_rate': 1.775382174142177e-05, 'epoch': 2.96}
{'loss': 1.0539, 'grad_norm': 0.7680883407592773, 'learning_rate': 1.768323320659578e-05, 'epoch': 2.99}
{'eval_loss': 0.9838724732398987, 'eval_runtime': 27.219, 'eval_samples_per_second': 115.544, 'eval_steps_per_second': 28.914, 'epoch': 3.0}
{'loss': 1.0448, 'grad_norm': 0.6972291469573975, 'learning_rate': 1.7611697586229695e-05, 'epoch': 3.02}
{'loss': 1.0597, 'grad_norm': 0.7503781914710999, 'learning_rate': 1.753922369827162e-05, 'epoch': 3.05}
{'loss': 1.0513, 'grad_norm': 0.791580855846405, 'learning_rate': 1.7465820476326656e-05, 'epoch': 3.08}
{'loss': 1.0389, 'grad_norm': 0.8041636943817139, 'learning_rate': 1.7391496968555667e-05, 'epoch': 3.12}
{'loss': 1.0558, 'grad_norm': 0.7962539792060852, 'learning_rate': 1.7316262336559978e-05, 'epoch': 3.15}
{'loss': 1.0579, 'grad_norm': 0.7673386335372925, 'learning_rate': 1.7240125854252043e-05, 'epoch': 3.18}
{'loss': 1.0279, 'grad_norm': 0.8844340443611145, 'learning_rate': 1.7163096906712267e-05, 'epoch': 3.21}
{'loss': 1.0196, 'grad_norm': 0.7070185542106628, 'learning_rate': 1.708518498903216e-05, 'epoch': 3.24}
{'loss': 1.0059, 'grad_norm': 0.7332192063331604, 'learning_rate': 1.7006399705143905e-05, 'epoch': 3.27}
{'loss': 1.0395, 'grad_norm': 0.6880469918251038, 'learning_rate': 1.692675076663651e-05, 'epoch': 3.31}
{'loss': 1.027, 'grad_norm': 0.6924238801002502, 'learning_rate': 1.6846247991558686e-05, 'epoch': 3.34}
{'loss': 1.0195, 'grad_norm': 0.7838987708091736, 'learning_rate': 1.6764901303208632e-05, 'epoch': 3.37}
{'loss': 0.997, 'grad_norm': 0.7041796445846558, 'learning_rate': 1.6682720728910815e-05, 'epoch': 3.4}
{'loss': 1.0116, 'grad_norm': 0.8044613003730774, 'learning_rate': 1.659971639877992e-05, 'epoch': 3.43}
{'loss': 0.9879, 'grad_norm': 0.8433738946914673, 'learning_rate': 1.6515898544472172e-05, 'epoch': 3.47}
{'loss': 1.002, 'grad_norm': 0.6348238587379456, 'learning_rate': 1.6431277497924093e-05, 'epoch': 3.5}
{'loss': 1.0054, 'grad_norm': 0.72260981798172, 'learning_rate': 1.6345863690078942e-05, 'epoch': 3.53}
{'loss': 0.9982, 'grad_norm': 0.7000462412834167, 'learning_rate': 1.6259667649600907e-05, 'epoch': 3.56}
{'loss': 0.978, 'grad_norm': 0.7122611999511719, 'learning_rate': 1.6172700001577286e-05, 'epoch': 3.59}
{'loss': 0.9841, 'grad_norm': 0.7310519218444824, 'learning_rate': 1.6084971466208764e-05, 'epoch': 3.62}
{'loss': 0.9723, 'grad_norm': 0.8681767582893372, 'learning_rate': 1.599649285748798e-05, 'epoch': 3.66}
{'loss': 0.9902, 'grad_norm': 0.7705322504043579, 'learning_rate': 1.5907275081866504e-05, 'epoch': 3.69}
{'loss': 0.9966, 'grad_norm': 0.7495202422142029, 'learning_rate': 1.5817329136910463e-05, 'epoch': 3.72}
{'loss': 0.9734, 'grad_norm': 0.6885366439819336, 'learning_rate': 1.5726666109944887e-05, 'epoch': 3.75}
{'loss': 0.9718, 'grad_norm': 0.7725328207015991, 'learning_rate': 1.563529717668702e-05, 'epoch': 3.78}
{'loss': 0.9705, 'grad_norm': 0.7131282687187195, 'learning_rate': 1.5543233599868744e-05, 'epoch': 3.81}
{'loss': 0.97, 'grad_norm': 0.6774881482124329, 'learning_rate': 1.5450486727848217e-05, 'epoch': 3.85}
{'loss': 0.9716, 'grad_norm': 0.6902795433998108, 'learning_rate': 1.535706799321106e-05, 'epoch': 3.88}
{'loss': 0.9694, 'grad_norm': 0.6780551075935364, 'learning_rate': 1.526298891136105e-05, 'epoch': 3.91}
{'loss': 0.962, 'grad_norm': 0.7001110315322876, 'learning_rate': 1.5168261079100695e-05, 'epoch': 3.94}
{'loss': 0.9735, 'grad_norm': 0.788506269454956, 'learning_rate': 1.5072896173201697e-05, 'epoch': 3.97}
{'eval_loss': 0.8986787796020508, 'eval_runtime': 27.1358, 'eval_samples_per_second': 115.899, 'eval_steps_per_second': 29.002, 'epoch': 4.0}
{'loss': 0.952, 'grad_norm': 0.7654711604118347, 'learning_rate': 1.4976905948965637e-05, 'epoch': 4.01}
{'loss': 0.9543, 'grad_norm': 0.7586746215820312, 'learning_rate': 1.4880302238774911e-05, 'epoch': 4.04}
{'loss': 0.9511, 'grad_norm': 0.7252511382102966, 'learning_rate': 1.4783096950634211e-05, 'epoch': 4.07}
{'loss': 0.9344, 'grad_norm': 0.7019345760345459, 'learning_rate': 1.468530206670265e-05, 'epoch': 4.1}
{'loss': 0.9397, 'grad_norm': 0.6800824999809265, 'learning_rate': 1.4586929641816783e-05, 'epoch': 4.13}
{'loss': 0.9297, 'grad_norm': 0.7960830926895142, 'learning_rate': 1.4487991802004625e-05, 'epoch': 4.16}
{'loss': 0.9189, 'grad_norm': 0.7340685725212097, 'learning_rate': 1.4388500742990934e-05, 'epoch': 4.2}
{'loss': 0.9353, 'grad_norm': 0.8129010796546936, 'learning_rate': 1.4288468728693889e-05, 'epoch': 4.23}
{'loss': 0.9466, 'grad_norm': 0.7916568517684937, 'learning_rate': 1.4187908089713348e-05, 'epoch': 4.26}
{'loss': 0.93, 'grad_norm': 0.7610396146774292, 'learning_rate': 1.4086831221810897e-05, 'epoch': 4.29}
{'loss': 0.9227, 'grad_norm': 0.8340357542037964, 'learning_rate': 1.3985250584381884e-05, 'epoch': 4.32}
{'loss': 0.9261, 'grad_norm': 0.6478988528251648, 'learning_rate': 1.3883178698919578e-05, 'epoch': 4.36}
{'loss': 0.9207, 'grad_norm': 0.7437319159507751, 'learning_rate': 1.378062814747168e-05, 'epoch': 4.39}
{'loss': 0.9453, 'grad_norm': 0.8351079225540161, 'learning_rate': 1.3677611571089406e-05, 'epoch': 4.42}
{'loss': 0.9163, 'grad_norm': 0.8418319821357727, 'learning_rate': 1.3574141668269235e-05, 'epoch': 4.45}
{'loss': 0.9057, 'grad_norm': 0.7499719262123108, 'learning_rate': 1.3470231193387639e-05, 'epoch': 4.48}
{'loss': 0.8964, 'grad_norm': 0.736722469329834, 'learning_rate': 1.3365892955128876e-05, 'epoch': 4.51}
{'loss': 0.8963, 'grad_norm': 0.6933090686798096, 'learning_rate': 1.326113981490611e-05, 'epoch': 4.55}
{'loss': 0.9121, 'grad_norm': 0.8042585849761963, 'learning_rate': 1.315598468527604e-05, 'epoch': 4.58}
{'loss': 0.909, 'grad_norm': 0.7214657068252563, 'learning_rate': 1.30504405283472e-05, 'epoch': 4.61}
{'loss': 0.9257, 'grad_norm': 0.8051692843437195, 'learning_rate': 1.294452035418218e-05, 'epoch': 4.64}
{'loss': 0.8881, 'grad_norm': 0.7184386849403381, 'learning_rate': 1.2838237219193897e-05, 'epoch': 4.67}
{'loss': 0.9009, 'grad_norm': 0.7725647687911987, 'learning_rate': 1.2731604224536208e-05, 'epoch': 4.71}
{'loss': 0.8982, 'grad_norm': 0.6731365323066711, 'learning_rate': 1.262463451448895e-05, 'epoch': 4.74}
{'loss': 0.9017, 'grad_norm': 0.757293701171875, 'learning_rate': 1.2517341274837702e-05, 'epoch': 4.77}
{'loss': 0.9094, 'grad_norm': 0.7269265651702881, 'learning_rate': 1.2409737731248418e-05, 'epoch': 4.8}
{'loss': 0.8881, 'grad_norm': 0.7024050951004028, 'learning_rate': 1.2301837147637137e-05, 'epoch': 4.83}
{'loss': 0.8993, 'grad_norm': 0.7485731244087219, 'learning_rate': 1.2193652824535e-05, 'epoch': 4.86}
{'loss': 0.9006, 'grad_norm': 0.737011730670929, 'learning_rate': 1.2085198097448732e-05, 'epoch': 4.9}
{'loss': 0.9009, 'grad_norm': 0.791244387626648, 'learning_rate': 1.197648633521681e-05, 'epoch': 4.93}
{'loss': 0.9119, 'grad_norm': 0.7453365921974182, 'learning_rate': 1.1867530938361557e-05, 'epoch': 4.96}
{'loss': 0.8934, 'grad_norm': 0.6748861074447632, 'learning_rate': 1.1758345337437284e-05, 'epoch': 4.99}
{'eval_loss': 0.8570595383644104, 'eval_runtime': 27.2938, 'eval_samples_per_second': 115.228, 'eval_steps_per_second': 28.834, 'epoch': 5.0}
{'loss': 0.8971, 'grad_norm': 0.7328231334686279, 'learning_rate': 1.164894299137476e-05, 'epoch': 5.02}
{'loss': 0.8726, 'grad_norm': 0.7273967862129211, 'learning_rate': 1.1539337385822179e-05, 'epoch': 5.05}
{'loss': 0.8671, 'grad_norm': 0.69245845079422, 'learning_rate': 1.1429542031482828e-05, 'epoch': 5.09}
{'loss': 0.8716, 'grad_norm': 0.6967329978942871, 'learning_rate': 1.1319570462449664e-05, 'epoch': 5.12}
{'loss': 0.8695, 'grad_norm': 0.6367136240005493, 'learning_rate': 1.120943623453703e-05, 'epoch': 5.15}
{'loss': 0.8835, 'grad_norm': 0.6424922347068787, 'learning_rate': 1.1099152923609654e-05, 'epoch': 5.18}
{'loss': 0.881, 'grad_norm': 0.6080092787742615, 'learning_rate': 1.0988734123909218e-05, 'epoch': 5.21}
{'loss': 0.8657, 'grad_norm': 0.7496063709259033, 'learning_rate': 1.0878193446378633e-05, 'epoch': 5.25}
{'loss': 0.8766, 'grad_norm': 0.7852352857589722, 'learning_rate': 1.076754451698427e-05, 'epoch': 5.28}
{'loss': 0.8703, 'grad_norm': 0.738968551158905, 'learning_rate': 1.0656800975036328e-05, 'epoch': 5.31}
{'loss': 0.8817, 'grad_norm': 0.7144902944564819, 'learning_rate': 1.0545976471507573e-05, 'epoch': 5.34}
{'loss': 0.8693, 'grad_norm': 0.6999167799949646, 'learning_rate': 1.0435084667350619e-05, 'epoch': 5.37}
{'loss': 0.8657, 'grad_norm': 0.7823516130447388, 'learning_rate': 1.0324139231813997e-05, 'epoch': 5.4}
{'loss': 0.8748, 'grad_norm': 0.8585257530212402, 'learning_rate': 1.0213153840757198e-05, 'epoch': 5.44}
{'loss': 0.8604, 'grad_norm': 0.6834630966186523, 'learning_rate': 1.0102142174964883e-05, 'epoch': 5.47}
{'loss': 0.8611, 'grad_norm': 0.6393390893936157, 'learning_rate': 9.991117918460518e-06, 'epoch': 5.5}
{'loss': 0.8669, 'grad_norm': 0.6902426481246948, 'learning_rate': 9.880094756819572e-06, 'epoch': 5.53}
{'loss': 0.8352, 'grad_norm': 0.7159895300865173, 'learning_rate': 9.769086375482561e-06, 'epoch': 5.56}
{'loss': 0.8444, 'grad_norm': 0.7069762349128723, 'learning_rate': 9.658106458068086e-06, 'epoch': 5.6}
{'loss': 0.8556, 'grad_norm': 0.6529072523117065, 'learning_rate': 9.547168684686088e-06, 'epoch': 5.63}
{'loss': 0.8565, 'grad_norm': 0.8117883205413818, 'learning_rate': 9.436286730251568e-06, 'epoch': 5.66}
{'loss': 0.8562, 'grad_norm': 1.1302868127822876, 'learning_rate': 9.32547426279892e-06, 'epoch': 5.69}
{'loss': 0.8501, 'grad_norm': 0.6698828339576721, 'learning_rate': 9.214744941797115e-06, 'epoch': 5.72}
{'loss': 0.8547, 'grad_norm': 0.8093461394309998, 'learning_rate': 9.104112416465949e-06, 'epoch': 5.75}
{'loss': 0.8535, 'grad_norm': 0.6552516222000122, 'learning_rate': 8.993590324093548e-06, 'epoch': 5.79}
{'loss': 0.875, 'grad_norm': 0.6968597173690796, 'learning_rate': 8.883192288355362e-06, 'epoch': 5.82}
{'loss': 0.8469, 'grad_norm': 0.6330086588859558, 'learning_rate': 8.772931917634792e-06, 'epoch': 5.85}
{'loss': 0.8496, 'grad_norm': 0.6517703533172607, 'learning_rate': 8.662822803345762e-06, 'epoch': 5.88}
{'loss': 0.8311, 'grad_norm': 0.7548205852508545, 'learning_rate': 8.552878518257335e-06, 'epoch': 5.91}
{'loss': 0.8545, 'grad_norm': 0.6861873269081116, 'learning_rate': 8.44311261482065e-06, 'epoch': 5.95}
{'loss': 0.8474, 'grad_norm': 0.7579425573348999, 'learning_rate': 8.333538623498357e-06, 'epoch': 5.98}
{'eval_loss': 0.8342446684837341, 'eval_runtime': 27.3575, 'eval_samples_per_second': 114.959, 'eval_steps_per_second': 28.767, 'epoch': 6.0}
{'loss': 0.8484, 'grad_norm': 0.6623824834823608, 'learning_rate': 8.224170051096769e-06, 'epoch': 6.01}
{'loss': 0.8404, 'grad_norm': 0.7001729607582092, 'learning_rate': 8.115020379100913e-06, 'epoch': 6.04}
{'loss': 0.82, 'grad_norm': 0.6967975497245789, 'learning_rate': 8.006103062012725e-06, 'epoch': 6.07}
{'loss': 0.8467, 'grad_norm': 0.6213541626930237, 'learning_rate': 7.897431525692557e-06, 'epoch': 6.1}
{'loss': 0.8353, 'grad_norm': 0.6659248471260071, 'learning_rate': 7.789019165704218e-06, 'epoch': 6.14}
{'loss': 0.8319, 'grad_norm': 0.6536057591438293, 'learning_rate': 7.680879345663745e-06, 'epoch': 6.17}
{'loss': 0.827, 'grad_norm': 0.689879298210144, 'learning_rate': 7.573025395592125e-06, 'epoch': 6.2}
{'loss': 0.8403, 'grad_norm': 0.7057576179504395, 'learning_rate': 7.4654706102721405e-06, 'epoch': 6.23}
{'loss': 0.827, 'grad_norm': 0.7804376482963562, 'learning_rate': 7.358228247609569e-06, 'epoch': 6.26}
{'loss': 0.8368, 'grad_norm': 0.7204332947731018, 'learning_rate': 7.251311526998934e-06, 'epoch': 6.29}
{'loss': 0.8369, 'grad_norm': 0.6915397047996521, 'learning_rate': 7.1447336276939915e-06, 'epoch': 6.33}
{'loss': 0.833, 'grad_norm': 0.7758163213729858, 'learning_rate': 7.038507687183167e-06, 'epoch': 6.36}
{'loss': 0.84, 'grad_norm': 0.757103681564331, 'learning_rate': 6.932646799570144e-06, 'epoch': 6.39}
{'loss': 0.8398, 'grad_norm': 0.7333621978759766, 'learning_rate': 6.827164013959805e-06, 'epoch': 6.42}
{'loss': 0.821, 'grad_norm': 0.6467368602752686, 'learning_rate': 6.722072332849697e-06, 'epoch': 6.45}
{'loss': 0.8276, 'grad_norm': 0.7319894433021545, 'learning_rate': 6.617384710527282e-06, 'epoch': 6.49}
{'loss': 0.8211, 'grad_norm': 0.6788689494132996, 'learning_rate': 6.513114051473094e-06, 'epoch': 6.52}
{'loss': 0.8197, 'grad_norm': 0.7364029288291931, 'learning_rate': 6.409273208770039e-06, 'epoch': 6.55}
{'loss': 0.8299, 'grad_norm': 0.8195759057998657, 'learning_rate': 6.305874982519064e-06, 'epoch': 6.58}
{'loss': 0.847, 'grad_norm': 0.8005452156066895, 'learning_rate': 6.202932118261309e-06, 'epoch': 6.61}
{'loss': 0.8148, 'grad_norm': 0.6642901301383972, 'learning_rate': 6.100457305407024e-06, 'epoch': 6.64}
{'loss': 0.8098, 'grad_norm': 0.7266405820846558, 'learning_rate': 5.998463175671382e-06, 'epoch': 6.68}
{'loss': 0.8052, 'grad_norm': 0.6459627747535706, 'learning_rate': 5.896962301517415e-06, 'epoch': 6.71}
{'loss': 0.818, 'grad_norm': 0.7465322017669678, 'learning_rate': 5.795967194606249e-06, 'epoch': 6.74}
{'loss': 0.843, 'grad_norm': 0.7583513855934143, 'learning_rate': 5.695490304254825e-06, 'epoch': 6.77}
{'loss': 0.8091, 'grad_norm': 0.719145655632019, 'learning_rate': 5.59554401590134e-06, 'epoch': 6.8}
{'loss': 0.827, 'grad_norm': 0.6697259545326233, 'learning_rate': 5.496140649578507e-06, 'epoch': 6.84}
{'loss': 0.8193, 'grad_norm': 0.6821756362915039, 'learning_rate': 5.397292458394923e-06, 'epoch': 6.87}
{'loss': 0.8203, 'grad_norm': 0.7049368023872375, 'learning_rate': 5.2990116270246795e-06, 'epoch': 6.9}
{'loss': 0.812, 'grad_norm': 0.6806188821792603, 'learning_rate': 5.201310270205375e-06, 'epoch': 6.93}
{'loss': 0.8203, 'grad_norm': 0.6330790519714355, 'learning_rate': 5.104200431244802e-06, 'epoch': 6.96}
{'loss': 0.8143, 'grad_norm': 0.6140488386154175, 'learning_rate': 5.007694080536379e-06, 'epoch': 6.99}
{'eval_loss': 0.8206616640090942, 'eval_runtime': 27.1757, 'eval_samples_per_second': 115.729, 'eval_steps_per_second': 28.96, 'epoch': 7.0}
{'loss': 0.8036, 'grad_norm': 0.7120815515518188, 'learning_rate': 4.911803114083635e-06, 'epoch': 7.03}
{'loss': 0.7949, 'grad_norm': 0.6578483581542969, 'learning_rate': 4.816539352033806e-06, 'epoch': 7.06}
{'loss': 0.8017, 'grad_norm': 0.780628502368927, 'learning_rate': 4.721914537220807e-06, 'epoch': 7.09}
{'loss': 0.7962, 'grad_norm': 0.628783106803894, 'learning_rate': 4.627940333717758e-06, 'epoch': 7.12}
{'loss': 0.8053, 'grad_norm': 0.6730718016624451, 'learning_rate': 4.534628325399157e-06, 'epoch': 7.15}
{'loss': 0.8183, 'grad_norm': 0.7316452264785767, 'learning_rate': 4.441990014513016e-06, 'epoch': 7.18}
{'loss': 0.8202, 'grad_norm': 0.6833242774009705, 'learning_rate': 4.3500368202629775e-06, 'epoch': 7.22}
{'loss': 0.8181, 'grad_norm': 0.7001683115959167, 'learning_rate': 4.2587800774007485e-06, 'epoch': 7.25}
{'loss': 0.824, 'grad_norm': 0.7493383288383484, 'learning_rate': 4.168231034828873e-06, 'epoch': 7.28}
{'loss': 0.8124, 'grad_norm': 0.7629269957542419, 'learning_rate': 4.078400854214136e-06, 'epoch': 7.31}
{'loss': 0.818, 'grad_norm': 0.695153534412384, 'learning_rate': 3.989300608611709e-06, 'epoch': 7.34}
{'loss': 0.8173, 'grad_norm': 0.6719532012939453, 'learning_rate': 3.90094128110018e-06, 'epoch': 7.38}
{'loss': 0.8085, 'grad_norm': 0.7436710000038147, 'learning_rate': 3.8133337634277556e-06, 'epoch': 7.41}
{'loss': 0.8049, 'grad_norm': 0.6756374835968018, 'learning_rate': 3.726488854669631e-06, 'epoch': 7.44}
{'loss': 0.8037, 'grad_norm': 0.6837874054908752, 'learning_rate': 3.640417259896856e-06, 'epoch': 7.47}
{'loss': 0.812, 'grad_norm': 0.7283159494400024, 'learning_rate': 3.5551295888567304e-06, 'epoch': 7.5}
{'loss': 0.7849, 'grad_norm': 0.656611442565918, 'learning_rate': 3.470636354665006e-06, 'epoch': 7.53}
{'loss': 0.7896, 'grad_norm': 0.867087185382843, 'learning_rate': 3.386947972509944e-06, 'epoch': 7.57}
{'loss': 0.8047, 'grad_norm': 0.6798449754714966, 'learning_rate': 3.3040747583684864e-06, 'epoch': 7.6}
{'loss': 0.7879, 'grad_norm': 0.6325990557670593, 'learning_rate': 3.2220269277346437e-06, 'epoch': 7.63}
{'loss': 0.8126, 'grad_norm': 0.6976392865180969, 'learning_rate': 3.140814594360254e-06, 'epoch': 7.66}
{'loss': 0.8019, 'grad_norm': 0.6413662433624268, 'learning_rate': 3.060447769008311e-06, 'epoch': 7.69}
{'loss': 0.8238, 'grad_norm': 0.6389502286911011, 'learning_rate': 2.980936358218951e-06, 'epoch': 7.73}
{'loss': 0.8054, 'grad_norm': 0.6419520378112793, 'learning_rate': 2.902290163088334e-06, 'epoch': 7.76}
{'loss': 0.8093, 'grad_norm': 0.6630020141601562, 'learning_rate': 2.824518878060475e-06, 'epoch': 7.79}
{'loss': 0.8106, 'grad_norm': 0.7798205018043518, 'learning_rate': 2.7476320897322507e-06, 'epoch': 7.82}
{'loss': 0.7946, 'grad_norm': 0.6801590919494629, 'learning_rate': 2.6716392756717025e-06, 'epoch': 7.85}
{'loss': 0.8088, 'grad_norm': 0.6370115280151367, 'learning_rate': 2.596549803249748e-06, 'epoch': 7.88}
{'loss': 0.7975, 'grad_norm': 0.6543542742729187, 'learning_rate': 2.522372928485526e-06, 'epoch': 7.92}
{'loss': 0.796, 'grad_norm': 0.7811936736106873, 'learning_rate': 2.4491177949054066e-06, 'epoch': 7.95}
{'loss': 0.8015, 'grad_norm': 0.8358662724494934, 'learning_rate': 2.376793432415935e-06, 'epoch': 7.98}
{'eval_loss': 0.8149358034133911, 'eval_runtime': 27.0158, 'eval_samples_per_second': 116.413, 'eval_steps_per_second': 29.131, 'epoch': 8.0}
{'loss': 0.8137, 'grad_norm': 0.777545690536499, 'learning_rate': 2.3054087561907133e-06, 'epoch': 8.01}
{'loss': 0.8125, 'grad_norm': 0.6867467761039734, 'learning_rate': 2.2349725655714784e-06, 'epoch': 8.04}
{'loss': 0.7824, 'grad_norm': 0.6818232536315918, 'learning_rate': 2.165493542983439e-06, 'epoch': 8.08}
{'loss': 0.8066, 'grad_norm': 0.7531458139419556, 'learning_rate': 2.0969802528650052e-06, 'epoch': 8.11}
{'loss': 0.7929, 'grad_norm': 0.6834831237792969, 'learning_rate': 2.0294411406121017e-06, 'epoch': 8.14}
{'loss': 0.8013, 'grad_norm': 0.6902139782905579, 'learning_rate': 1.9628845315371135e-06, 'epoch': 8.17}
{'loss': 0.7824, 'grad_norm': 0.7372279763221741, 'learning_rate': 1.8973186298426715e-06, 'epoch': 8.2}
{'loss': 0.7974, 'grad_norm': 0.6927154660224915, 'learning_rate': 1.8327515176103339e-06, 'epoch': 8.23}
{'loss': 0.8021, 'grad_norm': 0.73399817943573, 'learning_rate': 1.7691911538043426e-06, 'epoch': 8.27}
{'loss': 0.7933, 'grad_norm': 0.7084846496582031, 'learning_rate': 1.7066453732905497e-06, 'epoch': 8.3}
{'loss': 0.8052, 'grad_norm': 0.8216772079467773, 'learning_rate': 1.6451218858706374e-06, 'epoch': 8.33}
{'loss': 0.7832, 'grad_norm': 0.7188557982444763, 'learning_rate': 1.5846282753317665e-06, 'epoch': 8.36}
{'loss': 0.8071, 'grad_norm': 0.6923402547836304, 'learning_rate': 1.525171998511733e-06, 'epoch': 8.39}
{'loss': 0.8041, 'grad_norm': 0.7086453437805176, 'learning_rate': 1.4667603843798106e-06, 'epoch': 8.42}
{'loss': 0.7898, 'grad_norm': 0.7252277135848999, 'learning_rate': 1.40940063313331e-06, 'epoch': 8.46}
{'loss': 0.8163, 'grad_norm': 0.772993803024292, 'learning_rate': 1.3530998153100584e-06, 'epoch': 8.49}
{'loss': 0.7772, 'grad_norm': 0.6622716188430786, 'learning_rate': 1.2978648709168218e-06, 'epoch': 8.52}
{'loss': 0.8014, 'grad_norm': 0.7562302350997925, 'learning_rate': 1.2437026085738413e-06, 'epoch': 8.55}
{'loss': 0.786, 'grad_norm': 0.582801103591919, 'learning_rate': 1.190619704675564e-06, 'epoch': 8.58}
{'loss': 0.798, 'grad_norm': 0.6974304914474487, 'learning_rate': 1.1386227025676533e-06, 'epoch': 8.62}
{'loss': 0.7993, 'grad_norm': 0.6557582020759583, 'learning_rate': 1.0877180117404262e-06, 'epoch': 8.65}
{'loss': 0.8013, 'grad_norm': 0.7745458483695984, 'learning_rate': 1.0379119070387678e-06, 'epoch': 8.68}
{'loss': 0.7707, 'grad_norm': 0.7042557001113892, 'learning_rate': 9.892105278886633e-07, 'epoch': 8.71}
{'loss': 0.799, 'grad_norm': 0.781528115272522, 'learning_rate': 9.416198775403995e-07, 'epoch': 8.74}
{'loss': 0.7893, 'grad_norm': 0.747421383857727, 'learning_rate': 8.951458223285747e-07, 'epoch': 8.77}
{'loss': 0.7899, 'grad_norm': 0.8004472255706787, 'learning_rate': 8.497940909489766e-07, 'epoch': 8.81}
{'loss': 0.7953, 'grad_norm': 0.7135794162750244, 'learning_rate': 8.05570273752414e-07, 'epoch': 8.84}
{'loss': 0.7965, 'grad_norm': 0.7304422855377197, 'learning_rate': 7.624798220556307e-07, 'epoch': 8.87}
{'loss': 0.7999, 'grad_norm': 0.669506311416626, 'learning_rate': 7.205280474693255e-07, 'epoch': 8.9}
{'loss': 0.7809, 'grad_norm': 0.8432424664497375, 'learning_rate': 6.797201212434179e-07, 'epoch': 8.93}
{'loss': 0.8126, 'grad_norm': 0.609116792678833, 'learning_rate': 6.40061073629602e-07, 'epoch': 8.97}
{'loss': 0.7983, 'grad_norm': 0.7279497981071472, 'learning_rate': 6.015557932612814e-07, 'epoch': 9.0}
{'eval_loss': 0.8121975660324097, 'eval_runtime': 27.3031, 'eval_samples_per_second': 115.188, 'eval_steps_per_second': 28.825, 'epoch': 9.0}
{'loss': 0.7897, 'grad_norm': 0.6530455946922302, 'learning_rate': 5.642090265509758e-07, 'epoch': 9.03}
{'loss': 0.7971, 'grad_norm': 0.6133954524993896, 'learning_rate': 5.280253771052335e-07, 'epoch': 9.06}
{'loss': 0.7986, 'grad_norm': 0.641618013381958, 'learning_rate': 4.930093051571727e-07, 'epoch': 9.09}
{'loss': 0.7953, 'grad_norm': 0.7134367227554321, 'learning_rate': 4.5916512701667194e-07, 'epoch': 9.12}
{'loss': 0.8037, 'grad_norm': 0.6699119806289673, 'learning_rate': 4.264970145383218e-07, 'epoch': 9.16}
{'loss': 0.8054, 'grad_norm': 0.8352096080780029, 'learning_rate': 3.950089946071789e-07, 'epoch': 9.19}
{'loss': 0.8009, 'grad_norm': 0.630282461643219, 'learning_rate': 3.647049486423715e-07, 'epoch': 9.22}
{'loss': 0.7992, 'grad_norm': 0.6609625220298767, 'learning_rate': 3.3558861211866465e-07, 'epoch': 9.25}
{'loss': 0.8001, 'grad_norm': 0.7601251602172852, 'learning_rate': 3.076635741059897e-07, 'epoch': 9.28}
{'loss': 0.7645, 'grad_norm': 0.653581440448761, 'learning_rate': 2.8093327682704455e-07, 'epoch': 9.31}
{'loss': 0.7848, 'grad_norm': 0.8650033473968506, 'learning_rate': 2.554010152329689e-07, 'epoch': 9.35}
{'loss': 0.7942, 'grad_norm': 0.6383618712425232, 'learning_rate': 2.3106993659719912e-07, 'epoch': 9.38}
{'loss': 0.7903, 'grad_norm': 0.6878283619880676, 'learning_rate': 2.079430401275062e-07, 'epoch': 9.41}
{'loss': 0.8052, 'grad_norm': 0.6675869226455688, 'learning_rate': 1.8602317659630164e-07, 'epoch': 9.44}
{'loss': 0.7941, 'grad_norm': 0.7357382774353027, 'learning_rate': 1.6531304798922175e-07, 'epoch': 9.47}
{'loss': 0.7769, 'grad_norm': 0.8144698143005371, 'learning_rate': 1.4581520717207532e-07, 'epoch': 9.51}
{'loss': 0.7652, 'grad_norm': 0.7683680057525635, 'learning_rate': 1.2753205757615184e-07, 'epoch': 9.54}
{'loss': 0.7977, 'grad_norm': 0.7188193798065186, 'learning_rate': 1.1046585290196199e-07, 'epoch': 9.57}
{'loss': 0.8113, 'grad_norm': 0.6537307500839233, 'learning_rate': 9.461869684143532e-08, 'epoch': 9.6}
{'loss': 0.7902, 'grad_norm': 0.6349883675575256, 'learning_rate': 7.99925428185988e-08, 'epoch': 9.63}
{'loss': 0.7923, 'grad_norm': 0.674331545829773, 'learning_rate': 6.658919374878836e-08, 'epoch': 9.66}
{'loss': 0.7757, 'grad_norm': 0.6884111762046814, 'learning_rate': 5.4410301816409936e-08, 'epoch': 9.7}
{'loss': 0.7954, 'grad_norm': 0.7295176982879639, 'learning_rate': 4.345736827128133e-08, 'epoch': 9.73}
{'loss': 0.7776, 'grad_norm': 0.6560483574867249, 'learning_rate': 3.373174324357464e-08, 'epoch': 9.76}
{'loss': 0.8021, 'grad_norm': 0.6834838390350342, 'learning_rate': 2.523462557739609e-08, 'epoch': 9.79}
{'loss': 0.8025, 'grad_norm': 0.662132978439331, 'learning_rate': 1.7967062683001968e-08, 'epoch': 9.82}
{'loss': 0.7974, 'grad_norm': 0.7595449686050415, 'learning_rate': 1.192995040769307e-08, 'epoch': 9.86}
{'loss': 0.7936, 'grad_norm': 0.6459892392158508, 'learning_rate': 7.1240329253852155e-09, 'epoch': 9.89}
{'loss': 0.8028, 'grad_norm': 1.0271812677383423, 'learning_rate': 3.5499026448782006e-09, 'epoch': 9.92}
{'loss': 0.7846, 'grad_norm': 0.6170012950897217, 'learning_rate': 1.2080001368286466e-09, 'epoch': 9.95}
{'loss': 0.7893, 'grad_norm': 0.6800471544265747, 'learning_rate': 9.861407944566914e-11, 'epoch': 9.98}
{'eval_loss': 0.8121820092201233, 'eval_runtime': 27.0862, 'eval_samples_per_second': 116.111, 'eval_steps_per_second': 29.055, 'epoch': 10.0}
{'train_runtime': 6453.0573, 'train_samples_per_second': 38.995, 'train_steps_per_second': 2.436, 'train_loss': 1.1439861041595614, 'epoch': 10.0}

[DEBUG] Training completed for fold 1
[DEBUG] Best eval loss: 0.812182
[DEBUG] Best model checkpoint: grn_syll_600M/fold_1/checkpoint-15720
[DEBUG] Training metrics saved to: grn_syll_600M/fold_1/training_metrics.json

[DEBUG] Current fold results ranking:
  * Fold 0: eval_loss = 0.798816
    Fold 1: eval_loss = 0.812182
[DEBUG] GPU memory cleared after fold 1

[DEBUG] Fold 2:
  Train: 25,164 examples (folds: [0, 1, 3, 4])
  Dev:   3,145 examples (first half of fold 2)
  Test:  3,145 examples (SECOND HALF of fold 2 - saved for later)
  This fold's test set is DIFFERENT from other folds' test sets
[DEBUG] Data saved to: grn_syll_600M/fold_2/data
    - train.eng/train.nav (25164 pairs)
    - dev.eng/dev.nav (3145 pairs)
    - test.eng/test.nav (3145 pairs) - FOR LATER TESTING

********************************************************************************
* FOLD 2 STARTING
********************************************************************************
[DEBUG] Fold 2 data distribution:
  Training: 25,164 examples (folds other than 2)
  Development: 3,145 examples (first half of fold 2)
  Test: 3,145 examples (second half of fold 2 - SAVED, NOT USED)

################################################################################
# FOLD 2 TRAINING STARTING
################################################################################

[DEBUG] Device: cuda
[DEBUG] GPU: NVIDIA A100-SXM4-80GB
[DEBUG] GPU Memory: 85.09 GB
[DEBUG] Current GPU memory allocated: 4.95 GB

[DEBUG] Fold output directory: grn_syll_600M/fold_2

[DEBUG] Loading model: facebook/nllb-200-distilled-600M

[DEBUG] Applying FOMA syllabification to training data...
[DEBUG] Sample before syllabification: Nít'éé' dziłghą́ą́'góó haaskai, áádóó Éshkol honíteel góyaa yíkaigo kéyah hadeisid....
[DEBUG] Sample after syllabification: Ní@ @t'éé' dził@ @ghą́ą́'@ @góó haas@ @kai, áá@ @dóó Éshkol ho@ @ní@ @teel gó@ @yaa yí@ @kai@ @go ké...
[DEBUG] @ symbols in syllabified sample: 26
[DEBUG] Model moved to cuda

[DEBUG] Tokenizer configuration:
  Source language: eng_Latn
  Target language: grn_Latn
[DEBUG] Model decoder configuration:
  forced_bos_token_id: 256063 (grn_Latn)
  decoder_start_token_id: 256063

[DEBUG] Creating datasets...

[DEBUG] Tokenizing datasets...

[DEBUG] Tokenization stats:
  Train dataset size: 25164
  Dev dataset size: 3145

[DEBUG] Sample tokenized example:
  Example 0:
    input_ids length: 28
    labels length: 69
    attention_mask length: 28
  Example 1:
    input_ids length: 8
    labels length: 32
    attention_mask length: 8
  Example 2:
    input_ids length: 48
    labels length: 220
    attention_mask length: 48

[DEBUG] Training arguments:
  Output directory: grn_syll_600M/fold_2
  Learning rate: 2e-05
  Batch size (per device): 4
  Gradient accumulation: 4
  Effective batch size: 16
  Epochs: 10
  BF16 enabled: True

[DEBUG] Starting training for fold 2...
[DEBUG] Training samples: 25164
[DEBUG] Validation samples: 3145
[DEBUG] NOTE: Test set from fold 2 is NOT being used
{'loss': 6.6033, 'grad_norm': 5.354318618774414, 'learning_rate': 6.361323155216286e-07, 'epoch': 0.03}
{'loss': 6.4005, 'grad_norm': 4.511274337768555, 'learning_rate': 1.2722646310432571e-06, 'epoch': 0.06}
{'loss': 5.8988, 'grad_norm': 2.503021001815796, 'learning_rate': 1.908396946564886e-06, 'epoch': 0.1}
{'loss': 5.0714, 'grad_norm': 1.9247264862060547, 'learning_rate': 2.5445292620865143e-06, 'epoch': 0.13}
{'loss': 4.2219, 'grad_norm': 1.7698369026184082, 'learning_rate': 3.1806615776081427e-06, 'epoch': 0.16}
{'loss': 3.6164, 'grad_norm': 1.15438711643219, 'learning_rate': 3.816793893129772e-06, 'epoch': 0.19}
{'loss': 3.2394, 'grad_norm': 1.5739388465881348, 'learning_rate': 4.4529262086514e-06, 'epoch': 0.22}
{'loss': 3.0283, 'grad_norm': 0.9532006978988647, 'learning_rate': 5.0890585241730285e-06, 'epoch': 0.25}
{'loss': 2.8802, 'grad_norm': 0.8043356537818909, 'learning_rate': 5.725190839694656e-06, 'epoch': 0.29}
{'loss': 2.7812, 'grad_norm': 0.8118667006492615, 'learning_rate': 6.3613231552162854e-06, 'epoch': 0.32}
{'loss': 2.7047, 'grad_norm': 1.1563732624053955, 'learning_rate': 6.997455470737914e-06, 'epoch': 0.35}
{'loss': 2.6336, 'grad_norm': 0.6994320750236511, 'learning_rate': 7.633587786259543e-06, 'epoch': 0.38}
{'loss': 2.5534, 'grad_norm': 0.7449737787246704, 'learning_rate': 8.26972010178117e-06, 'epoch': 0.41}
{'loss': 2.4915, 'grad_norm': 0.6969825029373169, 'learning_rate': 8.9058524173028e-06, 'epoch': 0.45}
{'loss': 2.4408, 'grad_norm': 0.6785513758659363, 'learning_rate': 9.54198473282443e-06, 'epoch': 0.48}
{'loss': 2.3761, 'grad_norm': 0.771710991859436, 'learning_rate': 1.0178117048346057e-05, 'epoch': 0.51}
{'loss': 2.3547, 'grad_norm': 0.8821771740913391, 'learning_rate': 1.0814249363867686e-05, 'epoch': 0.54}
{'loss': 2.296, 'grad_norm': 0.8122594952583313, 'learning_rate': 1.1450381679389312e-05, 'epoch': 0.57}
{'loss': 2.2606, 'grad_norm': 0.8567063212394714, 'learning_rate': 1.2086513994910942e-05, 'epoch': 0.6}
{'loss': 2.1937, 'grad_norm': 0.9675130248069763, 'learning_rate': 1.2722646310432571e-05, 'epoch': 0.64}
{'loss': 2.1488, 'grad_norm': 0.7347103953361511, 'learning_rate': 1.3358778625954198e-05, 'epoch': 0.67}
{'loss': 2.0972, 'grad_norm': 0.8207456469535828, 'learning_rate': 1.3994910941475828e-05, 'epoch': 0.7}
{'loss': 2.0427, 'grad_norm': 0.9349430203437805, 'learning_rate': 1.4631043256997457e-05, 'epoch': 0.73}
{'loss': 1.9987, 'grad_norm': 0.8702278733253479, 'learning_rate': 1.5267175572519086e-05, 'epoch': 0.76}
{'loss': 1.9503, 'grad_norm': 0.8998357653617859, 'learning_rate': 1.5903307888040712e-05, 'epoch': 0.79}
{'loss': 1.9035, 'grad_norm': 0.8453686833381653, 'learning_rate': 1.653944020356234e-05, 'epoch': 0.83}
{'loss': 1.8776, 'grad_norm': 0.8622952103614807, 'learning_rate': 1.717557251908397e-05, 'epoch': 0.86}
{'loss': 1.842, 'grad_norm': 0.8835301995277405, 'learning_rate': 1.78117048346056e-05, 'epoch': 0.89}
{'loss': 1.8077, 'grad_norm': 0.7734978795051575, 'learning_rate': 1.844783715012723e-05, 'epoch': 0.92}
{'loss': 1.7798, 'grad_norm': 0.7432845234870911, 'learning_rate': 1.908396946564886e-05, 'epoch': 0.95}
{'loss': 1.7439, 'grad_norm': 0.7680884599685669, 'learning_rate': 1.9720101781170485e-05, 'epoch': 0.99}
{'eval_loss': 1.581931710243225, 'eval_runtime': 27.2381, 'eval_samples_per_second': 115.463, 'eval_steps_per_second': 28.893, 'epoch': 1.0}
{'loss': 1.7048, 'grad_norm': 0.7480800747871399, 'learning_rate': 1.9999806716709255e-05, 'epoch': 1.02}
{'loss': 1.6878, 'grad_norm': 0.7867772579193115, 'learning_rate': 1.999850011488216e-05, 'epoch': 1.05}
{'loss': 1.6525, 'grad_norm': 0.8077550530433655, 'learning_rate': 1.9995961032584046e-05, 'epoch': 1.08}
{'loss': 1.6366, 'grad_norm': 0.8114506602287292, 'learning_rate': 1.9992189782798795e-05, 'epoch': 1.11}
{'loss': 1.6115, 'grad_norm': 0.757116436958313, 'learning_rate': 1.99871868303953e-05, 'epoch': 1.14}
{'loss': 1.6023, 'grad_norm': 0.8421105146408081, 'learning_rate': 1.9980952792070175e-05, 'epoch': 1.18}
{'loss': 1.5363, 'grad_norm': 0.7990317940711975, 'learning_rate': 1.9973488436271728e-05, 'epoch': 1.21}
{'loss': 1.5367, 'grad_norm': 0.761920154094696, 'learning_rate': 1.996479468310524e-05, 'epoch': 1.24}
{'loss': 1.5324, 'grad_norm': 0.8333998322486877, 'learning_rate': 1.9954872604219543e-05, 'epoch': 1.27}
{'loss': 1.5159, 'grad_norm': 0.7462418079376221, 'learning_rate': 1.994372342267493e-05, 'epoch': 1.3}
{'loss': 1.484, 'grad_norm': 0.686492919921875, 'learning_rate': 1.993134851279238e-05, 'epoch': 1.34}
{'loss': 1.4737, 'grad_norm': 0.8146360516548157, 'learning_rate': 1.991774939998417e-05, 'epoch': 1.37}
{'loss': 1.4695, 'grad_norm': 0.7401486039161682, 'learning_rate': 1.9902927760565824e-05, 'epoch': 1.4}
{'loss': 1.4519, 'grad_norm': 0.7705792188644409, 'learning_rate': 1.988688542154948e-05, 'epoch': 1.43}
{'loss': 1.4339, 'grad_norm': 0.7886456251144409, 'learning_rate': 1.98696243604187e-05, 'epoch': 1.46}
{'loss': 1.4004, 'grad_norm': 0.7673792243003845, 'learning_rate': 1.9851146704884684e-05, 'epoch': 1.49}
{'loss': 1.4017, 'grad_norm': 0.6453444957733154, 'learning_rate': 1.9831454732624023e-05, 'epoch': 1.53}
{'loss': 1.3997, 'grad_norm': 0.7378770709037781, 'learning_rate': 1.9810550870997914e-05, 'epoch': 1.56}
{'loss': 1.3808, 'grad_norm': 0.8053925633430481, 'learning_rate': 1.9788437696752965e-05, 'epoch': 1.59}
{'loss': 1.3695, 'grad_norm': 0.8101006746292114, 'learning_rate': 1.9765117935703556e-05, 'epoch': 1.62}
{'loss': 1.3535, 'grad_norm': 0.7465166449546814, 'learning_rate': 1.9740594462395844e-05, 'epoch': 1.65}
{'loss': 1.3409, 'grad_norm': 0.7490687966346741, 'learning_rate': 1.9714870299753425e-05, 'epoch': 1.68}
{'loss': 1.3256, 'grad_norm': 0.7597240209579468, 'learning_rate': 1.9687948618704713e-05, 'epoch': 1.72}
{'loss': 1.3309, 'grad_norm': 0.7020238041877747, 'learning_rate': 1.9659832737792065e-05, 'epoch': 1.75}
{'loss': 1.3205, 'grad_norm': 0.7948420643806458, 'learning_rate': 1.963052612276272e-05, 'epoch': 1.78}
{'loss': 1.3097, 'grad_norm': 0.844033420085907, 'learning_rate': 1.9600032386141578e-05, 'epoch': 1.81}
{'loss': 1.3046, 'grad_norm': 0.855206310749054, 'learning_rate': 1.9568355286785916e-05, 'epoch': 1.84}
{'loss': 1.28, 'grad_norm': 0.7349919676780701, 'learning_rate': 1.9535498729422034e-05, 'epoch': 1.88}
{'loss': 1.2945, 'grad_norm': 0.7626545429229736, 'learning_rate': 1.950146676416393e-05, 'epoch': 1.91}
{'loss': 1.2715, 'grad_norm': 0.832819402217865, 'learning_rate': 1.9466263586014062e-05, 'epoch': 1.94}
{'loss': 1.2667, 'grad_norm': 0.7859283089637756, 'learning_rate': 1.9429893534346248e-05, 'epoch': 1.97}
