========================================================
STARTING EXPERIMENT: grn_NOsyll_600M
Started at: Tue Mar  3 10:28:31 AM EST 2026
========================================================
CONFIGURATION:
  Experiment: grn_NOsyll_600M
  Target language: grn_Latn
  Syllabification: --no_syllabify
  Model: 600M
  Learning rate: 2e-5
  Epochs: 10
  Batch size: 4
  Output dir: grn_NOsyll_600M
========================================================
All input files found.
========================================================
NVIDIA A100-SXM4-80GB, 81920 MiB
Starting training at: Tue Mar  3 10:28:32 AM EST 2026

================================================================================
ENGLISH→NAVAJO TRAINING PIPELINE
================================================================================
[DEBUG] Configuration:
  Model size: 600M
  Target language: grn_Latn
  Syllabification: DISABLED
  Output directory: grn_NOsyll_600M
  Epochs per fold: 10
  Batch size: 4
  Gradient accumulation: 4
  Learning rate: 2e-05
  Max sequence length: 256
  K-folds: 5
  Random seed: 42
================================================================================

============================================================
[DEBUG] Loading Bible data...
[DEBUG] English file: aligned_bibles/english_nlt.txt
[DEBUG] Navajo file: aligned_bibles/navajo_nvjob.txt
[DEBUG] Loaded 30,020 pairs
[DEBUG] First English sample: And it came to pass after this, that the king of the children of Ammon died, and Hanun his son reign...
[DEBUG] First Navajo sample: Kódahóót'įįdóó bik'ijį' Áman dine'é aláahgo binanit'a'í daaztsą́ągo bitsásk'ehgi biye' Héínan aláahg...
============================================================

============================================================
[DEBUG] Loading User data...
[DEBUG] English file: my_english.txt
[DEBUG] Navajo file: my_navajo.txt
[DEBUG] Loaded 1,434 pairs
[DEBUG] First English sample: There are stories which tell of the events which took place long ago on this earth of ours....
[DEBUG] First Navajo sample: Ałk’idą́ą́’díínahasdzáánnihiłdahsi’ánígííbikáa’gi’ádahóót’įįdha’níigobaadahane’...
============================================================

[DEBUG] Combined dataset statistics:
  Bible pairs: 30,020
  User pairs: 1,434
  Total pairs: 31,454
[DEBUG] Full dataset saved to: grn_NOsyll_600M/full_dataset

============================================================
[DEBUG] Creating 5-fold splits from 31454 total examples
[DEBUG] Random seed: 42
[DEBUG] Fold 0 size: 6,290 examples
[DEBUG] Fold 1 size: 6,290 examples
[DEBUG] Fold 2 size: 6,290 examples
[DEBUG] Fold 3 size: 6,290 examples
[DEBUG] Fold 4 size: 6,294 examples

[DEBUG] Fold 0:
  Train: 25,164 examples (folds: [1, 2, 3, 4])
  Dev:   3,145 examples (first half of fold 0)
  Test:  3,145 examples (SECOND HALF of fold 0 - saved for later)
  This fold's test set is DIFFERENT from other folds' test sets
[DEBUG] Data saved to: grn_NOsyll_600M/fold_0/data
    - train.eng/train.nav (25164 pairs)
    - dev.eng/dev.nav (3145 pairs)
    - test.eng/test.nav (3145 pairs) - FOR LATER TESTING

********************************************************************************
* FOLD 0 STARTING
********************************************************************************
[DEBUG] Fold 0 data distribution:
  Training: 25,164 examples (folds other than 0)
  Development: 3,145 examples (first half of fold 0)
  Test: 3,145 examples (second half of fold 0 - SAVED, NOT USED)

################################################################################
# FOLD 0 TRAINING STARTING
################################################################################

[DEBUG] Device: cuda
[DEBUG] GPU: NVIDIA A100-SXM4-80GB
[DEBUG] GPU Memory: 85.09 GB
[DEBUG] Current GPU memory allocated: 0.00 GB

[DEBUG] Fold output directory: grn_NOsyll_600M/fold_0

[DEBUG] Loading model: facebook/nllb-200-distilled-600M

[DEBUG] Syllabification disabled - using raw text
[DEBUG] Model moved to cuda

[DEBUG] Tokenizer configuration:
  Source language: eng_Latn
  Target language: grn_Latn
[DEBUG] Model decoder configuration:
  forced_bos_token_id: 256063 (grn_Latn)
  decoder_start_token_id: 256063

[DEBUG] Creating datasets...

[DEBUG] Tokenizing datasets...

[DEBUG] Tokenization stats:
  Train dataset size: 25164
  Dev dataset size: 3145

[DEBUG] Sample tokenized example:
  Example 0:
    input_ids length: 52
    labels length: 132
    attention_mask length: 52
  Example 1:
    input_ids length: 24
    labels length: 54
    attention_mask length: 24
  Example 2:
    input_ids length: 84
    labels length: 180
    attention_mask length: 84

[DEBUG] Training arguments:
  Output directory: grn_NOsyll_600M/fold_0
  Learning rate: 2e-05
  Batch size (per device): 4
  Gradient accumulation: 4
  Effective batch size: 16
  Epochs: 10
  BF16 enabled: True

[DEBUG] Starting training for fold 0...
[DEBUG] Training samples: 25164
[DEBUG] Validation samples: 3145
[DEBUG] NOTE: Test set from fold 0 is NOT being used
{'loss': 9.0261, 'grad_norm': 7.146336555480957, 'learning_rate': 6.361323155216286e-07, 'epoch': 0.03}
{'loss': 8.8337, 'grad_norm': 5.802145004272461, 'learning_rate': 1.2722646310432571e-06, 'epoch': 0.06}
{'loss': 8.2577, 'grad_norm': 3.7955894470214844, 'learning_rate': 1.908396946564886e-06, 'epoch': 0.1}
{'loss': 7.3944, 'grad_norm': 2.229156255722046, 'learning_rate': 2.5445292620865143e-06, 'epoch': 0.13}
{'loss': 6.6248, 'grad_norm': 1.539629340171814, 'learning_rate': 3.1806615776081427e-06, 'epoch': 0.16}
{'loss': 6.0688, 'grad_norm': 1.4639889001846313, 'learning_rate': 3.816793893129772e-06, 'epoch': 0.19}
{'loss': 5.7051, 'grad_norm': 1.284164547920227, 'learning_rate': 4.4529262086514e-06, 'epoch': 0.22}
{'loss': 5.3804, 'grad_norm': 1.260765790939331, 'learning_rate': 5.0890585241730285e-06, 'epoch': 0.25}
{'loss': 5.0878, 'grad_norm': 1.1761101484298706, 'learning_rate': 5.725190839694656e-06, 'epoch': 0.29}
{'loss': 4.8295, 'grad_norm': 1.2801826000213623, 'learning_rate': 6.3613231552162854e-06, 'epoch': 0.32}
{'loss': 4.6659, 'grad_norm': 1.2583740949630737, 'learning_rate': 6.997455470737914e-06, 'epoch': 0.35}
{'loss': 4.4774, 'grad_norm': 1.1569609642028809, 'learning_rate': 7.633587786259543e-06, 'epoch': 0.38}
{'loss': 4.2848, 'grad_norm': 1.2504459619522095, 'learning_rate': 8.26972010178117e-06, 'epoch': 0.41}
{'loss': 4.174, 'grad_norm': 1.261269450187683, 'learning_rate': 8.9058524173028e-06, 'epoch': 0.45}
{'loss': 4.0426, 'grad_norm': 1.2603819370269775, 'learning_rate': 9.54198473282443e-06, 'epoch': 0.48}
{'loss': 3.8921, 'grad_norm': 1.3435949087142944, 'learning_rate': 1.0178117048346057e-05, 'epoch': 0.51}
{'loss': 3.8172, 'grad_norm': 1.43892502784729, 'learning_rate': 1.0814249363867686e-05, 'epoch': 0.54}
{'loss': 3.7174, 'grad_norm': 1.1919283866882324, 'learning_rate': 1.1450381679389312e-05, 'epoch': 0.57}
{'loss': 3.6261, 'grad_norm': 1.1809788942337036, 'learning_rate': 1.2086513994910942e-05, 'epoch': 0.6}
{'loss': 3.531, 'grad_norm': 1.262369990348816, 'learning_rate': 1.2722646310432571e-05, 'epoch': 0.64}
{'loss': 3.4441, 'grad_norm': 1.2948414087295532, 'learning_rate': 1.3358778625954198e-05, 'epoch': 0.67}
{'loss': 3.3633, 'grad_norm': 1.1806398630142212, 'learning_rate': 1.3994910941475828e-05, 'epoch': 0.7}
{'loss': 3.3075, 'grad_norm': 1.2903496026992798, 'learning_rate': 1.4631043256997457e-05, 'epoch': 0.73}
{'loss': 3.2298, 'grad_norm': 1.216522455215454, 'learning_rate': 1.5267175572519086e-05, 'epoch': 0.76}
{'loss': 3.1643, 'grad_norm': 1.2552614212036133, 'learning_rate': 1.5903307888040712e-05, 'epoch': 0.79}
{'loss': 3.1226, 'grad_norm': 1.316066026687622, 'learning_rate': 1.653944020356234e-05, 'epoch': 0.83}
{'loss': 3.0754, 'grad_norm': 1.1967309713363647, 'learning_rate': 1.717557251908397e-05, 'epoch': 0.86}
{'loss': 3.0282, 'grad_norm': 1.1447336673736572, 'learning_rate': 1.78117048346056e-05, 'epoch': 0.89}
{'loss': 2.9638, 'grad_norm': 1.2951991558074951, 'learning_rate': 1.844783715012723e-05, 'epoch': 0.92}
{'loss': 2.9051, 'grad_norm': 1.2505874633789062, 'learning_rate': 1.908396946564886e-05, 'epoch': 0.95}
{'loss': 2.8825, 'grad_norm': 1.2236371040344238, 'learning_rate': 1.9720101781170485e-05, 'epoch': 0.99}
{'eval_loss': 2.6020772457122803, 'eval_runtime': 25.2548, 'eval_samples_per_second': 124.531, 'eval_steps_per_second': 31.162, 'epoch': 1.0}
{'loss': 2.8257, 'grad_norm': 1.1852391958236694, 'learning_rate': 1.9999806716709255e-05, 'epoch': 1.02}
{'loss': 2.789, 'grad_norm': 1.2415379285812378, 'learning_rate': 1.999850011488216e-05, 'epoch': 1.05}
{'loss': 2.7252, 'grad_norm': 1.2620257139205933, 'learning_rate': 1.9995961032584046e-05, 'epoch': 1.08}
{'loss': 2.711, 'grad_norm': 1.3207303285598755, 'learning_rate': 1.9992189782798795e-05, 'epoch': 1.11}
{'loss': 2.6574, 'grad_norm': 1.357105016708374, 'learning_rate': 1.99871868303953e-05, 'epoch': 1.14}
{'loss': 2.6147, 'grad_norm': 1.2304247617721558, 'learning_rate': 1.9980952792070175e-05, 'epoch': 1.18}
{'loss': 2.616, 'grad_norm': 1.2388617992401123, 'learning_rate': 1.9973488436271728e-05, 'epoch': 1.21}
{'loss': 2.5804, 'grad_norm': 1.294643759727478, 'learning_rate': 1.996479468310524e-05, 'epoch': 1.24}
{'loss': 2.5108, 'grad_norm': 1.3898735046386719, 'learning_rate': 1.9954872604219543e-05, 'epoch': 1.27}
{'loss': 2.5275, 'grad_norm': 1.2053838968276978, 'learning_rate': 1.994372342267493e-05, 'epoch': 1.3}
{'loss': 2.4832, 'grad_norm': 1.2880536317825317, 'learning_rate': 1.993134851279238e-05, 'epoch': 1.34}
{'loss': 2.4745, 'grad_norm': 1.341612458229065, 'learning_rate': 1.991774939998417e-05, 'epoch': 1.37}
{'loss': 2.4507, 'grad_norm': 1.1305516958236694, 'learning_rate': 1.9902927760565824e-05, 'epoch': 1.4}
{'loss': 2.4283, 'grad_norm': 1.1372274160385132, 'learning_rate': 1.988688542154948e-05, 'epoch': 1.43}
{'loss': 2.4053, 'grad_norm': 1.2048932313919067, 'learning_rate': 1.98696243604187e-05, 'epoch': 1.46}
{'loss': 2.3859, 'grad_norm': 1.2096564769744873, 'learning_rate': 1.9851146704884684e-05, 'epoch': 1.49}
{'loss': 2.3877, 'grad_norm': 1.3254354000091553, 'learning_rate': 1.9831454732624023e-05, 'epoch': 1.53}
{'loss': 2.3553, 'grad_norm': 1.2648987770080566, 'learning_rate': 1.9810550870997914e-05, 'epoch': 1.56}
{'loss': 2.3208, 'grad_norm': 1.139419674873352, 'learning_rate': 1.9788437696752965e-05, 'epoch': 1.59}
{'loss': 2.3358, 'grad_norm': 1.36806058883667, 'learning_rate': 1.9765117935703556e-05, 'epoch': 1.62}
{'loss': 2.2852, 'grad_norm': 1.1096378564834595, 'learning_rate': 1.9740594462395844e-05, 'epoch': 1.65}
{'loss': 2.2846, 'grad_norm': 1.1871358156204224, 'learning_rate': 1.9714870299753425e-05, 'epoch': 1.68}
{'loss': 2.2266, 'grad_norm': 1.2252650260925293, 'learning_rate': 1.9687948618704713e-05, 'epoch': 1.72}
{'loss': 2.2352, 'grad_norm': 1.19175124168396, 'learning_rate': 1.9659832737792065e-05, 'epoch': 1.75}
{'loss': 2.1993, 'grad_norm': 1.1641560792922974, 'learning_rate': 1.963052612276272e-05, 'epoch': 1.78}
{'loss': 2.231, 'grad_norm': 1.2236876487731934, 'learning_rate': 1.9600032386141578e-05, 'epoch': 1.81}
{'loss': 2.2082, 'grad_norm': 1.3391859531402588, 'learning_rate': 1.9568355286785916e-05, 'epoch': 1.84}
{'loss': 2.1827, 'grad_norm': 1.1118457317352295, 'learning_rate': 1.9535498729422034e-05, 'epoch': 1.88}
{'loss': 2.1808, 'grad_norm': 1.335160493850708, 'learning_rate': 1.950146676416393e-05, 'epoch': 1.91}
{'loss': 2.1501, 'grad_norm': 1.183882236480713, 'learning_rate': 1.9466263586014062e-05, 'epoch': 1.94}
{'loss': 2.1459, 'grad_norm': 1.3267037868499756, 'learning_rate': 1.9429893534346248e-05, 'epoch': 1.97}
{'eval_loss': 1.9465750455856323, 'eval_runtime': 25.2838, 'eval_samples_per_second': 124.388, 'eval_steps_per_second': 31.127, 'epoch': 2.0}
{'loss': 2.1173, 'grad_norm': 1.1386353969573975, 'learning_rate': 1.9392361092370756e-05, 'epoch': 2.0}
{'loss': 2.0997, 'grad_norm': 1.1285256147384644, 'learning_rate': 1.9353670886581683e-05, 'epoch': 2.03}
{'loss': 2.0809, 'grad_norm': 1.2750768661499023, 'learning_rate': 1.9313827686186664e-05, 'epoch': 2.07}
{'loss': 2.0685, 'grad_norm': 1.242106318473816, 'learning_rate': 1.927283640251898e-05, 'epoch': 2.1}
{'loss': 2.0719, 'grad_norm': 1.1343715190887451, 'learning_rate': 1.923070208843216e-05, 'epoch': 2.13}
{'loss': 2.0583, 'grad_norm': 1.1863073110580444, 'learning_rate': 1.9187429937677136e-05, 'epoch': 2.16}
{'loss': 2.0296, 'grad_norm': 1.2635828256607056, 'learning_rate': 1.9143025284262022e-05, 'epoch': 2.19}
{'loss': 2.0293, 'grad_norm': 1.1444894075393677, 'learning_rate': 1.909749360179461e-05, 'epoch': 2.23}
{'loss': 2.0148, 'grad_norm': 1.1771425008773804, 'learning_rate': 1.9050840502807665e-05, 'epoch': 2.26}
{'loss': 2.0281, 'grad_norm': 1.294171690940857, 'learning_rate': 1.9003071738067073e-05, 'epoch': 2.29}
{'loss': 1.98, 'grad_norm': 1.1489711999893188, 'learning_rate': 1.895419319586298e-05, 'epoch': 2.32}
{'loss': 2.0058, 'grad_norm': 1.1830596923828125, 'learning_rate': 1.890421090128395e-05, 'epoch': 2.35}
{'loss': 1.9885, 'grad_norm': 1.275154709815979, 'learning_rate': 1.8853131015474278e-05, 'epoch': 2.38}
{'loss': 1.9736, 'grad_norm': 1.3469117879867554, 'learning_rate': 1.8800959834874534e-05, 'epoch': 2.42}
{'loss': 2.0136, 'grad_norm': 1.1430104970932007, 'learning_rate': 1.8747703790445412e-05, 'epoch': 2.45}
{'loss': 1.9544, 'grad_norm': 1.3246264457702637, 'learning_rate': 1.8693369446875008e-05, 'epoch': 2.48}
{'loss': 1.9567, 'grad_norm': 1.2047537565231323, 'learning_rate': 1.8637963501769625e-05, 'epoch': 2.51}
{'loss': 1.9243, 'grad_norm': 1.26145601272583, 'learning_rate': 1.858149278482817e-05, 'epoch': 2.54}
{'loss': 1.9276, 'grad_norm': 1.1498839855194092, 'learning_rate': 1.8523964257000288e-05, 'epoch': 2.58}
{'loss': 1.9306, 'grad_norm': 1.3426487445831299, 'learning_rate': 1.8465385009628308e-05, 'epoch': 2.61}
{'loss': 1.9455, 'grad_norm': 1.1034594774246216, 'learning_rate': 1.8405762263573108e-05, 'epoch': 2.64}
{'loss': 1.879, 'grad_norm': 1.2595627307891846, 'learning_rate': 1.834510336832405e-05, 'epoch': 2.67}
{'loss': 1.8938, 'grad_norm': 1.0791665315628052, 'learning_rate': 1.8283415801093007e-05, 'epoch': 2.7}
{'loss': 1.8797, 'grad_norm': 1.2360022068023682, 'learning_rate': 1.8220707165892682e-05, 'epoch': 2.73}
{'loss': 1.9059, 'grad_norm': 1.1762181520462036, 'learning_rate': 1.815698519259929e-05, 'epoch': 2.77}
{'loss': 1.893, 'grad_norm': 1.1463955640792847, 'learning_rate': 1.8092257735999734e-05, 'epoch': 2.8}
{'loss': 1.8812, 'grad_norm': 1.2215890884399414, 'learning_rate': 1.8026532774823343e-05, 'epoch': 2.83}
{'loss': 1.8722, 'grad_norm': 1.1949138641357422, 'learning_rate': 1.7959818410758395e-05, 'epoch': 2.86}
{'loss': 1.9023, 'grad_norm': 1.3174511194229126, 'learning_rate': 1.789212286745342e-05, 'epoch': 2.89}
{'loss': 1.8419, 'grad_norm': 1.1685408353805542, 'learning_rate': 1.7823454489503526e-05, 'epoch': 2.92}
{'loss': 1.8404, 'grad_norm': 1.254468321800232, 'learning_rate': 1.775382174142177e-05, 'epoch': 2.96}
{'loss': 1.8245, 'grad_norm': 1.4849703311920166, 'learning_rate': 1.768323320659578e-05, 'epoch': 2.99}
{'eval_loss': 1.6858210563659668, 'eval_runtime': 25.1158, 'eval_samples_per_second': 125.22, 'eval_steps_per_second': 31.335, 'epoch': 3.0}
{'loss': 1.7945, 'grad_norm': 1.2031910419464111, 'learning_rate': 1.7611697586229695e-05, 'epoch': 3.02}
{'loss': 1.8169, 'grad_norm': 1.3169522285461426, 'learning_rate': 1.753922369827162e-05, 'epoch': 3.05}
{'loss': 1.7918, 'grad_norm': 1.1170045137405396, 'learning_rate': 1.7465820476326656e-05, 'epoch': 3.08}
{'loss': 1.7917, 'grad_norm': 1.1539380550384521, 'learning_rate': 1.7391496968555667e-05, 'epoch': 3.12}
{'loss': 1.8028, 'grad_norm': 1.2421334981918335, 'learning_rate': 1.7316262336559978e-05, 'epoch': 3.15}
{'loss': 1.7977, 'grad_norm': 1.1528478860855103, 'learning_rate': 1.7240125854252043e-05, 'epoch': 3.18}
{'loss': 1.7695, 'grad_norm': 1.3794307708740234, 'learning_rate': 1.7163096906712267e-05, 'epoch': 3.21}
{'loss': 1.7837, 'grad_norm': 1.224577784538269, 'learning_rate': 1.708518498903216e-05, 'epoch': 3.24}
{'loss': 1.7682, 'grad_norm': 1.141563892364502, 'learning_rate': 1.7006399705143905e-05, 'epoch': 3.27}
{'loss': 1.7723, 'grad_norm': 1.2570605278015137, 'learning_rate': 1.692675076663651e-05, 'epoch': 3.31}
{'loss': 1.7497, 'grad_norm': 1.1022560596466064, 'learning_rate': 1.6846247991558686e-05, 'epoch': 3.34}
{'loss': 1.7517, 'grad_norm': 1.1897711753845215, 'learning_rate': 1.6764901303208632e-05, 'epoch': 3.37}
{'loss': 1.7384, 'grad_norm': 1.1829737424850464, 'learning_rate': 1.6682720728910815e-05, 'epoch': 3.4}
{'loss': 1.7186, 'grad_norm': 1.2330790758132935, 'learning_rate': 1.659971639877992e-05, 'epoch': 3.43}
{'loss': 1.7086, 'grad_norm': 1.247800588607788, 'learning_rate': 1.6515898544472172e-05, 'epoch': 3.47}
{'loss': 1.7173, 'grad_norm': 1.095332384109497, 'learning_rate': 1.6431277497924093e-05, 'epoch': 3.5}
{'loss': 1.7457, 'grad_norm': 1.3403797149658203, 'learning_rate': 1.6345863690078942e-05, 'epoch': 3.53}
{'loss': 1.7406, 'grad_norm': 1.196710467338562, 'learning_rate': 1.6259667649600907e-05, 'epoch': 3.56}
{'loss': 1.6839, 'grad_norm': 1.207939624786377, 'learning_rate': 1.6172700001577286e-05, 'epoch': 3.59}
{'loss': 1.7162, 'grad_norm': 1.1413908004760742, 'learning_rate': 1.6084971466208764e-05, 'epoch': 3.62}
{'loss': 1.6848, 'grad_norm': 1.0687108039855957, 'learning_rate': 1.599649285748798e-05, 'epoch': 3.66}
{'loss': 1.7328, 'grad_norm': 1.2900383472442627, 'learning_rate': 1.5907275081866504e-05, 'epoch': 3.69}
{'loss': 1.7025, 'grad_norm': 1.1245108842849731, 'learning_rate': 1.5817329136910463e-05, 'epoch': 3.72}
{'loss': 1.7123, 'grad_norm': 1.2063096761703491, 'learning_rate': 1.5726666109944887e-05, 'epoch': 3.75}
{'loss': 1.6799, 'grad_norm': 1.1059952974319458, 'learning_rate': 1.563529717668702e-05, 'epoch': 3.78}
{'loss': 1.6847, 'grad_norm': 1.1646431684494019, 'learning_rate': 1.5543233599868744e-05, 'epoch': 3.81}
{'loss': 1.6646, 'grad_norm': 1.076949119567871, 'learning_rate': 1.5450486727848217e-05, 'epoch': 3.85}
{'loss': 1.6859, 'grad_norm': 1.094931721687317, 'learning_rate': 1.535706799321106e-05, 'epoch': 3.88}
{'loss': 1.6805, 'grad_norm': 1.0992623567581177, 'learning_rate': 1.526298891136105e-05, 'epoch': 3.91}
{'loss': 1.6828, 'grad_norm': 1.291075587272644, 'learning_rate': 1.5168261079100695e-05, 'epoch': 3.94}
{'loss': 1.665, 'grad_norm': 1.2079859972000122, 'learning_rate': 1.5072896173201697e-05, 'epoch': 3.97}
{'eval_loss': 1.5430243015289307, 'eval_runtime': 24.9462, 'eval_samples_per_second': 126.071, 'eval_steps_per_second': 31.548, 'epoch': 4.0}
{'loss': 1.6618, 'grad_norm': 1.1157116889953613, 'learning_rate': 1.4976905948965637e-05, 'epoch': 4.01}
{'loss': 1.6299, 'grad_norm': 1.276292324066162, 'learning_rate': 1.4880302238774911e-05, 'epoch': 4.04}
{'loss': 1.6341, 'grad_norm': 1.1226792335510254, 'learning_rate': 1.4783096950634211e-05, 'epoch': 4.07}
{'loss': 1.6106, 'grad_norm': 1.11367928981781, 'learning_rate': 1.468530206670265e-05, 'epoch': 4.1}
{'loss': 1.6135, 'grad_norm': 1.1783488988876343, 'learning_rate': 1.4586929641816783e-05, 'epoch': 4.13}
{'loss': 1.6141, 'grad_norm': 1.1805217266082764, 'learning_rate': 1.4487991802004625e-05, 'epoch': 4.16}
{'loss': 1.6011, 'grad_norm': 1.2943322658538818, 'learning_rate': 1.4388500742990934e-05, 'epoch': 4.2}
{'loss': 1.6319, 'grad_norm': 1.1698368787765503, 'learning_rate': 1.4288468728693889e-05, 'epoch': 4.23}
{'loss': 1.6305, 'grad_norm': 1.168139100074768, 'learning_rate': 1.4187908089713348e-05, 'epoch': 4.26}
{'loss': 1.6154, 'grad_norm': 1.1162673234939575, 'learning_rate': 1.4086831221810897e-05, 'epoch': 4.29}
{'loss': 1.6228, 'grad_norm': 1.3277238607406616, 'learning_rate': 1.3985250584381884e-05, 'epoch': 4.32}
{'loss': 1.584, 'grad_norm': 1.058390736579895, 'learning_rate': 1.3883178698919578e-05, 'epoch': 4.36}
{'loss': 1.613, 'grad_norm': 1.0597288608551025, 'learning_rate': 1.378062814747168e-05, 'epoch': 4.39}
{'loss': 1.6436, 'grad_norm': 1.1761665344238281, 'learning_rate': 1.3677611571089406e-05, 'epoch': 4.42}
{'loss': 1.6051, 'grad_norm': 1.2329176664352417, 'learning_rate': 1.3574141668269235e-05, 'epoch': 4.45}
{'loss': 1.5849, 'grad_norm': 1.282930850982666, 'learning_rate': 1.3470231193387639e-05, 'epoch': 4.48}
{'loss': 1.5387, 'grad_norm': 1.152307391166687, 'learning_rate': 1.3365892955128876e-05, 'epoch': 4.51}
{'loss': 1.5993, 'grad_norm': 1.2100731134414673, 'learning_rate': 1.326113981490611e-05, 'epoch': 4.55}
{'loss': 1.6032, 'grad_norm': 1.253177285194397, 'learning_rate': 1.315598468527604e-05, 'epoch': 4.58}
{'loss': 1.573, 'grad_norm': 1.199837327003479, 'learning_rate': 1.30504405283472e-05, 'epoch': 4.61}
{'loss': 1.6143, 'grad_norm': 1.2770153284072876, 'learning_rate': 1.294452035418218e-05, 'epoch': 4.64}
{'loss': 1.5538, 'grad_norm': 1.2507213354110718, 'learning_rate': 1.2838237219193897e-05, 'epoch': 4.67}
{'loss': 1.5717, 'grad_norm': 1.4514559507369995, 'learning_rate': 1.2731604224536208e-05, 'epoch': 4.71}
{'loss': 1.5574, 'grad_norm': 0.9593702554702759, 'learning_rate': 1.262463451448895e-05, 'epoch': 4.74}
{'loss': 1.5545, 'grad_norm': 1.0971148014068604, 'learning_rate': 1.2517341274837702e-05, 'epoch': 4.77}
{'loss': 1.5738, 'grad_norm': 1.209145426750183, 'learning_rate': 1.2409737731248418e-05, 'epoch': 4.8}
{'loss': 1.5632, 'grad_norm': 1.0918697118759155, 'learning_rate': 1.2301837147637137e-05, 'epoch': 4.83}
{'loss': 1.5955, 'grad_norm': 1.151011347770691, 'learning_rate': 1.2193652824535e-05, 'epoch': 4.86}
{'loss': 1.5621, 'grad_norm': 1.1669723987579346, 'learning_rate': 1.2085198097448732e-05, 'epoch': 4.9}
{'loss': 1.5911, 'grad_norm': 1.2864700555801392, 'learning_rate': 1.197648633521681e-05, 'epoch': 4.93}
{'loss': 1.5702, 'grad_norm': 1.216182827949524, 'learning_rate': 1.1867530938361557e-05, 'epoch': 4.96}
{'loss': 1.5399, 'grad_norm': 1.1141564846038818, 'learning_rate': 1.1758345337437284e-05, 'epoch': 4.99}
{'eval_loss': 1.454290747642517, 'eval_runtime': 24.9227, 'eval_samples_per_second': 126.19, 'eval_steps_per_second': 31.578, 'epoch': 5.0}
{'loss': 1.5662, 'grad_norm': 1.1822819709777832, 'learning_rate': 1.164894299137476e-05, 'epoch': 5.02}
{'loss': 1.5192, 'grad_norm': 1.0636135339736938, 'learning_rate': 1.1539337385822179e-05, 'epoch': 5.05}
{'loss': 1.5317, 'grad_norm': 1.0989947319030762, 'learning_rate': 1.1429542031482828e-05, 'epoch': 5.09}
{'loss': 1.5203, 'grad_norm': 1.1436586380004883, 'learning_rate': 1.1319570462449664e-05, 'epoch': 5.12}
{'loss': 1.538, 'grad_norm': 1.190568447113037, 'learning_rate': 1.120943623453703e-05, 'epoch': 5.15}
{'loss': 1.5524, 'grad_norm': 1.0932317972183228, 'learning_rate': 1.1099152923609654e-05, 'epoch': 5.18}
{'loss': 1.536, 'grad_norm': 1.28309965133667, 'learning_rate': 1.0988734123909218e-05, 'epoch': 5.21}
{'loss': 1.501, 'grad_norm': 1.1407896280288696, 'learning_rate': 1.0878193446378633e-05, 'epoch': 5.25}
{'loss': 1.5013, 'grad_norm': 1.2317646741867065, 'learning_rate': 1.076754451698427e-05, 'epoch': 5.28}
{'loss': 1.5154, 'grad_norm': 1.1610476970672607, 'learning_rate': 1.0656800975036328e-05, 'epoch': 5.31}
{'loss': 1.5186, 'grad_norm': 1.100212812423706, 'learning_rate': 1.0545976471507573e-05, 'epoch': 5.34}
{'loss': 1.5325, 'grad_norm': 1.229209065437317, 'learning_rate': 1.0435084667350619e-05, 'epoch': 5.37}
{'loss': 1.4997, 'grad_norm': 1.3404159545898438, 'learning_rate': 1.0324139231813997e-05, 'epoch': 5.4}
{'loss': 1.5077, 'grad_norm': 1.2919398546218872, 'learning_rate': 1.0213153840757198e-05, 'epoch': 5.44}
{'loss': 1.4899, 'grad_norm': 1.1155238151550293, 'learning_rate': 1.0102142174964883e-05, 'epoch': 5.47}
{'loss': 1.5092, 'grad_norm': 1.002637505531311, 'learning_rate': 9.991117918460518e-06, 'epoch': 5.5}
{'loss': 1.5025, 'grad_norm': 1.3000547885894775, 'learning_rate': 9.880094756819572e-06, 'epoch': 5.53}
{'loss': 1.4577, 'grad_norm': 1.132291316986084, 'learning_rate': 9.769086375482561e-06, 'epoch': 5.56}
{'loss': 1.4737, 'grad_norm': 1.2266000509262085, 'learning_rate': 9.658106458068086e-06, 'epoch': 5.6}
{'loss': 1.5001, 'grad_norm': 1.0974568128585815, 'learning_rate': 9.547168684686088e-06, 'epoch': 5.63}
{'loss': 1.4635, 'grad_norm': 0.9805251359939575, 'learning_rate': 9.436286730251568e-06, 'epoch': 5.66}
{'loss': 1.5044, 'grad_norm': 1.1243699789047241, 'learning_rate': 9.32547426279892e-06, 'epoch': 5.69}
{'loss': 1.4984, 'grad_norm': 1.4632370471954346, 'learning_rate': 9.214744941797115e-06, 'epoch': 5.72}
{'loss': 1.5016, 'grad_norm': 1.2463066577911377, 'learning_rate': 9.104112416465949e-06, 'epoch': 5.75}
{'loss': 1.4784, 'grad_norm': 1.147254228591919, 'learning_rate': 8.993590324093548e-06, 'epoch': 5.79}
{'loss': 1.5224, 'grad_norm': 1.3031928539276123, 'learning_rate': 8.883192288355362e-06, 'epoch': 5.82}
{'loss': 1.4976, 'grad_norm': 1.1442779302597046, 'learning_rate': 8.772931917634792e-06, 'epoch': 5.85}
{'loss': 1.4934, 'grad_norm': 1.157926321029663, 'learning_rate': 8.662822803345762e-06, 'epoch': 5.88}
{'loss': 1.467, 'grad_norm': 1.177725911140442, 'learning_rate': 8.552878518257335e-06, 'epoch': 5.91}
{'loss': 1.52, 'grad_norm': 1.2458900213241577, 'learning_rate': 8.44311261482065e-06, 'epoch': 5.95}
{'loss': 1.464, 'grad_norm': 1.3322203159332275, 'learning_rate': 8.333538623498357e-06, 'epoch': 5.98}
{'eval_loss': 1.4072188138961792, 'eval_runtime': 25.3411, 'eval_samples_per_second': 124.107, 'eval_steps_per_second': 31.056, 'epoch': 6.0}
{'loss': 1.4679, 'grad_norm': 1.0809115171432495, 'learning_rate': 8.224170051096769e-06, 'epoch': 6.01}
{'loss': 1.4596, 'grad_norm': 1.1145321130752563, 'learning_rate': 8.115020379100913e-06, 'epoch': 6.04}
{'loss': 1.4415, 'grad_norm': 1.2482507228851318, 'learning_rate': 8.006103062012725e-06, 'epoch': 6.07}
{'loss': 1.486, 'grad_norm': 1.12063729763031, 'learning_rate': 7.897431525692557e-06, 'epoch': 6.1}
{'loss': 1.4555, 'grad_norm': 1.1392837762832642, 'learning_rate': 7.789019165704218e-06, 'epoch': 6.14}
{'loss': 1.4472, 'grad_norm': 1.0491727590560913, 'learning_rate': 7.680879345663745e-06, 'epoch': 6.17}
{'loss': 1.4363, 'grad_norm': 1.1615099906921387, 'learning_rate': 7.573025395592125e-06, 'epoch': 6.2}
{'loss': 1.4663, 'grad_norm': 1.3233400583267212, 'learning_rate': 7.4654706102721405e-06, 'epoch': 6.23}
{'loss': 1.4303, 'grad_norm': 1.1626676321029663, 'learning_rate': 7.358228247609569e-06, 'epoch': 6.26}
{'loss': 1.4682, 'grad_norm': 1.1213862895965576, 'learning_rate': 7.251311526998934e-06, 'epoch': 6.29}
{'loss': 1.4608, 'grad_norm': 1.1897690296173096, 'learning_rate': 7.1447336276939915e-06, 'epoch': 6.33}
{'loss': 1.4475, 'grad_norm': 1.305283546447754, 'learning_rate': 7.038507687183167e-06, 'epoch': 6.36}
{'loss': 1.4821, 'grad_norm': 1.2400223016738892, 'learning_rate': 6.932646799570144e-06, 'epoch': 6.39}
{'loss': 1.4607, 'grad_norm': 1.0599675178527832, 'learning_rate': 6.827164013959805e-06, 'epoch': 6.42}
{'loss': 1.4451, 'grad_norm': 1.0892348289489746, 'learning_rate': 6.722072332849697e-06, 'epoch': 6.45}
{'loss': 1.4369, 'grad_norm': 1.2849684953689575, 'learning_rate': 6.617384710527282e-06, 'epoch': 6.49}
{'loss': 1.4448, 'grad_norm': 1.1069432497024536, 'learning_rate': 6.513114051473094e-06, 'epoch': 6.52}
{'loss': 1.4494, 'grad_norm': 1.1930500268936157, 'learning_rate': 6.409273208770039e-06, 'epoch': 6.55}
{'loss': 1.439, 'grad_norm': 1.2545254230499268, 'learning_rate': 6.305874982519064e-06, 'epoch': 6.58}
{'loss': 1.4673, 'grad_norm': 1.2118470668792725, 'learning_rate': 6.202932118261309e-06, 'epoch': 6.61}
{'loss': 1.4439, 'grad_norm': 1.0977047681808472, 'learning_rate': 6.100457305407024e-06, 'epoch': 6.64}
{'loss': 1.4161, 'grad_norm': 1.1973567008972168, 'learning_rate': 5.998463175671382e-06, 'epoch': 6.68}
{'loss': 1.4084, 'grad_norm': 1.2240889072418213, 'learning_rate': 5.896962301517415e-06, 'epoch': 6.71}
{'loss': 1.4276, 'grad_norm': 1.1249887943267822, 'learning_rate': 5.795967194606249e-06, 'epoch': 6.74}
{'loss': 1.464, 'grad_norm': 1.1615577936172485, 'learning_rate': 5.695490304254825e-06, 'epoch': 6.77}
{'loss': 1.4297, 'grad_norm': 1.3390157222747803, 'learning_rate': 5.59554401590134e-06, 'epoch': 6.8}
{'loss': 1.4646, 'grad_norm': 1.1601389646530151, 'learning_rate': 5.496140649578507e-06, 'epoch': 6.84}
{'loss': 1.4478, 'grad_norm': 1.3935177326202393, 'learning_rate': 5.397292458394923e-06, 'epoch': 6.87}
{'loss': 1.4472, 'grad_norm': 1.107605218887329, 'learning_rate': 5.2990116270246795e-06, 'epoch': 6.9}
{'loss': 1.4176, 'grad_norm': 1.1157442331314087, 'learning_rate': 5.201310270205375e-06, 'epoch': 6.93}
{'loss': 1.4368, 'grad_norm': 1.0279319286346436, 'learning_rate': 5.104200431244802e-06, 'epoch': 6.96}
{'loss': 1.4351, 'grad_norm': 1.1227816343307495, 'learning_rate': 5.007694080536379e-06, 'epoch': 6.99}
{'eval_loss': 1.376819372177124, 'eval_runtime': 25.2669, 'eval_samples_per_second': 124.471, 'eval_steps_per_second': 31.147, 'epoch': 7.0}
{'loss': 1.4072, 'grad_norm': 1.2212586402893066, 'learning_rate': 4.911803114083635e-06, 'epoch': 7.03}
{'loss': 1.3794, 'grad_norm': 1.1859400272369385, 'learning_rate': 4.816539352033806e-06, 'epoch': 7.06}
{'loss': 1.4138, 'grad_norm': 1.2193516492843628, 'learning_rate': 4.721914537220807e-06, 'epoch': 7.09}
{'loss': 1.3982, 'grad_norm': 1.1245568990707397, 'learning_rate': 4.627940333717758e-06, 'epoch': 7.12}
{'loss': 1.3996, 'grad_norm': 1.2827900648117065, 'learning_rate': 4.534628325399157e-06, 'epoch': 7.15}
{'loss': 1.4342, 'grad_norm': 1.1040915250778198, 'learning_rate': 4.441990014513016e-06, 'epoch': 7.18}
{'loss': 1.4111, 'grad_norm': 1.1391031742095947, 'learning_rate': 4.3500368202629775e-06, 'epoch': 7.22}
{'loss': 1.4471, 'grad_norm': 1.400444507598877, 'learning_rate': 4.2587800774007485e-06, 'epoch': 7.25}
{'loss': 1.4211, 'grad_norm': 1.1218968629837036, 'learning_rate': 4.168231034828873e-06, 'epoch': 7.28}
{'loss': 1.4039, 'grad_norm': 1.4048177003860474, 'learning_rate': 4.078400854214136e-06, 'epoch': 7.31}
{'loss': 1.4388, 'grad_norm': 1.1607376337051392, 'learning_rate': 3.989300608611709e-06, 'epoch': 7.34}
{'loss': 1.439, 'grad_norm': 1.2154916524887085, 'learning_rate': 3.90094128110018e-06, 'epoch': 7.38}
{'loss': 1.4229, 'grad_norm': 1.2179529666900635, 'learning_rate': 3.8133337634277556e-06, 'epoch': 7.41}
{'loss': 1.4222, 'grad_norm': 1.1786890029907227, 'learning_rate': 3.726488854669631e-06, 'epoch': 7.44}
{'loss': 1.4529, 'grad_norm': 1.1541942358016968, 'learning_rate': 3.640417259896856e-06, 'epoch': 7.47}
{'loss': 1.4126, 'grad_norm': 1.2752302885055542, 'learning_rate': 3.5551295888567304e-06, 'epoch': 7.5}
{'loss': 1.4041, 'grad_norm': 0.9872524738311768, 'learning_rate': 3.470636354665006e-06, 'epoch': 7.53}
{'loss': 1.3718, 'grad_norm': 1.3962424993515015, 'learning_rate': 3.386947972509944e-06, 'epoch': 7.57}
{'loss': 1.4174, 'grad_norm': 1.0798799991607666, 'learning_rate': 3.3040747583684864e-06, 'epoch': 7.6}
{'loss': 1.3647, 'grad_norm': 1.1732150316238403, 'learning_rate': 3.2220269277346437e-06, 'epoch': 7.63}
{'loss': 1.413, 'grad_norm': 1.132411241531372, 'learning_rate': 3.140814594360254e-06, 'epoch': 7.66}
{'loss': 1.4228, 'grad_norm': 1.35368812084198, 'learning_rate': 3.060447769008311e-06, 'epoch': 7.69}
{'loss': 1.4354, 'grad_norm': 1.232822299003601, 'learning_rate': 2.980936358218951e-06, 'epoch': 7.73}
{'loss': 1.3989, 'grad_norm': 1.1258589029312134, 'learning_rate': 2.902290163088334e-06, 'epoch': 7.76}
{'loss': 1.4276, 'grad_norm': 1.0936925411224365, 'learning_rate': 2.824518878060475e-06, 'epoch': 7.79}
{'loss': 1.4273, 'grad_norm': 1.104126214981079, 'learning_rate': 2.7476320897322507e-06, 'epoch': 7.82}
{'loss': 1.4107, 'grad_norm': 1.1220771074295044, 'learning_rate': 2.6716392756717025e-06, 'epoch': 7.85}
{'loss': 1.3991, 'grad_norm': 0.9357904195785522, 'learning_rate': 2.596549803249748e-06, 'epoch': 7.88}
{'loss': 1.4028, 'grad_norm': 1.2278778553009033, 'learning_rate': 2.522372928485526e-06, 'epoch': 7.92}
{'loss': 1.3941, 'grad_norm': 1.2364493608474731, 'learning_rate': 2.4491177949054066e-06, 'epoch': 7.95}
{'loss': 1.4098, 'grad_norm': 1.053817868232727, 'learning_rate': 2.376793432415935e-06, 'epoch': 7.98}
{'eval_loss': 1.3651931285858154, 'eval_runtime': 25.1296, 'eval_samples_per_second': 125.151, 'eval_steps_per_second': 31.318, 'epoch': 8.0}
{'loss': 1.3946, 'grad_norm': 1.2761532068252563, 'learning_rate': 2.3054087561907133e-06, 'epoch': 8.01}
{'loss': 1.4085, 'grad_norm': 1.0944619178771973, 'learning_rate': 2.2349725655714784e-06, 'epoch': 8.04}
{'loss': 1.3933, 'grad_norm': 1.1275265216827393, 'learning_rate': 2.165493542983439e-06, 'epoch': 8.08}
{'loss': 1.4087, 'grad_norm': 1.1811872720718384, 'learning_rate': 2.0969802528650052e-06, 'epoch': 8.11}
{'loss': 1.3922, 'grad_norm': 1.0133273601531982, 'learning_rate': 2.0294411406121017e-06, 'epoch': 8.14}
{'loss': 1.416, 'grad_norm': 1.154813289642334, 'learning_rate': 1.9628845315371135e-06, 'epoch': 8.17}
{'loss': 1.3794, 'grad_norm': 1.1772456169128418, 'learning_rate': 1.8973186298426715e-06, 'epoch': 8.2}
{'loss': 1.3902, 'grad_norm': 1.198104739189148, 'learning_rate': 1.8327515176103339e-06, 'epoch': 8.23}
{'loss': 1.4098, 'grad_norm': 1.1430909633636475, 'learning_rate': 1.7691911538043426e-06, 'epoch': 8.27}
{'loss': 1.387, 'grad_norm': 1.2313323020935059, 'learning_rate': 1.7066453732905497e-06, 'epoch': 8.3}
{'loss': 1.3985, 'grad_norm': 1.3698729276657104, 'learning_rate': 1.6451218858706374e-06, 'epoch': 8.33}
{'loss': 1.3943, 'grad_norm': 1.274073600769043, 'learning_rate': 1.5846282753317665e-06, 'epoch': 8.36}
{'loss': 1.4292, 'grad_norm': 1.0668123960494995, 'learning_rate': 1.525171998511733e-06, 'epoch': 8.39}
{'loss': 1.3893, 'grad_norm': 1.3726609945297241, 'learning_rate': 1.4667603843798106e-06, 'epoch': 8.42}
{'loss': 1.3858, 'grad_norm': 1.060502290725708, 'learning_rate': 1.40940063313331e-06, 'epoch': 8.46}
{'loss': 1.4117, 'grad_norm': 1.1564674377441406, 'learning_rate': 1.3530998153100584e-06, 'epoch': 8.49}
{'loss': 1.4006, 'grad_norm': 1.3400291204452515, 'learning_rate': 1.2978648709168218e-06, 'epoch': 8.52}
{'loss': 1.4063, 'grad_norm': 1.011184811592102, 'learning_rate': 1.2437026085738413e-06, 'epoch': 8.55}
{'loss': 1.3865, 'grad_norm': 0.9616588354110718, 'learning_rate': 1.190619704675564e-06, 'epoch': 8.58}
{'loss': 1.3929, 'grad_norm': 1.0623905658721924, 'learning_rate': 1.1386227025676533e-06, 'epoch': 8.62}
{'loss': 1.4018, 'grad_norm': 1.109228491783142, 'learning_rate': 1.0877180117404262e-06, 'epoch': 8.65}
{'loss': 1.3836, 'grad_norm': 1.2399473190307617, 'learning_rate': 1.0379119070387678e-06, 'epoch': 8.68}
{'loss': 1.3615, 'grad_norm': 1.2786694765090942, 'learning_rate': 9.892105278886633e-07, 'epoch': 8.71}
{'loss': 1.3973, 'grad_norm': 1.1890393495559692, 'learning_rate': 9.416198775403995e-07, 'epoch': 8.74}
{'loss': 1.4009, 'grad_norm': 1.2311598062515259, 'learning_rate': 8.951458223285747e-07, 'epoch': 8.77}
{'loss': 1.399, 'grad_norm': 1.3945571184158325, 'learning_rate': 8.497940909489766e-07, 'epoch': 8.81}
{'loss': 1.3708, 'grad_norm': 1.210959792137146, 'learning_rate': 8.05570273752414e-07, 'epoch': 8.84}
{'loss': 1.3887, 'grad_norm': 1.1351381540298462, 'learning_rate': 7.624798220556307e-07, 'epoch': 8.87}
{'loss': 1.3836, 'grad_norm': 1.0428416728973389, 'learning_rate': 7.205280474693255e-07, 'epoch': 8.9}
{'loss': 1.3607, 'grad_norm': 1.241222858428955, 'learning_rate': 6.797201212434179e-07, 'epoch': 8.93}
{'loss': 1.4168, 'grad_norm': 1.1775718927383423, 'learning_rate': 6.40061073629602e-07, 'epoch': 8.97}
{'loss': 1.4064, 'grad_norm': 1.2301361560821533, 'learning_rate': 6.015557932612814e-07, 'epoch': 9.0}
{'eval_loss': 1.3597739934921265, 'eval_runtime': 25.1728, 'eval_samples_per_second': 124.937, 'eval_steps_per_second': 31.264, 'epoch': 9.0}
{'loss': 1.3925, 'grad_norm': 1.164431095123291, 'learning_rate': 5.642090265509758e-07, 'epoch': 9.03}
{'loss': 1.4099, 'grad_norm': 1.0534939765930176, 'learning_rate': 5.280253771052335e-07, 'epoch': 9.06}
{'loss': 1.4086, 'grad_norm': 1.2072677612304688, 'learning_rate': 4.930093051571727e-07, 'epoch': 9.09}
{'loss': 1.384, 'grad_norm': 1.1513032913208008, 'learning_rate': 4.5916512701667194e-07, 'epoch': 9.12}
{'loss': 1.3668, 'grad_norm': 1.095550298690796, 'learning_rate': 4.264970145383218e-07, 'epoch': 9.16}
{'loss': 1.4105, 'grad_norm': 1.358730435371399, 'learning_rate': 3.950089946071789e-07, 'epoch': 9.19}
{'loss': 1.3818, 'grad_norm': 1.065413475036621, 'learning_rate': 3.647049486423715e-07, 'epoch': 9.22}
{'loss': 1.3879, 'grad_norm': 1.1981943845748901, 'learning_rate': 3.3558861211866465e-07, 'epoch': 9.25}
{'loss': 1.3905, 'grad_norm': 1.3233355283737183, 'learning_rate': 3.076635741059897e-07, 'epoch': 9.28}
{'loss': 1.352, 'grad_norm': 1.052731990814209, 'learning_rate': 2.8093327682704455e-07, 'epoch': 9.31}
{'loss': 1.382, 'grad_norm': 1.036677360534668, 'learning_rate': 2.554010152329689e-07, 'epoch': 9.35}
{'loss': 1.4001, 'grad_norm': 1.0604890584945679, 'learning_rate': 2.3106993659719912e-07, 'epoch': 9.38}
{'loss': 1.3949, 'grad_norm': 1.1201597452163696, 'learning_rate': 2.079430401275062e-07, 'epoch': 9.41}
{'loss': 1.401, 'grad_norm': 1.1084579229354858, 'learning_rate': 1.8602317659630164e-07, 'epoch': 9.44}
{'loss': 1.3891, 'grad_norm': 1.1360647678375244, 'learning_rate': 1.6531304798922175e-07, 'epoch': 9.47}
{'loss': 1.3759, 'grad_norm': 1.145178198814392, 'learning_rate': 1.4581520717207532e-07, 'epoch': 9.51}
{'loss': 1.3385, 'grad_norm': 1.0978974103927612, 'learning_rate': 1.2753205757615184e-07, 'epoch': 9.54}
{'loss': 1.3954, 'grad_norm': 1.1150792837142944, 'learning_rate': 1.1046585290196199e-07, 'epoch': 9.57}
{'loss': 1.4248, 'grad_norm': 1.0458585023880005, 'learning_rate': 9.461869684143532e-08, 'epoch': 9.6}
{'loss': 1.399, 'grad_norm': 1.1224063634872437, 'learning_rate': 7.99925428185988e-08, 'epoch': 9.63}
{'loss': 1.3851, 'grad_norm': 1.1483994722366333, 'learning_rate': 6.658919374878836e-08, 'epoch': 9.66}
{'loss': 1.3668, 'grad_norm': 1.0127145051956177, 'learning_rate': 5.4410301816409936e-08, 'epoch': 9.7}
{'loss': 1.3777, 'grad_norm': 1.1507008075714111, 'learning_rate': 4.345736827128133e-08, 'epoch': 9.73}
{'loss': 1.3673, 'grad_norm': 1.0682930946350098, 'learning_rate': 3.373174324357464e-08, 'epoch': 9.76}
{'loss': 1.4081, 'grad_norm': 1.4503899812698364, 'learning_rate': 2.523462557739609e-08, 'epoch': 9.79}
{'loss': 1.4131, 'grad_norm': 1.0888969898223877, 'learning_rate': 1.7967062683001968e-08, 'epoch': 9.82}
{'loss': 1.3824, 'grad_norm': 1.1171875, 'learning_rate': 1.192995040769307e-08, 'epoch': 9.86}
{'loss': 1.4096, 'grad_norm': 1.1658518314361572, 'learning_rate': 7.1240329253852155e-09, 'epoch': 9.89}
{'loss': 1.4183, 'grad_norm': 1.3414762020111084, 'learning_rate': 3.5499026448782006e-09, 'epoch': 9.92}
{'loss': 1.3621, 'grad_norm': 1.0449424982070923, 'learning_rate': 1.2080001368286466e-09, 'epoch': 9.95}
{'loss': 1.3877, 'grad_norm': 1.1788783073425293, 'learning_rate': 9.861407944566914e-11, 'epoch': 9.98}
{'eval_loss': 1.3591585159301758, 'eval_runtime': 25.0526, 'eval_samples_per_second': 125.536, 'eval_steps_per_second': 31.414, 'epoch': 10.0}
{'train_runtime': 6395.0334, 'train_samples_per_second': 39.349, 'train_steps_per_second': 2.458, 'train_loss': 1.9387065569559734, 'epoch': 10.0}

[DEBUG] Training completed for fold 0
[DEBUG] Best eval loss: 1.359159
[DEBUG] Best model checkpoint: grn_NOsyll_600M/fold_0/checkpoint-15720
[DEBUG] Training metrics saved to: grn_NOsyll_600M/fold_0/training_metrics.json

[DEBUG] Current fold results ranking:
  * Fold 0: eval_loss = 1.359159
[DEBUG] GPU memory cleared after fold 0

[DEBUG] Fold 1:
  Train: 25,164 examples (folds: [0, 2, 3, 4])
  Dev:   3,145 examples (first half of fold 1)
  Test:  3,145 examples (SECOND HALF of fold 1 - saved for later)
  This fold's test set is DIFFERENT from other folds' test sets
[DEBUG] Data saved to: grn_NOsyll_600M/fold_1/data
    - train.eng/train.nav (25164 pairs)
    - dev.eng/dev.nav (3145 pairs)
    - test.eng/test.nav (3145 pairs) - FOR LATER TESTING

********************************************************************************
* FOLD 1 STARTING
********************************************************************************
[DEBUG] Fold 1 data distribution:
  Training: 25,164 examples (folds other than 1)
  Development: 3,145 examples (first half of fold 1)
  Test: 3,145 examples (second half of fold 1 - SAVED, NOT USED)

################################################################################
# FOLD 1 TRAINING STARTING
################################################################################

[DEBUG] Device: cuda
[DEBUG] GPU: NVIDIA A100-SXM4-80GB
[DEBUG] GPU Memory: 85.09 GB
[DEBUG] Current GPU memory allocated: 2.49 GB

[DEBUG] Fold output directory: grn_NOsyll_600M/fold_1

[DEBUG] Loading model: facebook/nllb-200-distilled-600M

[DEBUG] Syllabification disabled - using raw text
[DEBUG] Model moved to cuda

[DEBUG] Tokenizer configuration:
  Source language: eng_Latn
  Target language: grn_Latn
[DEBUG] Model decoder configuration:
  forced_bos_token_id: 256063 (grn_Latn)
  decoder_start_token_id: 256063

[DEBUG] Creating datasets...

[DEBUG] Tokenizing datasets...

[DEBUG] Tokenization stats:
  Train dataset size: 25164
  Dev dataset size: 3145

[DEBUG] Sample tokenized example:
  Example 0:
    input_ids length: 28
    labels length: 40
    attention_mask length: 28
  Example 1:
    input_ids length: 8
    labels length: 16
    attention_mask length: 8
  Example 2:
    input_ids length: 48
    labels length: 121
    attention_mask length: 48

[DEBUG] Training arguments:
  Output directory: grn_NOsyll_600M/fold_1
  Learning rate: 2e-05
  Batch size (per device): 4
  Gradient accumulation: 4
  Effective batch size: 16
  Epochs: 10
  BF16 enabled: True

[DEBUG] Starting training for fold 1...
[DEBUG] Training samples: 25164
[DEBUG] Validation samples: 3145
[DEBUG] NOTE: Test set from fold 1 is NOT being used
{'loss': 9.041, 'grad_norm': 7.001420021057129, 'learning_rate': 6.361323155216286e-07, 'epoch': 0.03}
{'loss': 8.8002, 'grad_norm': 5.741770267486572, 'learning_rate': 1.2722646310432571e-06, 'epoch': 0.06}
{'loss': 8.252, 'grad_norm': 3.5665879249572754, 'learning_rate': 1.908396946564886e-06, 'epoch': 0.1}
{'loss': 7.3766, 'grad_norm': 2.384428024291992, 'learning_rate': 2.5445292620865143e-06, 'epoch': 0.13}
{'loss': 6.6282, 'grad_norm': 1.513049602508545, 'learning_rate': 3.1806615776081427e-06, 'epoch': 0.16}
{'loss': 6.071, 'grad_norm': 1.5498263835906982, 'learning_rate': 3.816793893129772e-06, 'epoch': 0.19}
{'loss': 5.6782, 'grad_norm': 1.3813811540603638, 'learning_rate': 4.4529262086514e-06, 'epoch': 0.22}
{'loss': 5.3584, 'grad_norm': 1.2449002265930176, 'learning_rate': 5.0890585241730285e-06, 'epoch': 0.25}
{'loss': 5.0879, 'grad_norm': 1.1633189916610718, 'learning_rate': 5.725190839694656e-06, 'epoch': 0.29}
{'loss': 4.834, 'grad_norm': 1.2194764614105225, 'learning_rate': 6.3613231552162854e-06, 'epoch': 0.32}
{'loss': 4.6662, 'grad_norm': 1.2807645797729492, 'learning_rate': 6.997455470737914e-06, 'epoch': 0.35}
{'loss': 4.4555, 'grad_norm': 1.02601957321167, 'learning_rate': 7.633587786259543e-06, 'epoch': 0.38}
{'loss': 4.299, 'grad_norm': 1.0892860889434814, 'learning_rate': 8.26972010178117e-06, 'epoch': 0.41}
{'loss': 4.1727, 'grad_norm': 1.305284857749939, 'learning_rate': 8.9058524173028e-06, 'epoch': 0.45}
{'loss': 4.0517, 'grad_norm': 1.3550643920898438, 'learning_rate': 9.54198473282443e-06, 'epoch': 0.48}
{'loss': 3.8871, 'grad_norm': 1.3519827127456665, 'learning_rate': 1.0178117048346057e-05, 'epoch': 0.51}
{'loss': 3.8036, 'grad_norm': 1.3928313255310059, 'learning_rate': 1.0814249363867686e-05, 'epoch': 0.54}
{'loss': 3.7089, 'grad_norm': 1.1977437734603882, 'learning_rate': 1.1450381679389312e-05, 'epoch': 0.57}
{'loss': 3.6425, 'grad_norm': 1.1087464094161987, 'learning_rate': 1.2086513994910942e-05, 'epoch': 0.6}
{'loss': 3.5235, 'grad_norm': 1.2045096158981323, 'learning_rate': 1.2722646310432571e-05, 'epoch': 0.64}
{'loss': 3.4433, 'grad_norm': 1.4057681560516357, 'learning_rate': 1.3358778625954198e-05, 'epoch': 0.67}
{'loss': 3.3556, 'grad_norm': 1.1333814859390259, 'learning_rate': 1.3994910941475828e-05, 'epoch': 0.7}
{'loss': 3.3184, 'grad_norm': 1.2912524938583374, 'learning_rate': 1.4631043256997457e-05, 'epoch': 0.73}
{'loss': 3.2421, 'grad_norm': 1.1793421506881714, 'learning_rate': 1.5267175572519086e-05, 'epoch': 0.76}
{'loss': 3.1599, 'grad_norm': 1.2540234327316284, 'learning_rate': 1.5903307888040712e-05, 'epoch': 0.79}
{'loss': 3.1352, 'grad_norm': 1.1745822429656982, 'learning_rate': 1.653944020356234e-05, 'epoch': 0.83}
{'loss': 3.0894, 'grad_norm': 1.314386248588562, 'learning_rate': 1.717557251908397e-05, 'epoch': 0.86}
{'loss': 3.0203, 'grad_norm': 1.2514536380767822, 'learning_rate': 1.78117048346056e-05, 'epoch': 0.89}
{'loss': 2.9595, 'grad_norm': 1.1543675661087036, 'learning_rate': 1.844783715012723e-05, 'epoch': 0.92}
{'loss': 2.9103, 'grad_norm': 1.2917991876602173, 'learning_rate': 1.908396946564886e-05, 'epoch': 0.95}
{'loss': 2.8583, 'grad_norm': 1.233667254447937, 'learning_rate': 1.9720101781170485e-05, 'epoch': 0.99}
{'eval_loss': 2.6128413677215576, 'eval_runtime': 24.8861, 'eval_samples_per_second': 126.376, 'eval_steps_per_second': 31.624, 'epoch': 1.0}
{'loss': 2.813, 'grad_norm': 1.3399676084518433, 'learning_rate': 1.9999806716709255e-05, 'epoch': 1.02}
{'loss': 2.803, 'grad_norm': 1.2442461252212524, 'learning_rate': 1.999850011488216e-05, 'epoch': 1.05}
{'loss': 2.728, 'grad_norm': 1.1964129209518433, 'learning_rate': 1.9995961032584046e-05, 'epoch': 1.08}
{'loss': 2.7139, 'grad_norm': 1.3600422143936157, 'learning_rate': 1.9992189782798795e-05, 'epoch': 1.11}
{'loss': 2.6585, 'grad_norm': 1.2057480812072754, 'learning_rate': 1.99871868303953e-05, 'epoch': 1.14}
{'loss': 2.6437, 'grad_norm': 1.2449063062667847, 'learning_rate': 1.9980952792070175e-05, 'epoch': 1.18}
{'loss': 2.5732, 'grad_norm': 1.1498827934265137, 'learning_rate': 1.9973488436271728e-05, 'epoch': 1.21}
{'loss': 2.5605, 'grad_norm': 1.2790089845657349, 'learning_rate': 1.996479468310524e-05, 'epoch': 1.24}
{'loss': 2.5062, 'grad_norm': 1.3097617626190186, 'learning_rate': 1.9954872604219543e-05, 'epoch': 1.27}
{'loss': 2.5326, 'grad_norm': 1.2630821466445923, 'learning_rate': 1.994372342267493e-05, 'epoch': 1.3}
{'loss': 2.4847, 'grad_norm': 1.1166893243789673, 'learning_rate': 1.993134851279238e-05, 'epoch': 1.34}
{'loss': 2.4632, 'grad_norm': 1.251977801322937, 'learning_rate': 1.991774939998417e-05, 'epoch': 1.37}
{'loss': 2.4571, 'grad_norm': 1.1249706745147705, 'learning_rate': 1.9902927760565824e-05, 'epoch': 1.4}
{'loss': 2.4247, 'grad_norm': 1.4024745225906372, 'learning_rate': 1.988688542154948e-05, 'epoch': 1.43}
{'loss': 2.4109, 'grad_norm': 1.2454895973205566, 'learning_rate': 1.98696243604187e-05, 'epoch': 1.46}
{'loss': 2.3865, 'grad_norm': 1.1946134567260742, 'learning_rate': 1.9851146704884684e-05, 'epoch': 1.49}
{'loss': 2.3605, 'grad_norm': 1.4051893949508667, 'learning_rate': 1.9831454732624023e-05, 'epoch': 1.53}
{'loss': 2.3389, 'grad_norm': 1.2389185428619385, 'learning_rate': 1.9810550870997914e-05, 'epoch': 1.56}
{'loss': 2.3103, 'grad_norm': 1.1710261106491089, 'learning_rate': 1.9788437696752965e-05, 'epoch': 1.59}
{'loss': 2.308, 'grad_norm': 1.334682583808899, 'learning_rate': 1.9765117935703556e-05, 'epoch': 1.62}
{'loss': 2.2951, 'grad_norm': 1.1915382146835327, 'learning_rate': 1.9740594462395844e-05, 'epoch': 1.65}
{'loss': 2.2671, 'grad_norm': 1.274573564529419, 'learning_rate': 1.9714870299753425e-05, 'epoch': 1.68}
{'loss': 2.233, 'grad_norm': 1.2517503499984741, 'learning_rate': 1.9687948618704713e-05, 'epoch': 1.72}
{'loss': 2.2422, 'grad_norm': 1.1872646808624268, 'learning_rate': 1.9659832737792065e-05, 'epoch': 1.75}
{'loss': 2.2268, 'grad_norm': 1.4043967723846436, 'learning_rate': 1.963052612276272e-05, 'epoch': 1.78}
{'loss': 2.2128, 'grad_norm': 1.2811611890792847, 'learning_rate': 1.9600032386141578e-05, 'epoch': 1.81}
{'loss': 2.2223, 'grad_norm': 1.2545517683029175, 'learning_rate': 1.9568355286785916e-05, 'epoch': 1.84}
{'loss': 2.1774, 'grad_norm': 1.1216158866882324, 'learning_rate': 1.9535498729422034e-05, 'epoch': 1.88}
{'loss': 2.2073, 'grad_norm': 1.184268832206726, 'learning_rate': 1.950146676416393e-05, 'epoch': 1.91}
{'loss': 2.1489, 'grad_norm': 1.2351632118225098, 'learning_rate': 1.9466263586014062e-05, 'epoch': 1.94}
{'loss': 2.133, 'grad_norm': 1.2177386283874512, 'learning_rate': 1.9429893534346248e-05, 'epoch': 1.97}
{'eval_loss': 1.9628632068634033, 'eval_runtime': 25.1662, 'eval_samples_per_second': 124.969, 'eval_steps_per_second': 31.272, 'epoch': 2.0}
{'loss': 2.1317, 'grad_norm': 1.2205702066421509, 'learning_rate': 1.9392361092370756e-05, 'epoch': 2.0}
{'loss': 2.0948, 'grad_norm': 1.1838117837905884, 'learning_rate': 1.9353670886581683e-05, 'epoch': 2.03}
{'loss': 2.088, 'grad_norm': 1.174425482749939, 'learning_rate': 1.9313827686186664e-05, 'epoch': 2.07}
{'loss': 2.0574, 'grad_norm': 1.1168015003204346, 'learning_rate': 1.927283640251898e-05, 'epoch': 2.1}
{'loss': 2.0492, 'grad_norm': 1.2079875469207764, 'learning_rate': 1.923070208843216e-05, 'epoch': 2.13}
{'loss': 2.0382, 'grad_norm': 1.1518768072128296, 'learning_rate': 1.9187429937677136e-05, 'epoch': 2.16}
{'loss': 2.0594, 'grad_norm': 1.1859828233718872, 'learning_rate': 1.9143025284262022e-05, 'epoch': 2.19}
{'loss': 2.0034, 'grad_norm': 1.1389210224151611, 'learning_rate': 1.909749360179461e-05, 'epoch': 2.23}
{'loss': 2.0063, 'grad_norm': 1.2254080772399902, 'learning_rate': 1.9050840502807665e-05, 'epoch': 2.26}
{'loss': 2.0017, 'grad_norm': 1.3571662902832031, 'learning_rate': 1.9003071738067073e-05, 'epoch': 2.29}
{'loss': 1.9815, 'grad_norm': 1.1395915746688843, 'learning_rate': 1.895419319586298e-05, 'epoch': 2.32}
{'loss': 1.9961, 'grad_norm': 1.2038646936416626, 'learning_rate': 1.890421090128395e-05, 'epoch': 2.35}
{'loss': 1.9944, 'grad_norm': 1.3011757135391235, 'learning_rate': 1.8853131015474278e-05, 'epoch': 2.38}
{'loss': 1.9725, 'grad_norm': 1.1989244222640991, 'learning_rate': 1.8800959834874534e-05, 'epoch': 2.42}
{'loss': 2.0094, 'grad_norm': 1.1390687227249146, 'learning_rate': 1.8747703790445412e-05, 'epoch': 2.45}
{'loss': 1.9587, 'grad_norm': 1.2046217918395996, 'learning_rate': 1.8693369446875008e-05, 'epoch': 2.48}
{'loss': 1.9747, 'grad_norm': 1.1605147123336792, 'learning_rate': 1.8637963501769625e-05, 'epoch': 2.51}
{'loss': 1.9189, 'grad_norm': 1.3126554489135742, 'learning_rate': 1.858149278482817e-05, 'epoch': 2.54}
{'loss': 1.9547, 'grad_norm': 1.1022963523864746, 'learning_rate': 1.8523964257000288e-05, 'epoch': 2.58}
{'loss': 1.9419, 'grad_norm': 1.2460225820541382, 'learning_rate': 1.8465385009628308e-05, 'epoch': 2.61}
{'loss': 1.9566, 'grad_norm': 1.048056721687317, 'learning_rate': 1.8405762263573108e-05, 'epoch': 2.64}
{'loss': 1.8894, 'grad_norm': 1.1034226417541504, 'learning_rate': 1.834510336832405e-05, 'epoch': 2.67}
{'loss': 1.8874, 'grad_norm': 1.2657177448272705, 'learning_rate': 1.8283415801093007e-05, 'epoch': 2.7}
{'loss': 1.9043, 'grad_norm': 1.2223272323608398, 'learning_rate': 1.8220707165892682e-05, 'epoch': 2.73}
{'loss': 1.8814, 'grad_norm': 1.2663443088531494, 'learning_rate': 1.815698519259929e-05, 'epoch': 2.77}
{'loss': 1.9042, 'grad_norm': 1.146264910697937, 'learning_rate': 1.8092257735999734e-05, 'epoch': 2.8}
{'loss': 1.8685, 'grad_norm': 1.1620553731918335, 'learning_rate': 1.8026532774823343e-05, 'epoch': 2.83}
{'loss': 1.8826, 'grad_norm': 1.2061206102371216, 'learning_rate': 1.7959818410758395e-05, 'epoch': 2.86}
{'loss': 1.9029, 'grad_norm': 1.1664395332336426, 'learning_rate': 1.789212286745342e-05, 'epoch': 2.89}
{'loss': 1.8362, 'grad_norm': 1.0962514877319336, 'learning_rate': 1.7823454489503526e-05, 'epoch': 2.92}
{'loss': 1.8352, 'grad_norm': 1.264479160308838, 'learning_rate': 1.775382174142177e-05, 'epoch': 2.96}
{'loss': 1.8084, 'grad_norm': 1.4279370307922363, 'learning_rate': 1.768323320659578e-05, 'epoch': 2.99}
{'eval_loss': 1.6952377557754517, 'eval_runtime': 25.0288, 'eval_samples_per_second': 125.655, 'eval_steps_per_second': 31.444, 'epoch': 3.0}
{'loss': 1.7962, 'grad_norm': 1.2019331455230713, 'learning_rate': 1.7611697586229695e-05, 'epoch': 3.02}
{'loss': 1.809, 'grad_norm': 1.2410176992416382, 'learning_rate': 1.753922369827162e-05, 'epoch': 3.05}
{'loss': 1.8067, 'grad_norm': 1.1063117980957031, 'learning_rate': 1.7465820476326656e-05, 'epoch': 3.08}
{'loss': 1.7818, 'grad_norm': 1.1498067378997803, 'learning_rate': 1.7391496968555667e-05, 'epoch': 3.12}
{'loss': 1.8137, 'grad_norm': 1.1325101852416992, 'learning_rate': 1.7316262336559978e-05, 'epoch': 3.15}
{'loss': 1.8175, 'grad_norm': 1.1678911447525024, 'learning_rate': 1.7240125854252043e-05, 'epoch': 3.18}
{'loss': 1.7661, 'grad_norm': 1.1355555057525635, 'learning_rate': 1.7163096906712267e-05, 'epoch': 3.21}
{'loss': 1.7672, 'grad_norm': 1.1790592670440674, 'learning_rate': 1.708518498903216e-05, 'epoch': 3.24}
{'loss': 1.7423, 'grad_norm': 1.0697174072265625, 'learning_rate': 1.7006399705143905e-05, 'epoch': 3.27}
{'loss': 1.79, 'grad_norm': 1.1275917291641235, 'learning_rate': 1.692675076663651e-05, 'epoch': 3.31}
{'loss': 1.7727, 'grad_norm': 1.0591708421707153, 'learning_rate': 1.6846247991558686e-05, 'epoch': 3.34}
{'loss': 1.7554, 'grad_norm': 1.2553011178970337, 'learning_rate': 1.6764901303208632e-05, 'epoch': 3.37}
{'loss': 1.7201, 'grad_norm': 1.3134880065917969, 'learning_rate': 1.6682720728910815e-05, 'epoch': 3.4}
{'loss': 1.7265, 'grad_norm': 1.1250618696212769, 'learning_rate': 1.659971639877992e-05, 'epoch': 3.43}
{'loss': 1.7055, 'grad_norm': 1.2635279893875122, 'learning_rate': 1.6515898544472172e-05, 'epoch': 3.47}
{'loss': 1.7249, 'grad_norm': 1.1413997411727905, 'learning_rate': 1.6431277497924093e-05, 'epoch': 3.5}
{'loss': 1.7471, 'grad_norm': 1.3147834539413452, 'learning_rate': 1.6345863690078942e-05, 'epoch': 3.53}
{'loss': 1.7124, 'grad_norm': 1.2294864654541016, 'learning_rate': 1.6259667649600907e-05, 'epoch': 3.56}
{'loss': 1.6806, 'grad_norm': 1.2126058340072632, 'learning_rate': 1.6172700001577286e-05, 'epoch': 3.59}
{'loss': 1.7, 'grad_norm': 1.294049620628357, 'learning_rate': 1.6084971466208764e-05, 'epoch': 3.62}
{'loss': 1.6875, 'grad_norm': 1.0781784057617188, 'learning_rate': 1.599649285748798e-05, 'epoch': 3.66}
{'loss': 1.7027, 'grad_norm': 1.1110249757766724, 'learning_rate': 1.5907275081866504e-05, 'epoch': 3.69}
{'loss': 1.7402, 'grad_norm': 1.2062280178070068, 'learning_rate': 1.5817329136910463e-05, 'epoch': 3.72}
{'loss': 1.6916, 'grad_norm': 1.1400632858276367, 'learning_rate': 1.5726666109944887e-05, 'epoch': 3.75}
{'loss': 1.6854, 'grad_norm': 1.1275631189346313, 'learning_rate': 1.563529717668702e-05, 'epoch': 3.78}
{'loss': 1.6862, 'grad_norm': 1.1445834636688232, 'learning_rate': 1.5543233599868744e-05, 'epoch': 3.81}
{'loss': 1.6655, 'grad_norm': 1.24149489402771, 'learning_rate': 1.5450486727848217e-05, 'epoch': 3.85}
{'loss': 1.6824, 'grad_norm': 1.067018747329712, 'learning_rate': 1.535706799321106e-05, 'epoch': 3.88}
{'loss': 1.6765, 'grad_norm': 1.1377856731414795, 'learning_rate': 1.526298891136105e-05, 'epoch': 3.91}
{'loss': 1.6692, 'grad_norm': 1.1119276285171509, 'learning_rate': 1.5168261079100695e-05, 'epoch': 3.94}
{'loss': 1.6841, 'grad_norm': 1.2171742916107178, 'learning_rate': 1.5072896173201697e-05, 'epoch': 3.97}
{'eval_loss': 1.5495795011520386, 'eval_runtime': 25.0789, 'eval_samples_per_second': 125.404, 'eval_steps_per_second': 31.381, 'epoch': 4.0}
{'loss': 1.654, 'grad_norm': 1.1211634874343872, 'learning_rate': 1.4976905948965637e-05, 'epoch': 4.01}
{'loss': 1.6406, 'grad_norm': 1.400673747062683, 'learning_rate': 1.4880302238774911e-05, 'epoch': 4.04}
{'loss': 1.6541, 'grad_norm': 1.1538275480270386, 'learning_rate': 1.4783096950634211e-05, 'epoch': 4.07}
{'loss': 1.6109, 'grad_norm': 1.1621127128601074, 'learning_rate': 1.468530206670265e-05, 'epoch': 4.1}
{'loss': 1.6198, 'grad_norm': 1.1652350425720215, 'learning_rate': 1.4586929641816783e-05, 'epoch': 4.13}
{'loss': 1.6118, 'grad_norm': 1.194619059562683, 'learning_rate': 1.4487991802004625e-05, 'epoch': 4.16}
{'loss': 1.6052, 'grad_norm': 1.207837462425232, 'learning_rate': 1.4388500742990934e-05, 'epoch': 4.2}
{'loss': 1.6175, 'grad_norm': 1.234928011894226, 'learning_rate': 1.4288468728693889e-05, 'epoch': 4.23}
{'loss': 1.6466, 'grad_norm': 1.2346270084381104, 'learning_rate': 1.4187908089713348e-05, 'epoch': 4.26}
{'loss': 1.5968, 'grad_norm': 1.1702474355697632, 'learning_rate': 1.4086831221810897e-05, 'epoch': 4.29}
{'loss': 1.5946, 'grad_norm': 1.2103303670883179, 'learning_rate': 1.3985250584381884e-05, 'epoch': 4.32}
{'loss': 1.6061, 'grad_norm': 1.0353893041610718, 'learning_rate': 1.3883178698919578e-05, 'epoch': 4.36}
{'loss': 1.6062, 'grad_norm': 1.1072560548782349, 'learning_rate': 1.378062814747168e-05, 'epoch': 4.39}
{'loss': 1.6455, 'grad_norm': 1.1751656532287598, 'learning_rate': 1.3677611571089406e-05, 'epoch': 4.42}
{'loss': 1.5916, 'grad_norm': 1.1858919858932495, 'learning_rate': 1.3574141668269235e-05, 'epoch': 4.45}
{'loss': 1.5625, 'grad_norm': 1.2165473699569702, 'learning_rate': 1.3470231193387639e-05, 'epoch': 4.48}
{'loss': 1.5637, 'grad_norm': 1.1310824155807495, 'learning_rate': 1.3365892955128876e-05, 'epoch': 4.51}
{'loss': 1.5669, 'grad_norm': 1.1033011674880981, 'learning_rate': 1.326113981490611e-05, 'epoch': 4.55}
{'loss': 1.5873, 'grad_norm': 1.2092974185943604, 'learning_rate': 1.315598468527604e-05, 'epoch': 4.58}
{'loss': 1.567, 'grad_norm': 1.0898783206939697, 'learning_rate': 1.30504405283472e-05, 'epoch': 4.61}
{'loss': 1.6028, 'grad_norm': 1.2316384315490723, 'learning_rate': 1.294452035418218e-05, 'epoch': 4.64}
{'loss': 1.5432, 'grad_norm': 1.0861480236053467, 'learning_rate': 1.2838237219193897e-05, 'epoch': 4.67}
{'loss': 1.5707, 'grad_norm': 1.2492936849594116, 'learning_rate': 1.2731604224536208e-05, 'epoch': 4.71}
{'loss': 1.5672, 'grad_norm': 1.0318129062652588, 'learning_rate': 1.262463451448895e-05, 'epoch': 4.74}
{'loss': 1.573, 'grad_norm': 1.2248880863189697, 'learning_rate': 1.2517341274837702e-05, 'epoch': 4.77}
{'loss': 1.5823, 'grad_norm': 1.2235658168792725, 'learning_rate': 1.2409737731248418e-05, 'epoch': 4.8}
{'loss': 1.5481, 'grad_norm': 1.115583896636963, 'learning_rate': 1.2301837147637137e-05, 'epoch': 4.83}
{'loss': 1.5692, 'grad_norm': 1.1613080501556396, 'learning_rate': 1.2193652824535e-05, 'epoch': 4.86}
{'loss': 1.5589, 'grad_norm': 1.3721156120300293, 'learning_rate': 1.2085198097448732e-05, 'epoch': 4.9}
{'loss': 1.5681, 'grad_norm': 1.222000002861023, 'learning_rate': 1.197648633521681e-05, 'epoch': 4.93}
{'loss': 1.5843, 'grad_norm': 1.139161467552185, 'learning_rate': 1.1867530938361557e-05, 'epoch': 4.96}
{'loss': 1.5496, 'grad_norm': 1.1531906127929688, 'learning_rate': 1.1758345337437284e-05, 'epoch': 4.99}
{'eval_loss': 1.4660567045211792, 'eval_runtime': 25.1056, 'eval_samples_per_second': 125.271, 'eval_steps_per_second': 31.348, 'epoch': 5.0}
{'loss': 1.5748, 'grad_norm': 1.1364907026290894, 'learning_rate': 1.164894299137476e-05, 'epoch': 5.02}
{'loss': 1.5214, 'grad_norm': 1.1545027494430542, 'learning_rate': 1.1539337385822179e-05, 'epoch': 5.05}
{'loss': 1.5042, 'grad_norm': 1.1382083892822266, 'learning_rate': 1.1429542031482828e-05, 'epoch': 5.09}
{'loss': 1.5213, 'grad_norm': 1.1972410678863525, 'learning_rate': 1.1319570462449664e-05, 'epoch': 5.12}
{'loss': 1.5156, 'grad_norm': 1.143083095550537, 'learning_rate': 1.120943623453703e-05, 'epoch': 5.15}
{'loss': 1.5343, 'grad_norm': 1.1526710987091064, 'learning_rate': 1.1099152923609654e-05, 'epoch': 5.18}
{'loss': 1.5317, 'grad_norm': 1.0822174549102783, 'learning_rate': 1.0988734123909218e-05, 'epoch': 5.21}
{'loss': 1.4944, 'grad_norm': 1.1295692920684814, 'learning_rate': 1.0878193446378633e-05, 'epoch': 5.25}
{'loss': 1.5252, 'grad_norm': 1.1872597932815552, 'learning_rate': 1.076754451698427e-05, 'epoch': 5.28}
{'loss': 1.5162, 'grad_norm': 1.3720802068710327, 'learning_rate': 1.0656800975036328e-05, 'epoch': 5.31}
{'loss': 1.5292, 'grad_norm': 1.1107597351074219, 'learning_rate': 1.0545976471507573e-05, 'epoch': 5.34}
{'loss': 1.5175, 'grad_norm': 1.2142044305801392, 'learning_rate': 1.0435084667350619e-05, 'epoch': 5.37}
{'loss': 1.5086, 'grad_norm': 1.1345314979553223, 'learning_rate': 1.0324139231813997e-05, 'epoch': 5.4}
{'loss': 1.5132, 'grad_norm': 1.1882761716842651, 'learning_rate': 1.0213153840757198e-05, 'epoch': 5.44}
{'loss': 1.4971, 'grad_norm': 1.081130862236023, 'learning_rate': 1.0102142174964883e-05, 'epoch': 5.47}
{'loss': 1.5072, 'grad_norm': 0.998381495475769, 'learning_rate': 9.991117918460518e-06, 'epoch': 5.5}
{'loss': 1.5178, 'grad_norm': 1.1818896532058716, 'learning_rate': 9.880094756819572e-06, 'epoch': 5.53}
{'loss': 1.4555, 'grad_norm': 1.2288864850997925, 'learning_rate': 9.769086375482561e-06, 'epoch': 5.56}
{'loss': 1.4733, 'grad_norm': 1.1942424774169922, 'learning_rate': 9.658106458068086e-06, 'epoch': 5.6}
{'loss': 1.5013, 'grad_norm': 1.0931068658828735, 'learning_rate': 9.547168684686088e-06, 'epoch': 5.63}
{'loss': 1.4866, 'grad_norm': 1.0574452877044678, 'learning_rate': 9.436286730251568e-06, 'epoch': 5.66}
{'loss': 1.503, 'grad_norm': 1.245092749595642, 'learning_rate': 9.32547426279892e-06, 'epoch': 5.69}
{'loss': 1.4795, 'grad_norm': 1.1334667205810547, 'learning_rate': 9.214744941797115e-06, 'epoch': 5.72}
{'loss': 1.4873, 'grad_norm': 1.1750290393829346, 'learning_rate': 9.104112416465949e-06, 'epoch': 5.75}
{'loss': 1.4906, 'grad_norm': 1.2096500396728516, 'learning_rate': 8.993590324093548e-06, 'epoch': 5.79}
{'loss': 1.5293, 'grad_norm': 1.1329237222671509, 'learning_rate': 8.883192288355362e-06, 'epoch': 5.82}
{'loss': 1.4852, 'grad_norm': 1.0214186906814575, 'learning_rate': 8.772931917634792e-06, 'epoch': 5.85}
{'loss': 1.4841, 'grad_norm': 1.0146020650863647, 'learning_rate': 8.662822803345762e-06, 'epoch': 5.88}
{'loss': 1.45, 'grad_norm': 1.119154453277588, 'learning_rate': 8.552878518257335e-06, 'epoch': 5.91}
{'loss': 1.4936, 'grad_norm': 1.0671262741088867, 'learning_rate': 8.44311261482065e-06, 'epoch': 5.95}
{'loss': 1.4902, 'grad_norm': 1.1407289505004883, 'learning_rate': 8.333538623498357e-06, 'epoch': 5.98}
{'eval_loss': 1.4184982776641846, 'eval_runtime': 25.1461, 'eval_samples_per_second': 125.069, 'eval_steps_per_second': 31.297, 'epoch': 6.0}
{'loss': 1.4848, 'grad_norm': 1.037210464477539, 'learning_rate': 8.224170051096769e-06, 'epoch': 6.01}
{'loss': 1.4633, 'grad_norm': 1.165103793144226, 'learning_rate': 8.115020379100913e-06, 'epoch': 6.04}
{'loss': 1.4376, 'grad_norm': 1.1686710119247437, 'learning_rate': 8.006103062012725e-06, 'epoch': 6.07}
{'loss': 1.4762, 'grad_norm': 1.0380972623825073, 'learning_rate': 7.897431525692557e-06, 'epoch': 6.1}
{'loss': 1.4464, 'grad_norm': 1.161102533340454, 'learning_rate': 7.789019165704218e-06, 'epoch': 6.14}
{'loss': 1.4514, 'grad_norm': 1.162205457687378, 'learning_rate': 7.680879345663745e-06, 'epoch': 6.17}
{'loss': 1.445, 'grad_norm': 1.2202943563461304, 'learning_rate': 7.573025395592125e-06, 'epoch': 6.2}
{'loss': 1.476, 'grad_norm': 1.4151862859725952, 'learning_rate': 7.4654706102721405e-06, 'epoch': 6.23}
{'loss': 1.4435, 'grad_norm': 1.2234408855438232, 'learning_rate': 7.358228247609569e-06, 'epoch': 6.26}
{'loss': 1.4579, 'grad_norm': 1.2541743516921997, 'learning_rate': 7.251311526998934e-06, 'epoch': 6.29}
{'loss': 1.4631, 'grad_norm': 1.2266089916229248, 'learning_rate': 7.1447336276939915e-06, 'epoch': 6.33}
{'loss': 1.4587, 'grad_norm': 1.2215874195098877, 'learning_rate': 7.038507687183167e-06, 'epoch': 6.36}
{'loss': 1.4608, 'grad_norm': 1.1255608797073364, 'learning_rate': 6.932646799570144e-06, 'epoch': 6.39}
{'loss': 1.4732, 'grad_norm': 1.1473500728607178, 'learning_rate': 6.827164013959805e-06, 'epoch': 6.42}
{'loss': 1.4353, 'grad_norm': 1.1589487791061401, 'learning_rate': 6.722072332849697e-06, 'epoch': 6.45}
{'loss': 1.4516, 'grad_norm': 1.309563398361206, 'learning_rate': 6.617384710527282e-06, 'epoch': 6.49}
{'loss': 1.4373, 'grad_norm': 1.287765383720398, 'learning_rate': 6.513114051473094e-06, 'epoch': 6.52}
{'loss': 1.4443, 'grad_norm': 1.1409952640533447, 'learning_rate': 6.409273208770039e-06, 'epoch': 6.55}
{'loss': 1.4431, 'grad_norm': 1.4131630659103394, 'learning_rate': 6.305874982519064e-06, 'epoch': 6.58}
{'loss': 1.4908, 'grad_norm': 1.426690936088562, 'learning_rate': 6.202932118261309e-06, 'epoch': 6.61}
{'loss': 1.4191, 'grad_norm': 1.0984138250350952, 'learning_rate': 6.100457305407024e-06, 'epoch': 6.64}
{'loss': 1.4145, 'grad_norm': 1.3050211668014526, 'learning_rate': 5.998463175671382e-06, 'epoch': 6.68}
{'loss': 1.4086, 'grad_norm': 1.1539452075958252, 'learning_rate': 5.896962301517415e-06, 'epoch': 6.71}
{'loss': 1.4208, 'grad_norm': 1.1481013298034668, 'learning_rate': 5.795967194606249e-06, 'epoch': 6.74}
{'loss': 1.4714, 'grad_norm': 1.3294668197631836, 'learning_rate': 5.695490304254825e-06, 'epoch': 6.77}
{'loss': 1.4269, 'grad_norm': 1.1203275918960571, 'learning_rate': 5.59554401590134e-06, 'epoch': 6.8}
{'loss': 1.4536, 'grad_norm': 1.0865051746368408, 'learning_rate': 5.496140649578507e-06, 'epoch': 6.84}
{'loss': 1.4416, 'grad_norm': 1.3259841203689575, 'learning_rate': 5.397292458394923e-06, 'epoch': 6.87}
{'loss': 1.4358, 'grad_norm': 1.171912431716919, 'learning_rate': 5.2990116270246795e-06, 'epoch': 6.9}
{'loss': 1.43, 'grad_norm': 1.006737470626831, 'learning_rate': 5.201310270205375e-06, 'epoch': 6.93}
{'loss': 1.4375, 'grad_norm': 1.020851492881775, 'learning_rate': 5.104200431244802e-06, 'epoch': 6.96}
{'loss': 1.4272, 'grad_norm': 1.0730935335159302, 'learning_rate': 5.007694080536379e-06, 'epoch': 6.99}
{'eval_loss': 1.3895392417907715, 'eval_runtime': 25.2433, 'eval_samples_per_second': 124.588, 'eval_steps_per_second': 31.177, 'epoch': 7.0}
{'loss': 1.4062, 'grad_norm': 1.1141629219055176, 'learning_rate': 4.911803114083635e-06, 'epoch': 7.03}
{'loss': 1.3851, 'grad_norm': 1.0158642530441284, 'learning_rate': 4.816539352033806e-06, 'epoch': 7.06}
{'loss': 1.4075, 'grad_norm': 1.2542273998260498, 'learning_rate': 4.721914537220807e-06, 'epoch': 7.09}
{'loss': 1.3977, 'grad_norm': 1.1767674684524536, 'learning_rate': 4.627940333717758e-06, 'epoch': 7.12}
{'loss': 1.4043, 'grad_norm': 1.0771265029907227, 'learning_rate': 4.534628325399157e-06, 'epoch': 7.15}
{'loss': 1.4215, 'grad_norm': 1.1569849252700806, 'learning_rate': 4.441990014513016e-06, 'epoch': 7.18}
{'loss': 1.433, 'grad_norm': 1.263935923576355, 'learning_rate': 4.3500368202629775e-06, 'epoch': 7.22}
{'loss': 1.4323, 'grad_norm': 1.1858930587768555, 'learning_rate': 4.2587800774007485e-06, 'epoch': 7.25}
{'loss': 1.4458, 'grad_norm': 1.1796623468399048, 'learning_rate': 4.168231034828873e-06, 'epoch': 7.28}
{'loss': 1.4259, 'grad_norm': 1.2781472206115723, 'learning_rate': 4.078400854214136e-06, 'epoch': 7.31}
{'loss': 1.4317, 'grad_norm': 1.3049607276916504, 'learning_rate': 3.989300608611709e-06, 'epoch': 7.34}
{'loss': 1.4359, 'grad_norm': 1.1536747217178345, 'learning_rate': 3.90094128110018e-06, 'epoch': 7.38}
{'loss': 1.4224, 'grad_norm': 1.2792513370513916, 'learning_rate': 3.8133337634277556e-06, 'epoch': 7.41}
{'loss': 1.4128, 'grad_norm': 1.1099542379379272, 'learning_rate': 3.726488854669631e-06, 'epoch': 7.44}
{'loss': 1.4173, 'grad_norm': 1.1580218076705933, 'learning_rate': 3.640417259896856e-06, 'epoch': 7.47}
{'loss': 1.413, 'grad_norm': 1.277023434638977, 'learning_rate': 3.5551295888567304e-06, 'epoch': 7.5}
{'loss': 1.3772, 'grad_norm': 1.048396348953247, 'learning_rate': 3.470636354665006e-06, 'epoch': 7.53}
{'loss': 1.3808, 'grad_norm': 1.3638794422149658, 'learning_rate': 3.386947972509944e-06, 'epoch': 7.57}
{'loss': 1.4148, 'grad_norm': 1.1571556329727173, 'learning_rate': 3.3040747583684864e-06, 'epoch': 7.6}
{'loss': 1.375, 'grad_norm': 1.0402251482009888, 'learning_rate': 3.2220269277346437e-06, 'epoch': 7.63}
{'loss': 1.4121, 'grad_norm': 1.1920599937438965, 'learning_rate': 3.140814594360254e-06, 'epoch': 7.66}
{'loss': 1.4209, 'grad_norm': 1.0379973649978638, 'learning_rate': 3.060447769008311e-06, 'epoch': 7.69}
{'loss': 1.4503, 'grad_norm': 1.1089093685150146, 'learning_rate': 2.980936358218951e-06, 'epoch': 7.73}
{'loss': 1.4066, 'grad_norm': 1.163007378578186, 'learning_rate': 2.902290163088334e-06, 'epoch': 7.76}
{'loss': 1.4244, 'grad_norm': 1.1309336423873901, 'learning_rate': 2.824518878060475e-06, 'epoch': 7.79}
{'loss': 1.4321, 'grad_norm': 1.1958025693893433, 'learning_rate': 2.7476320897322507e-06, 'epoch': 7.82}
{'loss': 1.3878, 'grad_norm': 1.0624351501464844, 'learning_rate': 2.6716392756717025e-06, 'epoch': 7.85}
{'loss': 1.4245, 'grad_norm': 0.9887676239013672, 'learning_rate': 2.596549803249748e-06, 'epoch': 7.88}
{'loss': 1.386, 'grad_norm': 1.2859934568405151, 'learning_rate': 2.522372928485526e-06, 'epoch': 7.92}
{'loss': 1.3898, 'grad_norm': 1.2702491283416748, 'learning_rate': 2.4491177949054066e-06, 'epoch': 7.95}
{'loss': 1.3918, 'grad_norm': 1.1299318075180054, 'learning_rate': 2.376793432415935e-06, 'epoch': 7.98}
{'eval_loss': 1.3772672414779663, 'eval_runtime': 25.1109, 'eval_samples_per_second': 125.244, 'eval_steps_per_second': 31.341, 'epoch': 8.0}
{'loss': 1.4171, 'grad_norm': 1.202046275138855, 'learning_rate': 2.3054087561907133e-06, 'epoch': 8.01}
{'loss': 1.4139, 'grad_norm': 1.17838716506958, 'learning_rate': 2.2349725655714784e-06, 'epoch': 8.04}
{'loss': 1.3726, 'grad_norm': 1.0993539094924927, 'learning_rate': 2.165493542983439e-06, 'epoch': 8.08}
{'loss': 1.4197, 'grad_norm': 1.2425177097320557, 'learning_rate': 2.0969802528650052e-06, 'epoch': 8.11}
{'loss': 1.3905, 'grad_norm': 1.1439778804779053, 'learning_rate': 2.0294411406121017e-06, 'epoch': 8.14}
{'loss': 1.4134, 'grad_norm': 1.243583083152771, 'learning_rate': 1.9628845315371135e-06, 'epoch': 8.17}
{'loss': 1.3608, 'grad_norm': 1.2368569374084473, 'learning_rate': 1.8973186298426715e-06, 'epoch': 8.2}
{'loss': 1.3982, 'grad_norm': 1.444680094718933, 'learning_rate': 1.8327515176103339e-06, 'epoch': 8.23}
{'loss': 1.4129, 'grad_norm': 1.1368119716644287, 'learning_rate': 1.7691911538043426e-06, 'epoch': 8.27}
{'loss': 1.3827, 'grad_norm': 1.162078619003296, 'learning_rate': 1.7066453732905497e-06, 'epoch': 8.3}
{'loss': 1.4133, 'grad_norm': 1.3728797435760498, 'learning_rate': 1.6451218858706374e-06, 'epoch': 8.33}
{'loss': 1.3706, 'grad_norm': 1.2209582328796387, 'learning_rate': 1.5846282753317665e-06, 'epoch': 8.36}
{'loss': 1.4058, 'grad_norm': 1.2226976156234741, 'learning_rate': 1.525171998511733e-06, 'epoch': 8.39}
{'loss': 1.4088, 'grad_norm': 1.286128044128418, 'learning_rate': 1.4667603843798106e-06, 'epoch': 8.42}
{'loss': 1.3819, 'grad_norm': 1.140775442123413, 'learning_rate': 1.40940063313331e-06, 'epoch': 8.46}
{'loss': 1.4143, 'grad_norm': 1.1644350290298462, 'learning_rate': 1.3530998153100584e-06, 'epoch': 8.49}
{'loss': 1.3719, 'grad_norm': 1.1431924104690552, 'learning_rate': 1.2978648709168218e-06, 'epoch': 8.52}
{'loss': 1.4024, 'grad_norm': 1.2181276082992554, 'learning_rate': 1.2437026085738413e-06, 'epoch': 8.55}
{'loss': 1.3795, 'grad_norm': 1.0448254346847534, 'learning_rate': 1.190619704675564e-06, 'epoch': 8.58}
{'loss': 1.3966, 'grad_norm': 1.1051677465438843, 'learning_rate': 1.1386227025676533e-06, 'epoch': 8.62}
{'loss': 1.4081, 'grad_norm': 1.0898432731628418, 'learning_rate': 1.0877180117404262e-06, 'epoch': 8.65}
{'loss': 1.4007, 'grad_norm': 1.1619327068328857, 'learning_rate': 1.0379119070387678e-06, 'epoch': 8.68}
{'loss': 1.3549, 'grad_norm': 1.2274937629699707, 'learning_rate': 9.892105278886633e-07, 'epoch': 8.71}
{'loss': 1.3979, 'grad_norm': 1.2780864238739014, 'learning_rate': 9.416198775403995e-07, 'epoch': 8.74}
{'loss': 1.378, 'grad_norm': 1.2308965921401978, 'learning_rate': 8.951458223285747e-07, 'epoch': 8.77}
{'loss': 1.3979, 'grad_norm': 1.3026765584945679, 'learning_rate': 8.497940909489766e-07, 'epoch': 8.81}
{'loss': 1.4038, 'grad_norm': 1.2143313884735107, 'learning_rate': 8.05570273752414e-07, 'epoch': 8.84}
{'loss': 1.4016, 'grad_norm': 1.3771862983703613, 'learning_rate': 7.624798220556307e-07, 'epoch': 8.87}
{'loss': 1.4025, 'grad_norm': 0.996412992477417, 'learning_rate': 7.205280474693255e-07, 'epoch': 8.9}
{'loss': 1.3558, 'grad_norm': 1.2627817392349243, 'learning_rate': 6.797201212434179e-07, 'epoch': 8.93}
{'loss': 1.4298, 'grad_norm': 1.101830005645752, 'learning_rate': 6.40061073629602e-07, 'epoch': 8.97}
{'loss': 1.3995, 'grad_norm': 1.1105852127075195, 'learning_rate': 6.015557932612814e-07, 'epoch': 9.0}
{'eval_loss': 1.3725615739822388, 'eval_runtime': 25.2505, 'eval_samples_per_second': 124.552, 'eval_steps_per_second': 31.168, 'epoch': 9.0}
{'loss': 1.3874, 'grad_norm': 1.0900118350982666, 'learning_rate': 5.642090265509758e-07, 'epoch': 9.03}
{'loss': 1.3951, 'grad_norm': 1.0201175212860107, 'learning_rate': 5.280253771052335e-07, 'epoch': 9.06}
{'loss': 1.4146, 'grad_norm': 1.1562682390213013, 'learning_rate': 4.930093051571727e-07, 'epoch': 9.09}
{'loss': 1.3901, 'grad_norm': 1.1726118326187134, 'learning_rate': 4.5916512701667194e-07, 'epoch': 9.12}
{'loss': 1.3894, 'grad_norm': 1.0760993957519531, 'learning_rate': 4.264970145383218e-07, 'epoch': 9.16}
{'loss': 1.4121, 'grad_norm': 1.3381692171096802, 'learning_rate': 3.950089946071789e-07, 'epoch': 9.19}
{'loss': 1.4027, 'grad_norm': 1.0637552738189697, 'learning_rate': 3.647049486423715e-07, 'epoch': 9.22}
{'loss': 1.3989, 'grad_norm': 1.1473816633224487, 'learning_rate': 3.3558861211866465e-07, 'epoch': 9.25}
{'loss': 1.4, 'grad_norm': 1.1874573230743408, 'learning_rate': 3.076635741059897e-07, 'epoch': 9.28}
{'loss': 1.3437, 'grad_norm': 1.0898407697677612, 'learning_rate': 2.8093327682704455e-07, 'epoch': 9.31}
{'loss': 1.3816, 'grad_norm': 1.0538244247436523, 'learning_rate': 2.554010152329689e-07, 'epoch': 9.35}
{'loss': 1.3874, 'grad_norm': 1.1008292436599731, 'learning_rate': 2.3106993659719912e-07, 'epoch': 9.38}
{'loss': 1.3766, 'grad_norm': 1.1032196283340454, 'learning_rate': 2.079430401275062e-07, 'epoch': 9.41}
{'loss': 1.4148, 'grad_norm': 1.0826530456542969, 'learning_rate': 1.8602317659630164e-07, 'epoch': 9.44}
{'loss': 1.3996, 'grad_norm': 1.2085070610046387, 'learning_rate': 1.6531304798922175e-07, 'epoch': 9.47}
{'loss': 1.355, 'grad_norm': 1.3188358545303345, 'learning_rate': 1.4581520717207532e-07, 'epoch': 9.51}
{'loss': 1.3399, 'grad_norm': 1.332775592803955, 'learning_rate': 1.2753205757615184e-07, 'epoch': 9.54}
{'loss': 1.3979, 'grad_norm': 1.0615508556365967, 'learning_rate': 1.1046585290196199e-07, 'epoch': 9.57}
{'loss': 1.4248, 'grad_norm': 1.0361168384552002, 'learning_rate': 9.461869684143532e-08, 'epoch': 9.6}
{'loss': 1.3814, 'grad_norm': 1.0308223962783813, 'learning_rate': 7.99925428185988e-08, 'epoch': 9.63}
{'loss': 1.3902, 'grad_norm': 1.1890459060668945, 'learning_rate': 6.658919374878836e-08, 'epoch': 9.66}
{'loss': 1.3611, 'grad_norm': 1.1599504947662354, 'learning_rate': 5.4410301816409936e-08, 'epoch': 9.7}
{'loss': 1.3965, 'grad_norm': 1.185934066772461, 'learning_rate': 4.345736827128133e-08, 'epoch': 9.73}
{'loss': 1.3607, 'grad_norm': 1.111206293106079, 'learning_rate': 3.373174324357464e-08, 'epoch': 9.76}
{'loss': 1.4102, 'grad_norm': 1.1796380281448364, 'learning_rate': 2.523462557739609e-08, 'epoch': 9.79}
{'loss': 1.4052, 'grad_norm': 1.2700737714767456, 'learning_rate': 1.7967062683001968e-08, 'epoch': 9.82}
{'loss': 1.3993, 'grad_norm': 1.2281866073608398, 'learning_rate': 1.192995040769307e-08, 'epoch': 9.86}
{'loss': 1.3936, 'grad_norm': 1.1455979347229004, 'learning_rate': 7.1240329253852155e-09, 'epoch': 9.89}
{'loss': 1.4005, 'grad_norm': 1.2508423328399658, 'learning_rate': 3.5499026448782006e-09, 'epoch': 9.92}
{'loss': 1.3679, 'grad_norm': 1.1090048551559448, 'learning_rate': 1.2080001368286466e-09, 'epoch': 9.95}
{'loss': 1.3775, 'grad_norm': 1.1281424760818481, 'learning_rate': 9.861407944566914e-11, 'epoch': 9.98}
{'eval_loss': 1.3715522289276123, 'eval_runtime': 24.9166, 'eval_samples_per_second': 126.221, 'eval_steps_per_second': 31.585, 'epoch': 10.0}
{'train_runtime': 6368.6896, 'train_samples_per_second': 39.512, 'train_steps_per_second': 2.468, 'train_loss': 1.937452453754027, 'epoch': 10.0}

[DEBUG] Training completed for fold 1
[DEBUG] Best eval loss: 1.371552
[DEBUG] Best model checkpoint: grn_NOsyll_600M/fold_1/checkpoint-15720
[DEBUG] Training metrics saved to: grn_NOsyll_600M/fold_1/training_metrics.json

[DEBUG] Current fold results ranking:
  * Fold 0: eval_loss = 1.359159
    Fold 1: eval_loss = 1.371552
[DEBUG] GPU memory cleared after fold 1

[DEBUG] Fold 2:
  Train: 25,164 examples (folds: [0, 1, 3, 4])
  Dev:   3,145 examples (first half of fold 2)
  Test:  3,145 examples (SECOND HALF of fold 2 - saved for later)
  This fold's test set is DIFFERENT from other folds' test sets
[DEBUG] Data saved to: grn_NOsyll_600M/fold_2/data
    - train.eng/train.nav (25164 pairs)
    - dev.eng/dev.nav (3145 pairs)
    - test.eng/test.nav (3145 pairs) - FOR LATER TESTING

********************************************************************************
* FOLD 2 STARTING
********************************************************************************
[DEBUG] Fold 2 data distribution:
  Training: 25,164 examples (folds other than 2)
  Development: 3,145 examples (first half of fold 2)
  Test: 3,145 examples (second half of fold 2 - SAVED, NOT USED)

################################################################################
# FOLD 2 TRAINING STARTING
################################################################################

[DEBUG] Device: cuda
[DEBUG] GPU: NVIDIA A100-SXM4-80GB
[DEBUG] GPU Memory: 85.09 GB
[DEBUG] Current GPU memory allocated: 4.95 GB

[DEBUG] Fold output directory: grn_NOsyll_600M/fold_2

[DEBUG] Loading model: facebook/nllb-200-distilled-600M

[DEBUG] Syllabification disabled - using raw text
[DEBUG] Model moved to cuda

[DEBUG] Tokenizer configuration:
  Source language: eng_Latn
  Target language: grn_Latn
[DEBUG] Model decoder configuration:
  forced_bos_token_id: 256063 (grn_Latn)
  decoder_start_token_id: 256063

[DEBUG] Creating datasets...

[DEBUG] Tokenizing datasets...

[DEBUG] Tokenization stats:
  Train dataset size: 25164
  Dev dataset size: 3145

[DEBUG] Sample tokenized example:
  Example 0:
    input_ids length: 28
    labels length: 40
    attention_mask length: 28
  Example 1:
    input_ids length: 8
    labels length: 16
    attention_mask length: 8
  Example 2:
    input_ids length: 48
    labels length: 121
    attention_mask length: 48

[DEBUG] Training arguments:
  Output directory: grn_NOsyll_600M/fold_2
  Learning rate: 2e-05
  Batch size (per device): 4
  Gradient accumulation: 4
  Effective batch size: 16
  Epochs: 10
  BF16 enabled: True

[DEBUG] Starting training for fold 2...
[DEBUG] Training samples: 25164
[DEBUG] Validation samples: 3145
[DEBUG] NOTE: Test set from fold 2 is NOT being used
{'loss': 9.0405, 'grad_norm': 7.094985485076904, 'learning_rate': 6.361323155216286e-07, 'epoch': 0.03}
{'loss': 8.79, 'grad_norm': 5.957206726074219, 'learning_rate': 1.2722646310432571e-06, 'epoch': 0.06}
{'loss': 8.2715, 'grad_norm': 3.7234504222869873, 'learning_rate': 1.908396946564886e-06, 'epoch': 0.1}
{'loss': 7.3922, 'grad_norm': 2.5820493698120117, 'learning_rate': 2.5445292620865143e-06, 'epoch': 0.13}
{'loss': 6.6379, 'grad_norm': 1.5277951955795288, 'learning_rate': 3.1806615776081427e-06, 'epoch': 0.16}
{'loss': 6.0789, 'grad_norm': 1.3607696294784546, 'learning_rate': 3.816793893129772e-06, 'epoch': 0.19}
{'loss': 5.6685, 'grad_norm': 1.2943371534347534, 'learning_rate': 4.4529262086514e-06, 'epoch': 0.22}
{'loss': 5.3443, 'grad_norm': 1.1580278873443604, 'learning_rate': 5.0890585241730285e-06, 'epoch': 0.25}
{'loss': 5.0933, 'grad_norm': 1.1096445322036743, 'learning_rate': 5.725190839694656e-06, 'epoch': 0.29}
{'loss': 4.8337, 'grad_norm': 1.2359274625778198, 'learning_rate': 6.3613231552162854e-06, 'epoch': 0.32}
{'loss': 4.6703, 'grad_norm': 1.3113062381744385, 'learning_rate': 6.997455470737914e-06, 'epoch': 0.35}
{'loss': 4.4484, 'grad_norm': 1.030076503753662, 'learning_rate': 7.633587786259543e-06, 'epoch': 0.38}
{'loss': 4.3185, 'grad_norm': 1.2238624095916748, 'learning_rate': 8.26972010178117e-06, 'epoch': 0.41}
{'loss': 4.1739, 'grad_norm': 1.1529526710510254, 'learning_rate': 8.9058524173028e-06, 'epoch': 0.45}
{'loss': 4.0474, 'grad_norm': 1.1698554754257202, 'learning_rate': 9.54198473282443e-06, 'epoch': 0.48}
{'loss': 3.8928, 'grad_norm': 1.3285967111587524, 'learning_rate': 1.0178117048346057e-05, 'epoch': 0.51}
{'loss': 3.8303, 'grad_norm': 1.3768134117126465, 'learning_rate': 1.0814249363867686e-05, 'epoch': 0.54}
{'loss': 3.6878, 'grad_norm': 1.1117956638336182, 'learning_rate': 1.1450381679389312e-05, 'epoch': 0.57}
{'loss': 3.6486, 'grad_norm': 1.291700005531311, 'learning_rate': 1.2086513994910942e-05, 'epoch': 0.6}
{'loss': 3.529, 'grad_norm': 1.2283071279525757, 'learning_rate': 1.2722646310432571e-05, 'epoch': 0.64}
{'loss': 3.4293, 'grad_norm': 1.302905559539795, 'learning_rate': 1.3358778625954198e-05, 'epoch': 0.67}
{'loss': 3.3837, 'grad_norm': 1.3561779260635376, 'learning_rate': 1.3994910941475828e-05, 'epoch': 0.7}
{'loss': 3.3368, 'grad_norm': 1.406438946723938, 'learning_rate': 1.4631043256997457e-05, 'epoch': 0.73}
{'loss': 3.2371, 'grad_norm': 1.1353697776794434, 'learning_rate': 1.5267175572519086e-05, 'epoch': 0.76}
{'loss': 3.1675, 'grad_norm': 1.2190191745758057, 'learning_rate': 1.5903307888040712e-05, 'epoch': 0.79}
{'loss': 3.1021, 'grad_norm': 1.2427124977111816, 'learning_rate': 1.653944020356234e-05, 'epoch': 0.83}
{'loss': 3.0646, 'grad_norm': 1.284386396408081, 'learning_rate': 1.717557251908397e-05, 'epoch': 0.86}
{'loss': 3.0083, 'grad_norm': 1.309018611907959, 'learning_rate': 1.78117048346056e-05, 'epoch': 0.89}
{'loss': 2.9628, 'grad_norm': 1.2707284688949585, 'learning_rate': 1.844783715012723e-05, 'epoch': 0.92}
{'loss': 2.9163, 'grad_norm': 1.2736176252365112, 'learning_rate': 1.908396946564886e-05, 'epoch': 0.95}
{'loss': 2.8701, 'grad_norm': 1.1823055744171143, 'learning_rate': 1.9720101781170485e-05, 'epoch': 0.99}
{'eval_loss': 2.606562376022339, 'eval_runtime': 24.8811, 'eval_samples_per_second': 126.401, 'eval_steps_per_second': 31.63, 'epoch': 1.0}
{'loss': 2.8061, 'grad_norm': 1.2706210613250732, 'learning_rate': 1.9999806716709255e-05, 'epoch': 1.02}
{'loss': 2.7879, 'grad_norm': 1.2637128829956055, 'learning_rate': 1.999850011488216e-05, 'epoch': 1.05}
{'loss': 2.7253, 'grad_norm': 1.2216163873672485, 'learning_rate': 1.9995961032584046e-05, 'epoch': 1.08}
{'loss': 2.7114, 'grad_norm': 1.510902762413025, 'learning_rate': 1.9992189782798795e-05, 'epoch': 1.11}
{'loss': 2.6386, 'grad_norm': 1.1901863813400269, 'learning_rate': 1.99871868303953e-05, 'epoch': 1.14}
{'loss': 2.6433, 'grad_norm': 1.1511929035186768, 'learning_rate': 1.9980952792070175e-05, 'epoch': 1.18}
{'loss': 2.5466, 'grad_norm': 1.220088243484497, 'learning_rate': 1.9973488436271728e-05, 'epoch': 1.21}
{'loss': 2.5601, 'grad_norm': 1.2393279075622559, 'learning_rate': 1.996479468310524e-05, 'epoch': 1.24}
{'loss': 2.5353, 'grad_norm': 1.1534134149551392, 'learning_rate': 1.9954872604219543e-05, 'epoch': 1.27}
{'loss': 2.5326, 'grad_norm': 1.5509730577468872, 'learning_rate': 1.994372342267493e-05, 'epoch': 1.3}
{'loss': 2.4932, 'grad_norm': 1.2401809692382812, 'learning_rate': 1.993134851279238e-05, 'epoch': 1.34}
{'loss': 2.4741, 'grad_norm': 1.245052695274353, 'learning_rate': 1.991774939998417e-05, 'epoch': 1.37}
{'loss': 2.4637, 'grad_norm': 1.1665135622024536, 'learning_rate': 1.9902927760565824e-05, 'epoch': 1.4}
{'loss': 2.4223, 'grad_norm': 1.2524628639221191, 'learning_rate': 1.988688542154948e-05, 'epoch': 1.43}
{'loss': 2.4024, 'grad_norm': 1.242406964302063, 'learning_rate': 1.98696243604187e-05, 'epoch': 1.46}
{'loss': 2.3547, 'grad_norm': 1.3455084562301636, 'learning_rate': 1.9851146704884684e-05, 'epoch': 1.49}
{'loss': 2.3404, 'grad_norm': 1.2243252992630005, 'learning_rate': 1.9831454732624023e-05, 'epoch': 1.53}
{'loss': 2.3598, 'grad_norm': 1.1410256624221802, 'learning_rate': 1.9810550870997914e-05, 'epoch': 1.56}
{'loss': 2.3186, 'grad_norm': 1.142120122909546, 'learning_rate': 1.9788437696752965e-05, 'epoch': 1.59}
{'loss': 2.31, 'grad_norm': 1.1681201457977295, 'learning_rate': 1.9765117935703556e-05, 'epoch': 1.62}
{'loss': 2.2877, 'grad_norm': 1.222281813621521, 'learning_rate': 1.9740594462395844e-05, 'epoch': 1.65}
{'loss': 2.2523, 'grad_norm': 1.0874205827713013, 'learning_rate': 1.9714870299753425e-05, 'epoch': 1.68}
{'loss': 2.2375, 'grad_norm': 1.384468913078308, 'learning_rate': 1.9687948618704713e-05, 'epoch': 1.72}
{'loss': 2.2441, 'grad_norm': 1.1586174964904785, 'learning_rate': 1.9659832737792065e-05, 'epoch': 1.75}
{'loss': 2.2397, 'grad_norm': 1.12989342212677, 'learning_rate': 1.963052612276272e-05, 'epoch': 1.78}
{'loss': 2.2173, 'grad_norm': 1.12861168384552, 'learning_rate': 1.9600032386141578e-05, 'epoch': 1.81}
{'loss': 2.2162, 'grad_norm': 1.3002424240112305, 'learning_rate': 1.9568355286785916e-05, 'epoch': 1.84}
{'loss': 2.1763, 'grad_norm': 1.2317560911178589, 'learning_rate': 1.9535498729422034e-05, 'epoch': 1.88}
{'loss': 2.2018, 'grad_norm': 1.2672672271728516, 'learning_rate': 1.950146676416393e-05, 'epoch': 1.91}
{'loss': 2.1642, 'grad_norm': 1.3386988639831543, 'learning_rate': 1.9466263586014062e-05, 'epoch': 1.94}
{'loss': 2.1494, 'grad_norm': 1.2989366054534912, 'learning_rate': 1.9429893534346248e-05, 'epoch': 1.97}
