========================================================
STARTING EXPERIMENT: grn_NOsyll_600M
Started at: Wed Mar  4 12:24:29 PM EST 2026
========================================================
CONFIGURATION:
  Experiment: grn_NOsyll_600M
  Target language: grn_Latn
  Syllabification: --no_syllabify
  Model: 600M
  Learning rate: 2e-5
  Epochs: 10
  Batch size: 4
  Fold: 4
  Output dir: grn_NOsyll_600M
========================================================
Single-fold mode: checking for saved splits in /home/common/ACNLP/eng2nav/nllb_ft/grn_NOsyll_600M/fold_4/data
All saved split files found for fold 4.
========================================================
NVIDIA A100-SXM4-80GB, 81920 MiB
Starting training at: Wed Mar  4 12:24:30 PM EST 2026

================================================================================
ENGLISH→NAVAJO TRAINING PIPELINE
================================================================================
[DEBUG] Configuration:
  Model size: 600M
  Target language: grn_Latn
  Syllabification: DISABLED
  Output directory: grn_NOsyll_600M
  Epochs per fold: 10
  Batch size: 4
  Gradient accumulation: 4
  Learning rate: 2e-05
  Max sequence length: 256
  K-folds: 5
  Random seed: 42
  *** SINGLE FOLD MODE: re-running fold 4 from saved splits ***
================================================================================

[DEBUG] Single-fold mode: loading fold 4 splits from disk...

============================================================
[DEBUG] Loading fold 4 data from disk: grn_NOsyll_600M/fold_4/data
[DEBUG] Loaded fold 4 from disk:
  Train: 25,160 examples
  Dev:   3,147 examples
  Test:  3,147 examples (saved, not used in training)
============================================================

********************************************************************************
* RE-RUNNING FOLD 4 FROM SAVED SPLITS
********************************************************************************

################################################################################
# FOLD 4 TRAINING STARTING
################################################################################

[DEBUG] Device: cuda
[DEBUG] GPU: NVIDIA A100-SXM4-80GB
[DEBUG] GPU Memory: 85.09 GB
[DEBUG] Current GPU memory allocated: 0.00 GB

[DEBUG] Fold output directory: grn_NOsyll_600M/fold_4

[DEBUG] Loading model: facebook/nllb-200-distilled-600M

[DEBUG] Syllabification disabled - using raw text
[DEBUG] Model moved to cuda

[DEBUG] Tokenizer configuration:
  Source language: eng_Latn
  Target language: grn_Latn
[DEBUG] Model decoder configuration:
  forced_bos_token_id: 256063 (grn_Latn)
  decoder_start_token_id: 256063

[DEBUG] Creating datasets...

[DEBUG] Tokenizing datasets...

[DEBUG] Tokenization stats:
  Train dataset size: 25160
  Dev dataset size: 3147

[DEBUG] Sample tokenized example:
  Example 0:
    input_ids length: 28
    labels length: 40
    attention_mask length: 28
  Example 1:
    input_ids length: 8
    labels length: 16
    attention_mask length: 8
  Example 2:
    input_ids length: 48
    labels length: 121
    attention_mask length: 48

[DEBUG] Training arguments:
  Output directory: grn_NOsyll_600M/fold_4
  Learning rate: 2e-05
  Batch size (per device): 4
  Gradient accumulation: 4
  Effective batch size: 16
  Epochs: 10
  BF16 enabled: True

[DEBUG] Starting training for fold 4...
[DEBUG] Training samples: 25160
[DEBUG] Validation samples: 3147
[DEBUG] NOTE: Test set from fold 4 is NOT being used
{'loss': 9.0047, 'grad_norm': 6.893228530883789, 'learning_rate': 6.361323155216286e-07, 'epoch': 0.03}
{'loss': 8.7611, 'grad_norm': 6.146944522857666, 'learning_rate': 1.2722646310432571e-06, 'epoch': 0.06}
{'loss': 8.2494, 'grad_norm': 3.7815427780151367, 'learning_rate': 1.908396946564886e-06, 'epoch': 0.1}
{'loss': 7.3875, 'grad_norm': 2.6390089988708496, 'learning_rate': 2.5445292620865143e-06, 'epoch': 0.13}
{'loss': 6.6276, 'grad_norm': 1.8997008800506592, 'learning_rate': 3.1806615776081427e-06, 'epoch': 0.16}
{'loss': 6.1221, 'grad_norm': 1.4365700483322144, 'learning_rate': 3.816793893129772e-06, 'epoch': 0.19}
{'loss': 5.6968, 'grad_norm': 1.2773542404174805, 'learning_rate': 4.4529262086514e-06, 'epoch': 0.22}
{'loss': 5.3618, 'grad_norm': 1.4855464696884155, 'learning_rate': 5.0890585241730285e-06, 'epoch': 0.25}
{'loss': 5.0825, 'grad_norm': 1.3302489519119263, 'learning_rate': 5.725190839694656e-06, 'epoch': 0.29}
{'loss': 4.866, 'grad_norm': 1.4021315574645996, 'learning_rate': 6.3613231552162854e-06, 'epoch': 0.32}
{'loss': 4.6323, 'grad_norm': 1.253806471824646, 'learning_rate': 6.997455470737914e-06, 'epoch': 0.35}
{'loss': 4.4799, 'grad_norm': 1.141411542892456, 'learning_rate': 7.633587786259543e-06, 'epoch': 0.38}
{'loss': 4.3277, 'grad_norm': 1.2946857213974, 'learning_rate': 8.26972010178117e-06, 'epoch': 0.41}
{'loss': 4.1404, 'grad_norm': 1.4303940534591675, 'learning_rate': 8.9058524173028e-06, 'epoch': 0.45}
{'loss': 4.0232, 'grad_norm': 1.1876298189163208, 'learning_rate': 9.54198473282443e-06, 'epoch': 0.48}
{'loss': 3.9376, 'grad_norm': 1.1494635343551636, 'learning_rate': 1.0178117048346057e-05, 'epoch': 0.51}
{'loss': 3.8279, 'grad_norm': 1.27532160282135, 'learning_rate': 1.0814249363867686e-05, 'epoch': 0.54}
{'loss': 3.7168, 'grad_norm': 1.2139298915863037, 'learning_rate': 1.1450381679389312e-05, 'epoch': 0.57}
{'loss': 3.6345, 'grad_norm': 1.5858055353164673, 'learning_rate': 1.2086513994910942e-05, 'epoch': 0.6}
{'loss': 3.5414, 'grad_norm': 1.1800953149795532, 'learning_rate': 1.2722646310432571e-05, 'epoch': 0.64}
{'loss': 3.4951, 'grad_norm': 1.249769926071167, 'learning_rate': 1.3358778625954198e-05, 'epoch': 0.67}
{'loss': 3.3529, 'grad_norm': 1.1824982166290283, 'learning_rate': 1.3994910941475828e-05, 'epoch': 0.7}
{'loss': 3.3145, 'grad_norm': 1.2365556955337524, 'learning_rate': 1.4631043256997457e-05, 'epoch': 0.73}
{'loss': 3.2353, 'grad_norm': 1.1734768152236938, 'learning_rate': 1.5267175572519086e-05, 'epoch': 0.76}
{'loss': 3.1728, 'grad_norm': 1.4428504705429077, 'learning_rate': 1.5903307888040712e-05, 'epoch': 0.79}
{'loss': 3.1212, 'grad_norm': 1.325378656387329, 'learning_rate': 1.653944020356234e-05, 'epoch': 0.83}
{'loss': 3.072, 'grad_norm': 1.3043851852416992, 'learning_rate': 1.717557251908397e-05, 'epoch': 0.86}
{'loss': 3.0019, 'grad_norm': 1.4201072454452515, 'learning_rate': 1.78117048346056e-05, 'epoch': 0.89}
{'loss': 2.9286, 'grad_norm': 1.208340048789978, 'learning_rate': 1.844783715012723e-05, 'epoch': 0.92}
{'loss': 2.9112, 'grad_norm': 1.3511145114898682, 'learning_rate': 1.908396946564886e-05, 'epoch': 0.95}
{'loss': 2.8507, 'grad_norm': 1.1933006048202515, 'learning_rate': 1.9720101781170485e-05, 'epoch': 0.99}
{'eval_loss': 2.6135518550872803, 'eval_runtime': 24.6792, 'eval_samples_per_second': 127.516, 'eval_steps_per_second': 31.889, 'epoch': 1.0}
{'loss': 2.8242, 'grad_norm': 1.2835907936096191, 'learning_rate': 1.9999806716709255e-05, 'epoch': 1.02}
{'loss': 2.7877, 'grad_norm': 1.1580911874771118, 'learning_rate': 1.999850011488216e-05, 'epoch': 1.05}
{'loss': 2.7217, 'grad_norm': 1.4195760488510132, 'learning_rate': 1.9995961032584046e-05, 'epoch': 1.08}
{'loss': 2.713, 'grad_norm': 1.319705843925476, 'learning_rate': 1.9992189782798795e-05, 'epoch': 1.11}
{'loss': 2.6656, 'grad_norm': 1.22182297706604, 'learning_rate': 1.99871868303953e-05, 'epoch': 1.14}
{'loss': 2.6391, 'grad_norm': 1.2365375757217407, 'learning_rate': 1.9980952792070175e-05, 'epoch': 1.18}
{'loss': 2.5771, 'grad_norm': 1.1808134317398071, 'learning_rate': 1.9973488436271728e-05, 'epoch': 1.21}
{'loss': 2.5726, 'grad_norm': 1.1797893047332764, 'learning_rate': 1.996479468310524e-05, 'epoch': 1.24}
{'loss': 2.5244, 'grad_norm': 1.2796578407287598, 'learning_rate': 1.9954872604219543e-05, 'epoch': 1.27}
{'loss': 2.5422, 'grad_norm': 1.435376763343811, 'learning_rate': 1.994372342267493e-05, 'epoch': 1.3}
{'loss': 2.5073, 'grad_norm': 1.1756477355957031, 'learning_rate': 1.993134851279238e-05, 'epoch': 1.34}
{'loss': 2.4766, 'grad_norm': 1.1974339485168457, 'learning_rate': 1.991774939998417e-05, 'epoch': 1.37}
{'loss': 2.471, 'grad_norm': 1.196033239364624, 'learning_rate': 1.9902927760565824e-05, 'epoch': 1.4}
{'loss': 2.3994, 'grad_norm': 1.1479544639587402, 'learning_rate': 1.988688542154948e-05, 'epoch': 1.43}
{'loss': 2.3921, 'grad_norm': 1.3145400285720825, 'learning_rate': 1.98696243604187e-05, 'epoch': 1.46}
{'loss': 2.3846, 'grad_norm': 1.177678108215332, 'learning_rate': 1.9851146704884684e-05, 'epoch': 1.49}
{'loss': 2.3714, 'grad_norm': 1.3392915725708008, 'learning_rate': 1.9831454732624023e-05, 'epoch': 1.53}
{'loss': 2.299, 'grad_norm': 1.3357361555099487, 'learning_rate': 1.9810550870997914e-05, 'epoch': 1.56}
{'loss': 2.3052, 'grad_norm': 1.205674171447754, 'learning_rate': 1.9788437696752965e-05, 'epoch': 1.59}
{'loss': 2.3232, 'grad_norm': 1.2226113080978394, 'learning_rate': 1.9765117935703556e-05, 'epoch': 1.62}
{'loss': 2.2843, 'grad_norm': 1.2337898015975952, 'learning_rate': 1.9740594462395844e-05, 'epoch': 1.65}
{'loss': 2.3014, 'grad_norm': 1.1559312343597412, 'learning_rate': 1.9714870299753425e-05, 'epoch': 1.69}
{'loss': 2.2503, 'grad_norm': 1.2533984184265137, 'learning_rate': 1.9687948618704713e-05, 'epoch': 1.72}
{'loss': 2.2245, 'grad_norm': 1.1790645122528076, 'learning_rate': 1.9659832737792065e-05, 'epoch': 1.75}
{'loss': 2.2559, 'grad_norm': 1.1607006788253784, 'learning_rate': 1.963052612276272e-05, 'epoch': 1.78}
{'loss': 2.2338, 'grad_norm': 1.2894583940505981, 'learning_rate': 1.9600032386141578e-05, 'epoch': 1.81}
{'loss': 2.2007, 'grad_norm': 1.150224208831787, 'learning_rate': 1.9568355286785916e-05, 'epoch': 1.84}
{'loss': 2.1918, 'grad_norm': 1.1288176774978638, 'learning_rate': 1.9535498729422034e-05, 'epoch': 1.88}
{'loss': 2.194, 'grad_norm': 1.1800824403762817, 'learning_rate': 1.950146676416393e-05, 'epoch': 1.91}
{'loss': 2.1348, 'grad_norm': 1.2579556703567505, 'learning_rate': 1.9466263586014062e-05, 'epoch': 1.94}
{'loss': 2.1287, 'grad_norm': 1.1694635152816772, 'learning_rate': 1.9429893534346248e-05, 'epoch': 1.97}
{'eval_loss': 1.9536222219467163, 'eval_runtime': 24.5056, 'eval_samples_per_second': 128.42, 'eval_steps_per_second': 32.115, 'epoch': 2.0}
{'loss': 2.1435, 'grad_norm': 1.0562024116516113, 'learning_rate': 1.9392361092370756e-05, 'epoch': 2.0}
{'loss': 2.0699, 'grad_norm': 1.102512240409851, 'learning_rate': 1.9353670886581683e-05, 'epoch': 2.03}
{'loss': 2.0862, 'grad_norm': 1.1716034412384033, 'learning_rate': 1.9313827686186664e-05, 'epoch': 2.07}
{'loss': 2.0644, 'grad_norm': 1.3677831888198853, 'learning_rate': 1.927283640251898e-05, 'epoch': 2.1}
{'loss': 2.0656, 'grad_norm': 1.3332173824310303, 'learning_rate': 1.923070208843216e-05, 'epoch': 2.13}
{'loss': 2.0453, 'grad_norm': 1.1468799114227295, 'learning_rate': 1.9187429937677136e-05, 'epoch': 2.16}
{'loss': 2.0689, 'grad_norm': 1.299369215965271, 'learning_rate': 1.9143025284262022e-05, 'epoch': 2.19}
{'loss': 2.0463, 'grad_norm': 1.180219054222107, 'learning_rate': 1.909749360179461e-05, 'epoch': 2.23}
{'loss': 2.0383, 'grad_norm': 1.2027028799057007, 'learning_rate': 1.9050840502807665e-05, 'epoch': 2.26}
{'loss': 2.0072, 'grad_norm': 1.1985206604003906, 'learning_rate': 1.9003071738067073e-05, 'epoch': 2.29}
{'loss': 2.0123, 'grad_norm': 1.0387169122695923, 'learning_rate': 1.895419319586298e-05, 'epoch': 2.32}
{'loss': 1.9788, 'grad_norm': 1.2574151754379272, 'learning_rate': 1.890421090128395e-05, 'epoch': 2.35}
{'loss': 1.9831, 'grad_norm': 1.1009621620178223, 'learning_rate': 1.8853131015474278e-05, 'epoch': 2.38}
{'loss': 1.9581, 'grad_norm': 1.2034552097320557, 'learning_rate': 1.8800959834874534e-05, 'epoch': 2.42}
{'loss': 1.9881, 'grad_norm': 1.201658010482788, 'learning_rate': 1.8747703790445412e-05, 'epoch': 2.45}
{'loss': 1.9715, 'grad_norm': 1.3513338565826416, 'learning_rate': 1.8693369446875008e-05, 'epoch': 2.48}
{'loss': 1.9682, 'grad_norm': 1.1490565538406372, 'learning_rate': 1.8637963501769625e-05, 'epoch': 2.51}
{'loss': 1.95, 'grad_norm': 1.2696336507797241, 'learning_rate': 1.858149278482817e-05, 'epoch': 2.54}
{'loss': 1.9557, 'grad_norm': 1.2641319036483765, 'learning_rate': 1.8523964257000288e-05, 'epoch': 2.58}
{'loss': 1.9078, 'grad_norm': 1.2540009021759033, 'learning_rate': 1.8465385009628308e-05, 'epoch': 2.61}
{'loss': 1.9174, 'grad_norm': 1.1669261455535889, 'learning_rate': 1.8405762263573108e-05, 'epoch': 2.64}
{'loss': 1.957, 'grad_norm': 1.1571829319000244, 'learning_rate': 1.834510336832405e-05, 'epoch': 2.67}
{'loss': 1.9232, 'grad_norm': 1.2827162742614746, 'learning_rate': 1.8283415801093007e-05, 'epoch': 2.7}
{'loss': 1.8769, 'grad_norm': 1.2416187524795532, 'learning_rate': 1.8220707165892682e-05, 'epoch': 2.73}
{'loss': 1.8789, 'grad_norm': 1.1236099004745483, 'learning_rate': 1.815698519259929e-05, 'epoch': 2.77}
{'loss': 1.8831, 'grad_norm': 1.1781253814697266, 'learning_rate': 1.8092257735999734e-05, 'epoch': 2.8}
{'loss': 1.8639, 'grad_norm': 1.3475242853164673, 'learning_rate': 1.8026532774823343e-05, 'epoch': 2.83}
{'loss': 1.8424, 'grad_norm': 1.295049786567688, 'learning_rate': 1.7959818410758395e-05, 'epoch': 2.86}
{'loss': 1.8698, 'grad_norm': 1.2774089574813843, 'learning_rate': 1.789212286745342e-05, 'epoch': 2.89}
{'loss': 1.8711, 'grad_norm': 1.046562671661377, 'learning_rate': 1.7823454489503526e-05, 'epoch': 2.93}
{'loss': 1.8521, 'grad_norm': 1.2014973163604736, 'learning_rate': 1.775382174142177e-05, 'epoch': 2.96}
{'loss': 1.8228, 'grad_norm': 1.1988136768341064, 'learning_rate': 1.768323320659578e-05, 'epoch': 2.99}
{'eval_loss': 1.6904122829437256, 'eval_runtime': 24.7586, 'eval_samples_per_second': 127.108, 'eval_steps_per_second': 31.787, 'epoch': 3.0}
{'loss': 1.7976, 'grad_norm': 1.1224600076675415, 'learning_rate': 1.7611697586229695e-05, 'epoch': 3.02}
{'loss': 1.8099, 'grad_norm': 1.1683515310287476, 'learning_rate': 1.753922369827162e-05, 'epoch': 3.05}
{'loss': 1.7763, 'grad_norm': 1.3753572702407837, 'learning_rate': 1.7465820476326656e-05, 'epoch': 3.08}
{'loss': 1.7962, 'grad_norm': 1.145560622215271, 'learning_rate': 1.7391496968555667e-05, 'epoch': 3.12}
{'loss': 1.7507, 'grad_norm': 1.2541215419769287, 'learning_rate': 1.7316262336559978e-05, 'epoch': 3.15}
{'loss': 1.7915, 'grad_norm': 1.4065682888031006, 'learning_rate': 1.7240125854252043e-05, 'epoch': 3.18}
{'loss': 1.7642, 'grad_norm': 1.1313508749008179, 'learning_rate': 1.7163096906712267e-05, 'epoch': 3.21}
{'loss': 1.7531, 'grad_norm': 1.1571595668792725, 'learning_rate': 1.708518498903216e-05, 'epoch': 3.24}
{'loss': 1.7654, 'grad_norm': 1.267869234085083, 'learning_rate': 1.7006399705143905e-05, 'epoch': 3.28}
{'loss': 1.7523, 'grad_norm': 1.2667663097381592, 'learning_rate': 1.692675076663651e-05, 'epoch': 3.31}
{'loss': 1.742, 'grad_norm': 1.1921604871749878, 'learning_rate': 1.6846247991558686e-05, 'epoch': 3.34}
{'loss': 1.7555, 'grad_norm': 1.194215178489685, 'learning_rate': 1.6764901303208632e-05, 'epoch': 3.37}
{'loss': 1.7264, 'grad_norm': 1.1201668977737427, 'learning_rate': 1.6682720728910815e-05, 'epoch': 3.4}
{'loss': 1.7254, 'grad_norm': 1.1489264965057373, 'learning_rate': 1.659971639877992e-05, 'epoch': 3.43}
{'loss': 1.7405, 'grad_norm': 0.9964308738708496, 'learning_rate': 1.6515898544472172e-05, 'epoch': 3.47}
{'loss': 1.7437, 'grad_norm': 1.1144269704818726, 'learning_rate': 1.6431277497924093e-05, 'epoch': 3.5}
{'loss': 1.7336, 'grad_norm': 1.1415635347366333, 'learning_rate': 1.6345863690078942e-05, 'epoch': 3.53}
{'loss': 1.7263, 'grad_norm': 1.267607569694519, 'learning_rate': 1.6259667649600907e-05, 'epoch': 3.56}
{'loss': 1.7158, 'grad_norm': 1.138230800628662, 'learning_rate': 1.6172700001577286e-05, 'epoch': 3.59}
{'loss': 1.6966, 'grad_norm': 1.2093017101287842, 'learning_rate': 1.6084971466208764e-05, 'epoch': 3.62}
{'loss': 1.7395, 'grad_norm': 1.373445749282837, 'learning_rate': 1.599649285748798e-05, 'epoch': 3.66}
{'loss': 1.7173, 'grad_norm': 1.3298656940460205, 'learning_rate': 1.5907275081866504e-05, 'epoch': 3.69}
{'loss': 1.7006, 'grad_norm': 1.2698415517807007, 'learning_rate': 1.5817329136910463e-05, 'epoch': 3.72}
{'loss': 1.697, 'grad_norm': 1.1221884489059448, 'learning_rate': 1.5726666109944887e-05, 'epoch': 3.75}
{'loss': 1.6902, 'grad_norm': 1.1504271030426025, 'learning_rate': 1.563529717668702e-05, 'epoch': 3.78}
{'loss': 1.7162, 'grad_norm': 1.1874258518218994, 'learning_rate': 1.5543233599868744e-05, 'epoch': 3.82}
{'loss': 1.7205, 'grad_norm': 1.0733754634857178, 'learning_rate': 1.5450486727848217e-05, 'epoch': 3.85}
{'loss': 1.7068, 'grad_norm': 1.1649231910705566, 'learning_rate': 1.535706799321106e-05, 'epoch': 3.88}
{'loss': 1.6854, 'grad_norm': 1.1272977590560913, 'learning_rate': 1.526298891136105e-05, 'epoch': 3.91}
{'loss': 1.6836, 'grad_norm': 1.1333962678909302, 'learning_rate': 1.5168261079100695e-05, 'epoch': 3.94}
{'loss': 1.6684, 'grad_norm': 1.1556097269058228, 'learning_rate': 1.5072896173201697e-05, 'epoch': 3.97}
{'eval_loss': 1.544329047203064, 'eval_runtime': 24.6059, 'eval_samples_per_second': 127.896, 'eval_steps_per_second': 31.984, 'epoch': 4.0}
{'loss': 1.6378, 'grad_norm': 0.9974424242973328, 'learning_rate': 1.4976905948965637e-05, 'epoch': 4.01}
{'loss': 1.6156, 'grad_norm': 1.1562273502349854, 'learning_rate': 1.4880302238774911e-05, 'epoch': 4.04}
{'loss': 1.6131, 'grad_norm': 1.1919100284576416, 'learning_rate': 1.4783096950634211e-05, 'epoch': 4.07}
{'loss': 1.6242, 'grad_norm': 1.1279648542404175, 'learning_rate': 1.468530206670265e-05, 'epoch': 4.1}
{'loss': 1.6455, 'grad_norm': 1.2769861221313477, 'learning_rate': 1.4586929641816783e-05, 'epoch': 4.13}
{'loss': 1.6144, 'grad_norm': 1.1306897401809692, 'learning_rate': 1.4487991802004625e-05, 'epoch': 4.17}
{'loss': 1.5991, 'grad_norm': 1.2237868309020996, 'learning_rate': 1.4388500742990934e-05, 'epoch': 4.2}
{'loss': 1.644, 'grad_norm': 1.4702646732330322, 'learning_rate': 1.4288468728693889e-05, 'epoch': 4.23}
{'loss': 1.6203, 'grad_norm': 1.2719156742095947, 'learning_rate': 1.4187908089713348e-05, 'epoch': 4.26}
{'loss': 1.6162, 'grad_norm': 1.3363678455352783, 'learning_rate': 1.4086831221810897e-05, 'epoch': 4.29}
{'loss': 1.6048, 'grad_norm': 1.1051075458526611, 'learning_rate': 1.3985250584381884e-05, 'epoch': 4.32}
{'loss': 1.6161, 'grad_norm': 1.1788846254348755, 'learning_rate': 1.3883178698919578e-05, 'epoch': 4.36}
{'loss': 1.6013, 'grad_norm': 1.0057635307312012, 'learning_rate': 1.378062814747168e-05, 'epoch': 4.39}
{'loss': 1.59, 'grad_norm': 1.105629801750183, 'learning_rate': 1.3677611571089406e-05, 'epoch': 4.42}
{'loss': 1.6173, 'grad_norm': 1.081818699836731, 'learning_rate': 1.3574141668269235e-05, 'epoch': 4.45}
{'loss': 1.5829, 'grad_norm': 1.340403437614441, 'learning_rate': 1.3470231193387639e-05, 'epoch': 4.48}
{'loss': 1.6025, 'grad_norm': 1.0946295261383057, 'learning_rate': 1.3365892955128876e-05, 'epoch': 4.52}
{'loss': 1.5829, 'grad_norm': 1.2375472784042358, 'learning_rate': 1.326113981490611e-05, 'epoch': 4.55}
{'loss': 1.5957, 'grad_norm': 1.2880536317825317, 'learning_rate': 1.315598468527604e-05, 'epoch': 4.58}
{'loss': 1.5828, 'grad_norm': 1.113844394683838, 'learning_rate': 1.30504405283472e-05, 'epoch': 4.61}
{'loss': 1.5965, 'grad_norm': 1.1095272302627563, 'learning_rate': 1.294452035418218e-05, 'epoch': 4.64}
{'loss': 1.5846, 'grad_norm': 1.073345422744751, 'learning_rate': 1.2838237219193897e-05, 'epoch': 4.67}
{'loss': 1.5532, 'grad_norm': 1.062552571296692, 'learning_rate': 1.2731604224536208e-05, 'epoch': 4.71}
{'loss': 1.559, 'grad_norm': 1.157429814338684, 'learning_rate': 1.262463451448895e-05, 'epoch': 4.74}
{'loss': 1.5734, 'grad_norm': 1.1821527481079102, 'learning_rate': 1.2517341274837702e-05, 'epoch': 4.77}
{'loss': 1.5693, 'grad_norm': 1.157999873161316, 'learning_rate': 1.2409737731248418e-05, 'epoch': 4.8}
{'loss': 1.5778, 'grad_norm': 1.3673299551010132, 'learning_rate': 1.2301837147637137e-05, 'epoch': 4.83}
{'loss': 1.547, 'grad_norm': 1.1778064966201782, 'learning_rate': 1.2193652824535e-05, 'epoch': 4.86}
{'loss': 1.5799, 'grad_norm': 1.1680529117584229, 'learning_rate': 1.2085198097448732e-05, 'epoch': 4.9}
{'loss': 1.5866, 'grad_norm': 0.9670718908309937, 'learning_rate': 1.197648633521681e-05, 'epoch': 4.93}
{'loss': 1.5688, 'grad_norm': 1.0606470108032227, 'learning_rate': 1.1867530938361557e-05, 'epoch': 4.96}
{'loss': 1.5617, 'grad_norm': 1.2752978801727295, 'learning_rate': 1.1758345337437284e-05, 'epoch': 4.99}
{'eval_loss': 1.4606821537017822, 'eval_runtime': 24.7508, 'eval_samples_per_second': 127.148, 'eval_steps_per_second': 31.797, 'epoch': 5.0}
{'loss': 1.5378, 'grad_norm': 0.994592010974884, 'learning_rate': 1.164894299137476e-05, 'epoch': 5.02}
{'loss': 1.5708, 'grad_norm': 1.0474777221679688, 'learning_rate': 1.1539337385822179e-05, 'epoch': 5.06}
{'loss': 1.4996, 'grad_norm': 1.1014254093170166, 'learning_rate': 1.1429542031482828e-05, 'epoch': 5.09}
{'loss': 1.5252, 'grad_norm': 1.144897222518921, 'learning_rate': 1.1319570462449664e-05, 'epoch': 5.12}
{'loss': 1.5328, 'grad_norm': 1.2730823755264282, 'learning_rate': 1.120943623453703e-05, 'epoch': 5.15}
{'loss': 1.4952, 'grad_norm': 1.1517932415008545, 'learning_rate': 1.1099152923609654e-05, 'epoch': 5.18}
{'loss': 1.5188, 'grad_norm': 1.1877557039260864, 'learning_rate': 1.0988734123909218e-05, 'epoch': 5.21}
{'loss': 1.5115, 'grad_norm': 1.2656899690628052, 'learning_rate': 1.0878193446378633e-05, 'epoch': 5.25}
{'loss': 1.5353, 'grad_norm': 1.0927937030792236, 'learning_rate': 1.076754451698427e-05, 'epoch': 5.28}
{'loss': 1.5257, 'grad_norm': 1.2598098516464233, 'learning_rate': 1.0656800975036328e-05, 'epoch': 5.31}
{'loss': 1.5108, 'grad_norm': 1.1549403667449951, 'learning_rate': 1.0545976471507573e-05, 'epoch': 5.34}
{'loss': 1.5421, 'grad_norm': 1.1946972608566284, 'learning_rate': 1.0435084667350619e-05, 'epoch': 5.37}
{'loss': 1.5031, 'grad_norm': 1.0832910537719727, 'learning_rate': 1.0324139231813997e-05, 'epoch': 5.41}
{'loss': 1.5237, 'grad_norm': 1.1099326610565186, 'learning_rate': 1.0213153840757198e-05, 'epoch': 5.44}
{'loss': 1.465, 'grad_norm': 1.1735056638717651, 'learning_rate': 1.0102142174964883e-05, 'epoch': 5.47}
{'loss': 1.508, 'grad_norm': 1.0727498531341553, 'learning_rate': 9.991117918460518e-06, 'epoch': 5.5}
{'loss': 1.4713, 'grad_norm': 1.350291132926941, 'learning_rate': 9.880094756819572e-06, 'epoch': 5.53}
{'loss': 1.5191, 'grad_norm': 1.114045262336731, 'learning_rate': 9.769086375482561e-06, 'epoch': 5.56}
{'loss': 1.4805, 'grad_norm': 1.2253156900405884, 'learning_rate': 9.658106458068086e-06, 'epoch': 5.6}
{'loss': 1.4784, 'grad_norm': 1.2596098184585571, 'learning_rate': 9.547168684686088e-06, 'epoch': 5.63}
{'loss': 1.4849, 'grad_norm': 1.1065945625305176, 'learning_rate': 9.436286730251568e-06, 'epoch': 5.66}
{'loss': 1.5043, 'grad_norm': 1.2027252912521362, 'learning_rate': 9.32547426279892e-06, 'epoch': 5.69}
{'loss': 1.5283, 'grad_norm': 1.2295520305633545, 'learning_rate': 9.214744941797115e-06, 'epoch': 5.72}
{'loss': 1.4855, 'grad_norm': 1.0594067573547363, 'learning_rate': 9.104112416465949e-06, 'epoch': 5.76}
{'loss': 1.4773, 'grad_norm': 1.1059232950210571, 'learning_rate': 8.993590324093548e-06, 'epoch': 5.79}
{'loss': 1.5199, 'grad_norm': 1.1429082155227661, 'learning_rate': 8.883192288355362e-06, 'epoch': 5.82}
{'loss': 1.4869, 'grad_norm': 1.2044748067855835, 'learning_rate': 8.772931917634792e-06, 'epoch': 5.85}
{'loss': 1.4818, 'grad_norm': 1.116391658782959, 'learning_rate': 8.662822803345762e-06, 'epoch': 5.88}
{'loss': 1.491, 'grad_norm': 1.181656837463379, 'learning_rate': 8.552878518257335e-06, 'epoch': 5.91}
{'loss': 1.4841, 'grad_norm': 1.22712242603302, 'learning_rate': 8.44311261482065e-06, 'epoch': 5.95}
{'loss': 1.4805, 'grad_norm': 1.082838535308838, 'learning_rate': 8.333538623498357e-06, 'epoch': 5.98}
{'eval_loss': 1.4124503135681152, 'eval_runtime': 24.498, 'eval_samples_per_second': 128.46, 'eval_steps_per_second': 32.125, 'epoch': 6.0}
{'loss': 1.4882, 'grad_norm': 1.2841254472732544, 'learning_rate': 8.224170051096769e-06, 'epoch': 6.01}
{'loss': 1.4836, 'grad_norm': 1.1173149347305298, 'learning_rate': 8.115020379100913e-06, 'epoch': 6.04}
{'loss': 1.4528, 'grad_norm': 0.9950050115585327, 'learning_rate': 8.006103062012725e-06, 'epoch': 6.07}
{'loss': 1.4338, 'grad_norm': 1.1848362684249878, 'learning_rate': 7.897431525692557e-06, 'epoch': 6.1}
{'loss': 1.4374, 'grad_norm': 1.2140438556671143, 'learning_rate': 7.789019165704218e-06, 'epoch': 6.14}
{'loss': 1.4767, 'grad_norm': 1.0788018703460693, 'learning_rate': 7.680879345663745e-06, 'epoch': 6.17}
{'loss': 1.4387, 'grad_norm': 1.5120724439620972, 'learning_rate': 7.573025395592125e-06, 'epoch': 6.2}
{'loss': 1.4319, 'grad_norm': 1.0844290256500244, 'learning_rate': 7.4654706102721405e-06, 'epoch': 6.23}
{'loss': 1.4484, 'grad_norm': 1.29507577419281, 'learning_rate': 7.358228247609569e-06, 'epoch': 6.26}
{'loss': 1.422, 'grad_norm': 1.1104835271835327, 'learning_rate': 7.251311526998934e-06, 'epoch': 6.3}
{'loss': 1.4482, 'grad_norm': 1.052323818206787, 'learning_rate': 7.1447336276939915e-06, 'epoch': 6.33}
{'loss': 1.451, 'grad_norm': 1.1628382205963135, 'learning_rate': 7.038507687183167e-06, 'epoch': 6.36}
{'loss': 1.468, 'grad_norm': 1.2525492906570435, 'learning_rate': 6.932646799570144e-06, 'epoch': 6.39}
{'loss': 1.4423, 'grad_norm': 1.2420834302902222, 'learning_rate': 6.827164013959805e-06, 'epoch': 6.42}
{'loss': 1.468, 'grad_norm': 1.1936615705490112, 'learning_rate': 6.722072332849697e-06, 'epoch': 6.45}
{'loss': 1.4481, 'grad_norm': 1.169942855834961, 'learning_rate': 6.617384710527282e-06, 'epoch': 6.49}
{'loss': 1.4404, 'grad_norm': 1.1638470888137817, 'learning_rate': 6.513114051473094e-06, 'epoch': 6.52}
{'loss': 1.431, 'grad_norm': 1.1855968236923218, 'learning_rate': 6.409273208770039e-06, 'epoch': 6.55}
{'loss': 1.4652, 'grad_norm': 1.233311653137207, 'learning_rate': 6.305874982519064e-06, 'epoch': 6.58}
{'loss': 1.4485, 'grad_norm': 1.2997527122497559, 'learning_rate': 6.202932118261309e-06, 'epoch': 6.61}
{'loss': 1.4663, 'grad_norm': 1.1569660902023315, 'learning_rate': 6.100457305407024e-06, 'epoch': 6.65}
{'loss': 1.4239, 'grad_norm': 1.1905759572982788, 'learning_rate': 5.998463175671382e-06, 'epoch': 6.68}
{'loss': 1.455, 'grad_norm': 1.0895957946777344, 'learning_rate': 5.896962301517415e-06, 'epoch': 6.71}
{'loss': 1.4442, 'grad_norm': 1.1889997720718384, 'learning_rate': 5.795967194606249e-06, 'epoch': 6.74}
{'loss': 1.4289, 'grad_norm': 1.1843690872192383, 'learning_rate': 5.695490304254825e-06, 'epoch': 6.77}
{'loss': 1.4273, 'grad_norm': 1.242155909538269, 'learning_rate': 5.59554401590134e-06, 'epoch': 6.8}
{'loss': 1.4771, 'grad_norm': 1.2088135480880737, 'learning_rate': 5.496140649578507e-06, 'epoch': 6.84}
{'loss': 1.4257, 'grad_norm': 1.125868320465088, 'learning_rate': 5.397292458394923e-06, 'epoch': 6.87}
{'loss': 1.4571, 'grad_norm': 1.0381489992141724, 'learning_rate': 5.2990116270246795e-06, 'epoch': 6.9}
{'loss': 1.4575, 'grad_norm': 1.069135308265686, 'learning_rate': 5.201310270205375e-06, 'epoch': 6.93}
{'loss': 1.4962, 'grad_norm': 1.164658784866333, 'learning_rate': 5.104200431244802e-06, 'epoch': 6.96}
{'loss': 1.3856, 'grad_norm': 1.1694064140319824, 'learning_rate': 5.007694080536379e-06, 'epoch': 7.0}
{'eval_loss': 1.3841888904571533, 'eval_runtime': 24.8679, 'eval_samples_per_second': 126.549, 'eval_steps_per_second': 31.647, 'epoch': 7.0}
{'loss': 1.4062, 'grad_norm': 1.231439232826233, 'learning_rate': 4.911803114083635e-06, 'epoch': 7.03}
{'loss': 1.4238, 'grad_norm': 1.154333472251892, 'learning_rate': 4.816539352033806e-06, 'epoch': 7.06}
{'loss': 1.4136, 'grad_norm': 1.4152181148529053, 'learning_rate': 4.721914537220807e-06, 'epoch': 7.09}
{'loss': 1.4108, 'grad_norm': 1.108199954032898, 'learning_rate': 4.627940333717758e-06, 'epoch': 7.12}
{'loss': 1.4052, 'grad_norm': 1.1308902502059937, 'learning_rate': 4.534628325399157e-06, 'epoch': 7.15}
{'loss': 1.378, 'grad_norm': 1.137001395225525, 'learning_rate': 4.441990014513016e-06, 'epoch': 7.19}
{'loss': 1.4058, 'grad_norm': 0.9853411912918091, 'learning_rate': 4.3500368202629775e-06, 'epoch': 7.22}
{'loss': 1.4344, 'grad_norm': 1.0646252632141113, 'learning_rate': 4.2587800774007485e-06, 'epoch': 7.25}
{'loss': 1.4165, 'grad_norm': 1.2639600038528442, 'learning_rate': 4.168231034828873e-06, 'epoch': 7.28}
{'loss': 1.4158, 'grad_norm': 1.1252102851867676, 'learning_rate': 4.078400854214136e-06, 'epoch': 7.31}
{'loss': 1.4158, 'grad_norm': 1.0400586128234863, 'learning_rate': 3.989300608611709e-06, 'epoch': 7.34}
{'loss': 1.415, 'grad_norm': 1.112405776977539, 'learning_rate': 3.90094128110018e-06, 'epoch': 7.38}
{'loss': 1.4002, 'grad_norm': 1.1479822397232056, 'learning_rate': 3.8133337634277556e-06, 'epoch': 7.41}
{'loss': 1.4287, 'grad_norm': 1.2408115863800049, 'learning_rate': 3.726488854669631e-06, 'epoch': 7.44}
{'loss': 1.4234, 'grad_norm': 1.086180567741394, 'learning_rate': 3.640417259896856e-06, 'epoch': 7.47}
{'loss': 1.4258, 'grad_norm': 1.1822646856307983, 'learning_rate': 3.5551295888567304e-06, 'epoch': 7.5}
{'loss': 1.3967, 'grad_norm': 1.3537629842758179, 'learning_rate': 3.470636354665006e-06, 'epoch': 7.54}
{'loss': 1.4206, 'grad_norm': 1.2887619733810425, 'learning_rate': 3.386947972509944e-06, 'epoch': 7.57}
{'loss': 1.3751, 'grad_norm': 1.1362431049346924, 'learning_rate': 3.3040747583684864e-06, 'epoch': 7.6}
{'loss': 1.4219, 'grad_norm': 1.0660828351974487, 'learning_rate': 3.2220269277346437e-06, 'epoch': 7.63}
{'loss': 1.4183, 'grad_norm': 1.0386061668395996, 'learning_rate': 3.140814594360254e-06, 'epoch': 7.66}
{'loss': 1.4098, 'grad_norm': 1.356496810913086, 'learning_rate': 3.060447769008311e-06, 'epoch': 7.69}
{'loss': 1.4003, 'grad_norm': 1.089242696762085, 'learning_rate': 2.980936358218951e-06, 'epoch': 7.73}
{'loss': 1.4047, 'grad_norm': 1.1682333946228027, 'learning_rate': 2.902290163088334e-06, 'epoch': 7.76}
{'loss': 1.4421, 'grad_norm': 1.1732323169708252, 'learning_rate': 2.824518878060475e-06, 'epoch': 7.79}
{'loss': 1.4043, 'grad_norm': 1.1107680797576904, 'learning_rate': 2.7476320897322507e-06, 'epoch': 7.82}
{'loss': 1.4165, 'grad_norm': 1.141032099723816, 'learning_rate': 2.6716392756717025e-06, 'epoch': 7.85}
{'loss': 1.4213, 'grad_norm': 1.1730278730392456, 'learning_rate': 2.596549803249748e-06, 'epoch': 7.89}
{'loss': 1.4225, 'grad_norm': 1.05047607421875, 'learning_rate': 2.522372928485526e-06, 'epoch': 7.92}
{'loss': 1.3854, 'grad_norm': 1.1925456523895264, 'learning_rate': 2.4491177949054066e-06, 'epoch': 7.95}
{'loss': 1.4012, 'grad_norm': 1.0665009021759033, 'learning_rate': 2.376793432415935e-06, 'epoch': 7.98}
{'eval_loss': 1.3712148666381836, 'eval_runtime': 24.6875, 'eval_samples_per_second': 127.474, 'eval_steps_per_second': 31.879, 'epoch': 8.0}
{'loss': 1.39, 'grad_norm': 1.0726251602172852, 'learning_rate': 2.3054087561907133e-06, 'epoch': 8.01}
{'loss': 1.3922, 'grad_norm': 1.104507565498352, 'learning_rate': 2.2349725655714784e-06, 'epoch': 8.04}
{'loss': 1.3837, 'grad_norm': 1.0540790557861328, 'learning_rate': 2.165493542983439e-06, 'epoch': 8.08}
{'loss': 1.3876, 'grad_norm': 1.039340853691101, 'learning_rate': 2.0969802528650052e-06, 'epoch': 8.11}
{'loss': 1.4172, 'grad_norm': 1.0272440910339355, 'learning_rate': 2.0294411406121017e-06, 'epoch': 8.14}
{'loss': 1.435, 'grad_norm': 1.255283236503601, 'learning_rate': 1.9628845315371135e-06, 'epoch': 8.17}
{'loss': 1.4015, 'grad_norm': 1.1525030136108398, 'learning_rate': 1.8973186298426715e-06, 'epoch': 8.2}
{'loss': 1.4057, 'grad_norm': 1.1497372388839722, 'learning_rate': 1.8327515176103339e-06, 'epoch': 8.24}
{'loss': 1.4211, 'grad_norm': 1.160956621170044, 'learning_rate': 1.7691911538043426e-06, 'epoch': 8.27}
{'loss': 1.3938, 'grad_norm': 1.0429655313491821, 'learning_rate': 1.7066453732905497e-06, 'epoch': 8.3}
{'loss': 1.3809, 'grad_norm': 1.0381252765655518, 'learning_rate': 1.6451218858706374e-06, 'epoch': 8.33}
{'loss': 1.4128, 'grad_norm': 1.1989374160766602, 'learning_rate': 1.5846282753317665e-06, 'epoch': 8.36}
{'loss': 1.3758, 'grad_norm': 1.112756609916687, 'learning_rate': 1.525171998511733e-06, 'epoch': 8.39}
{'loss': 1.4036, 'grad_norm': 1.3102930784225464, 'learning_rate': 1.4667603843798106e-06, 'epoch': 8.43}
{'loss': 1.4033, 'grad_norm': 1.235532522201538, 'learning_rate': 1.40940063313331e-06, 'epoch': 8.46}
{'loss': 1.3888, 'grad_norm': 1.2935007810592651, 'learning_rate': 1.3530998153100584e-06, 'epoch': 8.49}
{'loss': 1.3522, 'grad_norm': 1.3472208976745605, 'learning_rate': 1.2978648709168218e-06, 'epoch': 8.52}
{'loss': 1.4154, 'grad_norm': 1.0373783111572266, 'learning_rate': 1.2437026085738413e-06, 'epoch': 8.55}
{'loss': 1.4183, 'grad_norm': 1.1347870826721191, 'learning_rate': 1.190619704675564e-06, 'epoch': 8.59}
{'loss': 1.3652, 'grad_norm': 1.1823430061340332, 'learning_rate': 1.1386227025676533e-06, 'epoch': 8.62}
{'loss': 1.3869, 'grad_norm': 1.0991240739822388, 'learning_rate': 1.0877180117404262e-06, 'epoch': 8.65}
{'loss': 1.3709, 'grad_norm': 1.0404636859893799, 'learning_rate': 1.0379119070387678e-06, 'epoch': 8.68}
{'loss': 1.3903, 'grad_norm': 1.3467283248901367, 'learning_rate': 9.892105278886633e-07, 'epoch': 8.71}
{'loss': 1.401, 'grad_norm': 1.128504753112793, 'learning_rate': 9.416198775403995e-07, 'epoch': 8.74}
{'loss': 1.3838, 'grad_norm': 1.172934651374817, 'learning_rate': 8.951458223285747e-07, 'epoch': 8.78}
{'loss': 1.3819, 'grad_norm': 1.0335125923156738, 'learning_rate': 8.497940909489766e-07, 'epoch': 8.81}
{'loss': 1.4057, 'grad_norm': 1.1584155559539795, 'learning_rate': 8.05570273752414e-07, 'epoch': 8.84}
{'loss': 1.4108, 'grad_norm': 1.1057124137878418, 'learning_rate': 7.624798220556307e-07, 'epoch': 8.87}
{'loss': 1.4111, 'grad_norm': 1.085054874420166, 'learning_rate': 7.205280474693255e-07, 'epoch': 8.9}
{'loss': 1.4046, 'grad_norm': 1.3123611211776733, 'learning_rate': 6.797201212434179e-07, 'epoch': 8.93}
{'loss': 1.3943, 'grad_norm': 1.1956344842910767, 'learning_rate': 6.40061073629602e-07, 'epoch': 8.97}
{'loss': 1.3703, 'grad_norm': 1.1633927822113037, 'learning_rate': 6.015557932612814e-07, 'epoch': 9.0}
{'eval_loss': 1.365742802619934, 'eval_runtime': 24.6081, 'eval_samples_per_second': 127.885, 'eval_steps_per_second': 31.981, 'epoch': 9.0}
{'loss': 1.3448, 'grad_norm': 1.1113330125808716, 'learning_rate': 5.642090265509758e-07, 'epoch': 9.03}
{'loss': 1.3812, 'grad_norm': 1.3165183067321777, 'learning_rate': 5.280253771052335e-07, 'epoch': 9.06}
{'loss': 1.4061, 'grad_norm': 1.280968189239502, 'learning_rate': 4.930093051571727e-07, 'epoch': 9.09}
{'loss': 1.3738, 'grad_norm': 1.2440924644470215, 'learning_rate': 4.5916512701667194e-07, 'epoch': 9.13}
{'loss': 1.3999, 'grad_norm': 1.2386157512664795, 'learning_rate': 4.264970145383218e-07, 'epoch': 9.16}
{'loss': 1.4007, 'grad_norm': 1.2532384395599365, 'learning_rate': 3.950089946071789e-07, 'epoch': 9.19}
{'loss': 1.3864, 'grad_norm': 1.0832706689834595, 'learning_rate': 3.647049486423715e-07, 'epoch': 9.22}
{'loss': 1.3983, 'grad_norm': 1.207689642906189, 'learning_rate': 3.3558861211866465e-07, 'epoch': 9.25}
{'loss': 1.3969, 'grad_norm': 1.3462634086608887, 'learning_rate': 3.076635741059897e-07, 'epoch': 9.28}
{'loss': 1.3854, 'grad_norm': 1.157273530960083, 'learning_rate': 2.8093327682704455e-07, 'epoch': 9.32}
{'loss': 1.3992, 'grad_norm': 1.1869688034057617, 'learning_rate': 2.554010152329689e-07, 'epoch': 9.35}
{'loss': 1.3821, 'grad_norm': 1.1465035676956177, 'learning_rate': 2.3106993659719912e-07, 'epoch': 9.38}
{'loss': 1.3841, 'grad_norm': 1.2173224687576294, 'learning_rate': 2.079430401275062e-07, 'epoch': 9.41}
{'loss': 1.3912, 'grad_norm': 1.225909948348999, 'learning_rate': 1.8602317659630164e-07, 'epoch': 9.44}
{'loss': 1.3968, 'grad_norm': 1.2247236967086792, 'learning_rate': 1.6531304798922175e-07, 'epoch': 9.48}
{'loss': 1.4284, 'grad_norm': 1.2149015665054321, 'learning_rate': 1.4581520717207532e-07, 'epoch': 9.51}
{'loss': 1.3801, 'grad_norm': 1.1922532320022583, 'learning_rate': 1.2753205757615184e-07, 'epoch': 9.54}
{'loss': 1.365, 'grad_norm': 1.1476041078567505, 'learning_rate': 1.1046585290196199e-07, 'epoch': 9.57}
{'loss': 1.4113, 'grad_norm': 1.21324622631073, 'learning_rate': 9.461869684143532e-08, 'epoch': 9.6}
{'loss': 1.4084, 'grad_norm': 1.3746631145477295, 'learning_rate': 7.99925428185988e-08, 'epoch': 9.63}
{'loss': 1.3742, 'grad_norm': 1.1353083848953247, 'learning_rate': 6.658919374878836e-08, 'epoch': 9.67}
{'loss': 1.3885, 'grad_norm': 1.1416760683059692, 'learning_rate': 5.4410301816409936e-08, 'epoch': 9.7}
{'loss': 1.3841, 'grad_norm': 1.0926343202590942, 'learning_rate': 4.345736827128133e-08, 'epoch': 9.73}
{'loss': 1.378, 'grad_norm': 1.1877970695495605, 'learning_rate': 3.373174324357464e-08, 'epoch': 9.76}
{'loss': 1.3901, 'grad_norm': 1.171143889427185, 'learning_rate': 2.523462557739609e-08, 'epoch': 9.79}
{'loss': 1.3563, 'grad_norm': 1.3017958402633667, 'learning_rate': 1.7967062683001968e-08, 'epoch': 9.83}
{'loss': 1.3748, 'grad_norm': 1.2039388418197632, 'learning_rate': 1.192995040769307e-08, 'epoch': 9.86}
{'loss': 1.3922, 'grad_norm': 1.1229016780853271, 'learning_rate': 7.1240329253852155e-09, 'epoch': 9.89}
{'loss': 1.381, 'grad_norm': 1.3301461935043335, 'learning_rate': 3.5499026448782006e-09, 'epoch': 9.92}
{'loss': 1.3826, 'grad_norm': 1.082321047782898, 'learning_rate': 1.2080001368286466e-09, 'epoch': 9.95}
{'loss': 1.4037, 'grad_norm': 1.2810969352722168, 'learning_rate': 9.861407944566914e-11, 'epoch': 9.98}
{'eval_loss': 1.3650635480880737, 'eval_runtime': 24.6507, 'eval_samples_per_second': 127.664, 'eval_steps_per_second': 31.926, 'epoch': 10.0}
{'train_runtime': 6360.8851, 'train_samples_per_second': 39.554, 'train_steps_per_second': 2.471, 'train_loss': 1.9387429700856293, 'epoch': 10.0}

[DEBUG] Training completed for fold 4
[DEBUG] Best eval loss: 1.365064
[DEBUG] Best model checkpoint: grn_NOsyll_600M/fold_4/checkpoint-15720
[DEBUG] Training metrics saved to: grn_NOsyll_600M/fold_4/training_metrics.json

================================================================================
FOLD 4 RE-RUN COMPLETE
  eval_loss = 1.365064
  model saved at: grn_NOsyll_600M/fold_4
================================================================================
========================================================
TRAINING COMPLETED SUCCESSFULLY at: Wed Mar  4 02:11:17 PM EST 2026
Results saved in: /home/common/ACNLP/eng2nav/nllb_ft/grn_NOsyll_600M
========================================================
