Loading facebook/m2m100_418M...
Using GPU

Probing 500 sentence pairs across 99 language tags

Lang tag             chrF        BLEU  Status
-------------------------------------------------------
af                7.64186     0.00827
am                0.55795     0.00738
ar                0.21552     0.00000
ast               6.50492     0.00954
az                5.83084     0.01122
ba                0.08306     0.00000
be                0.17550     0.00000
bg                0.19233     0.00000
bn                0.19510     0.00000
br                1.42228     0.00000
bs                7.05031     0.01265
ca                6.53927     0.00803
ceb               6.83927     0.00833
cs                6.59945     0.00708
cy                5.18029     0.00551
da                6.66419     0.00930
de                7.23744     0.00909
el                0.47733     0.00676
es                6.99252     0.00960
et                7.13847     0.00000
fa                0.19096     0.00000
ff                1.80146     0.00000
fi                7.07564     0.00821
fr                6.82394     0.00840
fy                6.89231     0.00872
ga                5.93779     0.00000
gd                5.91064     0.00977
gl                6.59197     0.01050
gu                0.51803     0.00000
ha                4.91139     0.00965
he                0.17933     0.00000
hi                0.13470     0.00000
hr                7.05387     0.01174
ht                6.34448     0.00695
hu                7.08940     0.00757
hy                0.76874     0.00741
id                7.94357     0.01044
ig                5.21609     0.00728
ilo               7.00156     0.00995
is                6.51290     0.00985
it                7.37629     0.00899
ja                0.12037     0.00000
jv                7.23631     0.01118
ka                0.71420     0.00000
kk                0.05823     0.00000
km                0.44676     0.00906
kn                0.16903     0.00391
ko                0.36940     0.00855
lb                6.56768     0.00950
lg                2.11545     0.00000
ln                3.13060     0.00683
lo                0.79917     0.01556
lt                6.70203     0.00740
lv                6.33755     0.00825
mg                8.04924     0.01009
mk                0.08799     0.00000
ml                0.51467     0.01092
mn                0.69747     0.00820
mr                0.17498     0.00000
ms                7.97541     0.01025
my                0.48470     0.01241
ne                0.07644     0.00000
nl                7.41977     0.00879
no                6.54378     0.01018
ns                3.69931     0.00408
oc                6.09419     0.00889
or                2.58124     0.00000
pa                0.61286     0.00291
pl                7.30893     0.00977
ps                0.38018     0.00465
pt                6.57549     0.01168
ro                6.23775     0.00958
ru                0.09522     0.00000
sd                0.21665     0.00000
si                0.54229     0.00000
sk                6.80142     0.00699
sl                7.12549     0.01181
so                4.72741     0.00328
sq                6.95583     0.00798
sr                1.51209     0.00999
ss                3.85280     0.01092
su                7.39289     0.01071
sv                6.92111     0.00939
sw                7.71882     0.01160
ta                0.70765     0.00855
th                0.73428     0.00689
tl                7.68915     0.00916
tn                3.14846     0.00483
tr                6.73971     0.01145
uk                0.13396     0.00000
ur                0.22208     0.00541
uz                4.44884     0.00708
vi                5.74984     0.00781
wo                2.18931     0.00000
xh                5.94358     0.00000
yi                0.52266     0.00000
yo                5.86260     0.00548
zh                0.31861     0.00000
zu                6.63890     0.01085

Results saved to: /home/common/ACNLP/eng2nav/m2m_ft/lang_codes/probe_results.csv

→ Top 3 tags by chrF:
  1. mg  (chrF=8.04924, BLEU=0.01009)
     Sample: Misy tantara izay miteny ny zava-misy izay nitranga nandritra ny fotoana ela eto amin'ity tany ity amin'ny antsika.
  2. ms  (chrF=7.97541, BLEU=0.01025)
     Sample: Terdapat kisah-kisah yang menceritakan tentang peristiwa-peristiwa yang berlaku lama yang lalu di bumi ini daripada kita.
  3. id  (chrF=7.94357, BLEU=0.01044)
     Sample: Ada kisah-kisah yang menceritakan tentang peristiwa-peristiwa yang terjadi sejak lama di bumi kita ini.
