========================================================
STARTING EXPERIMENT: sw_syll_600M
Started at: Wed Mar  4 08:31:00 PM EST 2026
========================================================
CONFIGURATION:
  Experiment: sw_syll_600M
  Target language: sw
  Syllabification: --syllabify
  Model: 418M
  Learning rate: 2e-5
  Epochs: 10
  Batch size: 4
  Fold: all
  Output dir: sw_syll_600M
========================================================
All input files found.
========================================================
NVIDIA A100-SXM4-80GB, 81920 MiB
Starting training at: Wed Mar  4 08:31:01 PM EST 2026

================================================================================
ENGLISH→TARGET LANGUAGE M2M100 TRAINING PIPELINE
================================================================================
[DEBUG] Configuration:
  Model: M2M100 418M (facebook/m2m100_418M)
  Target language: sw
  Syllabification: ENABLED
  Output directory: sw_syll_600M
  Epochs per fold: 10
  Batch size: 4
  Gradient accumulation: 4
  Learning rate: 2e-05
  Max sequence length: 256
  K-folds: 5
  Random seed: 42
  Fold mode: ALL folds
================================================================================

[DEBUG] Initializing FOMA syllabifier...

[DEBUG] Loading FOMA binary from: Low_Resource_MT/python/foma_tokenizer/nav_wordtokenizer.fomabin
[DEBUG] FOMA loaded successfully

============================================================
[DEBUG] Loading Bible data...
[DEBUG] English file: aligned_bibles/english_nlt.txt
[DEBUG] Target file: aligned_bibles/navajo_nvjob.txt
[DEBUG] Loaded 30,020 pairs
[DEBUG] First English sample: And it came to pass after this, that the king of the children of Ammon died, and Hanun his son reign...
[DEBUG] First target sample: Kódahóót'įįdóó bik'ijį' Áman dine'é aláahgo binanit'a'í daaztsą́ągo bitsásk'ehgi biye' Héínan aláahg...
============================================================

============================================================
[DEBUG] Loading User data...
[DEBUG] English file: my_english.txt
[DEBUG] Target file: my_navajo.txt
========================================================
TRAINING FAILED at: Wed Mar  4 08:31:10 PM EST 2026
